q;1566402808058;0.10500953,0.9386014,0.175041,-0.27813882,
v;1566402808058;-0.397377917895711,-2.5872591533588,0.108394621898489
q;1566402808083;0.105327144,0.9382583,0.17733824,-0.27772066,
v;1566402808083;-0.402023378686236,-2.58805007534338,0.107946400713015
q;1566402808107;0.10608574,0.93761677,0.18057151,-0.2775151,
v;1566402808107;-0.408784792033958,-2.58842801241497,0.107785310993177
q;1566402808131;0.10676181,0.9367095,0.1856493,-0.27696863,
v;1566402808131;-0.419099739975852,-2.58929744662714,0.106579609517076
q;1566402808156;0.10735767,0.93564564,0.19188015,-0.27608612,
v;1566402808156;-0.431620877851962,-2.59070522852388,0.104724782323908
q;1566402808181;0.10886684,0.93471396,0.19673727,-0.27523136,
v;1566402808181;-0.441961463921788,-2.5925989701083,0.105540055802534
q;1566402808205;0.11088075,0.93360335,0.20248279,-0.27402732,
v;1566402808205;-0.454313920164266,-2.59537954898435,0.107115104006435
q;1566402808230;0.11283658,0.93232334,0.20881093,-0.2728355,
v;1566402808230;-0.46780730042619,-2.59803344203317,0.108280811462978
q;1566402808256;0.11540634,0.9310699,0.21474692,-0.2714295,
v;1566402808256;-0.480855868107189,-2.60153910719767,0.111130372124697
q;1566402808282;0.11803777,0.9295175,0.22084953,-0.27072087,
v;1566402808282;-0.494370459891546,-2.60349200473189,0.113686594369755
q;1566402808309;0.12047594,0.9272334,0.22991508,-0.26993132,
v;1566402808309;-0.513708369304574,-2.60506348432246,0.114260232494779
q;1566402808336;0.12287993,0.92425305,0.241021,-0.2693803,
v;1566402808336;-0.537199136899322,-2.60565849711533,0.11348584180095
q;1566402808363;0.12515388,0.9213114,0.25194126,-0.26841655,
v;1566402808363;-0.560275333282007,-2.60709107693671,0.112811423513873
q;1566402808390;0.12575461,0.91878426,0.26214185,-0.2670262,
v;1566402808390;-0.581003633541921,-2.608586428745,0.109181853644888
q;1566402808419;0.12538326,0.9162575,0.27356762,-0.26440868,
v;1566402808419;-0.603614084154928,-2.61197131871188,0.103550044245999
q;1566402808446;0.12540163,0.9142583,0.2830591,-0.26131153,
v;1566402808446;-0.622559093481906,-2.61710399785608,0.100324369108953
q;1566402808474;0.12602314,0.9129108,0.29071906,-0.25728282,
v;1566402808474;-0.638072529367015,-2.62537407025727,0.1003891375832
q;1566402808506;0.12622309,0.91182,0.29829893,-0.25232878,
v;1566402808506;-0.653147776614237,-2.63569367148499,0.100457452726932
q;1566402808532;0.12662591,0.9114952,0.30265477,-0.24807741,
v;1566402808532;-0.66183162953751,-2.64535666332391,0.102444885709454
q;1566402808556;0.1259689,0.9121515,0.30389526,-0.24445681,
v;1566402808556;-0.66363567104374,-2.65351762775786,0.10329510548034
q;1566402808581;0.12383516,0.91411525,0.3013348,-0.2413618,
v;1566402808581;-0.656928656297888,-2.66022042681539,0.102389567255129
q;1566402808606;0.12128446,0.91731244,0.2942546,-0.2392536,
v;1566402808606;-0.640856600209713,-2.66523372710407,0.102111213729242
q;1566402808632;0.11534988,0.9211852,0.28655785,-0.23663655,
v;1566402808632;-0.6218473615901,-2.66916842690875,0.0947489034364778
q;1566402808664;0.1083206,0.9248054,0.27892518,-0.23495181,
v;1566402808664;-0.602620431039254,-2.67018861934114,0.0841957362504999
q;1566402808696;0.10101263,0.92824274,0.27192077,-0.2328538,
v;1566402808696;-0.584592154513352,-2.672028154562,0.0730836224023674
q;1566402808727;0.09397807,0.9323997,0.2629442,-0.22947629,
v;1566402808727;-0.562697418257868,-2.6776233703058,0.0645637508956025
q;1566402808755;0.08713661,0.93706167,0.2518074,-0.22564521,
v;1566402808755;-0.536629352452175,-2.68489050029968,0.0578217898321894
q;1566402808783;0.08145679,0.9423349,0.23831272,-0.22040148,
v;1566402808783;-0.506417118995884,-2.69642876174158,0.0554553666468209
q;1566402808813;0.07654447,0.9478649,0.2224191,-0.21499486,
v;1566402808813;-0.471878000202541,-2.70886289638105,0.0555678391290645
q;1566402808841;0.072603665,0.9530325,0.20622249,-0.20959492,
v;1566402808841;-0.43731446427764,-2.72138773509346,0.0573682271091794
q;1566402808870;0.06886694,0.9573116,0.19144584,-0.20532991,
v;1566402808870;-0.405880124276834,-2.73095598750722,0.0579751349356623
q;1566402808898;0.065005675,0.96095186,0.17745002,-0.20213202,
v;1566402808898;-0.37612735695655,-2.73784028555144,0.0572275793968923
q;1566402808928;0.061721597,0.9637374,0.1657717,-0.19980066,
v;1566402808928;-0.35137040479176,-2.74272352778655,0.0561847637293204
q;1566402808957;0.058842853,0.9655715,0.1575601,-0.19845404,
v;1566402808957;-0.333790100547051,-2.74529543283946,0.054108412624747
q;1566402808985;0.05689799,0.96651816,0.15322676,-0.19780521,
v;1566402808985;-0.324360111787068,-2.74638038523529,0.0521072664789921
q;1566402809014;0.055291202,0.96678287,0.15272304,-0.19735628,
v;1566402809014;-0.322695595876806,-2.74685896107134,0.0491850090237843
q;1566402809044;0.054057788,0.9665195,0.15488248,-0.19730502,
v;1566402809044;-0.326495479118731,-2.74639423268159,0.0458130111702786
q;1566402809069;0.05320121,0.9661317,0.15844598,-0.19660644,
v;1566402809069;-0.333210655469478,-2.74728762366583,0.0428659050555656
q;1566402809094;0.0529601,0.9653671,0.16465011,-0.1953253,
v;1566402809094;-0.345412129266977,-2.74935272186262,0.0403231391828304
q;1566402809118;0.053768944,0.96450084,0.17110576,-0.19382945,
v;1566402809118;-0.358539849679901,-2.75218758746881,0.0399393928724641
q;1566402809142;0.05522651,0.96359843,0.17743884,-0.19220702,
v;1566402809142;-0.371688790499407,-2.7555410019906,0.0410351783780055
q;1566402809171;0.05737426,0.9626203,0.18360983,-0.19067715,
v;1566402809171;-0.384799191350859,-2.75899595004672,0.0436431536061566
q;1566402809196;0.059260182,0.9616784,0.18965709,-0.1889263,
v;1566402809196;-0.397560077083396,-2.76287396608379,0.0459116412705824
q;1566402809220;0.060753047,0.96070415,0.19540854,-0.18754245,
v;1566402809220;-0.409605116685705,-2.76585625088786,0.0473715257749956
q;1566402809244;0.06279426,0.9591683,0.20326085,-0.18638143,
v;1566402809244;-0.426108149897611,-2.76836917877228,0.0491009389704538
q;1566402809271;0.06453975,0.9570212,0.21394417,-0.18485947,
v;1566402809271;-0.448217481778725,-2.77121467255175,0.0493226700122652
q;1566402809295;0.06485042,0.95487696,0.22465709,-0.18312186,
v;1566402809295;-0.469892924146546,-2.77380866826906,0.0466390612174471
q;1566402809321;0.064161755,0.9526042,0.23645021,-0.18033281,
v;1566402809321;-0.493405417716375,-2.77798380662688,0.0419800826047232
q;1566402809346;0.06253081,0.9504912,0.2476327,-0.17701536,
v;1566402809346;-0.515400350924683,-2.78279398298777,0.0358662671475799
q;1566402809371;0.060871568,0.948147,0.2599912,-0.17238498,
v;1566402809371;-0.539848963739204,-2.79021805617856,0.0300740649375291
q;1566402809397;0.059612088,0.9451344,0.27473134,-0.16640322,
v;1566402809397;-0.569433905963834,-2.80042454794954,0.0252346317947529
q;1566402809422;0.057844374,0.9430467,0.28606942,-0.15962866,
v;1566402809422;-0.591998908666892,-2.81276447494168,0.0214159045313461
q;1566402809446;0.054770958,0.9421647,0.29340658,-0.15244156,
v;1566402809446;-0.605986728381273,-2.82600516928617,0.0167316912933789
q;1566402809470;0.050523866,0.9407864,0.30289844,-0.1435995,
v;1566402809470;-0.624184662211098,-2.8418650498,0.00994816263349277
q;1566402809493;0.047813274,0.93932915,0.3118592,-0.13460486,
v;1566402809493;-0.641937865326687,-2.85936903610009,0.00732807813948743
q;1566402809517;0.045842342,0.9385949,0.31830278,-0.12498599,
v;1566402809517;-0.654766478431025,-2.87960246667173,0.0081797193271493
q;1566402809542;0.04282538,0.93874764,0.3217925,-0.115621895,
v;1566402809542;-0.661203296893213,-2.89910037584249,0.0075919664574167
q;1566402809567;0.039825995,0.9396434,0.32296288,-0.105731905,
v;1566402809567;-0.662844668077102,-2.9203477522591,0.00830906813623333
q;1566402809591;0.038243353,0.94087595,0.3225836,-0.09607156,
v;1566402809591;-0.661587890148763,-2.94242557427035,0.0126518699743483
q;1566402809615;0.038293093,0.94227225,0.32071912,-0.08829455,
v;1566402809615;-0.65753997295498,-2.9614247212866,0.0196216932823926
q;1566402809639;0.037826438,0.94406164,0.31747928,-0.08076993,
v;1566402809639;-0.650457432468456,-2.97942996096157,0.0253045915677806
q;1566402809664;0.035659496,0.94642097,0.31248713,-0.07326389,
v;1566402809664;-0.639399720504446,-2.99603580766454,0.0270574890800419
q;1566402809689;0.032102045,0.9491205,0.3061125,-0.06659445,
v;1566402809689;-0.625312825404887,-3.00953515382661,0.0248756876049209
q;1566402809714;0.02745324,0.9522264,0.29803747,-0.060703836,
v;1566402809714;-0.607639794092325,-3.02041489177232,0.0196107658442858
q;1566402809739;0.021881662,0.9560871,0.2870029,-0.055209257,
v;1566402809739;-0.583820555454977,-3.02988679657012,0.0121666092065059
q;1566402809768;0.015591836,0.96074706,0.2722886,-0.050802343,
v;1566402809768;-0.5524626923815,-3.03669902772817,0.00269470478730472
q;1566402809794;0.009696374,0.96452504,0.2594559,-0.047750417,
v;1566402809794;-0.525250134606329,-3.04077293424982,-0.00701979178967158
q;1566402809819;0.004582381,0.968029,0.24659657,-0.045706477,
v;1566402809819;-0.498198903661906,-3.04327176071,-0.0155626395642839
q;1566402809843;0.0007116479,0.9707914,0.23577796,-0.044411127,
v;1566402809843;-0.475570418677282,-3.04482841511177,-0.0220039227998365
q;1566402809868;-0.0029501668,0.9733738,0.2249565,-0.043925125,
v;1566402809868;-0.453010498486462,-3.04486175199207,-0.0283707978557284
q;1566402809893;-0.0068795173,0.97565484,0.2147344,-0.044039488,
v;1566402809893;-0.431691116428601,-3.04356810660329,-0.0356115092681637
q;1566402809921;-0.01059631,0.9779167,0.2039799,-0.044258274,
v;1566402809921;-0.409349604613674,-3.04236002200953,-0.0422853976119934
q;1566402809949;-0.013736728,0.97968817,0.19500239,-0.04468273,
v;1566402809949;-0.390721329334465,-3.0409423970385,-0.0479745324385647
q;1566402809977;-0.016137427,0.9810895,0.18745293,-0.045436125,
v;1566402809977;-0.375082998363009,-3.03909609638601,-0.0523613569223574
q;1566402810003;-0.018597664,0.98223644,0.18093605,-0.046128888,
v;1566402810003;-0.361553992647047,-3.03732610826458,-0.0569372245847681
q;1566402810027;-0.020494131,0.98300886,0.17645735,-0.046221085,
v;1566402810027;-0.352264094094384,-3.03687893429727,-0.0603437642597991
q;1566402810054;-0.022345727,0.9836675,0.17288102,-0.04484628,
v;1566402810054;-0.344908572886281,-3.03945651824157,-0.063231234238014
q;1566402810079;-0.02343223,0.98408186,0.17086066,-0.04290159,
v;1566402810079;-0.340831834298965,-3.04334779953393,-0.0645332069812685
q;1566402810104;-0.022655938,0.98385674,0.17280912,-0.04061617,
v;1566402810104;-0.345001873160223,-3.04821118802594,-0.0623287900860607
q;1566402810129;-0.021525783,0.98333585,0.17625637,-0.03899966,
v;1566402810129;-0.352195549241313,-3.05167176405494,-0.0597852072615712
q;1566402810156;-0.022090096,0.98302096,0.17820647,-0.03773908,
v;1566402810156;-0.356177359034273,-3.05391462088616,-0.06072717079751
q;1566402810182;-0.022775076,0.98273534,0.17968641,-0.037754424,
v;1566402810182;-0.359118016380175,-3.05347469193202,-0.0623467408383808
q;1566402810212;-0.024026053,0.98255146,0.18049575,-0.03790338,
v;1566402810212;-0.360638132980955,-3.05260087008225,-0.0651291785975238
q;1566402810236;-0.025896454,0.9825905,0.17994021,-0.038298633,
v;1566402810236;-0.359313315312267,-3.05111577773678,-0.0691411635937682
q;1566402810261;-0.027022585,0.98266226,0.17936401,-0.038382906,
v;1566402810261;-0.358034529230683,-3.05057469809934,-0.0714659779180139
q;1566402810285;-0.027097303,0.98275554,0.17889994,-0.038106967,
v;1566402810285;-0.357106369041727,-3.05117817084258,-0.0714599302448558
q;1566402810309;-0.026447423,0.9829074,0.17823221,-0.03777354,
v;1566402810309;-0.355835332728386,-3.05219766159784,-0.0698869857715581
q;1566402810333;-0.025286246,0.9829688,0.17804457,-0.03785582,
v;1566402810333;-0.355554302373571,-3.0524822747333,-0.0674584592083853
q;1566402810363;-0.023619123,0.98288375,0.17853406,-0.038823914,
v;1566402810363;-0.356634495476245,-3.05102551601941,-0.0643854846428916
q;1566402810390;-0.022968028,0.9827265,0.17918023,-0.040193666,
v;1566402810390;-0.357916983707484,-3.04832602714602,-0.0636181586062914
q;1566402810414;-0.022973787,0.9825941,0.1794412,-0.042213514,
v;1566402810414;-0.358314329938753,-3.04405053169639,-0.0644313193928195
q;1566402810438;-0.023629628,0.98248047,0.17931834,-0.044929624,
v;1566402810438;-0.357816851142399,-3.03810584008181,-0.0668236445584805
q;1566402810463;-0.023875382,0.9824634,0.17882001,-0.047105543,
v;1566402810463;-0.356630680603483,-3.03349613782824,-0.068094093431248
q;1566402810496;-0.0240629,0.98238033,0.17854048,-0.049732488,
v;1566402810496;-0.355859235046287,-3.02793788475942,-0.0694391986269081
q;1566402810527;-0.024460394,0.9820652,0.17963047,-0.05179323,
v;1566402810527;-0.357874191384875,-3.02332528093518,-0.0712192631628171
q;1566402810558;-0.023954935,0.98161936,0.18190125,-0.052550636,
v;1566402810558;-0.362483969298367,-3.02164530668376,-0.0708034976169848
q;1566402810585;-0.023535304,0.98117524,0.18437578,-0.05241034,
v;1566402810585;-0.367563680613373,-3.02179769634019,-0.070257654447623
q;1566402810611;-0.02252155,0.9807482,0.18696551,-0.051668916,
v;1566402810611;-0.372993625807956,-3.02344306887899,-0.0682378452960424
q;1566402810639;-0.02030609,0.9803875,0.18935631,-0.050717525,
v;1566402810639;-0.378175354865046,-3.02605414415403,-0.0635534882117001
