q;1566402885347;0.10058033,0.9049377,0.17528573,-0.37449476,
v;1566402885347;-0.403433978600096,-2.3681339501068,0.0552087305956505
q;1566402885372;0.10108926,0.9043062,0.17814265,-0.3745351,
v;1566402885372;-0.409241914991088,-2.36745179270813,0.0538615676659609
q;1566402885397;0.10205024,0.90339774,0.18263733,-0.37430197,
v;1566402885397;-0.418492505900174,-2.36708546008775,0.0521860473763541
q;1566402885421;0.10370699,0.902192,0.1881234,-0.37403768,
v;1566402885421;-0.430172394428123,-2.36671531485279,0.0510696883156521
q;1566402885445;0.106366195,0.9004923,0.19531392,-0.3737009,
v;1566402885445;-0.445884030872979,-2.36632074528573,0.0505473471252712
q;1566402885469;0.10930894,0.89819837,0.20321967,-0.37415633,
v;1566402885469;-0.463252781663406,-2.36387086758687,0.0495286185968598
q;1566402885493;0.1133149,0.8955854,0.21238437,-0.37413818,
v;1566402885493;-0.483869055026285,-2.36243657781376,0.0497766027078441
q;1566402885516;0.118813165,0.89269733,0.22311145,-0.37309,
v;1566402885516;-0.50864931483002,-2.36344406828204,0.0522873068248525
q;1566402885540;0.12517525,0.88869953,0.23806769,-0.37130597,
v;1566402885540;-0.542288983032845,-2.36490651362227,0.0533737134534581
q;1566402885568;0.13159193,0.884196,0.2557292,-0.3680809,
v;1566402885568;-0.581289887733771,-2.36857321173819,0.0532082066391498
q;1566402885591;0.13620317,0.880875,0.26881734,-0.3650277,
v;1566402885591;-0.610191983577053,-2.37269575989536,0.0533533818676841
q;1566402885615;0.13887,0.877903,0.2830118,-0.36042455,
v;1566402885615;-0.63977895937596,-2.37890664807909,0.0496571538085283
q;1566402885639;0.13895208,0.8768524,0.29455522,-0.35363746,
v;1566402885639;-0.662183357191912,-2.39030608312875,0.0448376094296775
q;1566402885664;0.14012353,0.87689805,0.30083743,-0.34772426,
v;1566402885664;-0.675203545314706,-2.40299173453165,0.0468171284831251
q;1566402885693;0.13958807,0.87754184,0.30877227,-0.33925682,
v;1566402885693;-0.690124997911195,-2.4203381750989,0.0460277785280707
q;1566402885720;0.13905038,0.8785347,0.31631324,-0.32982993,
v;1566402885720;-0.704312763151245,-2.44049993270782,0.0468141637678393
q;1566402885747;0.1385637,0.88036406,0.32176492,-0.31972897,
v;1566402885747;-0.714376119033367,-2.46375028739287,0.0506076508510067
q;1566402885775;0.13815005,0.8833303,0.32247645,-0.31088778,
v;1566402885775;-0.714983242785457,-2.48633540839641,0.0577144996381007
q;1566402885804;0.13666035,0.88744193,0.31980252,-0.30248496,
v;1566402885804;-0.707963125765434,-2.50849265462962,0.064657545274433
q;1566402885833;0.13553853,0.89242643,0.31227556,-0.2961222,
v;1566402885833;-0.691427986501822,-2.52749553861245,0.0740260467705181
q;1566402885860;0.13408737,0.89695376,0.30352923,-0.29217216,
v;1566402885860;-0.672388741987124,-2.54005743266203,0.0808394540183434
q;1566402885884;0.13276884,0.9004631,0.29557,-0.29013276,
v;1566402885884;-0.65522912811757,-2.54721591407952,0.0853565957585829
q;1566402885907;0.13037758,0.90416193,0.287872,-0.28744167,
v;1566402885907;-0.637909933693036,-2.55492196274922,0.0875865839629265
q;1566402885931;0.12674342,0.90815556,0.27894604,-0.28526962,
v;1566402885931;-0.617458591621588,-2.560717804594,0.0872580534414988
q;1566402885955;0.122592345,0.9120237,0.269358,-0.28395435,
v;1566402885955;-0.595524472917556,-2.56416130414413,0.0854371419756926
q;1566402885979;0.11797006,0.9161799,0.2584683,-0.2826511,
v;1566402885979;-0.570788425268972,-2.5675667762821,0.08334417450573
q;1566402886004;0.11386928,0.91937536,0.24960688,-0.28192043,
v;1566402886004;-0.550565189206362,-2.56929654048796,0.0806274950131346
q;1566402886027;0.110161036,0.9219338,0.24243902,-0.28129324,
v;1566402886027;-0.534023290029432,-2.57054928233146,0.0776011796251613
q;1566402886051;0.10637331,0.92434794,0.23580006,-0.28047097,
v;1566402886051;-0.518516118329928,-2.57208567488438,0.0741931379649429
q;1566402886076;0.10338901,0.9263443,0.23000042,-0.27981567,
v;1566402886076;-0.505195909848103,-2.57344951934035,0.0718635253655074
q;1566402886101;0.101452164,0.92781895,0.2254967,-0.279304,
v;1566402886101;-0.495091553247019,-2.57469839295473,0.0708541724387827
q;1566402886126;0.10048591,0.92828155,0.22387889,-0.2794176,
v;1566402886126;-0.491331559900014,-2.57432961048141,0.0697476463341845
q;1566402886154;0.10042962,0.9278901,0.22498675,-0.27984777,
v;1566402886154;-0.493528162556107,-2.57306312317143,0.0686965658077165
q;1566402886179;0.10090785,0.92685443,0.22877747,-0.28003475,
v;1566402886179;-0.501341327054561,-2.57198857977794,0.0672417773309382
q;1566402886203;0.10263044,0.92483264,0.23554085,-0.28048545,
v;1566402886203;-0.515815515710188,-2.57017748816871,0.0663793623576058
q;1566402886227;0.105023004,0.9218398,0.24596217,-0.2805072,
v;1566402886227;-0.537971243552808,-2.56869516392522,0.0648377935243822
q;1566402886252;0.10746286,0.91887873,0.2562403,-0.2800974,
v;1566402886252;-0.559907303721071,-2.56816018519594,0.0637111112798251
q;1566402886277;0.108698554,0.9168184,0.26358566,-0.27955547,
v;1566402886277;-0.575310003182156,-2.56799783617925,0.0619449441346218
q;1566402886302;0.10826175,0.9152323,0.27028376,-0.27852455,
v;1566402886302;-0.588425436651879,-2.56811580580155,0.0572650974144562
q;1566402886330;0.10837914,0.913128,0.28010437,-0.27566785,
v;1566402886330;-0.608083526540467,-2.5718456939315,0.0530212603814114
q;1566402886361;0.10805495,0.91074264,0.29192764,-0.2713858,
v;1566402886361;-0.631543265914115,-2.57792208796526,0.0475580617878121
q;1566402886390;0.10746205,0.9088495,0.30272564,-0.26608598,
v;1566402886390;-0.652849495437322,-2.5865623068638,0.0431068219745968
q;1566402886420;0.10628027,0.907842,0.3107348,-0.260713,
v;1566402886420;-0.668250193311238,-2.59597801418529,0.0394367770944388
q;1566402886445;0.10743767,0.9078864,0.31282893,-0.2575607,
v;1566402886445;-0.673044825694718,-2.60392374014917,0.0434160425108249
q;1566402886469;0.10895004,0.909548,0.31287482,-0.250922,
v;1566402886469;-0.673627563001654,-2.62169288533939,0.052708810092636
q;1566402886493;0.10198892,0.91370565,0.3147209,-0.23598959,
v;1566402886493;-0.672906036195949,-2.65301538166189,0.0483991058341296
q;1566402886517;0.093295276,0.91842866,0.31661862,-0.2180308,
v;1566402886517;-0.671633738190651,-2.69028737950109,0.0425583613818529
q;1566402886542;0.08751688,0.92178,0.31908578,-0.20210573,
v;1566402886542;-0.673376615647472,-2.72440887802931,0.0414134570714679
q;1566402886568;0.08386189,0.92405766,0.32270885,-0.1869322,
v;1566402886568;-0.678667235773635,-2.75796831213703,0.0441261490560933
q;1566402886593;0.08072806,0.9262781,0.32444602,-0.17385806,
v;1566402886593;-0.680426927285823,-2.78725857258567,0.0472811658146192
q;1566402886619;0.07644756,0.92866224,0.3242307,-0.16314621,
v;1566402886619;-0.677883488967118,-2.81017491747058,0.0464846038095162
q;1566402886643;0.070938356,0.9309898,0.32307082,-0.15443769,
v;1566402886643;-0.673163362440716,-2.82727520033128,0.0413202064746632
q;1566402886671;0.06279143,0.93517256,0.31672528,-0.14558366,
v;1566402886671;-0.656904369642713,-2.84357747029493,0.0318554014573213
q;1566402886697;0.05639804,0.9400103,0.3057063,-0.1405121,
v;1566402886697;-0.63178154006561,-2.85298080913783,0.0249334264405286
q;1566402886722;0.05036319,0.94554853,0.2915165,-0.135719,
v;1566402886722;-0.600380508416124,-2.86251607910052,0.0195293234790224
q;1566402886747;0.043770887,0.9511633,0.2759069,-0.1313311,
v;1566402886747;-0.566120679198794,-2.87090028163879,0.0127922473510188
q;1566402886775;0.038808756,0.9564812,0.2595671,-0.12752476,
v;1566402886775;-0.531051446613714,-2.87903692744825,0.00932108965047156
q;1566402886803;0.035923906,0.96016514,0.24708268,-0.12546925,
v;1566402886803;-0.504643081042698,-2.8837726716914,0.0079777284338551
q;1566402886828;0.033725493,0.9626823,0.23769677,-0.12492274,
v;1566402886828;-0.484853905669164,-2.88505457840391,0.00626898738613885
q;1566402886854;0.030822389,0.965239,0.2271749,-0.12551977,
v;1566402886854;-0.462619493626361,-2.88361441314482,0.0027624336799695
q;1566402886876;0.02815635,0.966973,0.21928509,-0.12682463,
v;1566402886876;-0.445852678029526,-2.88047512875147,-0.00129526113766631
q;1566402886900;0.024189152,0.9685195,0.21207306,-0.12810099,
v;1566402886900;-0.43013234594184,-2.87679239532523,-0.00822775276951
q;1566402886924;0.019454844,0.969764,0.20628604,-0.1289395,
v;1566402886924;-0.417104114873691,-2.87364422455949,-0.016914510029663
q;1566402886948;0.015312957,0.9705663,0.2020874,-0.13010494,
v;1566402886948;-0.407443079943985,-2.86993577073504,-0.0249015341382086
q;1566402886973;0.012867393,0.97083235,0.20003597,-0.13154706,
v;1566402886973;-0.402574278753024,-2.86610234294718,-0.0300506725348697
q;1566402886997;0.011168061,0.9707152,0.20007992,-0.13249627,
v;1566402886997;-0.402153227585073,-2.86333896378168,-0.0340611173721071
q;1566402887022;0.01107611,0.9700744,0.20258105,-0.13339399,
v;1566402887022;-0.407148296490639,-2.86096719969208,-0.0354626488290391
q;1566402887047;0.012981062,0.9691374,0.20599219,-0.13480185,
v;1566402887047;-0.414540304799403,-2.85819624904911,-0.0331923053449071
q;1566402887072;0.01638995,0.96781087,0.21074033,-0.1366088,
v;1566402887072;-0.425077720677829,-2.85501538461745,-0.0283825526418034
q;1566402887096;0.019123985,0.9667112,0.21432893,-0.13844417,
v;1566402887096;-0.433096666203257,-2.8516811261897,-0.024648489223734
q;1566402887121;0.02173834,0.9655693,0.21743976,-0.14115031,
v;1566402887121;-0.440114504677095,-2.84648403704695,-0.0214491626054919
q;1566402887146;0.021910205,0.9647783,0.21896264,-0.14414604,
v;1566402887146;-0.443183242076248,-2.83976999621062,-0.023079774414376
q;1566402887171;0.020986274,0.9642282,0.21924393,-0.14749795,
v;1566402887171;-0.443377938619578,-2.83196539807529,-0.0267991111218241
q;1566402887195;0.018338254,0.96397346,0.2186741,-0.15033476,
v;1566402887195;-0.441289526235741,-2.82463712481312,-0.0336199149943074
q;1566402887219;0.015468374,0.9637665,0.21806832,-0.15284331,
v;1566402887219;-0.43903077589502,-2.81794775732167,-0.0407163185710316
q;1566402887243;0.012868757,0.9636615,0.21745984,-0.15460333,
v;1566402887243;-0.436857800274445,-2.813035468582,-0.0468535323258987
q;1566402887267;0.01080064,0.9634678,0.21728362,-0.15620841,
v;1566402887267;-0.435722874327006,-2.80862518100281,-0.0519456251994056
q;1566402887291;0.01071228,0.9632367,0.21724412,-0.15768766,
v;1566402887291;-0.435532673524014,-2.80536658931425,-0.0528307840104459
