q;1566400870700;0.04453118,0.98869795,0.13939875,-0.032578774,
v;1566400870700;-0.282282003755242,-3.08741711481598,0.0823202021509348
q;1566400870727;0.044323344,0.98858404,0.14025325,-0.032651097,
v;1566400870727;-0.284001053606174,-3.08726711870097,0.0818419530903544
q;1566400870755;0.044090632,0.9884154,0.14144507,-0.032928374,
v;1566400870755;-0.286416611565414,-3.08670939270947,0.0812398161682188
q;1566400870787;0.04362315,0.988176,0.14326991,-0.03284776,
v;1566400870787;-0.290068243851452,-3.08686106315525,0.0802369281004468
q;1566400870815;0.04340514,0.9879569,0.14486536,-0.032729052,
v;1566400870815;-0.293268468583151,-3.08714838087757,0.0797689669994027
q;1566400870846;0.043338116,0.987705,0.14665881,-0.032432035,
v;1566400870846;-0.296863522362389,-3.08786299718952,0.079662762254675
q;1566400870872;0.043072637,0.987398,0.14887066,-0.032053452,
v;1566400870872;-0.301288002824353,-3.08871261506129,0.0791607521227598
q;1566400870899;0.042756934,0.9869187,0.15226258,-0.031297643,
v;1566400870899;-0.308067787747489,-3.09040565053958,0.0786440051297354
q;1566400870924;0.04198603,0.9862739,0.15678552,-0.030321924,
v;1566400870924;-0.31710070300808,-3.09247945498654,0.0772349803897881
q;1566400870948;0.041187882,0.98549783,0.16198808,-0.029282648,
v;1566400870948;-0.327513804535619,-3.09471240115518,0.0757916432521099
q;1566400870972;0.03960992,0.98450154,0.16859803,-0.027612804,
v;1566400870972;-0.340711229075476,-3.09806417411111,0.0729345326780542
q;1566400870997;0.03801026,0.9832133,0.1766672,-0.025210429,
v;1566400870997;-0.356844851576149,-3.10300892704997,0.0703209289078778
q;1566400871021;0.0369899,0.98163205,0.18579915,-0.022561539,
v;1566400871021;-0.375182025517291,-3.10875407127099,0.0690943943825792
q;1566400871045;0.03615565,0.97965336,0.19644809,-0.019500587,
v;1566400871045;-0.396630015526639,-3.11556733799955,0.0685494309427532
q;1566400871069;0.035516247,0.97755754,0.20696093,-0.016940216,
v;1566400871069;-0.417893076629152,-3.121437885733,0.0683575026950262
q;1566400871095;0.03492673,0.97509277,0.21860181,-0.013695228,
v;1566400871095;-0.4414719451039,-3.12894123756624,0.068768235568562
q;1566400871123;0.03504917,0.97215986,0.23148352,-0.00959918,
v;1566400871123;-0.467606318419263,-3.13886227993011,0.0714242956863965
q;1566400871154;0.035413448,0.96848637,0.24648921,-0.004803036,
v;1566400871154;-0.498129365592111,3.13230974033144,0.0754600517164251
q;1566400871179;0.03602866,0.96568,0.2572225,-0.0007675117,
v;1566400871179;-0.519958994925812,3.12194210531548,0.0798108116605957
q;1566400871203;0.036078885,0.96278226,0.26783225,0.0038149962,
v;1566400871203;-0.541536199696078,3.11046189190617,0.0835541680881764
q;1566400871227;0.036594335,0.9598405,0.2779844,0.009581603,
v;1566400871227;-0.562071453031684,3.09579423346077,0.0894369856396218
q;1566400871252;0.037919685,0.9567958,0.28785375,0.01562667,
v;1566400871252;-0.581944499870448,3.07962580308553,0.0977851915068755
q;1566400871276;0.038758345,0.95437527,0.29530033,0.021526407,
v;1566400871276;-0.596784882367351,3.06416599465399,0.10500317714828
q;1566400871300;0.039531693,0.9523662,0.30103835,0.028492063,
v;1566400871300;-0.607899856924753,3.04633881523653,0.112868817703945
q;1566400871325;0.04117623,0.95084935,0.3047751,0.036087498,
v;1566400871325;-0.614583782878245,3.02662111899008,0.1230770301794
q;1566400871353;0.04233265,0.9495056,0.307758,0.04395523,
v;1566400871353;-0.619605949417224,3.00664603138654,0.132365489848346
q;1566400871381;0.043370422,0.9484418,0.30966815,0.051795643,
v;1566400871381;-0.622307501052338,2.98700138079019,0.141198013176846
q;1566400871409;0.044619966,0.94802195,0.30942672,0.0593177,
v;1566400871409;-0.620439909830609,2.96855959685029,0.149657066562405
q;1566400871439;0.04605801,0.9482029,0.30727336,0.066129185,
v;1566400871439;-0.614589789565925,2.95232433480338,0.157297267979148
q;1566400871463;0.04620229,0.94856066,0.30512166,0.0707025,
v;1566400871463;-0.609331712340806,2.9423256074306,0.160186845111329
q;1566400871490;0.046156816,0.9495025,0.3011915,0.07482122,
v;1566400871490;-0.600502515335317,2.9341947130844,0.161568359136296
q;1566400871515;0.046101604,0.9508317,0.29619187,0.07787119,
v;1566400871515;-0.589658549081853,2.92896257874639,0.161688352805957
q;1566400871539;0.04536248,0.9523558,0.29062408,0.080612786,
v;1566400871539;-0.577870519442653,2.92511969414279,0.159769173972752
q;1566400871567;0.04433337,0.9543899,0.28333715,0.08303301,
v;1566400871567;-0.562693041580426,2.92276639902817,0.156313198944819
q;1566400871591;0.044145036,0.9562207,0.27647492,0.085175514,
v;1566400871591;-0.548282128477597,2.92031810262215,0.154728814314948
q;1566400871615;0.04394324,0.9580183,0.2694768,0.08747679,
v;1566400871615;-0.533603740385128,2.91754330117291,0.153148360443575
q;1566400871639;0.043456394,0.95980644,0.26223594,0.0900863,
v;1566400871639;-0.518481562708593,2.91430269786771,0.151012288281269
q;1566400871663;0.04325303,0.96155626,0.2547984,0.09282588,
v;1566400871663;-0.502908540975936,2.91064800905495,0.149479267672286
q;1566400871687;0.043783654,0.963508,0.24623421,0.09541516,
v;1566400871687;-0.484925007005042,2.90725496834761,0.149029945587475
q;1566400871715;0.04429316,0.96596795,0.23519716,0.098114185,
v;1566400871715;-0.46194966288631,2.9043545431771,0.147683338583072
q;1566400871739;0.044253573,0.96823215,0.2247779,0.1002151,
v;1566400871739;-0.440514193643882,2.90279024533999,0.145055461627157
q;1566400871763;0.043865252,0.9704108,0.21431383,0.10221674,
v;1566400871763;-0.419142560048372,2.90152540196439,0.141640359522138
q;1566400871788;0.04346596,0.972423,0.20419952,0.103955835,
v;1566400871788;-0.39856860242056,2.90063338861297,0.138230211557282
q;1566400871811;0.042401507,0.97411823,0.19551817,0.1052066,
v;1566400871811;-0.381156035506451,2.90058999497273,0.133713186220353
q;1566400871835;0.04155769,0.9756665,0.18729156,0.10615876,
v;1566400871835;-0.364674026549018,2.90088005879586,0.129728793523498
q;1566400871859;0.040407248,0.9771278,0.17950407,0.106615484,
v;1566400871859;-0.34923677766045,2.90213287492924,0.125100054060793
q;1566400871884;0.039128676,0.9783234,0.17295684,0.106949665,
v;1566400871884;-0.336352146403304,2.90332101640647,0.120589268122739
q;1566400871909;0.037697133,0.9795725,0.1660271,0.1070128,
v;1566400871909;-0.322778729581218,2.90512581985062,0.115602188211816
q;1566400871933;0.037185542,0.9807447,0.15928507,0.10670214,
v;1566400871933;-0.309413901251515,2.9072883183589,0.112499399993227
q;1566400871958;0.036581848,0.9817178,0.15338635,0.10660456,
v;1566400871958;-0.297744438476658,2.90881264511616,0.109559427221533
q;1566400871985;0.03585374,0.9825138,0.14839302,0.10658686,
v;1566400871985;-0.287914622765048,2.90999269235216,0.106671754411488
q;1566400872009;0.035955958,0.98277605,0.14655814,0.10667309,
v;1566400872009;-0.284207252405264,2.91011718296249,0.106401928556214
q;1566400872035;0.035761897,0.9829043,0.1457987,0.10659694,
v;1566400872035;-0.282740230100515,2.91046769058988,0.105773516088868
q;1566400872059;0.035454694,0.9828645,0.1460542,0.106717035,
v;1566400872059;-0.283310535865335,2.91026163336145,0.105249468476784
q;1566400872088;0.03503946,0.98247826,0.14839211,0.10718508,
v;1566400872088;-0.288039072134431,2.90899144251091,0.105180859331676
q;1566400872117;0.03413293,0.9819719,0.15192966,0.10716094,
v;1566400872117;-0.295340767243861,2.90866853433927,0.104293380008237
q;1566400872142;0.032395143,0.9812968,0.15654765,0.10723818,
v;1566400872142;-0.304998163671824,2.90819750110911,0.10203208190746
q;1566400872167;0.030980762,0.9804282,0.16210814,0.1073393,
v;1566400872167;-0.316476387760974,2.90741285480183,0.100713327069588
q;1566400872192;0.029789412,0.9793326,0.16841723,0.10796258,
v;1566400872192;-0.329363370103094,2.90532179174461,0.100261055718233
q;1566400872222;0.028584871,0.978016,0.1753529,0.10917367,
v;1566400872222;-0.343467893589984,2.90186259765031,0.100211730460527
q;1566400872249;0.02716261,0.976772,0.18194634,0.10988292,
v;1566400872249;-0.357006195905019,2.89958078838557,0.0994747310653761
q;1566400872277;0.025880307,0.97518015,0.18970066,0.11120956,
v;1566400872277;-0.372804116188792,2.89568200924441,0.0996688697284013
q;1566400872303;0.02475786,0.97388244,0.19522971,0.113249674,
v;1566400872303;-0.38402349391532,2.8906280806922,0.0998697822458797
q;1566400872327;0.024595007,0.9725225,0.20077068,0.11526567,
v;1566400872327;-0.395032393135996,2.88518797313496,0.102153687734554
q;1566400872355;0.02489764,0.9706211,0.20806693,0.11824962,
v;1566400872355;-0.409357539657161,2.87699651568671,0.106526294112225
q;1566400872383;0.025605971,0.96855617,0.21536873,0.121900365,
v;1566400872383;-0.423496610364337,2.86704137333749,0.112238848209032
q;1566400872410;0.0271378,0.96623397,0.222974,0.12624617,
v;1566400872410;-0.437899415946792,2.85493535339195,0.120361986252402
q;1566400872435;0.028219655,0.9642306,0.22911392,0.13026817,
v;1566400872435;-0.449466473093257,2.84394022489236,0.12703807318945
q;1566400872459;0.029322922,0.9620218,0.23565485,0.1346143,
v;1566400872459;-0.461750132331579,2.83192943010101,0.134288050030074
q;1566400872484;0.030236365,0.95947737,0.24333861,0.1388355,
v;1566400872484;-0.476374128376678,2.8197065039071,0.141799640860907
q;1566400872508;0.030941697,0.9570407,0.2500397,0.14351287,
v;1566400872508;-0.488968232601174,2.80668232927673,0.148930195077679
q;1566400872531;0.031491682,0.95485,0.25560942,0.14810003,
v;1566400872531;-0.499298129523529,2.79415084766375,0.155366616610311
q;1566400872555;0.03167528,0.9526781,0.2610107,0.1525599,
v;1566400872555;-0.509400100883394,2.78199942020608,0.161046052184529
q;1566400872584;0.031500243,0.9501939,0.26744702,0.15688036,
v;1566400872584;-0.521717074755801,2.769767251035,0.166609296244043
q;1566400872609;0.031191882,0.94784117,0.2735402,0.16062397,
v;1566400872609;-0.533470890063313,2.75886944370775,0.171567586965669
q;1566400872633;0.030437168,0.94598836,0.27810082,0.16382787,
v;1566400872633;-0.542393408611354,2.74999453082381,0.174511939894481
q;1566400872658;0.02973248,0.94428277,0.28216887,0.16681367,
v;1566400872658;-0.550337394346001,2.74172297991673,0.177252534415834
q;1566400872682;0.028547652,0.9426026,0.28633,0.1694123,
v;1566400872682;-0.558739909235036,2.73450383241294,0.178837840708232
q;1566400872706;0.028065855,0.9410545,0.289943,0.17193535,
v;1566400872706;-0.565754972563239,2.72722743371426,0.181676234979496
q;1566400872730;0.027969787,0.93960327,0.2931183,0.17448539,
v;1566400872730;-0.571707952664461,2.71980351698874,0.185188385105633
q;1566400872755;0.027769392,0.9383755,0.2954403,0.17718741,
v;1566400872755;-0.575944428519049,2.71247859553436,0.188083095439518
q;1566400872780;0.02718819,0.9374476,0.2967145,0.18003683,
v;1566400872780;-0.578201700049473,2.70557103031687,0.189580264927107
q;1566400872807;0.027026057,0.9366287,0.29737258,0.18321009,
v;1566400872807;-0.578958535242136,2.6979611539002,0.191836102844645
q;1566400872832;0.027209286,0.93619317,0.2972732,0.18555526,
v;1566400872832;-0.578194279791352,2.69245980964904,0.193779997576393
q;1566400872860;0.027719053,0.9360219,0.29625115,0.1879625,
v;1566400872860;-0.575405267763153,2.68712184390445,0.195844262159096
q;1566400872884;0.028183104,0.93625563,0.2942503,0.18986271,
v;1566400872884;-0.570775949680056,2.68353927633448,0.196764559121196
q;1566400872911;0.029164923,0.93688184,0.2907446,0.19201402,
v;1566400872911;-0.562835585408482,2.67990173458014,0.197923630916906
q;1566400872942;0.029262783,0.9380316,0.28478926,0.19528298,
v;1566400872942;-0.550195166857095,2.67556205888822,0.19614434475901
q;1566400872974;0.029521525,0.9393056,0.27801433,0.1988504,
v;1566400872974;-0.535812803148043,2.67086025962793,0.19430663927831
q;1566400873002;0.030392844,0.9404821,0.27153838,0.20208073,
v;1566400873002;-0.521833393032898,2.66640785097804,0.193748718522804
q;1566400873028;0.030351862,0.941575,0.26508075,0.20554209,
v;1566400873028;-0.508319194307736,2.66189677351609,0.191337612969335
q;1566400873053;0.030419866,0.9425999,0.25864866,0.20899992,
v;1566400873053;-0.494837787368124,2.65728868588018,0.189141660062266
q;1566400873078;0.03099651,0.94377095,0.25124696,0.21262781,
v;1566400873078;-0.479186806204746,2.6524863789128,0.18743424386906
q;1566400873102;0.031252116,0.94478685,0.24443115,0.21599689,
v;1566400873102;-0.464940874233772,2.64810016491679,0.185256841385055
q;1566400873129;0.03146008,0.9458529,0.23720461,0.21933234,
v;1566400873129;-0.449950443530481,2.64395826809641,0.182660002356523
q;1566400873156;0.03176174,0.9468798,0.2299413,0.22256874,
v;1566400873156;-0.434895028357816,2.63995792414554,0.180157035918063
q;1566400873180;0.0323582,0.9478435,0.22349775,0.22493193,
v;1566400873180;-0.421494922858522,2.6373429344111,0.178356076433156
q;1566400873204;0.032809567,0.9489298,0.21672751,0.2269031,
v;1566400873204;-0.407624081370269,2.63574012600582,0.175860200568832
q;1566400873229;0.032829225,0.94999063,0.21010198,0.22868602,
v;1566400873229;-0.394313710167208,2.63459434814237,0.172495519074111
q;1566400873253;0.032801714,0.9509929,0.20373622,0.2302784,
v;1566400873253;-0.381589750291231,2.63370568175019,0.169132880721073
q;1566400873278;0.032823037,0.9520545,0.19769034,0.23115675,
v;1566400873278;-0.369607453729637,2.6341529163583,0.16579729712717
q;1566400873302;0.03304081,0.95321256,0.19154334,0.23152815,
v;1566400873302;-0.357425155847726,2.63559541106062,0.162634287570204
q;1566400873327;0.03311645,0.9544405,0.18512754,0.23167743,
v;1566400873327;-0.34483540423077,2.63758801376749,0.158983828761299
q;1566400873351;0.032930695,0.95563996,0.1791768,0.23143792,
v;1566400873351;-0.333353969335364,2.64025336664283,0.154994519320491
q;1566400873375;0.032920066,0.956917,0.17294236,0.23090497,
v;1566400873375;-0.321278767935343,2.64350617966574,0.151149458218603
q;1566400873399;0.03297291,0.9582144,0.16676879,0.23005687,
v;1566400873399;-0.309339153067386,2.6473071141065,0.147428719982562
q;1566400873424;0.032637835,0.959552,0.16073845,0.22881848,
v;1566400873424;-0.297925286719544,2.65191855415018,0.142957912577128
q;1566400873449;0.032447204,0.96077657,0.15492162,0.2277167,
v;1566400873449;-0.286829400061053,2.65604868753822,0.139013850688592
q;1566400873473;0.03214598,0.9619572,0.14938015,0.22647412,
v;1566400873473;-0.276337727851334,2.66034889046116,0.135024640526715
q;1566400873498;0.031785723,0.96305066,0.14439295,0.22510831,
v;1566400873498;-0.266964816263494,2.66469966941039,0.131242882561575
q;1566400873522;0.03130115,0.9640979,0.13980551,0.22358407,
v;1566400873522;-0.258442946713218,2.66924712488082,0.12743681392579
q;1566400873547;0.030347431,0.96528184,0.13469686,0.22173584,
v;1566400873547;-0.249152419815114,2.6746588985568,0.122397250323145
q;1566400873572;0.029715868,0.9661283,0.1301685,0.22083786,
v;1566400873572;-0.24071200729733,2.67779342585077,0.118600203781011
q;1566400873597;0.029394358,0.96696,0.12554896,0.21991323,
v;1566400873597;-0.231947420871715,2.68088616846801,0.115405735335878
q;1566400873624;0.02892385,0.9676041,0.12168881,0.21931165,
v;1566400873624;-0.224692403600825,2.68312077957175,0.112405399202056
q;1566400873649;0.028249765,0.9680567,0.11885139,0.21895806,
v;1566400873649;-0.219497022776871,2.68462496927677,0.109584888566763
q;1566400873675;0.0279299,0.9683389,0.11684928,0.21882845,
v;1566400873675;-0.21574548794201,2.68539206648883,0.107938043402252
q;1566400873702;0.027824106,0.9685624,0.11522498,0.21871419,
v;1566400873702;-0.212632778050682,2.68599611978649,0.106908099872392
q;1566400873726;0.0278229,0.96866906,0.11402268,0.21887226,
v;1566400873726;-0.210267138895417,2.6859196380863,0.106353553209706
q;1566400873754;0.02770547,0.9687429,0.112900965,0.2191415,
v;1566400873754;-0.208099912133927,2.68561566438073,0.105632627173704
q;1566400873779;0.027534682,0.9687749,0.112442754,0.21925695,
v;1566400873779;-0.207269992626693,2.68550340704111,0.105096191487622
q;1566400873803;0.027146183,0.9687679,0.11199051,0.21956779,
v;1566400873803;-0.206529880671314,2.68502511779291,0.10417389529427
q;1566400873828;0.026763454,0.9687013,0.112210914,0.21979596,
v;1566400873828;-0.207110198751007,2.68457945251669,0.103573157537294
q;1566400873853;0.026640551,0.9685815,0.11283136,0.22002119,
v;1566400873853;-0.208353984739502,2.6840072734316,0.103681668246593
q;1566400873878;0.026447937,0.96849084,0.11375696,0.2199668,
v;1566400873878;-0.210255532125044,2.68396757124469,0.103741192108256
q;1566400873903;0.026101027,0.96836984,0.115243964,0.2197665,
v;1566400873903;-0.21333993960857,2.68414533904383,0.103737989524132
q;1566400873927;0.025810877,0.96821356,0.11673025,0.21970506,
v;1566400873927;-0.216382671412345,2.68402134013078,0.103878087409617
q;1566400873955;0.025524339,0.96809924,0.11842845,0.21933316,
v;1566400873955;-0.219871600993315,2.6844975313988,0.104059110728252
q;1566400873983;0.025279114,0.9679451,0.12026114,0.21904445,
v;1566400873983;-0.223596339821307,2.68476085857442,0.104406586710556
q;1566400874011;0.02510257,0.9677393,0.12207288,0.21897213,
v;1566400874011;-0.227226227004952,2.68455940165526,0.104931370521146
q;1566400874039;0.024742253,0.9674881,0.12372738,0.21919423,
v;1566400874039;-0.230601165961383,2.6838132971368,0.105086236093446
q;1566400874064;0.024723053,0.96738935,0.12519103,0.21880099,
v;1566400874064;-0.233514522870089,2.6843179345662,0.105676886895828
q;1566400874092;0.024450019,0.967278,0.12645097,0.21859945,
v;1566400874092;-0.236125046014669,2.6845211060405,0.1057086856729
q;1566400874120;0.024365764,0.96726847,0.12732452,0.21814351,
v;1566400874120;-0.237921841931105,2.68529927527976,0.105860658450913
q;1566400874147;0.023676395,0.9672601,0.12819006,0.21774891,
v;1566400874147;-0.239971807720762,2.6860877508501,0.104818914681793
q;1566400874175;0.022729157,0.96731085,0.12887424,0.21722002,
v;1566400874175;-0.241797730620223,2.68725871027176,0.103138279561867
q;1566400874200;0.022046117,0.9673728,0.12975012,0.2164921,
v;1566400874200;-0.243898790438831,2.68874585596935,0.102024583276828
q;1566400874224;0.02163898,0.967399,0.13053577,0.2159427,
v;1566400874224;-0.24567878878179,2.68981687362568,0.10145886339348
q;1566400874249;0.021081889,0.9673955,0.13120103,0.21561028,
v;1566400874249;-0.247267646789247,2.69049646091863,0.100589468472509
q;1566400874274;0.021180872,0.9673589,0.1318025,0.2153979,
v;1566400874274;-0.248423345378383,2.69078491363789,0.101026861137036
q;1566400874302;0.021410922,0.9673511,0.13239925,0.21504404,
v;1566400874302;-0.249525866803218,2.69133912320822,0.101686078792649
