q;1567359754213;0.050011072,0.9791328,0.0065852804,0.19686162,
v;1567359754213;0.00679484551617031,2.74511144228435,0.100700166366775
q;1567359754240;0.04931449,0.9791522,0.0068716514,0.19693126,
v;1567359754240;0.00596637953018185,2.74493691023799,0.0994448610511159
q;1567359754266;0.048132747,0.9791742,0.00794877,0.1970735,
v;1567359754266;0.00340492339950233,2.744535639273,0.0975488718642796
q;1567359754292;0.047271103,0.9791865,0.009375562,0.1971584,
v;1567359754292;0.000278942590421773,2.74422112419973,0.0964207309071748
q;1567359754323;0.04579295,0.97912973,0.011861127,0.19765435,
v;1567359754323;-0.00512483505337218,2.74296935629606,0.0945051350044306
q;1567359754354;0.043969035,0.97897,0.016488092,0.19852616,
v;1567359754354;-0.0148252305562314,2.74074917688454,0.0927785955736533
q;1567359754384;0.042030454,0.978642,0.024534373,0.19972818,
v;1567359754384;-0.0312364829769006,2.73750620415876,0.0922416308864961
q;1567359754414;0.0383518,0.9778704,0.038964912,0.20194153,
v;1567359754414;-0.0607529913955078,2.73152701853132,0.0910368652630404
q;1567359754438;0.03461088,0.9768963,0.05345282,0.20400614,
v;1567359754438;-0.0904372893394789,2.72577664818802,0.08991999335899
q;1567359754467;0.02905745,0.9750607,0.074428536,0.20705716,
v;1567359754467;-0.133507836253003,2.7171901162374,0.0883880569487638
q;1567359754497;0.021566628,0.9727155,0.09516491,0.21048324,
v;1567359754497;-0.176980391080322,2.70798414485193,0.08341578748142
q;1567359754528;0.011934741,0.9699584,0.11573154,0.2136455,
v;1567359754528;-0.221209643685382,2.69971518893579,0.0744856387745497
q;1567359754557;0.0014918087,0.9666683,0.1352662,0.21737817,
v;1567359754557;-0.263919695669303,2.69071365978954,0.0639482906943299
q;1567359754585;-0.009258651,0.96322083,0.15188497,0.22147435,
v;1567359754585;-0.301233763943524,2.68172440374368,0.0517953990306689
q;1567359754613;-0.02068161,0.9593237,0.16805823,0.22589098,
v;1567359754613;-0.338198378052213,2.67251787094427,0.0384308377625472
q;1567359754639;-0.031311333,0.95480853,0.1840602,0.2312622,
v;1567359754639;-0.374671409653404,2.6611671193325,0.0272319465090243
q;1567359754664;-0.041171633,0.94978654,0.19907549,0.23786414,
v;1567359754664;-0.409057703979474,2.64707791593369,0.0179817715210328
q;1567359754690;-0.050868347,0.944169,0.21350314,0.24571078,
v;1567359754690;-0.442460035092325,2.63020055745466,0.00980806100494721
q;1567359754715;-0.059937213,0.93840396,0.22540344,0.25494882,
v;1567359754715;-0.470801581940913,2.61037501593406,0.0027401654379473
q;1567359754743;-0.068761334,0.93170375,0.2373775,0.26618028,
v;1567359754743;-0.499443211122743,2.58554594037882,-0.00200486313385282
q;1567359754768;-0.07562675,0.9257024,0.24626277,0.27696633,
v;1567359754768;-0.521088196474964,2.56126239122452,-0.00415408577796738
q;1567359754794;-0.08209833,0.92012805,0.2523788,0.28797436,
v;1567359754794;-0.537192619674105,2.53679702482724,-0.00666327986957152
q;1567359754818;-0.0880469,0.91445917,0.25692853,0.29999983,
v;1567359754818;-0.550049479350311,2.50986903250426,-0.00806292649802631
q;1567359754843;-0.092784986,0.90967166,0.25819674,0.31180578,
v;1567359754843;-0.555784993415119,2.48377574676222,-0.00917422668685465
q;1567359754868;-0.09774832,0.9050974,0.25768688,0.3237922,
v;1567359754868;-0.558321977217015,2.45788383754738,-0.0118726521716731
q;1567359754893;-0.101538196,0.90114945,0.25387725,0.33640155,
v;1567359754893;-0.553746929305098,2.43110281852331,-0.01433549046166
q;1567359754918;-0.10407954,0.8983337,0.24763049,0.34762496,
v;1567359754918;-0.543659025083524,2.40798275506511,-0.0173306900411658
q;1567359754944;-0.10576155,0.8964297,0.23925966,0.3577473,
v;1567359754944;-0.528954208223617,2.38794728521423,-0.0213451181303884
q;1567359754970;-0.10702001,0.89464056,0.23009029,0.3677274,
v;1567359754970;-0.512553942718436,2.36832550457707,-0.0255541360439772
q;1567359754995;-0.10753479,0.89316213,0.22174734,0.37619928,
v;1567359754995;-0.497262854105898,2.35159397240039,-0.0287328961353597
q;1567359755021;-0.107700974,0.8918763,0.21238108,0.38451463,
v;1567359755021;-0.47986621407985,2.33543073579355,-0.032455288965745
q;1567359755047;-0.107637756,0.891131,0.20218816,0.39168817,
v;1567359755047;-0.460809310016787,2.32211190548664,-0.0373532498206386
q;1567359755072;-0.10691177,0.89043146,0.19193041,0.39857802,
v;1567359755072;-0.441202492113471,2.30911926096079,-0.041368927298841
q;1567359755101;-0.10412949,0.8904041,0.17610867,0.40659973,
v;1567359755101;-0.409655993265241,2.29442596869995,-0.046048227231174
q;1567359755129;-0.09910249,0.89072865,0.15787138,0.41455734,
v;1567359755129;-0.371923884378852,2.27962189622027,-0.0490234012629465
q;1567359755154;-0.09416255,0.89063346,0.14199471,0.42159572,
v;1567359755154;-0.338770301048611,2.26607324754655,-0.0509144261202815
q;1567359755179;-0.08825148,0.8904028,0.12562431,0.428501,
v;1567359755179;-0.304005231209979,2.2524837122563,-0.0519005636299747
q;1567359755204;-0.08318322,0.8896963,0.11064089,0.4350629,
v;1567359755204;-0.272617766202912,2.23934691069477,-0.0537542186418414
q;1567359755228;-0.07835565,0.88888144,0.09599506,0.44106138,
v;1567359755228;-0.242134862894212,2.22723962419933,-0.0562892452377231
q;1567359755253;-0.07335437,0.8880976,0.08213569,0.4462685,
v;1567359755253;-0.212966705236378,2.21653925475471,-0.0583327085783822
q;1567359755278;-0.0681556,0.88744456,0.06761821,0.45080456,
v;1567359755278;-0.182475508478194,2.20715708723717,-0.0610543889610566
q;1567359755304;-0.06244236,0.8867733,0.05379621,0.45479673,
v;1567359755304;-0.152801159048648,2.19860857561598,-0.062581279222658
q;1567359755329;-0.057034854,0.88618463,0.040818237,0.45799315,
v;1567359755329;-0.124912719490658,2.19159437487569,-0.0642422520251443
q;1567359755355;-0.05136586,0.88577497,0.027598301,0.46043742,
v;1567359755355;-0.0963422662297299,2.1860281965032,-0.0659359162794217
q;1567359755381;-0.046561103,0.8852965,0.015718652,0.46242306,
v;1567359755381;-0.0709527083838573,2.18129739026589,-0.0681273988706394
q;1567359755406;-0.04157368,0.8848703,0.004047132,0.46396106,
v;1567359755406;-0.0457554747563741,2.17735596362955,-0.0699493841382084
q;1567359755432;-0.03673186,0.88465506,-0.006719425,0.4647484,
v;1567359755432;-0.0222552367828142,2.17495302564159,-0.0713138115950081
q;1567359755457;-0.03202833,0.8844099,-0.017229212,0.46529177,
v;1567359755457;0.000670334662511717,2.17294376962119,-0.072749736340413
q;1567359755482;-0.028006436,0.8842356,-0.026484748,0.46544772,
v;1567359755482;0.020767943376871,2.17175794064121,-0.0742673605565117
q;1567359755506;-0.02389206,0.884154,-0.034986474,0.46527064,
v;1567359755506;0.0396446978979852,2.17128082333428,-0.0749338099798341
q;1567359755531;-0.0208314,0.883992,-0.041395184,0.46519956,
v;1567359755531;0.0538305006390805,2.17070778701538,-0.0755246971758577
q;1567359755556;-0.01944253,0.88404506,-0.044951074,0.4648288,
v;1567359755556;0.0614413039158861,2.17110013178124,-0.0763834965570656
q;1567359755581;-0.018301444,0.88413787,-0.0470158,0.46449423,
v;1567359755581;0.0661833741782173,2.17160169498471,-0.0762799268707891
q;1567359755606;-0.017120294,0.8844432,-0.048166953,0.4638395,
v;1567359755606;0.0693753674150746,2.17296167787408,-0.0752190053732319
q;1567359755631;-0.016731262,0.88488704,-0.048496693,0.462972,
v;1567359755631;0.0703941018353589,2.17489047978439,-0.0747704321374827
q;1567359755656;-0.016254596,0.88531804,-0.048230704,0.46219212,
v;1567359755656;0.0704317488438106,2.17671382879323,-0.0736134878027127
q;1567359755683;-0.015570321,0.8858026,-0.046873823,0.46142623,
v;1567359755683;0.0687268906897921,2.17867283349257,-0.0710695338163209
q;1567359755707;-0.014873509,0.8862014,-0.04564735,0.4608061,
v;1567359755707;0.0672485592715079,2.18027748830992,-0.0686399169433259
q;1567359755731;-0.014667263,0.8865598,-0.04402529,0.4602809,
v;1567359755731;0.0646049144663526,2.18169438800502,-0.0667234027707247
q;1567359755757;-0.015379978,0.88708925,-0.041513454,0.45947006,
v;1567359755757;0.0595541959765601,2.18382560401717,-0.0655984526453981
q;1567359755782;-0.016331503,0.88740504,-0.03866016,0.45907623,
v;1567359755782;0.0536453586265989,2.18503672385115,-0.0646190928631609
q;1567359755809;-0.017776677,0.88791144,-0.03480341,0.45835143,
v;1567359755809;0.0455244842571848,2.18707725420574,-0.0635812749461124
q;1567359755838;-0.020419594,0.8882788,-0.029008405,0.4579328,
v;1567359755838;0.0328394008164242,2.18857342836531,-0.0629197942081774
q;1567359755872;-0.025173856,0.8885589,-0.019717451,0.45764682,
v;1567359755872;0.0119990507812408,2.18999529925477,-0.0628300150170288
q;1567359755902;-0.030944956,0.8885048,-0.006562173,0.45777577,
v;1567359755902;-0.0166714299591352,2.19060247894232,-0.0610438739573997
q;1567359755931;-0.038770612,0.8877532,0.011321437,0.4585444,
v;1567359755931;-0.0556861533978122,2.18966863886686,-0.0585789528710801
q;1567359755958;-0.047535855,0.8864403,0.03204634,0.45927876,
v;1567359755958;-0.100648596243753,2.1883008380868,-0.0551458752459698
q;1567359755984;-0.057491586,0.88399726,0.05562094,0.46059734,
v;1567359755984;-0.151881723204176,2.18480109188521,-0.0510162597342159
q;1567359756012;-0.06762246,0.88087964,0.07784517,0.46197233,
v;1567359756012;-0.20097404103513,2.18043069943939,-0.0481982564222592
q;1567359756037;-0.07665623,0.8779194,0.09596959,0.4627865,
v;1567359756037;-0.241807640018614,2.17707698148168,-0.0471580735800775
q;1567359756062;-0.08784512,0.8739224,0.1153439,0.4639382,
v;1567359756062;-0.287037992728517,2.17253213131152,-0.0485180428431203
q;1567359756086;-0.09820525,0.8689914,0.1353353,0.46571892,
v;1567359756086;-0.332791362400302,2.16557227364198,-0.0472305552372388
q;1567359756111;-0.10852832,0.863051,0.15478073,0.46840957,
v;1567359756111;-0.377759357949627,2.15580296516284,-0.0455560464902452
q;1567359756135;-0.11764591,0.8570669,0.16911045,0.47222596,
v;1567359756135;-0.412596017518064,2.14399027438581,-0.0458024151044661
q;1567359756161;-0.12525581,0.8503739,0.18102045,0.47791925,
v;1567359756161;-0.441830012354126,2.12750009103211,-0.0442661427276566
q;1567359756193;-0.1342991,0.8405827,0.19469346,0.48731807,
v;1567359756193;-0.475974296752923,2.10065214684657,-0.0405397089648505
q;1567359756225;-0.14151132,0.82873666,0.20315677,0.5018938,
v;1567359756225;-0.499257993054398,2.06141537868834,-0.0348899389117455
q;1567359756256;-0.14905229,0.8129203,0.20872472,0.5228559,
v;1567359756256;-0.518086736278757,2.00580117700439,-0.0277087023305301
q;1567359756286;-0.1520823,0.7937098,0.20882604,0.5507152,
v;1567359756286;-0.522447479762043,1.93194030589065,-0.0131680116814754
q;1567359756315;-0.151139,0.7752237,0.20745297,0.5771902,
v;1567359756315;-0.519120636404709,1.86001501675332,0.00592751940603714
q;1567359756340;-0.1517289,0.7599876,0.20381787,0.5982102,
v;1567359756340;-0.51361573175738,1.80391431766501,0.0151878308184793
q;1567359756363;-0.15268409,0.7461447,0.19662875,0.6174891,
v;1567359756363;-0.50292284170408,1.75454113678598,0.0171016723831585
q;1567359756391;-0.15350072,0.7312673,0.18860653,0.63727015,
v;1567359756391;-0.490975556488351,1.70343595972326,0.0180154771405732
q;1567359756417;-0.15230042,0.71974057,0.18261369,0.6522502,
v;1567359756417;-0.479735919602997,1.66386518637482,0.0214036058789022
q;1567359756442;-0.15099892,0.7109486,0.17640685,0.66380125,
v;1567359756442;-0.46822041749728,1.63414986736064,0.0218460081160599
q;1567359756466;-0.1503667,0.7041324,0.1703725,0.6727263,
v;1567359756466;-0.458095601703108,1.61186630742973,0.0194817361212147
q;1567359756490;-0.14973374,0.69826466,0.16400412,0.6805211,
v;1567359756490;-0.447630273092932,1.59297008229993,0.0156516166609015
q;1567359756515;-0.1492036,0.69418323,0.15543886,0.68679464,
v;1567359756515;-0.43427252573922,1.57995028681227,0.00701068726115367
q;1567359756538;-0.1490918,0.69139206,0.14580075,0.6917304,
v;1567359756538;-0.420123944944827,1.57134689603142,-0.00487621203245991
q;1567359756563;-0.14776526,0.68983936,0.13767193,0.6952219,
v;1567359756563;-0.406505826404681,1.56581630527979,-0.0135479316000951
q;1567359756588;-0.14602143,0.6888285,0.12869422,0.6983056,
v;1567359756588;-0.391128202461934,1.56172506561511,-0.0231844789897165
q;1567359756613;-0.14126873,0.6893156,0.11891412,0.7005331,
v;1567359756613;-0.370268296030065,1.56031128061681,-0.0302019842297548
q;1567359756637;-0.13558653,0.691303,0.10810849,0.7014477,
v;1567359756637;-0.346582139683139,1.56289342532224,-0.03807017882853
q;1567359756663;-0.12980297,0.6943303,0.095226906,0.701419,
v;1567359756663;-0.319751210681917,1.56857024656424,-0.0491756970228689
q;1567359756688;-0.124325395,0.6980863,0.081972755,0.7003564,
v;1567359756688;-0.292756240968752,1.5766061256809,-0.0614092042044854
q;1567359756712;-0.118802056,0.70174783,0.067992985,0.69915164,
v;1567359756712;-0.264626889657009,1.58439809788176,-0.0743163026322848
q;1567359756737;-0.11369829,0.70538074,0.05266816,0.6976652,
v;1567359756737;-0.235108900896855,1.5923700493741,-0.0894897502821121
q;1567359756762;-0.10853189,0.7086514,0.03660269,0.6961999,
v;1567359756762;-0.204417555736887,1.59932607798168,-0.105238201107414
q;1567359756787;-0.10377043,0.71111274,0.022122512,0.69502586,
v;1567359756787;-0.176626399083347,1.604221747067,-0.118960308565927
q;1567359756812;-0.10048324,0.71217513,0.0077435714,0.69473004,
v;1567359756812;-0.151222717966297,1.60578325833337,-0.134295282105453
q;1567359756836;-0.098491855,0.71149963,-0.006734787,0.6957171,
v;1567359756836;-0.127809017598974,1.60292863432166,-0.151331423408838
q;1567359756864;-0.09909691,0.70844424,-0.02463917,0.6983406,
v;1567359756864;-0.103681495356167,1.59435186387046,-0.176684051085926
q;1567359756888;-0.09812171,0.70538265,-0.038006015,0.700973,
v;1567359756888;-0.0840426713817737,1.58523288389906,-0.193595149516593
q;1567359756913;-0.09466734,0.70227885,-0.047394518,0.70398605,
v;1567359756913;-0.0667702404861135,1.57512095328925,-0.201502725554587
q;1567359756938;-0.090978116,0.69929636,-0.055342905,0.70685554,
v;1567359756938;-0.0512370018030113,1.56537401785606,-0.207230268268584
q;1567359756962;-0.088123985,0.6967421,-0.061843604,0.70919675,
v;1567359756962;-0.0388261566183597,1.55721645737875,-0.212267166300173
q;1567359756987;-0.0849764,0.6948836,-0.06544976,0.71107817,
v;1567359756987;-0.029894248695018,1.55095457318763,-0.212875744000672
q;1567359757011;-0.08114678,0.6933934,-0.06856231,0.71268505,
v;1567359757011;-0.0205843410563173,1.54554670895405,-0.211886418195756
q;1567359757036;-0.07853486,0.69326586,-0.07114299,0.7128488,
v;1567359757036;-0.0133253434761364,1.54436145557012,-0.211920823198178
q;1567359757061;-0.076823086,0.6942494,-0.07362082,0.7118258,
v;1567359757061;-0.00714694991871472,1.54656136778463,-0.213093628744186
q;1567359757086;-0.07530867,0.6949327,-0.07640582,0.71102697,
v;1567359757086;-0.0008991854342022,1.54800005103849,-0.214974175285819
q;1567359757112;-0.07400899,0.6953262,-0.07798845,0.71060675,
v;1567359757112;0.00327225529510853,1.54870612215012,-0.215422479708944
q;1567359757139;-0.07334475,0.6960315,-0.078222744,0.70995903,
v;1567359757139;0.00474747038312403,1.55047329998985,-0.21482126221187
q;1567359757165;-0.07308513,0.69671464,-0.07791268,0.7093496,
v;1567359757165;0.00488001350155744,1.55230050306245,-0.21400593584598
q;1567359757191;-0.07166636,0.6971957,-0.07799981,0.70901203,
v;1567359757191;0.00713770210002785,1.55323079755716,-0.21212927939472
q;1567359757216;-0.07030628,0.69815457,-0.07861033,0.7081368,
v;1567359757216;0.0101915704281479,1.55552049396246,-0.211077816924587
q;1567359757241;-0.06927597,0.6996116,-0.07959238,0.7066892,
v;1567359757241;0.013454750951479,1.55930613711546,-0.211008003408076
q;1567359757265;-0.067535095,0.7010556,-0.080786675,0.7052897,
v;1567359757265;0.0180092615295701,1.56287484602355,-0.210226657959556
q;1567359757290;-0.0659089,0.7028623,-0.08157964,0.70355195,
v;1567359757290;0.0219395966192199,1.56751432270149,-0.209009161700847
q;1567359757315;-0.063739896,0.7049049,-0.08238083,0.7016123,
v;1567359757315;0.0267030847445206,1.57270439274559,-0.207008519051022
q;1567359757341;-0.06174887,0.7068287,-0.08334691,0.69973826,
v;1567359757341;0.0314130484248273,1.57763922377962,-0.205477308156099
q;1567359757366;-0.060905304,0.7084256,-0.084087536,0.6981068,
v;1567359757366;0.0341093262055833,1.58195562165874,-0.20525464593074
q;1567359757392;-0.060027406,0.7100331,-0.085319184,0.6963982,
v;1567359757392;0.0375617663723289,1.5863084735259,-0.205666021392944
q;1567359757421;-0.05832099,0.7101383,-0.08860293,0.69602567,
v;1567359757421;0.0446697099386251,1.58620779628617,-0.207871440313515
q;1567359757451;-0.055776156,0.70726246,-0.09396942,0.69845444,
v;1567359757451;0.0550356576257335,1.57746881255471,-0.212068149240833
q;1567359757480;-0.052956857,0.7029579,-0.095387526,0.7028135,
v;1567359757480;0.0597047066540355,1.56469389042795,-0.210454496518624
q;1567359757507;-0.051820718,0.69927603,-0.096185565,0.7064531,
v;1567359757507;0.0613411675512419,1.55410887421324,-0.210314826201362
q;1567359757534;-0.051866192,0.69620603,-0.096419655,0.70944375,
v;1567359757534;0.0607008684318809,1.54553299539423,-0.210975057845863
q;1567359757561;-0.05236765,0.69408846,-0.09712806,0.71138245,
v;1567359757561;0.0603607233979028,1.53973710125687,-0.212874837410657
q;1567359757589;-0.053137563,0.6932793,-0.097817145,0.71201974,
v;1567359757589;0.0599952009297203,1.5376502128524,-0.215010501508901
q;1567359757617;-0.053752623,0.69309086,-0.09758968,0.71218824,
v;1567359757617;0.0587468438095205,1.53726077322443,-0.215549576586718
q;1567359757644;-0.0542808,0.69365734,-0.09740756,0.7116213,
v;1567359757644;0.0579125573906278,1.53895138861078,-0.21597348916851
q;1567359757673;-0.055554643,0.6952411,-0.09759128,0.70995027,
v;1567359757673;0.0568474835724308,1.54364214050687,-0.21788677447102
q;1567359757699;-0.05621736,0.6973675,-0.09720634,0.7078624,
v;1567359757699;0.0560180669523311,1.54972536284595,-0.218089871097241
q;1567359757727;-0.055849813,0.69936734,-0.09684568,0.70596534,
v;1567359757727;0.0566356192611869,1.55523851141142,-0.216900215225063
q;1567359757755;-0.055806853,0.7009321,-0.09624979,0.70449686,
v;1567359757755;0.056327410444031,1.55961879518135,-0.215861153069626
q;1567359757783;-0.054302547,0.70223385,-0.09650093,0.7032826,
v;1567359757783;0.0591869164644189,1.56294479128633,-0.214002609590541
q;1567359757810;-0.052946225,0.7025881,-0.09766464,0.7028716,
v;1567359757810;0.0628485985448007,1.56364883809865,-0.213732509876165
q;1567359757837;-0.051444877,0.70205456,-0.09916971,0.7033052,
v;1567359757837;0.0669321590826876,1.56183049267467,-0.21382825347874
q;1567359757864;-0.051630862,0.70181984,-0.10062873,0.7033186,
v;1567359757864;0.068674554917346,1.56120724481097,-0.216205392756956
q;1567359757889;-0.052001,0.7018083,-0.10165133,0.7031558,
v;1567359757889;0.0696060780527064,1.56125105661107,-0.218194301268528
q;1567359757917;-0.052427847,0.70145947,-0.10224896,0.7033855,
v;1567359757917;0.0697495693758365,1.56035889417324,-0.219685582773255
q;1567359757942;-0.052061692,0.70100445,-0.101715796,0.7039434,
v;1567359757942;0.0693650941429226,1.55900301182281,-0.218449712669127
q;1567359757967;-0.052101042,0.70045686,-0.10112428,0.7045705,
v;1567359757967;0.0683017705939744,1.55747353250931,-0.21770672596372
q;1567359757993;-0.052386288,0.6999132,-0.10029397,0.70520794,
v;1567359757993;0.0665568226148007,1.55600866825522,-0.216962704247873
q;1567359758020;-0.05223105,0.6994475,-0.0986699,0.7059104,
v;1567359758020;0.064332312565718,1.55467205246709,-0.214450136451277
q;1567359758048;-0.053156506,0.6991041,-0.09601732,0.7065469,
v;1567359758048;0.0591715984333252,1.5539102866048,-0.21195701723684
q;1567359758074;-0.054109093,0.6990934,-0.093434624,0.7068314,
v;1567359758074;0.054173539971223,1.55408979412805,-0.209575676047007
q;1567359758099;-0.05496016,0.6987735,-0.090626016,0.70744747,
v;1567359758099;0.0489107633977958,1.55338467295681,-0.206751009898826
q;1567359758124;-0.057090204,0.6985472,-0.086838335,0.70797724,
v;1567359758124;0.0404952883322498,1.55323599534568,-0.204304183042653
q;1567359758149;-0.059132617,0.6987059,-0.083907604,0.7080064,
v;1567359758149;0.033527214195621,1.55415941469593,-0.202950482409746
q;1567359758174;-0.06028865,0.6992407,-0.08180043,0.70762736,
v;1567359758174;0.0290766803816467,1.55593405436712,-0.20152694810068
q;1567359758199;-0.0601899,0.6996883,-0.08023682,0.70737225,
v;1567359758199;0.0271315269388384,1.55716396978028,-0.199129125960188
q;1567359758223;-0.060459238,0.70018834,-0.07926439,0.706964,
v;1567359758223;0.0255177630951491,1.55863012745201,-0.19809701387226
q;1567359758251;-0.060817882,0.70127696,-0.0794066,0.70583737,
v;1567359758251;0.0255197402394891,1.56176964377487,-0.198767191464826
q;1567359758280;-0.060758624,0.70261663,-0.079789914,0.7044657,
v;1567359758280;0.0265218169525463,1.56551792473882,-0.199182582525195
q;1567359758308;-0.061023656,0.7039764,-0.07938978,0.7031292,
v;1567359758308;0.0259649515982647,1.56940917557309,-0.198937182093994
q;1567359758335;-0.06146761,0.7051382,-0.07865611,0.7020079,
v;1567359758335;0.0246278495373228,1.57279322999256,-0.198481157956573
q;1567359758364;-0.06109235,0.70575315,-0.07908137,0.7013746,
v;1567359758364;0.0259295123543773,1.57443712670654,-0.198531474686361
q;1567359758392;-0.061422113,0.7062357,-0.07743816,0.70104337,
v;1567359758392;0.0232621539981826,1.5758808040724,-0.196649854981025
q;1567359758419;-0.06109159,0.70690536,-0.076878585,0.70045865,
v;1567359758419;0.0231095591909945,1.57769296362852,-0.195364708455678
q;1567359758446;-0.060758278,0.7073326,-0.07673074,0.70007247,
v;1567359758446;0.0234800695645043,1.5788205750916,-0.194667269050917
q;1567359758474;-0.061129585,0.70766425,-0.07612239,0.69977134,
v;1567359758474;0.0221865449865535,1.57984971178022,-0.194323184154836
q;1567359758501;-0.061497338,0.70822406,-0.07558252,0.699231,
v;1567359758501;0.021058584484145,1.58152539550586,-0.194065672249354
q;1567359758528;-0.062046036,0.70863754,-0.074701145,0.69885844,
v;1567359758528;0.0191504499186937,1.58283256864122,-0.193589553194992
q;1567359758555;-0.062271476,0.70916575,-0.0739648,0.6983806,
v;1567359758555;0.0179291847452326,1.58438652400403,-0.192856854239628
q;1567359758583;-0.062278174,0.7095889,-0.07282911,0.6980694,
v;1567359758583;0.0164092173788759,1.58558881443256,-0.191252737231881
q;1567359758610;-0.0628295,0.7100716,-0.07168004,0.697648,
v;1567359758610;0.0141306416010856,1.5870971226854,-0.190409138943124
q;1567359758638;-0.06296478,0.7108879,-0.071649924,0.6968071,
v;1567359758638;0.0141219858949002,1.58945160838788,-0.190543958922511
q;1567359758669;-0.06271792,0.7113106,-0.07187964,0.6963742,
v;1567359758669;0.0149077691626031,1.59059243330834,-0.190505360572331
q;1567359758696;-0.06260847,0.71170694,-0.07150129,0.696018,
v;1567359758696;0.0146232056399365,1.59169325794271,-0.189807959338995
q;1567359758724;-0.06295079,0.7117408,-0.07131776,0.6959713,
v;1567359758724;0.0138960800288287,1.5918754585881,-0.190039574639128
q;1567359758753;-0.062290695,0.7115674,-0.07190415,0.6961476,
v;1567359758753;0.0156028955569465,1.59121682264641,-0.18992254970348
q;1567359758781;-0.061620183,0.7112224,-0.071743615,0.6965763,
v;1567359758781;0.0162057232609834,1.59006874802014,-0.188744407867706
q;1567359758809;-0.062389307,0.71105415,-0.0713715,0.69671774,
v;1567359758809;0.0145630433420337,1.58978034106008,-0.189324886897767
q;1567359758839;-0.062569566,0.7110955,-0.07183569,0.69661164,
v;1567359758839;0.0149912573368074,1.58994317128075,-0.190235627647639
q;1567359758867;-0.062516056,0.71135145,-0.07260247,0.69627565,
v;1567359758867;0.0162356428284393,1.59065853480092,-0.191232924532689
q;1567359758896;-0.06296755,0.71151227,-0.07314905,0.6960135,
v;1567359758896;0.0164411041927172,1.59122975138956,-0.192645065077488
q;1567359758924;-0.06339259,0.7116585,-0.072958566,0.69584537,
v;1567359758924;0.0156209220732683,1.59175329593142,-0.192982532213348
q;1567359758953;-0.06349553,0.7115967,-0.073171735,0.69587666,
v;1567359758953;0.0157680690355262,1.59160350666294,-0.193431293038468
q;1567359758983;-0.0633971,0.7113224,-0.07306742,0.6961769,
v;1567359758983;0.0156784343384973,1.5907976190893,-0.193149572374138
q;1567359759012;-0.063782826,0.71168154,-0.07361506,0.69571686,
v;1567359759012;0.0160320704537844,1.59191833828926,-0.194464779200689
q;1567359759038;-0.06263492,0.7118118,-0.075470224,0.6954891,
v;1567359759038;0.0203187817873903,1.59200063572639,-0.195427658225011
q;1567359759064;-0.060839754,0.7116133,-0.07805384,0.6955666,
v;1567359759064;0.0264551854381749,1.59099469087842,-0.196502522170331
q;1567359759088;-0.06006313,0.71149427,-0.07871183,0.6956815,
v;1567359759088;0.0284402491232007,1.59046890280423,-0.196323475263342
q;1567359759113;-0.059897978,0.711478,-0.07928241,0.6956476,
v;1567359759113;0.0294838832573877,1.59038351622059,-0.196892117789435
q;1567359759138;-0.05949362,0.71151114,-0.0803744,0.6955231,
v;1567359759138;0.0316214574561478,1.59038255583639,-0.197851821193876
q;1567359759163;-0.060159758,0.7114314,-0.08023785,0.6955632,
v;1567359759163;0.0304823446899225,1.59031429707898,-0.198614985228641
q;1567359759187;-0.061443537,0.7116351,-0.07895318,0.69538957,
v;1567359759187;0.0269205702569419,1.59120478355258,-0.198632281364326
q;1567359759212;-0.062056176,0.7118183,-0.07807897,0.69524634,
v;1567359759212;0.0248699845740054,1.59187692772478,-0.198271094544086
q;1567359759236;-0.062045142,0.71202564,-0.0773332,0.6951183,
v;1567359759236;0.0238712822490563,1.59246441880764,-0.197198326831634
q;1567359759266;-0.061589282,0.71227175,-0.07705491,0.69493765,
v;1567359759266;0.0241690023345451,1.59305323318881,-0.19614554932423
q;1567359759290;-0.06136431,0.71263766,-0.07675181,0.69461584,
v;1567359759290;0.0241455631935748,1.59404122062476,-0.195384438757078
q;1567359759313;-0.06076991,0.7132596,-0.07655264,0.69405144,
v;1567359759313;0.0248514816332093,1.59567105126725,-0.194230928885369
q;1567359759338;-0.060115945,0.7138333,-0.07608229,0.6935702,
v;1567359759338;0.0252335660456771,1.59715157982532,-0.192612042249847
q;1567359759362;-0.059765637,0.71475863,-0.07628356,0.69262475,
v;1567359759362;0.0262613653645831,1.599713986011,-0.192357753032564
q;1567359759387;-0.060252987,0.7159874,-0.07566488,0.69138014,
v;1567359759387;0.0250373800134738,1.60334903362744,-0.192147184359357
q;1567359759412;-0.059962153,0.7174939,-0.07501653,0.68991274,
v;1567359759412;0.0249130758205003,1.60760196651478,-0.19076850805029
q;1567359759436;-0.060541317,0.718757,-0.075127006,0.688534,
v;1567359759436;0.0246291024812596,1.61137351561194,-0.19171400236954
q;1567359759464;-0.060661204,0.7197938,-0.07433814,0.6875252,
v;1567359759464;0.0236062441139499,1.61438806710418,-0.190753347033909
q;1567359759491;-0.060635213,0.72043157,-0.07418639,0.6868757,
v;1567359759491;0.0235969158822307,1.61622113487079,-0.190483232666898
q;1567359759517;-0.060376514,0.72051716,-0.074408956,0.68678457,
v;1567359759517;0.0242969334088487,1.61640619661327,-0.190414925644893
q;1567359759544;-0.059909627,0.72034657,-0.0740422,0.68704396,
v;1567359759544;0.024353402072586,1.61580154779824,-0.189235055143551
q;1567359759572;-0.059585784,0.7197719,-0.074638225,0.6876097,
v;1567359759572;0.0255042327697296,1.61406800423755,-0.189615782630083
q;1567359759596;-0.059395432,0.7193311,-0.0744814,0.6881043,
v;1567359759596;0.0254158066550072,1.61275227631325,-0.189138295255019
