q;1565692530587;0,0,0,1,
v;1565692530587;0,0,0
q;1565692530612;0.000526736573956077,0.00044701141375747,-0.000367245078384957,0.999999747793386,
v;1565692530612;0.00105380140274324,0.000893636334338787,-0.000734019530481761
q;1565692530636;0.00102948809738414,0.000651792486677405,-0.0010639275316359,0.999998748656174,
v;1565692530636;0.00206036199596136,0.00130139587027873,-0.00212651649171193
q;1565692530660;0.00117434711075287,0.000935030686040089,-0.00196228681633773,0.999996927195693,
v;1565692530660;0.00235235877070246,0.0018654530573001,-0.00392238638219069
q;1565692530684;0.000763993153814417,0.00152484370225356,-0.00314895240508151,0.99999357966336,
v;1565692530684;0.0015375804237755,0.00304486457250941,-0.00629558346384306
q;1565692530708;0.000385192815251859,0.00234122756560329,-0.00457069131687149,0.999986745598919,
v;1565692530708;0.00079177755924253,0.00467889041148061,-0.00913958792784389
q;1565692530733;-0.000336310308713707,0.00314187304967875,-0.00573534150094597,0.999978596678483,
v;1565692530733;-0.000636566834318346,0.00628751201623282,-0.011472804787626
q;1565692530759;-0.00081200364235566,0.00378642160454901,-0.00781977322771383,0.999961930998317,
v;1565692530759;-0.00156472818229772,0.0075853363127687,-0.0156457577146429
q;1565692530784;-0.000660057969542618,0.00381153218638752,-0.0104640371726276,0.999937811513354,
v;1565692530784;-0.00124026613208203,0.00763648414274717,-0.0209333494399162
q;1565692530809;0.000412132473690804,0.00368613934506976,-0.0135217557465632,0.999901693828773,
v;1565692530809;0.000923870200220311,0.0073604780423604,-0.0270411215237041
q;1565692530834;0.00169492400946915,0.00361115550704957,-0.0162575971460946,0.999859911197869,
v;1565692530834;0.00350679774966699,0.00716629386776511,-0.0325043211700087
q;1565692530861;0.00364271341025747,0.0038845968781169,-0.01892370871616,0.999806758912362,
v;1565692530861;0.00743110932881838,0.00763010983882779,-0.0378218635192593
q;1565692530885;0.00585758621568185,0.00429724479015078,-0.020532803665421,0.999762800211265,
v;1565692530885;0.0118891426518952,0.00835259306713976,-0.0410199245040689
q;1565692530911;0.0089787313027743,0.00497818030319588,-0.0218227448481936,0.999709121260065,
v;1565692530911;0.0181705141478709,0.00956330783892044,-0.0435643664589129
q;1565692530936;0.0128870984480014,0.00535991856361451,-0.0235941986936735,0.999624206010965,
v;1565692530936;0.0260203732003547,0.0101112821660034,-0.0470658177847673
q;1565692530962;0.0178806841837339,0.00590453907218469,-0.025942983513238,0.999486062767199,
v;1565692530962;0.0360571645819918,0.010882540624277,-0.0517047737704068
q;1565692530989;0.024595742892488,0.00563148768767205,-0.0304714549489927,0.999217107921955,
v;1565692530989;0.0495164055947569,0.00976734835908964,-0.0607298899701886
q;1565692531018;0.032709819621645,0.00528543697776421,-0.0353188543758818,0.998826637715558,
v;1565692531018;0.0657636222251637,0.00826588563705059,-0.070419335566413
q;1565692531050;0.0415740397003816,0.00483143748874743,-0.038967208142974,0.99836359794366,
v;1565692531050;0.0834854971111585,0.00642945132800279,-0.0777540178084173
q;1565692531079;0.0512807926139089,0.00453001439928338,-0.0421482192286627,0.997784212511592,
v;1565692531079;0.102897677463249,0.00474226645519175,-0.0841892439235063
q;1565692531105;0.0591115498782756,0.00487539701258594,-0.044295563295302,0.997256225104576,
v;1565692531105;0.118608540763436,0.00451904620739124,-0.0885082055056747
q;1565692531132;0.0651146369236851,0.00662561343637666,-0.0453155996200652,0.99682631635921,
v;1565692531132;0.130789010187176,0.00737077173920353,-0.0903744994398288
q;1565692531156;0.0695603414266581,0.00922568934390458,-0.0447655517824553,0.996530092826759,
v;1565692531156;0.139920036585503,0.0122798547583774,-0.0889219707418233
q;1565692531180;0.0745854142743851,0.0133618595183799,-0.0433767090141916,0.996181225028238,
v;1565692531180;0.150325900688165,0.0203823888480898,-0.0854960678841261
q;1565692531204;0.0781982249536267,0.0169059847442647,-0.0418944215035149,0.995913703944907,
v;1565692531204;0.157828329870208,0.0274664575964044,-0.0819109233298906
q;1565692531229;0.0821015137097127,0.0204841308739968,-0.0403420588958871,0.99559642221593,
v;1565692531229;0.165892547457994,0.034646045387976,-0.0781160203741862
q;1565692531253;0.0860091286026796,0.0226392113860569,-0.039331636472647,0.99526026592888,
v;1565692531253;0.173858349547052,0.0388940538497289,-0.0756067964954699
q;1565692531277;0.0924169294563042,0.024622901675409,-0.0375421039462152,0.994707694803585,
v;1565692531277;0.186788737034684,0.0428035087811992,-0.0714380017872443
q;1565692531302;0.100056069424604,0.0258551248209616,-0.036692996676177,0.993968827705516,
v;1565692531302;0.202177172319435,0.0449868300967783,-0.0692338094477231
q;1565692531326;0.109405859338453,0.0262081997906714,-0.0361329594893419,0.992994418690736,
v;1565692531326;0.220966550365286,0.0452583595042795,-0.0677220784431904
q;1565692531351;0.120268408148029,0.0263297452381548,-0.0352215621132814,0.991766948929962,
v;1565692531351;0.242789467591764,0.045091162868107,-0.0654962646472138
q;1565692531375;0.132666826830508,0.0261284600197774,-0.0343537284021211,0.990220451531905,
v;1565692531375;0.267720707931123,0.0442198393336505,-0.0634023490023461
q;1565692531398;0.145354540138298,0.0259850752273598,-0.033935495923619,0.98845600138798,
v;1565692531398;0.293304074754847,0.0433700321144241,-0.0622294122378935
q;1565692531422;0.15938998037875,0.0259848586624693,-0.0339887397042472,0.986288208864477,
v;1565692531422;0.321695252673346,0.0426208468684472,-0.0619790488530981
q;1565692531447;0.173973089282582,0.0260237483463622,-0.0344902481112298,0.983802080038195,
v;1565692531447;0.351285732034119,0.041765670638867,-0.0626742605972682
q;1565692531472;0.187443399322295,0.0254297008740086,-0.0355929637643376,0.981300888210075,
v;1565692531472;0.378672117597947,0.0393631147649664,-0.064966469828341
q;1565692531499;0.20218177905986,0.0237580437614452,-0.036728849073641,0.978370615660411,
v;1565692531499;0.408641045155531,0.0344819960075065,-0.0679006625181751
q;1565692531527;0.216446917196085,0.0212720891357991,-0.0382560490585747,0.975312588096784,
v;1565692531527;0.437674569471297,0.0275313258709754,-0.0722852910525112
q;1565692531552;0.226379641736766,0.018137660100151,-0.0394548851882753,0.973070700131302,
v;1565692531552;0.457824874372142,0.019437761699301,-0.0765201012461975
q;1565692531576;0.234179680108745,0.0140923571566121,-0.0403921834468396,0.971251667083034,
v;1565692531576;0.473532874655738,0.00950210656549622,-0.0808348264909569
q;1565692531600;0.240566128006627,0.0095568712533953,-0.0416977143620147,0.969689654544022,
v;1565692531600;0.486286344864545,-0.0017280418383185,-0.0863778884508173
q;1565692531629;0.245163524546638,0.00271512590204442,-0.0434530512485826,0.968503621737037,
v;1565692531629;0.495099816035557,-0.0182378557824465,-0.0942816460140348
q;1565692531653;0.247529382695152,-0.00377068575767822,-0.0431978310554622,0.967909588287355,
v;1565692531653;0.499340142565187,-0.0326802355474234,-0.0975347076851732
q;1565692531676;0.251250226587856,-0.0110223514770101,-0.0418318902532583,0.966954967088038,
v;1565692531676;0.506332450962374,-0.0484298759272421,-0.099000948817836
q;1565692531702;0.254830133502567,-0.0194115070402404,-0.0400852098115709,0.965959597006516,
v;1565692531702;0.512956062436019,-0.0665376208056182,-0.100403774174093
q;1565692531726;0.255959505166073,-0.0281498522009094,-0.0385322014452824,0.965508995285858,
v;1565692531726;0.514492437638216,-0.0852031230225512,-0.102202496494575
q;1565692531750;0.254219277592008,-0.0385897466607041,-0.0372767815257199,0.965657212806481,
v;1565692531750;0.509911898595513,-0.107313122027134,-0.105160503021302
q;1565692531775;0.250466320235229,-0.0519212094980922,-0.0363246849069674,0.966049316753563,
v;1565692531775;0.500829800506261,-0.135520717857046,-0.10988081833944
q;1565692531801;0.244739474212835,-0.0679035891175576,-0.0353263947000954,0.966562837957551,
v;1565692531801;0.487382286295121,-0.168937470011549,-0.115161724034413
q;1565692531828;0.238917211445993,-0.0821057629464955,-0.0342632883118941,0.966955696814479,
v;1565692531828;0.473965568771707,-0.198152200433888,-0.118844671585197
q;1565692531852;0.230813827482669,-0.100690416517181,-0.0334384344079035,0.967196111160169,
v;1565692531852;0.455320977687174,-0.236248064149968,-0.124092944712888
q;1565692531876;0.22200010177528,-0.120019701365549,-0.0324697911486149,0.967086823306128,
v;1565692531876;0.435201047854376,-0.275367570738168,-0.128377110871411
q;1565692531901;0.212704252405241,-0.138761014956577,-0.0314371987067092,0.966702636224967,
v;1565692531901;0.41426696286362,-0.312755026535522,-0.131258643142503
q;1565692531925;0.203929339565232,-0.154703362283243,-0.0312079433244942,0.966181018982584,
v;1565692531925;0.394567943976347,-0.344379377879489,-0.134074566099608
q;1565692531949;0.193791979694754,-0.171825282591251,-0.0311274878693532,0.9653764965563,
v;1565692531949;0.371987230478502,-0.377994942277615,-0.136420253947097
q;1565692531973;0.183918457039636,-0.187449973115126,-0.0301118037541144,0.964432355984195,
v;1565692531973;0.350603767946008,-0.408005966246358,-0.135677039061175
q;1565692531998;0.17373510268351,-0.203591043332666,-0.0290746832957711,0.963079174765707,
v;1565692531998;0.328689147558334,-0.438965379349496,-0.134316632887362
q;1565692532022;0.164255840212705,-0.217419925940236,-0.0284608291703857,0.961737240617404,
v;1565692532022;0.308433061382519,-0.46533994306524,-0.132807448094247
q;1565692532046;0.155220282751021,-0.229181494156469,-0.0283191964400092,0.96051055477276,
v;1565692532046;0.289216098266423,-0.48760606070213,-0.131366800169473
q;1565692532072;0.145382144154009,-0.240030324741575,-0.0288639243420709,0.959383321321354,
v;1565692532072;0.268305530721942,-0.50791426319388,-0.130187597227108
q;1565692532097;0.136268820612157,-0.249331998392688,-0.028901551879476,0.958347080511392,
v;1565692532097;0.249349355531172,-0.525068996070346,-0.127630512382858
q;1565692532123;0.127005309940953,-0.257741235962392,-0.0283860199640353,0.957409722262305,
v;1565692532123;0.230598006216327,-0.54025333845193,-0.123393979915736
q;1565692532152;0.117723169497766,-0.265681026392294,-0.0276157098416404,0.956447698203247,
v;1565692532152;0.212104976632584,-0.554503671615925,-0.118300266831615
q;1565692532179;0.109203999212387,-0.272054234514248,-0.0267033302071032,0.955692419676351,
v;1565692532179;0.19544324498583,-0.565736615055039,-0.112842255609823
q;1565692532215;0.0981504171360653,-0.279697034354749,-0.0258385459679848,0.954708559936518,
v;1565692532215;0.173830272919094,-0.579230009982764,-0.106034914224408
q;1565692532244;0.0891629324725471,-0.285376120690501,-0.0250962233275911,0.95392909377973,
v;1565692532244;0.156423629798877,-0.589225577464441,-0.100158165931553
q;1565692532272;0.0809396229196795,-0.289349219206492,-0.0247375484903956,0.953474638274145,
v;1565692532272;0.140493909497795,-0.59596708789632,-0.0950916597391174
q;1565692532297;0.0729657519183564,-0.292629190542715,-0.0240609119123398,0.953134423636868,
v;1565692532297;0.125338403543535,-0.601378251584804,-0.0893896729566085
q;1565692532322;0.065227827478887,-0.295331323219294,-0.0235240373564633,0.95287532645064,
v;1565692532322;0.110638787014936,-0.605749048737226,-0.0839700433059489
q;1565692532346;0.0573343561829953,-0.297510650112507,-0.0236443892961357,0.95270200857893,
v;1565692532346;0.095320478644936,-0.609169732419524,-0.0796123731378028
q;1565692532370;0.0502703011823938,-0.298696221396482,-0.0240598501242613,0.952719572931418,
v;1565692532370;0.0815040344364865,-0.610735511456448,-0.0762021218390969
q;1565692532395;0.0437553046384091,-0.299750796495256,-0.0247492528701657,0.952692146275587,
v;1565692532395;0.0685872157397018,-0.612185478744482,-0.0736276731613392
q;1565692532420;0.0373210558609552,-0.30071063874053,-0.0251638317476175,0.952652640134821,
v;1565692532420;0.0560032107388016,-0.61349234423306,-0.0705595218289619
q;1565692532445;0.0305334007236827,-0.30195031434171,-0.025105091782654,0.95250381631699,
v;1565692532445;0.0430186479046449,-0.615399545649285,-0.0663746191890846
q;1565692532474;0.0229142880381254,-0.303023946915861,-0.0257855005235073,0.952358433598277,
v;1565692532474;0.0280216496582732,-0.616991118869526,-0.0630677773912437
q;1565692532500;0.0166973219684343,-0.303468065137696,-0.0269956936918791,0.952312762896169,
v;1565692532500;0.0154180946215927,-0.61745669779056,-0.0615971565601148
q;1565692532527;0.00983594980479869,-0.303212401670925,-0.0282564485964416,0.952453229839344,
v;1565692532527;0.00160115372114461,-0.616456882261238,-0.0598264140802437
q;1565692532552;0.0048212483846366,-0.303160262736919,-0.0285659559276792,0.952499130745476,
v;1565692532552;-0.0081357453687964,-0.616048195788154,-0.0573746890192833
q;1565692532576;0.000618831547141388,-0.302702364005673,-0.0285926250376759,0.952655974293316,
v;1565692532576;-0.0161317429030188,-0.614870653271648,-0.0548872064256545
q;1565692532600;-0.00326400070017396,-0.30207104320885,-0.0286103187772098,0.952850402969466,
v;1565692532600;-0.0235070713165529,-0.613373521498729,-0.0525895474757107
q;1565692532623;-0.00670917765086301,-0.301429613638402,-0.0291844386798761,0.953018146618819,
v;1565692532623;-0.030386720312562,-0.611882378459162,-0.0516286661122487
q;1565692532647;-0.00938820154912703,-0.300535272730308,-0.030340272947466,0.953241770487587,
v;1565692532647;-0.0361429646382444,-0.609881024906351,-0.0522581552881369
q;1565692532672;-0.0110809972331655,-0.299544348357045,-0.0316054802729684,0.953494353849573,
v;1565692532672;-0.0400765497416827,-0.607706055123107,-0.0537017010063247
q;1565692532697;-0.0126321275336532,-0.298682280876476,-0.0333357105664831,0.953686546947918,
v;1565692532697;-0.0440219695424193,-0.605785523235476,-0.0561214501265075
q;1565692532723;-0.0134438096377894,-0.297880338710685,-0.0340001168422158,0.953902790903422,
v;1565692532723;-0.0459202444401041,-0.604052294709881,-0.0569470924906906
q;1565692532747;-0.0135266023187506,-0.297253574787579,-0.0341770607872533,0.954090834309026,
v;1565692532747;-0.0461460975584404,-0.602728988789509,-0.0572666039840359
q;1565692532772;-0.0127360428566565,-0.296681885406811,-0.0341067097083304,0.954282122318155,
v;1565692532772;-0.0445599867616699,-0.60156014711271,-0.0576268004675798
q;1565692532800;-0.0111024758053536,-0.29624639316552,-0.0339389647876197,0.954443825010759,
v;1565692532800;-0.0413137222984911,-0.600711755533828,-0.0582902479571928
q;1565692532828;-0.0081515542042986,-0.296258322983412,-0.0338163453148148,0.954474213508856,
v;1565692532828;-0.035605166547744,-0.600856132950637,-0.0597972342454449
q;1565692532857;-0.00323613958044144,-0.296401376174723,-0.0339076994678457,0.95445588661087,
v;1565692532857;-0.0262811077895402,-0.601378903515984,-0.0628715231596848
q;1565692532887;0.00446453676306707,-0.296985514540943,-0.0338231503107472,0.954272353435141,
v;1565692532887;-0.0115694614874655,-0.603041470925272,-0.0672599995290985
q;1565692532918;0.0144790504291775,-0.297241094964018,-0.0342908415097369,0.95407665966165,
v;1565692532918;0.00724301691140797,-0.604304002263402,-0.0741094817107345
q;1565692532946;0.0252542436761729,-0.297045495398445,-0.0341180253760913,0.953919383019823,
v;1565692532946;0.0279154390702234,-0.604875552880273,-0.0802122146532196
q;1565692532974;0.0372300026461955,-0.296492810880824,-0.0340049823917322,0.953703099165751,
v;1565692532974;0.0508702094826909,-0.605046159412918,-0.0871610996221026
q;1565692533002;0.0476882471079818,-0.295831767131354,-0.034393420963459,0.95342885677979,
v;1565692533002;0.0706441134910587,-0.605056024176192,-0.0941724322793855
q;1565692533029;0.0566814401740012,-0.295804517841132,-0.0343639618514143,0.952945952033962,
v;1565692533029;0.0878114743629173,-0.606338748456889,-0.0995747395945241
q;1565692533053;0.067013042762999,-0.295296064067547,-0.0334799513573092,0.952464523163095,
v;1565692533053;0.10809246470106,-0.60691225528603,-0.104149239111296
q;1565692533077;0.0788769016105401,-0.294281015261989,-0.0343162497891615,0.951840107771173,
v;1565692533077;0.130327785643783,-0.607076045421336,-0.112946934442438
q;1565692533102;0.0908399004970418,-0.292898628511527,-0.0353365272097353,0.951162312930023,
v;1565692533102;0.152699668720551,-0.606802299712014,-0.122156772208277
q;1565692533126;0.102117094918321,-0.2915674541023,-0.0364304558287829,0.950385953532531,
v;1565692533126;0.173730040530502,-0.606782486595066,-0.131137958760773
q;1565692533150;0.112437027865918,-0.290358132810161,-0.0374542493561516,0.949551035392445,
v;1565692533150;0.192974575243548,-0.607029891808436,-0.139455198517547
q;1565692533174;0.121537768006277,-0.289191420297201,-0.0393443360759634,0.948709111281758,
v;1565692533174;0.209378370647228,-0.607413609139852,-0.148732068740669
q;1565692533198;0.1312702386176,-0.288023239413027,-0.0415025784393027,0.9476752259788,
v;1565692533198;0.226835984449156,-0.608259185053165,-0.159004964807993
q;1565692533222;0.141016924665441,-0.287355696587313,-0.0428365315178506,0.946417435636023,
v;1565692533222;0.244738999021705,-0.610253890501731,-0.167893841668303
q;1565692533246;0.152011609595516,-0.287127781784242,-0.0434671837422694,0.944754313971945,
v;1565692533246;0.265369628332702,-0.613710281800771,-0.176485625726013
q;1565692533271;0.163835419969764,-0.287672756180806,-0.0439637888692974,0.942586653405479,
v;1565692533271;0.287508412800591,-0.619401790123337,-0.185790630133156
q;1565692533296;0.176907746266603,-0.288846138264547,-0.0436856300852565,0.939873994618181,
v;1565692533296;0.312359828894614,-0.62711322920507,-0.194920565742328
q;1565692533320;0.189833784055038,-0.29082860132493,-0.0426599814912733,0.936782785305036,
v;1565692533320;0.337206867965969,-0.636727827119973,-0.203097296097052
q;1565692533347;0.203394389941996,-0.293360105303672,-0.0420822020085551,0.933166477897316,
v;1565692533347;0.36281905491403,-0.648438849454684,-0.21326662928365
q;1565692533378;0.220285204577486,-0.29605324094931,-0.0420040438711851,0.928473292016839,
v;1565692533378;0.394327072016169,-0.663016284129636,-0.227720264652303
q;1565692533403;0.234313633160255,-0.297813398642327,-0.0405620155063258,0.924531795338781,
v;1565692533403;0.421468610103364,-0.674259576619821,-0.237365461330558
q;1565692533428;0.248006268355073,-0.299777462680415,-0.0383960945506189,0.920408684310168,
v;1565692533428;0.448388255052527,-0.686073912968528,-0.245909096766296
q;1565692533453;0.261481830831061,-0.302632033304886,-0.0361735472692276,0.91582344310461,
v;1565692533453;0.474673234872302,-0.700350095829713,-0.255191750035023
q;1565692533482;0.274942946931346,-0.307702083163322,-0.0347763362810079,0.91022877104789,
v;1565692533482;0.499652396812238,-0.720768943655214,-0.268093276429553
q;1565692533509;0.286170402390041,-0.314283299808581,-0.0336473192158683,0.90454434220649,
v;1565692533509;0.519628899783879,-0.743969478168898,-0.281043626922559
q;1565692533536;0.298663933871549,-0.322922256804008,-0.0305921477277952,0.897543965292503,
v;1565692533536;0.542606957635305,-0.77293399984065,-0.293568117847308
q;1565692533560;0.31019156593252,-0.332219439149769,-0.0260043580167738,0.890356768539325,
v;1565692533560;0.564607192613359,-0.802890467570048,-0.303414809845449
q;1565692533584;0.321062848206938,-0.343408029245826,-0.0199242354768941,0.882378922237904,
v;1565692533584;0.585857269244644,-0.837057184246162,-0.311873235350172
q;1565692533610;0.333625139771146,-0.359023424673201,-0.0131161094370443,0.871564369245817,
v;1565692533610;0.609104929501034,-0.884694511193411,-0.325691139053568
q;1565692533633;0.341703342353231,-0.373438227491577,-0.00947277132699532,0.862376368137293,
v;1565692533633;0.621528857097041,-0.927645862581642,-0.340557127552834
q;1565692533657;0.346873383024834,-0.388759331229047,-0.00520396854719675,0.85353261967329,
v;1565692533657;0.628694420462868,-0.9701827176756,-0.351645317367532
q;1565692533682;0.349587933091082,-0.403909413059904,0.000227807308345929,0.845367075354587,
v;1565692533682;0.632600803970752,-1.00948861914561,-0.357235125885991
q;1565692533706;0.349631510874274,-0.421156308575809,0.00584612130747486,0.836869798725283,
v;1565692533706;0.631202972145883,-1.05132444947548,-0.360419243704339
q;1565692533733;0.348116006227393,-0.440609760608572,0.0124214609539961,0.827359621021089,
v;1565692533733;0.627323899155061,-1.0970531616494,-0.361334558215582
q;1565692533757;0.345428829549594,-0.458545171538229,0.0169233273806993,0.818614062513011,
v;1565692533757;0.620037910976719,-1.1386899558162,-0.363128376982667
q;1565692533782;0.341539400690942,-0.476762535716166,0.0203297436852637,0.809712950162837,
v;1565692533782;0.609530621388808,-1.18030342099032,-0.365098100247815
q;1565692533810;0.335889250854377,-0.49521711570666,0.0221648094401513,0.800903949343701,
v;1565692533810;0.594365089164615,-1.22107312403583,-0.366859308508017
q;1565692533838;0.328995703134445,-0.513387712443486,0.0232743440966605,0.7922456857457,
v;1565692533838;0.576613808299608,-1.25997582504011,-0.367160631832072
q;1565692533867;0.320218915792579,-0.531020298957142,0.0247800383284712,0.78413215717363,
v;1565692533867;0.556838917481121,-1.29526970484287,-0.362729718817697
q;1565692533894;0.309690659057375,-0.546094489195268,0.026020396716719,0.777943132979542,
v;1565692533894;0.53549014394662,-1.32202863437026,-0.353539260806042
q;1565692533922;0.297538773799464,-0.559355994806352,0.0269483980583766,0.773217584680834,
v;1565692533922;0.512401714515675,-1.34258142885372,-0.340643938082351
q;1565692533956;0.279061328866932,-0.57456499293499,0.0268059723159336,0.768948170260534,
v;1565692533956;0.477962473999674,-1.3620615938291,-0.320164444340564
q;1565692533984;0.262951748586008,-0.584847340237378,0.0270849443131453,0.766861374984375,
v;1565692533984;0.450011838733989,-1.37223552405543,-0.299922898368
q;1565692534011;0.244629202333689,-0.593695272547383,0.0256011398552243,0.766176918279295,
v;1565692534011;0.417259985008422,-1.37777720971168,-0.278401565625872
q;1565692534037;0.227773895269738,-0.60126442886873,0.0235609632810091,0.765535812692474,
v;1565692534037;0.386631692642937,-1.38268478350037,-0.259695182878965
q;1565692534064;0.208194410014817,-0.608589670377511,0.0211351010730251,0.765393381800732,
v;1565692534064;0.351627791594611,-1.38595243141746,-0.237695817189003
q;1565692534093;0.189275073996857,-0.615331165133632,0.017183035134051,0.76501449845477,
v;1565692534093;0.315974490134555,-1.38981405256668,-0.219156180464231
q;1565692534120;0.172584092837477,-0.622156421449295,0.0126476004689963,0.763528838499842,
v;1565692534120;0.283047769112175,-1.39675646957404,-0.20496598956018
q;1565692534148;0.159174030269417,-0.629334331211977,0.00596034896597273,0.76063546661752,
v;1565692534148;0.252317688604421,-1.40773034950535,-0.198842444441426
q;1565692534175;0.146743913002211,-0.636588713691645,-0.00364234082293153,0.757104868641843,
v;1565692534175;0.219317698289206,-1.42019163215709,-0.198365166448326
q;1565692534203;0.131527263773007,-0.643966747582633,-0.0126444182195433,0.75355659049316,
v;1565692534203;0.182960346714663,-1.43202786925439,-0.192846860919679
q;1565692534227;0.118701347991188,-0.649343349501953,-0.0162926274646899,0.750997811312646,
v;1565692534227;0.157783761979059,-1.44028306348633,-0.181875184076298
q;1565692534251;0.103817187391158,-0.653881177702399,-0.0192188276567187,0.749194312594023,
v;1565692534251;0.130797461107193,-1.44608807237749,-0.166755037019859
q;1565692534274;0.09166878761335,-0.656031330178636,-0.0247232231749071,0.748737958451565,
v;1565692534274;0.105026360195883,-1.44736529498708,-0.158836204515366
q;1565692534299;0.0782705494834625,-0.658834097059488,-0.0299243405572623,0.747606766842813,
v;1565692534299;0.0776789288455327,-1.45052203649171,-0.148874489511177
q;1565692534323;0.0655896657662482,-0.660870423944201,-0.0324666415230434,0.746923176884813,
v;1565692534323;0.055096267550899,-1.45244450173237,-0.135815321880963
q;1565692534351;0.0528131597053208,-0.661524413641163,-0.0347913447151042,0.747252193221256,
v;1565692534351;0.0329047885019265,-1.45125482874619,-0.122240418671674
q;1565692534375;0.0421505054812956,-0.660801107971782,-0.0361834738010165,0.748502436958412,
v;1565692534375;0.0152799475661945,-1.4473380957903,-0.11010821966812
q;1565692534400;0.0316678708417643,-0.659412468271735,-0.0376266847829866,0.750171012491469,
v;1565692534400;-0.00211037427212076,-1.44209635587469,-0.098376094434538
q;1565692534425;0.0226266236684739,-0.657659551797776,-0.0389262477150598,0.751968557760738,
v;1565692534425;-0.0171722620827996,-1.43642871532458,-0.0884320953829295
q;1565692534449;0.0157782402803749,-0.65546682744912,-0.0398835737998566,0.754004965285605,
v;1565692534449;-0.028494832074617,-1.43004653489693,-0.0809502589464901
q;1565692534473;0.00935702161758754,-0.653034382595995,-0.0409877341577455,0.756160369288531,
v;1565692534473;-0.0393921684586123,-1.4232301982907,-0.0743335626587021
q;1565692534498;0.00293343810395339,-0.650527176224441,-0.0420172346942061,0.758314155301611,
v;1565692534498;-0.0502389015234459,-1.41637773894416,-0.0676780675946065
q;1565692534522;-0.00265035433283226,-0.64839014813184,-0.0426189639406773,0.760109760120919,
v;1565692534522;-0.0593313567562458,-1.41066592691871,-0.0615001614522311
q;1565692534551;-0.0100230755908158,-0.645701607114103,-0.0442943548876709,0.762238186588148,
v;1565692534551;-0.0725454299478269,-1.40364348926991,-0.0547531622639686
q;1565692534574;-0.015059788135012,-0.643619723720679,-0.0454393227136517,0.763846901133131,
v;1565692534574;-0.0815885217435836,-1.39831780350419,-0.0502199113102823
q;1565692534597;-0.0195113825542423,-0.641723873116344,-0.0459736968021391,0.765307948142234,
v;1565692534597;-0.0889866653819788,-1.39355257546756,-0.0455220064958856
q;1565692534622;-0.0238897930375268,-0.639723510822342,-0.0460438849244054,0.766852761304093,
v;1565692534622;-0.0956966144938447,-1.38859464613527,-0.0402469981480899
q;1565692534648;-0.027789728633655,-0.637685414811971,-0.0458302792038744,0.768429964332523,
v;1565692534648;-0.101332852710203,-1.38357971477692,-0.0351801961972457
q;1565692534673;-0.030645108039779,-0.636112305462607,-0.0455873455034776,0.769638766812669,
v;1565692534673;-0.105363509325868,-1.37973897397067,-0.0313631566071405
q;1565692534698;-0.032661686819581,-0.634480680389084,-0.0453057227588477,0.770918224096033,
v;1565692534698;-0.108060372336805,-1.37569520063775,-0.0285781551586403
q;1565692534723;-0.0343966812570475,-0.633171689187067,-0.045011961648114,0.771935481905227,
v;1565692534723;-0.110328326483668,-1.37248010276179,-0.0260962601770881
q;1565692534747;-0.0355829375436494,-0.632032979292822,-0.0448994469924423,0.772820971773793,
v;1565692534747;-0.111988277655236,-1.36965495053614,-0.0245756921741637
q;1565692534773;-0.0364694567455386,-0.631135661597779,-0.0445554844717667,0.773532520122376,
v;1565692534773;-0.112901433168277,-1.36743623335073,-0.0230446254819018
q;1565692534797;-0.0365010372263365,-0.6301543791205,-0.0438901976607703,0.774368674289449,
v;1565692534797;-0.112080231018762,-1.36491604764814,-0.0221123441481122
q;1565692534826;-0.0361987637315427,-0.629062433806381,-0.0426268016619792,0.775340644063561,
v;1565692534826;-0.109984188382249,-1.36209243851308,-0.020684463868932
q;1565692534852;-0.0359650248702959,-0.628181745704042,-0.0413791696118248,0.776132741176963,
v;1565692534852;-0.108024517150728,-1.35982575189001,-0.019159156007913
q;1565692534876;-0.0351805638580893,-0.627434072847137,-0.0403246712945591,0.776828598067092,
v;1565692534876;-0.105456035366598,-1.35783856636576,-0.0186081894740533
q;1565692534901;-0.0341735741504731,-0.626852780770321,-0.0393990006534514,0.777390227250752,
v;1565692534901;-0.102707630861685,-1.35625691004835,-0.0185118012400749
q;1565692534926;-0.0325974287257917,-0.626627550052233,-0.038394967148081,0.777689631609974,
v;1565692534926;-0.0989816002628211,-1.35554176273646,-0.0189597742882061
q;1565692534953;-0.0306395752071957,-0.626184394235678,-0.0370633428029497,0.778190638136293,
v;1565692534953;-0.0942432812143565,-1.35424568704514,-0.0193999459882713
q;1565692534984;-0.0287810923778041,-0.625738719015358,-0.0350806343678637,0.778711790202527,
v;1565692534984;-0.088843805554185,-1.3529803707204,-0.018691322333914
q;1565692535012;-0.0275436671891194,-0.625497271614873,-0.0327616253510191,0.779051495966721,
v;1565692535012;-0.0839992312419481,-1.35230890479084,-0.0166484757017649
q;1565692535040;-0.0262277059286805,-0.62527795886442,-0.0304029423500358,0.779368520641126,
v;1565692535040;-0.0789847762676277,-1.35169061426866,-0.0146371344115139
q;1565692535066;-0.0246938510396094,-0.625021822113668,-0.0281583197239111,0.779708384683125,
v;1565692535066;-0.07377403633775,-1.35096089994564,-0.0130781095921593
q;1565692535091;-0.0232278854912641,-0.62465537180452,-0.0272493147438338,0.780079280611897,
v;1565692535091;-0.0703400355332578,-1.34993102677475,-0.0135282696593328
q;1565692535119;-0.0216816071931892,-0.624622418742961,-0.0262634535084836,0.780183935704319,
v;1565692535119;-0.0666901909934111,-1.34976000569923,-0.0139264203163127
q;1565692535144;-0.0201199320944299,-0.624691759420719,-0.0254053819453335,0.780198691611798,
v;1565692535144;-0.0631781755864458,-1.34985517002879,-0.0145344880848471
