q;1565692552327;0,0,0,1,
v;1565692552327;0,0,0
q;1565692552352;0.0010419797442932,-0.00101969754727704,-0.000726392204230488,0.999998704655043,
v;1565692552352;0.0020824768936247,-0.00204091206701944,-0.00145491120302912
q;1565692552376;0.00245299220846801,-0.00212807802339113,-0.00175082898301693,0.999993207308578,
v;1565692552376;0.00489851888110251,-0.0042647807714342,-0.00351212385570665
q;1565692552405;0.00437910092093883,-0.00360759360212154,-0.00386041135443065,0.999976471736243,
v;1565692552405;0.00873025308497841,-0.00724916744808803,-0.00775261017987344
q;1565692552431;0.00653902658153093,-0.00526243934446582,-0.0061920683341219,0.999945598845921,
v;1565692552431;0.0130125381578806,-0.010606383122123,-0.0124536616531546
q;1565692552456;0.00836392012571329,-0.0067629155382006,-0.00918103491987074,0.999899999409831,
v;1565692552456;0.0166027490810815,-0.0136803694896087,-0.018476960303308
q;1565692552480;0.00995357409685923,-0.00821422609448369,-0.0122258570762937,0.999842030587187,
v;1565692552480;0.0197044266279985,-0.0166732480125559,-0.0246186387026261
q;1565692552505;0.0116684584031218,-0.00882523967176438,-0.0148490496599279,0.999782758817905,
v;1565692552505;0.023071801052139,-0.0179989377987296,-0.0299100201140862
q;1565692552534;0.0141352778688751,-0.00912579762434038,-0.0177358581273042,0.999701124371853,
v;1565692552534;0.0279420345029792,-0.0187559635416943,-0.0357406631793971
q;1565692552563;0.016962293791293,-0.00858266035581981,-0.0210400243784011,0.999597940524788,
v;1565692552563;0.0335560861798412,-0.0178832134334898,-0.0423908449745084
q;1565692552592;0.0209985724362186,-0.00840194462746377,-0.0237951888775333,0.999460988692803,
v;1565692552592;0.0415866421760673,-0.0178105015130079,-0.0479774529912971
q;1565692552621;0.027368343383561,-0.00895107021087987,-0.0253931629218697,0.999262781800293,
v;1565692552621;0.0542683752339269,-0.0193085035529881,-0.0513369270937726
q;1565692552646;0.0345110081557476,-0.00992325335141711,-0.0267019731717472,0.998998246499006,
v;1565692552646;0.0684764344157029,-0.0217222618653551,-0.0541888226004151
q;1565692552673;0.0427923314234944,-0.0115771181775181,-0.0289027292477434,0.998598730355059,
v;1565692552673;0.0848974624824566,-0.0256907656606985,-0.0589616732933547
q;1565692552700;0.0530667782903114,-0.0140278233170123,-0.0320419180628629,0.997978179207989,
v;1565692552700;0.105214029143901,-0.0315794966358469,-0.0658545881284243
q;1565692552724;0.0637708223616432,-0.0166821619514272,-0.0338913797497832,0.997249378555896,
v;1565692552724;0.126396346336909,-0.0379065135508014,-0.0703426693498933
q;1565692552749;0.076022411578721,-0.019795743073741,-0.0360218456632385,0.996258558859493,
v;1565692552749;0.150618640828582,-0.0454503300125415,-0.0757126663944505
q;1565692552773;0.0878258412932068,-0.023011183583777,-0.0385620158770067,0.995123196232354,
v;1565692552773;0.173895446586499,-0.053401795619097,-0.0821192413324301
q;1565692552798;0.10088654404427,-0.0269492795073681,-0.0412995961435008,0.993674979222621,
v;1565692552798;0.199593462318091,-0.0631864225982687,-0.0894060437071274
q;1565692552822;0.114413978068104,-0.0309489246366829,-0.0443130621195527,0.991961670493384,
v;1565692552822;0.226168932937477,-0.0734760128080997,-0.0976332464722387
q;1565692552846;0.128218830246474,-0.0352104194016883,-0.0470456611337138,0.990003458170616,
v;1565692552846;0.253259878394493,-0.084576665008542,-0.105743833205723
q;1565692552872;0.144091570295471,-0.0397902741107963,-0.0492803234096038,0.98753522629857,
v;1565692552872;0.284491313284109,-0.0968275317398176,-0.113599540073668
q;1565692552897;0.15802180990772,-0.0441328794264438,-0.0511232453844426,0.985123294136953,
v;1565692552897;0.311860054239125,-0.108548486216724,-0.120778393849292
q;1565692552922;0.172221924303663,-0.0489145502542332,-0.0534726458390055,0.982388707241261,
v;1565692552922;0.339638820042484,-0.12176376510893,-0.129659191324521
q;1565692552946;0.183039025321435,-0.0536327627822328,-0.054772972792024,0.980112275145458,
v;1565692552946;0.360692587721763,-0.13419505760794,-0.136155610003126
q;1565692552971;0.192705613130309,-0.0593988972898965,-0.0547921129724802,0.977923438095423,
v;1565692552971;0.379432604160309,-0.148348831674813,-0.140478258045446
q;1565692552998;0.203357084055842,-0.0663501137981906,-0.0544150958584541,0.975337177208001,
v;1565692552998;0.400048000286326,-0.16530325490286,-0.145052692658037
q;1565692553021;0.213391779818184,-0.0719984947691688,-0.0534158644241303,0.972844723485635,
v;1565692553021;0.419717413738395,-0.179324633030252,-0.147996800217737
q;1565692553045;0.224088956736061,-0.0774887523313184,-0.0523375429682113,0.97007239425479,
v;1565692553045;0.440789772088503,-0.193366687637883,-0.151249276478244
q;1565692553069;0.235544218672481,-0.0836621725133842,-0.0517942812038849,0.966869668104769,
v;1565692553069;0.463201654134853,-0.209642014941513,-0.156647892618689
q;1565692553096;0.248508043678289,-0.0912780788633688,-0.0520187884113285,0.962915433870803,
v;1565692553096;0.488257954955558,-0.23035081691719,-0.165558352866201
q;1565692553124;0.261079030834523,-0.0993344908505089,-0.0518185677707203,0.958793634940199,
v;1565692553124;0.512487956207907,-0.252275261255517,-0.174411537431369
q;1565692553153;0.274535591434416,-0.1087150244019,-0.050711469480427,0.954064767569408,
v;1565692553153;0.538470206252408,-0.277621392147521,-0.183269284295592
q;1565692553181;0.288488303262963,-0.118190019660331,-0.0487157782722769,0.948911213225907,
v;1565692553181;0.565673037044795,-0.303628825898323,-0.191455861706798
q;1565692553209;0.303405735259335,-0.128919119768154,-0.0464752017953627,0.942955379148176,
v;1565692553209;0.594642983423142,-0.333717116851592,-0.201614174931745
q;1565692553236;0.316796129812674,-0.139352091863825,-0.0441178933418176,0.93716318983613,
v;1565692553236;0.620550978233332,-0.363349166750556,-0.211746590700477
q;1565692553263;0.328557937928331,-0.150120524701493,-0.0411662713480293,0.931567968437841,
v;1565692553263;0.643236506283758,-0.393427578667967,-0.220930592677486
q;1565692553293;0.339183147904099,-0.162552175815331,-0.0368972044231068,0.925834895533683,
v;1565692553293;0.66373062947833,-0.426725696756482,-0.228714052901593
q;1565692553320;0.346754322084156,-0.175378457515404,-0.0328009486764581,0.920830021208607,
v;1565692553320;0.677822564062755,-0.459894393720712,-0.23587655991028
q;1565692553345;0.351640490972043,-0.187238494741145,-0.028576670421666,0.916773743881264,
v;1565692553345;0.686777101868577,-0.489232400016402,-0.240351562701208
q;1565692553370;0.354026715493114,-0.199111671125161,-0.0246675415522111,0.913461124693109,
v;1565692553370;0.690543282297404,-0.517285405727128,-0.243744224719953
q;1565692553395;0.355317599939136,-0.211769485028524,-0.0196074156884065,0.910230021322555,
v;1565692553395;0.692595738488528,-0.545732008393971,-0.244352010019377
q;1565692553419;0.355512173084811,-0.223861544094347,-0.0140838871882887,0.907358154029568,
v;1565692553419;0.69300000567209,-0.571703035848281,-0.242485500275229
q;1565692553445;0.354254952257038,-0.236888575316492,-0.00709396546813257,0.904619737153778,
v;1565692553445;0.691341304214577,-0.597828923115292,-0.236725255700115
q;1565692553469;0.35196245197052,-0.250573299351178,-0.00198838543416674,0.901848928223499,
v;1565692553469;0.686504550516193,-0.626284268734731,-0.234833871718086
q;1565692553493;0.348932070205919,-0.263923255350136,0.00162141995115909,0.899215412139662,
v;1565692553493;0.679476722320883,-0.654433091985088,-0.235181913206982
q;1565692553516;0.345316581191747,-0.274230610547358,0.00421027135907763,0.897516744618801,
v;1565692553516;0.671503803498227,-0.675198686309251,-0.234403016999433
q;1565692553541;0.34054778983397,-0.284273752116456,0.00674547375328292,0.896197612364895,
v;1565692553541;0.661411550291336,-0.694326685298722,-0.232114220194923
q;1565692553574;0.333741796144486,-0.295557742439627,0.00850932596040399,0.89509201710038,
v;1565692553574;0.646616289641231,-0.715260400742169,-0.230117949483245
q;1565692553600;0.325856087117416,-0.30479339679162,0.011743742547076,0.894863600895434,
v;1565692553600;0.631495288803368,-0.729306182907089,-0.221874705236309
q;1565692553627;0.317088005096403,-0.313538754507197,0.0177083197156602,0.89489387317985,
v;1565692553627;0.617041442664265,-0.739987573084084,-0.206398404721916
q;1565692553653;0.306927052633216,-0.323544196211439,0.0210270986870902,0.894803243621861,
v;1565692553653;0.597872186218533,-0.754491766603067,-0.196016093231081
q;1565692553679;0.296400165867563,-0.333105103376985,0.0216759828148679,0.894828595059977,
v;1565692553679;0.576264422132875,-0.76930616605805,-0.190380495621971
q;1565692553704;0.284940798787222,-0.342254402854762,0.0222876518812192,0.895083223933931,
v;1565692553704;0.55312351924531,-0.782613982295921,-0.183359857620229
q;1565692553729;0.273738856130278,-0.35036686929861,0.0215603055421623,0.895458176184081,
v;1565692553729;0.529789173330472,-0.794456205109121,-0.178490482280293
q;1565692553754;0.262351711547582,-0.357990439242845,0.020572422488553,0.895874526620126,
v;1565692553754;0.506132073484013,-0.805292431245114,-0.173489231964892
q;1565692553779;0.250489988144915,-0.364881760070792,0.0198706774767068,0.896505047815439,
v;1565692553779;0.482089986579714,-0.814172120697699,-0.166874430545611
q;1565692553803;0.238165578126365,-0.371782161379878,0.0190409287043151,0.89704665972803,
v;1565692553803;0.457213379102097,-0.823100920577805,-0.159973137806681
q;1565692553828;0.22671273024027,-0.37827359383777,0.0180830825055509,0.897320108178055,
v;1565692553828;0.434049783601953,-0.831900814885948,-0.153886533770163
q;1565692553852;0.214598210918289,-0.385050670656549,0.0174065375633748,0.897429980306712,
v;1565692553852;0.409966423793582,-0.841150028018045,-0.146654313343187
q;1565692553876;0.200707042719913,-0.392386236979563,0.0164270778940823,0.897485271998053,
v;1565692553876;0.382407064318004,-0.851165111314493,-0.138432127738356
q;1565692553900;0.187429222101412,-0.399398606040458,0.0155561988134543,0.897278699878336,
v;1565692553900;0.356267706000847,-0.8610774856894,-0.130331084886938
q;1565692553925;0.173666225674327,-0.406925698555649,0.0150175483771715,0.896675030190995,
v;1565692553925;0.329601906084745,-0.872228795116049,-0.121212104198103
q;1565692553948;0.160110253698061,-0.413766965239864,0.0139384861806177,0.896084423543113,
v;1565692553948;0.303098799234203,-0.882422953375335,-0.112891279703105
q;1565692553974;0.146285109908969,-0.41986248118859,0.012707412783773,0.895630910418425,
v;1565692553974;0.276204170735179,-0.891234542179941,-0.104208057263568
q;1565692553999;0.132944972666382,-0.425061874480763,0.011275969513126,0.895276981755308,
v;1565692553999;0.250234453346287,-0.898620287440395,-0.095960828108281
q;1565692554023;0.120788440038587,-0.42923960640114,0.00915645043626628,0.895030535814218,
v;1565692554023;0.225998216912571,-0.904545042141211,-0.0897019900398919
q;1565692554048;0.110108300844488,-0.432874051813277,0.00705213713177825,0.894676726532635,
v;1565692554048;0.204551512338877,-0.90994572775394,-0.0845690348599843
q;1565692554073;0.100208399648563,-0.435589225452709,0.00516123482261621,0.894535486527802,
v;1565692554073;0.184826809576993,-0.913669633762522,-0.0795019496587052
q;1565692554098;0.0907567237610415,-0.437927157262534,0.00351379411911838,0.894410809485961,
v;1565692554098;0.166189096565675,-0.916819319920029,-0.0742951178941749
q;1565692554123;0.0825407639271376,-0.439678656362492,0.00301215712134384,0.894349280400401,
v;1565692554123;0.150860898001398,-0.918982381400579,-0.0680193857534635
q;1565692554148;0.0751956059894907,-0.441001979819501,0.00282672293666275,0.89434604924098,
v;1565692554148;0.137427138617007,-0.920485346612986,-0.0618893226742544
q;1565692554178;0.0666083394824272,-0.442278938635441,0.00243591988930515,0.894397438020922,
v;1565692554178;0.121602842285795,-0.921823590807429,-0.0549951964546739
q;1565692554203;0.060629787803544,-0.443312279675145,0.0013524424158627,0.894313443325096,
v;1565692554203;0.109864055801714,-0.923247359888849,-0.0516712204125899
q;1565692554228;0.0556882361430961,-0.444036249462187,0.000758814664039719,0.894276270600375,
v;1565692554228;0.100444030214609,-0.924169037887999,-0.0483605140278472
q;1565692554253;0.050586957605443,-0.444224035969714,-0.000546048602482066,0.894486291044962,
v;1565692554253;0.0901355445524563,-0.923968080566714,-0.0461242768951746
q;1565692554278;0.04593852181149,-0.444008393439363,-0.00220660914357646,0.89484149601349,
v;1565692554278;0.080342290668404,-0.922989602081207,-0.0449031934020949
q;1565692554303;0.0413372843873933,-0.443078286774748,-0.0054934905435262,0.895512544104242,
v;1565692554303;0.0692232921840574,-0.92053349516788,-0.0465987106086849
q;1565692554328;0.034695897139653,-0.441416411946783,-0.0119167793856403,0.89655215770112,
v;1565692554328;0.0517158884513003,-0.91636355176187,-0.0520918749959771
q;1565692554360;0.0245658834947493,-0.440400156090821,-0.0225507358362755,0.897182085344722,
v;1565692554360;0.0242198138183103,-0.913387670178218,-0.0621601112992324
q;1565692554386;0.0174592535645389,-0.439393950887598,-0.0302172613226482,0.897616317195025,
v;1565692554386;0.00478887640016009,-0.910610945054302,-0.0696470851493993
q;1565692554411;0.0113541146625849,-0.436790564553729,-0.0350434863470251,0.898808717697312,
v;1565692554411;-0.0102031509210037,-0.904342735881863,-0.0729820890196684
q;1565692554437;0.00659029664341385,-0.433281336520149,-0.035003794782764,0.900554616046951,
v;1565692554437;-0.0184641869831188,-0.89623580073465,-0.0688226025584138
q;1565692554462;0.00272121772655441,-0.4296980806102,-0.0343565981167988,0.902314721271698,
v;1565692554462;-0.0246176253228069,-0.888089527476869,-0.0644035463689433
q;1565692554486;0.000364613995337673,-0.425959554918294,-0.0345277197849274,0.904083033513865,
v;1565692554486;-0.0287595060279187,-0.879702735321019,-0.0628097191865608
q;1565692554512;-0.00160775323322518,-0.422110974199502,-0.0354355928676305,0.905849917241173,
v;1565692554512;-0.0328341708609117,-0.871098448544096,-0.0629167477683728
q;1565692554537;-0.00286636147450549,-0.418506839084345,-0.0367429246137418,0.907465605093494,
v;1565692554537;-0.0359643317858921,-0.863069768517064,-0.0643727438451504
q;1565692554561;-0.00398868073238565,-0.415098128022003,-0.038344016891531,0.908959534378396,
v;1565692554561;-0.0390941155143806,-0.855479815061559,-0.0664946920325558
q;1565692554587;-0.0050438829196119,-0.411797271835032,-0.0402689267931921,0.910371384585549,
v;1565692554587;-0.0423615502442983,-0.848127904600211,-0.0692827618693201
q;1565692554612;-0.00615780436504837,-0.40895278587117,-0.0407528675497052,0.91162429249515,
v;1565692554612;-0.0445739642721973,-0.841827307044995,-0.0693906461959297
q;1565692554636;-0.00707991952964358,-0.407193937738679,-0.0409740360438916,0.912394714078919,
v;1565692554636;-0.0463046658422857,-0.837929706121352,-0.0691322827948508
q;1565692554661;-0.00704342311647287,-0.406271037265097,-0.0417886904556795,0.912769408859382,
v;1565692554661;-0.0468302266618622,-0.83588203089656,-0.0707001298508468
q;1565692554691;-0.00501932442886525,-0.405424296803436,-0.0426472280802012,0.913119466555237,
v;1565692554691;-0.0437608963991864,-0.834085799400609,-0.0739522384199846
q;1565692554719;-0.00253222554110699,-0.405323537685479,-0.0423118248864771,0.91319008165912,
v;1565692554719;-0.0389345996960256,-0.833995392756074,-0.0753530791319486
q;1565692554747;0.000661593335115541,-0.40528626246407,-0.0419924771643262,0.913224659618166,
v;1565692554747;-0.0328354815940505,-0.834096247929856,-0.077352169282556
q;1565692554782;0.00483532096222788,-0.405229561010433,-0.0406834916913068,0.913296517558204,
v;1565692554782;-0.0241424885772027,-0.834258748685749,-0.0783339044440922
q;1565692554809;0.00831318193680865,-0.404997471757258,-0.0395932812108552,0.913422314131201,
v;1565692554809;-0.016884268025132,-0.834009447471231,-0.0791583218503695
q;1565692554837;0.0119935908428884,-0.405323151300875,-0.0382139845330637,0.913295690338896,
v;1565692554837;-0.00907076000027129,-0.835015492336166,-0.0796112351826132
q;1565692554865;0.0165602879835688,-0.405715398469519,-0.0365824720192457,0.913116903191449,
v;1565692554865;0.000558813363536872,-0.836261972248505,-0.0803320597996057
q;1565692554895;0.0222562523486715,-0.406433799417954,-0.035160492920275,0.912732174063448,
v;1565692554895;0.0120474611600463,-0.838362927744702,-0.0823747124481986
q;1565692554924;0.0294828728022045,-0.407352217118163,-0.0336954884005657,0.912172945520505,
v;1565692554924;0.0263381390506395,-0.841129829573593,-0.0856263094963766
q;1565692554956;0.0391686945999297,-0.408453708196396,-0.0328175180239028,0.911347547729037,
v;1565692554956;0.0445984968055158,-0.84474373087036,-0.0920347853364268
q;1565692554987;0.0526951220306045,-0.409707216212218,-0.031433084440413,0.910151221750912,
v;1565692554987;0.0702220344976287,-0.849506389182802,-0.100815599944034
q;1565692555012;0.0691441073607361,-0.410765745063863,-0.0304541414565755,0.908605060628345,
v;1565692555012;0.100800952396786,-0.85487515928635,-0.112957864955331
q;1565692555038;0.0885040432447784,-0.411140564964286,-0.0302299398821708,0.906761592840047,
v;1565692555038;0.136066091012951,-0.860194732225688,-0.129146961498698
q;1565692555064;0.109917765498794,-0.411162486111805,-0.0311164269228024,0.904375621294015,
v;1565692555064;0.174104332201233,-0.86647593676122,-0.149477399455244
q;1565692555088;0.128012738725098,-0.411115662516838,-0.0315840496181694,0.901997322481224,
v;1565692555088;0.20642784594887,-0.872594616897004,-0.16652109764956
q;1565692555115;0.147726494633625,-0.411076804110094,-0.0300093981328864,0.899050723407814,
v;1565692555115;0.243349608494054,-0.879990431568756,-0.181737825405174
q;1565692555140;0.166566329189405,-0.410841397828284,-0.0284345752451629,0.895911007871088,
v;1565692555140;0.278686448231674,-0.887585367698166,-0.196615854125955
q;1565692555166;0.18516654925235,-0.410848029647667,-0.0267569947155195,0.89230110978101,
v;1565692555166;0.313576309224448,-0.896591393659927,-0.211727164563792
q;1565692555192;0.202856700875939,-0.410871406861627,-0.0258643395950501,0.888462074152154,
v;1565692555192;0.346073934304145,-0.906346084886445,-0.228028577032367
q;1565692555217;0.218590148931388,-0.411558220502386,-0.0256206982354725,0.884410397392549,
v;1565692555217;0.374232205989693,-0.917586176566341,-0.244418547903376
q;1565692555242;0.231954432505352,-0.412851832134393,-0.023667264687526,0.880448943036167,
v;1565692555242;0.399443729134049,-0.929011112235999,-0.255912348211792
q;1565692555266;0.246080980569296,-0.414473849435181,-0.0209178698938047,0.875909863068602,
v;1565692555266;0.42656900270576,-0.942210400902574,-0.267496651676855
q;1565692555290;0.260012860532934,-0.415897846391807,-0.018269625647942,0.871256854797924,
v;1565692555290;0.453238535820549,-0.955606452533476,-0.279606051696219
q;1565692555314;0.274121304392824,-0.416478148856292,-0.0154688588072618,0.866697292822867,
v;1565692555314;0.480559640499003,-0.967899560619424,-0.29186052758796
q;1565692555338;0.289661085130098,-0.417503284264435,-0.0107313121276297,0.861203977216331,
v;1565692555338;0.512036802236561,-0.982771754521397,-0.303283738196023
q;1565692555363;0.304014538517034,-0.420221487546372,-0.00409304946949572,0.8549691916406,
v;1565692555363;0.54264888137522,-1.00098000648207,-0.311558498325104
q;1565692555392;0.320127542588116,-0.425521061126121,0.00456130036404846,0.846421583885387,
v;1565692555392;0.577352617116683,-1.02787125414937,-0.321435904075624
q;1565692555418;0.333209353921938,-0.431673157488016,0.01160160664505,0.838149867537057,
v;1565692555418;0.604772516694668,-1.05567764366681,-0.332132899784799
q;1565692555443;0.344624332571296,-0.438524223972748,0.0177326285583154,0.829828991321852,
v;1565692555443;0.627979453060193,-1.08496116151699,-0.343881281157288
q;1565692555468;0.355073761518257,-0.447312206367642,0.0244145535615543,0.820511077373933,
v;1565692555468;0.649170398024534,-1.11914845231634,-0.35594719046744
q;1565692555493;0.365165055576315,-0.457718657455473,0.0321138828054311,0.810010374786672,
v;1565692555493;0.669983703876585,-1.15821642830503,-0.368378823888467
q;1565692555520;0.375480664875968,-0.47060342765469,0.0411825703731677,0.797402497540614,
v;1565692555520;0.69135256167128,-1.2056501435217,-0.382762770072376
q;1565692555549;0.385049893607531,-0.486205851881792,0.0519282126079118,0.782715750577694,
v;1565692555549;0.711888579844074,-1.26119572617495,-0.397558981969405
q;1565692555574;0.393608870166578,-0.501470961976104,0.0616028835429566,0.767987005122771,
v;1565692555574;0.729312418561989,-1.31702212641059,-0.414289011230513
q;1565692555604;0.403972575249571,-0.520843608784778,0.070726380993743,0.748682751039843,
v;1565692555604;0.745813207199782,-1.39141557393367,-0.443074603743555
q;1565692555632;0.41319734254893,-0.541603623952098,0.0826003337483561,0.727399976915512,
v;1565692555632;0.762308310842996,-1.47126457133905,-0.469789355000579
q;1565692555660;0.418854745492821,-0.564491922417871,0.0950459033272444,0.704894255130853,
v;1565692555660;0.772324161137031,-1.55429509805245,-0.492819511551819
q;1565692555687;0.418446793795922,-0.588388104448434,0.101330840612554,0.68442227317365,
v;1565692555687;0.764300654970702,-1.6298395360084,-0.512085715479171
q;1565692555712;0.412791327074522,-0.610127102025906,0.105662070358187,0.66796989705753,
v;1565692555712;0.748306879347368,-1.6874617797093,-0.517513602558083
q;1565692555738;0.402831875762856,-0.631872888780509,0.109861381377431,0.652988238712,
v;1565692555738;0.727394485546975,-1.73632856376593,-0.511498671826801
q;1565692555771;0.386289658934023,-0.655041404487513,0.115822026939999,0.638972876752371,
v;1565692555771;0.701538554460174,-1.77727154178148,-0.487878744064567
q;1565692555804;0.366973114673086,-0.675333355546068,0.120837939339052,0.628214768106416,
v;1565692555804;0.674219317839022,-1.80526082225412,-0.45575321124896
q;1565692555833;0.350632837679368,-0.689446222783678,0.122322483539633,0.621898485131882,
v;1565692555833;0.649496636625675,-1.82018641666378,-0.429101700589289
q;1565692555861;0.333896479214564,-0.701167887777853,0.121583385172435,0.618137705700361,
v;1565692555861;0.622771681812894,-1.82752246850779,-0.402157760767143
q;1565692555889;0.317705233827989,-0.711216050540846,0.119254386869407,0.615640846567346,
v;1565692555889;0.595370936339708,-1.83164918859624,-0.377371931983354
q;1565692555916;0.300412753325709,-0.721148100863466,0.1156928950117,0.613443390759218,
v;1565692555916;0.565023731360587,-1.8350634043444,-0.352192618163844
q;1565692555942;0.285786218016906,-0.729008047124248,0.110068919949501,0.612174995115537,
v;1565692555942;0.535631979830441,-1.83703175057107,-0.334008002672883
q;1565692555968;0.26994599258967,-0.738425801852969,0.102191642744528,0.609436943788309,
v;1565692555968;0.500600012633098,-1.84349974378641,-0.317771912361497
q;1565692555994;0.254430591888497,-0.747552461817056,0.0949095562097319,0.606153910132048,
v;1565692555994;0.467154996487946,-1.85125576715868,-0.301741069955693
q;1565692556018;0.239156051452367,-0.755707629366069,0.0866617441704066,0.60348993168226,
v;1565692556018;0.433046932979142,-1.85737530318706,-0.286907298183014
q;1565692556045;0.222701101770146,-0.763217468394661,0.0789769968763205,0.60138669411352,
v;1565692556045;0.3989078852432,-1.86158063672156,-0.269052144423874
q;1565692556068;0.206008901017384,-0.769823226889432,0.0721491016442015,0.599772551569257,
v;1565692556068;0.366340404259776,-1.86432712964907,-0.249610278900733
q;1565692556092;0.190818890707157,-0.775155620143861,0.0667723879042694,0.598551079097649,
v;1565692556092;0.338367593233223,-1.86613083764127,-0.230919690464497
q;1565692556116;0.17622649643527,-0.778715041256456,0.062068774926991,0.598911200759493,
v;1565692556116;0.312833475867982,-1.86390407430699,-0.211903215647571
q;1565692556140;0.161617091904581,-0.782042477064541,0.0575603176215003,0.599146249518292,
v;1565692556140;0.287643963178827,-1.86212126021692,-0.192877800511803
q;1565692556164;0.147646734215956,-0.784380386519814,0.0537027925850529,0.600053189561239,
v;1565692556164;0.26451236277481,-1.85873998432562,-0.174074926921851
q;1565692556192;0.13447892057227,-0.785370943967966,0.0496095115134138,0.60220175176692,
v;1565692556192;0.242253180387179,-1.85240239334621,-0.156678368500434
q;1565692556218;0.120561568876685,-0.785204591159371,0.0457498656539549,0.605661337812982,
v;1565692556218;0.219646850006796,-1.8427525957071,-0.137643900545825
q;1565692556246;0.107128687755976,-0.784409436663526,0.0418248326713123,0.609488366833937,
v;1565692556246;0.197484109812542,-1.8323433312032,-0.119688362193881
q;1565692556270;0.0941979237174245,-0.783347731839864,0.0384856619363561,0.613198222631554,
v;1565692556270;0.176737981992795,-1.82233128346148,-0.102146750326048
q;1565692556294;0.0820812689570329,-0.781691282411159,0.0350767161706675,0.617244778421012,
v;1565692556294;0.156808632753788,-1.8115999994423,-0.0861853672336418
q;1565692556318;0.0716080089548933,-0.779884409891711,0.0317661812233534,0.621002068407677,
v;1565692556318;0.138931856384836,-1.80174422328839,-0.0730058701602619
q;1565692556344;0.0623113895483598,-0.778155271562817,0.028633900892462,0.624317091441585,
v;1565692556344;0.122674832650148,-1.79309625714095,-0.0617253728155637
q;1565692556367;0.0535038909112863,-0.776537136651755,0.0258785690753834,0.627262087669144,
v;1565692556367;0.107520311632364,-1.78541519214865,-0.0509463365930629
q;1565692556392;0.0454655313234836,-0.774883514101825,0.0234220704577149,0.630031597264734,
v;1565692556392;0.0937253557403185,-1.77820721165096,-0.0411398081766196
q;1565692556416;0.0374236418683558,-0.773045316414281,0.020407634338907,0.632916984285295,
v;1565692556416;0.0790063366874356,-1.77074472186395,-0.0321334140192158
q;1565692556440;0.0302237633774755,-0.771387803766669,0.018193928622047,0.635386752951214,
v;1565692556440;0.066525766440474,-1.76433295178616,-0.0235624184316996
q;1565692556464;0.0237578209808635,-0.76971457464952,0.0159611871714299,0.637746268913875,
v;1565692556464;0.0549016166367466,-1.75822239783245,-0.0162402893033619
q;1565692556489;0.0175711901280353,-0.767804912701227,0.0140965071313292,0.640287483470674,
v;1565692556489;0.0441623147065759,-1.75162177748621,-0.00893969317908217
q;1565692556513;0.0128175459824491,-0.765661842341022,0.0125007561316138,0.642994085192987,
v;1565692556513;0.0356334568590537,-1.74458426206245,-0.00355425096914326
q;1565692556538;0.00861705035990389,-0.763431495112703,0.0111492402900128,0.645735080227719,
v;1565692556538;0.0281557456906591,-1.73743603153195,0.00124234858722178
q;1565692556563;0.00483619111310424,-0.761250636029655,0.00985462076616022,0.648364848945123,
v;1565692556563;0.021276510533748,-1.73056298879131,0.00541692482011854
q;1565692556587;0.00169410712602065,-0.759282363267808,0.00828607831360014,0.65070633248793,
v;1565692556587;0.0147882177213787,-1.72444202694576,0.00821198615256046
q;1565692556615;-0.000973971385058107,-0.757434136831093,0.00649463407543801,0.652878531146169,
v;1565692556615;0.00856684988319293,-1.71875584564759,0.00995638250193171
q;1565692556644;-0.00316960046808509,-0.755379437373422,0.00514726379696477,0.655259794912389,
v;1565692556644;0.00362245887902252,-1.71248715813882,0.0115344235137848
q;1565692556668;-0.00477863830516856,-0.753672862643562,0.00262142117587505,0.657227075959238,
v;1565692556668;-0.00232991506510479,-1.70731157785685,0.0106490281428692
q;1565692556693;-0.00673800599057343,-0.751995843020468,0.000475910845209015,0.65913333650573,
v;1565692556693;-0.00816681356857894,-1.70226537011533,0.0107618490121933
q;1565692556718;-0.00958428378826471,-0.749979575290267,-0.0013394420488186,0.661390189884697,
v;1565692556718;-0.0146875389766501,-1.69626117475781,0.0126059400132374
q;1565692556743;-0.0130054314239194,-0.748072976245106,-0.00233716784716913,0.663484936255599,
v;1565692556743;-0.0207560501928002,-1.69067363015194,0.0163609261414336
q;1565692556767;-0.0152398241282761,-0.746662511480539,-0.00216171929865621,0.665024923321861,
v;1565692556767;-0.0235000381959807,-1.68656093436631,0.0198896190717226
q;1565692556792;-0.016506101243817,-0.745595649290247,-0.00104148695864888,0.666193402790291,
v;1565692556792;-0.0235477439280885,-1.6834361681599,0.0232346224135986
q;1565692556815;-0.0169426805158076,-0.745020590075713,-0.000266543236511922,0.666826153035782,
v;1565692556815;-0.0229948317526979,-1.68173851645833,0.0248989701602866
q;1565692556839;-0.0168092181959078,-0.74483217034191,0.000351998612225968,0.66704005276291,
v;1565692556839;-0.0219022348744881,-1.68116167352053,0.0255185766248104
q;1565692556864;-0.0165154335327951,-0.744185803104483,0.000801803806575641,0.667768037714776,
v;1565692556864;-0.0208650891748584,-1.67920261332928,0.0256603409958975
q;1565692556889;-0.0154631135043751,-0.743236353908624,-0.000164777364922235,0.668850246285637,
v;1565692556889;-0.0209314800144158,-1.67629374113069,0.0227720294245551
q;1565692556913;-0.013831292922469,-0.742118142574072,-0.0029659390394461,0.670119847055522,
v;1565692556913;-0.0229414144613934,-1.67286153200518,0.0165589514935406
q;1565692556937;-0.0120279845998873,-0.741242843957048,-0.00602209547578678,0.671102272408918,
v;1565692556937;-0.0250743133251581,-1.67016218149673,0.00975165098624092
q;1565692556961;-0.0100406254554705,-0.740437223801391,-0.00978500864964867,0.671979284934683,
v;1565692556961;-0.0279882078095242,-1.66768190839676,0.00171893350072419
q;1565692556985;-0.00845754600276274,-0.739588152006714,-0.012741195650454,0.672885957298603,
v;1565692556985;-0.0302330080275119,-1.66510341719156,-0.00463867805011019
q;1565692557009;-0.0078665464036779,-0.738923551593451,-0.0141946597833639,0.673593790192825,
v;1565692557009;-0.031580499547858,-1.66311316092517,-0.00750112709318725
q;1565692557033;-0.00852129929507079,-0.737909324516216,-0.0140925309139228,0.674698923351094,
v;1565692557033;-0.0323022601185314,-1.66012719454685,-0.00644394465922644
q;1565692557057;-0.00969438062323506,-0.736902162542258,-0.013887696413582,0.675787234469579,
v;1565692557057;-0.0335767330780907,-1.65718994642794,-0.00448517889389199
q;1565692557081;-0.0109660305823028,-0.735577035068169,-0.0142837189895578,0.677201699923663,
v;1565692557081;-0.0358736743644809,-1.65333069656814,-0.00321527125126175
q;1565692557104;-0.0126347796570502,-0.734419717200062,-0.0141690556005372,0.678429956632862,
v;1565692557104;-0.0379648129384465,-1.65000004765318,-0.000667441940806776
q;1565692557129;-0.014244885230476,-0.73410819453236,-0.0130100328088868,0.678758386648978,
v;1565692557129;-0.0384486864512478,-1.64916991846307,0.00325564806182712
q;1565692557153;-0.0158596636013625,-0.734133017796437,-0.0116476956428003,0.678720524738311,
v;1565692557153;-0.0386400888966301,-1.64934126206612,0.00748079885857991
q;1565692557182;-0.0181832121676353,-0.734152890927072,-0.00959914218439016,0.678672868407892,
v;1565692557182;-0.0387851047271827,-1.64955909302069,0.013679875105529
q;1565692557213;-0.0208704223912259,-0.734199940819269,-0.00993503786714267,0.678539760033638,
v;1565692557213;-0.0429246116083778,-1.64992192676495,0.0171801586824468
q;1565692557242;-0.0228228569423196,-0.734195070900175,-0.0119577756325035,0.67844953609603,
v;1565692557242;-0.0485460592633809,-1.65009932006861,0.0173086184688501
q;1565692557270;-0.0241642834219135,-0.733993692776691,-0.0135329854275243,0.678591482887933,
v;1565692557270;-0.0526859767498695,-1.64964860594035,0.0171307329849036
q;1565692557295;-0.0250478152220663,-0.73370111733584,-0.0142242425086928,0.678861482649251,
v;1565692557295;-0.0549082656922573,-1.648882668622,0.0174698550531677
q;1565692557319;-0.0262451088883705,-0.733517194034329,-0.0143057359546806,0.679013331958204,
v;1565692557319;-0.0566588740451958,-1.64847148613956,0.0191067273078334
q;1565692557344;-0.027710054447207,-0.733012016643368,-0.0140943431883575,0.679504866113349,
v;1565692557344;-0.0583539916055945,-1.64714925596335,0.0215075196833982
q;1565692557369;-0.0287497278589071,-0.732324842194148,-0.0137890279767418,0.680208532439026,
v;1565692557369;-0.0593425392227368,-1.64524846627067,0.0233927576993072
q;1565692557394;-0.0293622629625175,-0.731688256485742,-0.0137516143266241,0.680867990472866,
v;1565692557394;-0.0601436920873468,-1.64345116216282,0.0242882769013726
q;1565692557419;-0.0299642322121652,-0.731296775753776,-0.0138512517314054,0.68126014691297,
v;1565692557419;-0.061123679570708,-1.64237665086055,0.0250021719464523
q;1565692557449;-0.0300552660382235,-0.731313293317437,-0.0136890551971346,0.681241635856136,
v;1565692557449;-0.0610096142948379,-1.6424356639183,0.0253584146715088
q;1565692557480;-0.0295457549160891,-0.732121830522683,-0.0128826882429074,0.680410727766379,
v;1565692557480;-0.0591042974807672,-1.64474335464203,0.0257790100028104
q;1565692557511;-0.0295036522881585,-0.733278978577121,-0.0117047094391302,0.679186577768081,
v;1565692557511;-0.057273911498242,-1.64813715434787,0.0274178394373568
q;1565692557539;-0.0292589862612646,-0.734350252508986,-0.0119038794084203,0.678035280111133,
v;1565692557539;-0.0571916563849369,-1.6512673458839,0.0268773624862505
q;1565692557564;-0.0292901386567943,-0.734891022104996,-0.01207229448798,0.67744496836553,
v;1565692557564;-0.0574601696599161,-1.652869174731,0.0267408036252024
q;1565692557588;-0.0287845761629952,-0.735238219746439,-0.0121043543402769,0.677089102175747,
v;1565692557588;-0.0568091651292337,-1.65383310694863,0.0259804179355
q;1565692557613;-0.0276979436706034,-0.735453924674974,-0.0121894538380168,0.676898638975731,
v;1565692557613;-0.055455383358021,-1.65434106233571,0.0242787775078441
q;1565692557637;-0.0261966791570157,-0.735293536367105,-0.0129048716974201,0.677119427387556,
v;1565692557637;-0.0544812462030496,-1.65369981779225,0.0210810568590002
q;1565692557663;-0.0247261690859019,-0.734808974630988,-0.0139971131878258,0.677678715319507,
v;1565692557663;-0.0541096060455956,-1.65211603702628,0.017393262442137
