q;1565710182803;-1.38777878078145e-17,0,2.77555756156289e-17,1,
v;1565710182803;-2.77555756156289e-17,-7.70371977754894e-34,5.55111512312578e-17
q;1565710182818;0.000126280733251022,-0.000855578120327938,0.000242960603710013,0.9999996033445,
v;1565710182818;0.000252977112573735,-0.00171109508915322,0.000485704963250913
q;1565710182832;-9.89481278984711e-05,-0.00145209877776037,0.000436593475406422,0.999998848583812,
v;1565710182832;-0.000196628075498983,-0.00290428475081381,0.000873473438278065
q;1565710182847;-8.20925060101979e-05,-0.00221690111047351,0.000588137393567945,0.999997349897332,
v;1565710182847;-0.000161576892734484,-0.00443390162016208,0.00117663593868496
q;1565710182864;-0.000164997076908396,-0.00306448341266174,0.00110009085410419,0.999994612143503,
v;1565710182864;-0.000323249961135428,-0.00612933552563504,0.00220118300808847
q;1565710182880;-0.000253622723822844,-0.00403368786466735,0.0013757683560153,0.999990881606029,
v;1565710182880;-0.000496142002492146,-0.00806808854353809,0.00275356151077406
q;1565710182898;-0.000398364928711259,-0.00503917462492404,0.00197326660908585,0.999985190698195,
v;1565710182898;-0.000776830866492031,-0.0100799458935831,0.00395050110119747
q;1565710182915;-0.000444191868739133,-0.00603944921425226,0.00249625605447615,0.999978493408538,
v;1565710182915;-0.000858212713388369,-0.0120811546154962,0.00499779273173698
q;1565710182931;-0.000687397655153174,-0.00716905859575306,0.00315864747926344,0.999969029926269,
v;1565710182931;-0.0013294640667022,-0.0143425200306013,0.00632700310354853
q;1565710182947;-0.000965767930719563,-0.00800074986204746,0.00361807580368814,0.999960905325417,
v;1565710182947;-0.00187356680581397,-0.016008574446036,0.00725139872431829
q;1565710182965;-0.00125931431258074,-0.0089999850941293,0.00427655579149386,0.999949529066126,
v;1565710182965;-0.00244152605654292,-0.0180108601924843,0.00857547818337702
q;1565710182982;-0.00153178327123682,-0.0102470322372448,0.00495809987583737,0.99993395550932,
v;1565710182982;-0.00296175692234404,-0.0205094281779661,0.00994714497101079
q;1565710182998;-0.00162795950856402,-0.0113372801457391,0.00561435613988803,0.999918562235377,
v;1565710182998;-0.00312835590823417,-0.0226930523244835,0.0112650044805443
q;1565710183013;-0.00200321279403254,-0.0123811594382534,0.00650026222255504,0.999900237221466,
v;1565710183013;-0.0038450738046152,-0.02478861314837,0.0130492984770755
q;1565710183028;-0.00236936543726111,-0.0137401913636184,0.00755821893198595,0.999874160002537,
v;1565710183028;-0.00453044730150734,-0.0275164955695288,0.0151803854945233
q;1565710183043;-0.00277205744354767,-0.015340235037723,0.00882073877035458,0.999839508738621,
v;1565710183043;-0.00527262512351836,-0.0307297125973114,0.017724868722871
q;1565710183057;-0.00331257579854904,-0.0173645600634239,0.0102678053183454,0.999790965293094,
v;1565710183057;-0.00626721589333445,-0.034797591702651,0.0206482335013294
q;1565710183072;-0.00377539925090675,-0.0195094373469034,0.0115227718650162,0.999736175442616,
v;1565710183072;-0.00709926045725931,-0.0391065388848149,0.0231894381903871
q;1565710183086;-0.00451848269097851,-0.021668969880803,0.0130168656547667,0.999670188385558,
v;1565710183086;-0.00846996201869506,-0.0434565140848252,0.0262249133021339
q;1565710183101;-0.00553477075617638,-0.0243973206362014,0.0145649379856398,0.999580894739092,
v;1565710183101;-0.0103543963059973,-0.0489575967177097,0.0293935424836987
q;1565710183116;-0.00649617988880191,-0.0273743042724706,0.0158694182357746,0.999478105918586,
v;1565710183116;-0.0121170470827865,-0.0549579106076169,0.0320857890948192
q;1565710183133;-0.00731646919120621,-0.0315229165519582,0.0175437972744175,0.999322251479786,
v;1565710183133;-0.0135173692586557,-0.0633078810334098,0.035535811281229
q;1565710183149;-0.00837079340068517,-0.0353142228889473,0.0184988303755907,0.999169920890588,
v;1565710183149;-0.0154217576088328,-0.0709474523752186,0.03757147136786
q;1565710183165;-0.00945380239192593,-0.0397588172049754,0.0195167455599977,0.998973866689359,
v;1565710183165;-0.0173371461329045,-0.0799020420595834,0.039761631826106
q;1565710183182;-0.0103852674786257,-0.0448897102498574,0.0200174819943692,0.998737316634257,
v;1565710183182;-0.0189482842519497,-0.0902203499764384,0.0409355740482203
q;1565710183199;-0.0111024026855439,-0.0503744988653292,0.0200062889855174,0.998468227562771,
v;1565710183199;-0.0201565439587437,-0.101232253425788,0.0410897496803871
q;1565710183216;-0.0120085029592166,-0.055713858783653,0.0196142852564392,0.998181784119948,
v;1565710183216;-0.0217894869465374,-0.111956450449065,0.0405160236331184
q;1565710183233;-0.0128369144975955,-0.0614460431898319,0.0185179886336263,0.9978559482023,
v;1565710183233;-0.0233451891724694,-0.123450909643312,0.0385541789233869
q;1565710183254;-0.0139205629531787,-0.0685562611971413,0.0167407620464313,0.997409569907343,
v;1565710183254;-0.0254763931099866,-0.137702743303907,0.0353222805451003
q;1565710183272;-0.014979611618749,-0.0755539058088621,0.0150343227318812,0.996915727348306,
v;1565710183272;-0.0275985206165682,-0.151731263596454,0.0322573176912091
q;1565710183290;-0.0155646559215949,-0.0829293284961221,0.0130629816883048,0.996348151823905,
v;1565710183290;-0.028853026900572,-0.166496770082833,0.0286279123398921
q;1565710183305;-0.0160676301555615,-0.0894098259839493,0.011872094095154,0.995794419086899,
v;1565710183305;-0.0298815958691219,-0.179491051142533,0.0265324943319881
q;1565710183322;-0.0163941270688761,-0.0976205710469061,0.0105351086753078,0.99503292053784,
v;1565710183322;-0.0305732683332766,-0.195959523058271,0.0241800230175944
q;1565710183337;-0.0165248968550302,-0.104884340383549,0.0100007174479358,0.994296771573491,
v;1565710183337;-0.0307683203259972,-0.210554070972062,0.0233669530960986
q;1565710183352;-0.0166045547367001,-0.112559553321619,0.00967741750751616,0.993459030376723,
v;1565710183352;-0.0308181962028123,-0.225993170599434,0.0229791709724505
q;1565710183367;-0.0170317521478248,-0.120208931460198,0.0097537468953361,0.99255449381742,
v;1565710183367;-0.0314701035167363,-0.241416673540066,0.0234707632516496
q;1565710183383;-0.017028396667113,-0.128075236145827,0.0100239571623269,0.991567522984415,
v;1565710183383;-0.0312070339115222,-0.257284906923725,0.0242548792586821
q;1565710183400;-0.0169204767594135,-0.136281962988826,0.0100079519911085,0.990474991473184,
v;1565710183400;-0.0307956788675218,-0.273844483699875,0.0244511925951714
q;1565710183417;-0.0160852970964874,-0.144565440730791,0.00974771039215622,0.989316370451264,
v;1565710183417;-0.0290126013475464,-0.290546711936533,0.0239502628711061
q;1565710183433;-0.0153320560809862,-0.151644590235932,0.00953656235795146,0.988270074283811,
v;1565710183433;-0.0274155223938016,-0.304836103880636,0.0235104448964086
q;1565710183450;-0.0134931167207485,-0.158659676865507,0.00926385209504425,0.987197649769777,
v;1565710183450;-0.0237033662283942,-0.318976664288199,0.0225803944777103
q;1565710183467;-0.011725226770385,-0.165226865686914,0.00865781627798753,0.986147827762399,
v;1565710183467;-0.0202659933388381,-0.332224011727305,0.0209562552251278
q;1565710183485;-0.00977849922342477,-0.171207051735522,0.00722702235555593,0.98515995049147,
v;1565710183485;-0.0167929265040969,-0.344282738650124,0.0175912294734355
q;1565710183503;-0.00755836561713424,-0.176773503854257,0.00522114922856343,0.984208674621868,
v;1565710183503;-0.0130324652398393,-0.355514264867791,0.0129511001132247
q;1565710183520;-0.0055125399460067,-0.182423044641457,0.00322540761866004,0.983199304664141,
v;1565710183520;-0.00966322391556762,-0.36694847882955,0.00835415291130972
q;1565710183541;-0.0029867710959505,-0.187386178331084,0.000144316800870792,0.982281691208557,
v;1565710183541;-0.00581364792790795,-0.377006777138401,0.00140290291302022
q;1565710183560;-0.000574943646649784,-0.191997974832047,-0.00288679970070432,0.981390860396693,
v;1565710183560;-0.00223701013843838,-0.386390775230044,-0.00544542218930313
q;1565710183577;0.00164249032654812,-0.195903963440942,-0.00602416308018981,0.980603232919348,
v;1565710183577;0.000860947907216377,-0.394371543778158,-0.0124584952175725
q;1565710183594;0.00366986620264631,-0.198790885119304,-0.0092259509135003,0.979991565603691,
v;1565710183594;0.0035248132535409,-0.400302474897161,-0.019543145468812
q;1565710183611;0.0058132155980786,-0.202662846275424,-0.0128062344458318,0.979147476114041,
v;1565710183611;0.00619333450948993,-0.408278746239812,-0.0274385989322966
q;1565710183628;0.0074052649548382,-0.205722361842294,-0.0156880487829208,0.978456536590256,
v;1565710183628;0.00803678141932832,-0.414602502821919,-0.0337545042659569
q;1565710183644;0.00898830080138513,-0.208654728954425,-0.0186581464812145,0.977770005461487,
v;1565710183644;0.00979091728249569,-0.420687011093726,-0.0402504510258086
q;1565710183659;0.010472427213999,-0.211458858507822,-0.021702493904343,0.97708971877873,
v;1565710183659;0.0112868723914913,-0.426524813972349,-0.046859673456319
q;1565710183675;0.0120031470972402,-0.214339258579843,-0.0249998209757557,0.976365472539044,
v;1565710183675;0.0127223737918647,-0.432543033920789,-0.0539940143173705
q;1565710183691;0.0133153449308731,-0.217588649999614,-0.028692507390934,0.97552778853205,
v;1565710183691;0.0134930595179642,-0.43932689351887,-0.0618202055918953
q;1565710183707;0.0146747600967668,-0.221269433973041,-0.033038642949842,0.974542331398837,
v;1565710183707;0.0139819217448437,-0.447025007696108,-0.0709557190958612
q;1565710183723;0.0160360377542364,-0.225556602846894,-0.0375020684983133,0.97337583334246,
v;1565710183723;0.0143009923489782,-0.455989020617354,-0.0803358736655799
q;1565710183740;0.0170947897543989,-0.230270313778977,-0.0428174594917518,0.972033862926573,
v;1565710183740;0.0135146607731605,-0.465831684288015,-0.0912477788992103
q;1565710183757;0.0185448982823998,-0.235611606031525,-0.0485253301015139,0.970457858828903,
v;1565710183757;0.0131281997452952,-0.477028724519082,-0.103113861133711
q;1565710183774;0.0198391576887413,-0.241228648589336,-0.0541632984335618,0.968752477676584,
v;1565710183774;0.0123072984579977,-0.488799579829305,-0.114773698556985
q;1565710183790;0.0212870613045773,-0.246941937348452,-0.0596399878320731,0.966958885003182,
v;1565710183790;0.0117124656385395,-0.500811411347537,-0.126195485089384
q;1565710183807;0.0225088981515831,-0.252897572572207,-0.0657969754772436,0.96499061650096,
v;1565710183807;0.0101621351512016,-0.513323328273659,-0.138824444246045
q;1565710183824;0.0238167056733887,-0.258561304942332,-0.0719148749118908,0.96301967104498,
v;1565710183824;0.00868321343798382,-0.525266635009889,-0.151410577820073
q;1565710183841;0.0248654804562957,-0.264074808931427,-0.0786183001594791,0.960970981855213,
v;1565710183841;0.00626782618970532,-0.536878643441953,-0.164983171011632
q;1565710183857;0.0255638962420634,-0.268913361833645,-0.0854031144973016,0.959029865011125,
v;1565710183857;0.00310100763331036,-0.547039300470285,-0.178504540459605
q;1565710183874;0.0265942193980135,-0.273035076756742,-0.0918342599295039,0.957241317292689,
v;1565710183874;0.000766222875323613,-0.555779454379198,-0.191505880863247
q;1565710183890;0.0276894975904597,-0.276580837313302,-0.0978337836453065,0.955596462600535,
v;1565710183890;-0.00119792798554652,-0.563345465377008,-0.203701982359038
q;1565710183908;0.0293127267675091,-0.279501896025942,-0.10433897677532,0.954008778485219,
v;1565710183908;-0.00239668865560841,-0.569739839300075,-0.217170185494736
q;1565710183922;0.0307696706214301,-0.281234316147347,-0.109963927603772,0.952821239735684,
v;1565710183922;-0.00321527408541473,-0.573650709379267,-0.22885248765068
q;1565710183940;0.0328932233634111,-0.282705375620204,-0.116789153434436,0.951501896801384,
v;1565710183940;-0.00343792090800055,-0.577195330147302,-0.243241339631217
q;1565710183957;0.0349677133945947,-0.283670684992134,-0.123436108419856,0.950300813269019,
v;1565710183957;-0.00357072549020001,-0.579709621188694,-0.257271829398131
q;1565710183971;0.0367280185551085,-0.284177750109091,-0.129090639092052,0.949331100425792,
v;1565710183971;-0.00363528221875912,-0.581219599765403,-0.269216091879388
q;1565710183986;0.0390504149292605,-0.283717093144531,-0.1355681632695,0.94847285983975,
v;1565710183986;-0.00284949681590492,-0.580911513446416,-0.283091184858863
q;1565710184003;0.0416921577456883,-0.28305124560605,-0.143075393739899,0.947456117941231,
v;1565710184003;-0.00199235829277011,-0.580316451226133,-0.299160329560097
q;1565710184020;0.0442030833744044,-0.282233837968971,-0.150825841408073,0.946383416957204,
v;1565710184020;-0.00147018253279133,-0.579418435077579,-0.315645030837492
q;1565710184037;0.0467884701523022,-0.280970083054235,-0.158683134095455,0.945349775330112,
v;1565710184037;-0.000707487298196527,-0.577676858917537,-0.33240205252839
q;1565710184056;0.0491727363011628,-0.279132362478676,-0.167456585863897,0.944259206666724,
v;1565710184056;-0.000621486950877694,-0.574738483099643,-0.350850176991008
q;1565710184073;0.0509180769147695,-0.277608275356079,-0.175094628888727,0.943229968327894,
v;1565710184073;-0.00116052400905613,-0.572253886580061,-0.366746080968148
q;1565710184091;0.0529999593393574,-0.276152364040028,-0.181756738701747,0.942281880145101,
v;1565710184091;-0.000503303498827575,-0.570072427913717,-0.380951950628962
q;1565710184109;0.0546468725976338,-0.274624087111285,-0.187181728939354,0.941572229357806,
v;1565710184109;9.87324507682974e-05,-0.567605567136031,-0.392505884676228
q;1565710184125;0.0558825484103437,-0.272875403224068,-0.191932058146857,0.941051562423027,
v;1565710184125;0.000429643483789518,-0.564544463931625,-0.402515367244381
q;1565710184141;0.0570026115789002,-0.270894732039183,-0.195996836837124,0.940718726101718,
v;1565710184141;0.0010578273041921,-0.560980264679847,-0.411123472391314
q;1565710184158;0.0581378683490975,-0.26931020146519,-0.199785389737455,0.940307197911479,
v;1565710184158;0.0017264258973967,-0.558246403878789,-0.419204689394149
q;1565710184173;0.0591257591121473,-0.267465333032935,-0.203356652229539,0.940006581609519,
v;1565710184173;0.00237549822423444,-0.554933848962393,-0.426780836181543
q;1565710184191;0.0599225454948115,-0.264761905320985,-0.207840620461832,0.939740694206,
v;1565710184191;0.00256675446902238,-0.549810284554653,-0.436052213545726
q;1565710184208;0.0609550232615561,-0.262314885288603,-0.21254127763212,0.939309035328142,
v;1565710184208;0.00300573099994467,-0.545332923141579,-0.445894017921906
q;1565710184225;0.0624285387351343,-0.260269345975406,-0.217069538627014,0.938745538327495,
v;1565710184225;0.00421594319369538,-0.541895249576726,-0.455650467336203
q;1565710184243;0.0638405426254895,-0.257833311149864,-0.22214861586507,0.938134451850719,
v;1565710184243;0.00522742233927437,-0.537669614754055,-0.466470999644718
q;1565710184261;0.0650809422842688,-0.255521072283967,-0.22765149069491,0.937362279988027,
v;1565710184261;0.00566936523834819,-0.53364088660692,-0.478051903984576
q;1565710184279;0.066322520574448,-0.253236562250991,-0.233497184070849,0.936456899316889,
v;1565710184279;0.00595635078523228,-0.529696511389935,-0.490332266471215
q;1565710184300;0.0677254839846598,-0.251071200236444,-0.241284812473136,0.934964161863917,
v;1565710184300;0.00548249327335842,-0.52611203885408,-0.506592388575294
q;1565710184318;0.0686125542100488,-0.249645042911661,-0.247774148930936,0.933583130779226,
v;1565710184318;0.00439988445202712,-0.523754077061597,-0.520020491804483
q;1565710184339;0.0696731971696791,-0.247802749112169,-0.254133621461428,0.932285031298423,
v;1565710184339;0.00396054788218871,-0.520670736204256,-0.533307564792684
q;1565710184365;0.0706854665965951,-0.244591139276193,-0.261457046630903,0.93103103164867,
v;1565710184365;0.00372058054532864,-0.514856235958789,-0.548527062859391
q;1565710184388;0.072137212137748,-0.241163410295834,-0.268986733566383,0.929667942939595,
v;1565710184388;0.00438780533218543,-0.508899372341248,-0.564431469699996
q;1565710184412;0.0732663090102719,-0.237922254123076,-0.275057260685973,0.92863789754426,
v;1565710184412;0.00519127868652437,-0.503162640067901,-0.577257565927883
q;1565710184432;0.074113922461894,-0.234386496671593,-0.280439339250924,0.927859799553714,
v;1565710184432;0.0060723072846346,-0.496707294427817,-0.588566892878859
q;1565710184451;0.0749570380923398,-0.231115781166792,-0.285312344273743,0.92712654714447,
v;1565710184451;0.00710900905378881,-0.490799778427164,-0.598862231012146
q;1565710184468;0.0757393441442113,-0.227287666923032,-0.291035482551451,0.926230010594883,
v;1565710184468;0.00800664096215506,-0.483794910185569,-0.610868658131985
q;1565710184485;0.0765057496146639,-0.223611136730915,-0.296771126594345,0.925241419065192,
v;1565710184485;0.00885003427346162,-0.477112388187105,-0.6229182880222
q;1565710184502;0.0769639568212288,-0.219828911948287,-0.302333718263021,0.924308454117441,
v;1565710184502;0.00935362363355714,-0.470056721592682,-0.634485169092051
q;1565710184516;0.0770053009809551,-0.216200380598068,-0.307377201776181,0.923496959956896,
v;1565710184516;0.00931832154338841,-0.463050604109763,-0.644810617582652
q;1565710184531;0.0772520210181778,-0.212616315503316,-0.312463671297501,0.922601089869285,
v;1565710184531;0.00967599951727215,-0.456286564198147,-0.655350627822818
q;1565710184546;0.0771914074811973,-0.208772181940783,-0.317983471936958,0.921597489322334,
v;1565710184546;0.00950675134914585,-0.448837687505187,-0.666659729329946
q;1565710184561;0.0768686076508719,-0.203969835752729,-0.323594677694917,0.920746339818065,
v;1565710184561;0.0095460167448763,-0.439378293652505,-0.678060309021894
q;1565710184575;0.0765078773065437,-0.199122713606939,-0.32924714849891,0.919833050506658,
v;1565710184575;0.00962792577431232,-0.429832590836067,-0.689567087967236
q;1565710184590;0.0764943264460412,-0.194406072047759,-0.335152159130589,0.918709827406154,
v;1565710184590;0.010241128318973,-0.420811667569691,-0.701796871832538
q;1565710184605;0.0763770120877059,-0.189704562268974,-0.341391456267255,0.917404214467185,
v;1565710184605;0.0106103510918894,-0.411781976230157,-0.714716030631154
q;1565710184619;0.076567736948524,-0.184688081608454,-0.34710301411072,0.916268000419923,
v;1565710184619;0.012101850261236,-0.402402456366597,-0.726703759660876
q;1565710184633;0.0767845424792314,-0.180044505569673,-0.351467033506946,0.915510169738515,
v;1565710184633;0.0140351032708632,-0.393775201665642,-0.735905620861211
q;1565710184648;0.0770426307089237,-0.175237181318874,-0.355539261659389,0.91484869522403,
v;1565710184648;0.0163580337569829,-0.384898007623802,-0.744523407287199
q;1565710184662;0.0777745687079336,-0.17017606924482,-0.358986579934289,0.914395863350986,
v;1565710184662;0.0200529815618855,-0.375922165368119,-0.752026030308642
q;1565710184676;0.0785765834057744,-0.164846993711307,-0.361892318554567,0.914158096289714,
v;1565710184676;0.0243515249343752,-0.366522630802753,-0.758404021266346
q;1565710184691;0.0793078684188682,-0.159334064082761,-0.363927869340939,0.914264334790748,
v;1565710184691;0.0290485833416676,-0.356737417612644,-0.762895045044237
q;1565710184707;0.0800038056818707,-0.153009459909257,-0.366103635114099,0.914415371568451,
v;1565710184707;0.0342854971184501,-0.345435805916591,-0.767630785565845
q;1565710184724;0.0804344751136351,-0.147436911523548,-0.367612752718967,0.914687602087004,
v;1565710184724;0.0387551572736374,-0.335352472600023,-0.770846739206798
q;1565710184742;0.0807484729785874,-0.141581215144228,-0.368525429286013,0.915217639878291,
v;1565710184742;0.0434659829071473,-0.324644897882711,-0.772721212222491
q;1565710184758;0.0808577132046746,-0.136487705282906,-0.369193664572244,0.915712321605559,
v;1565710184758;0.0473216759760944,-0.315212294712525,-0.774005273730538
q;1565710184775;0.0811365005668517,-0.131184205240896,-0.370022608099395,0.91612809847347,
v;1565710184775;0.0516035120755002,-0.305539969633228,-0.775671958117366
q;1565710184791;0.0812310872684475,-0.126057982743043,-0.370871293017136,0.916496254947182,
v;1565710184791;0.0554217680618309,-0.296070423724164,-0.777304809276055
q;1565710184808;0.0812569328746251,-0.121334063288023,-0.371615862361848,0.916829777525403,
v;1565710184808;0.0588521935916425,-0.287304966490327,-0.778695525764537
q;1565710184825;0.0816767544966581,-0.116586767818777,-0.371773810589416,0.917344342577789,
v;1565710184825;0.0632056790413564,-0.27877740916958,-0.778956083614528
q;1565710184842;0.0820777191066054,-0.111860876629486,-0.371492949331465,0.918010481775208,
v;1565710184842;0.0676369175384372,-0.270249548850983,-0.778253380538102
q;1565710184859;0.0829916643791307,-0.106998683986748,-0.370990648705598,0.918710743126748,
v;1565710184859;0.0731649040217343,-0.261854751622524,-0.77722293577303
q;1565710184875;0.0843637931492795,-0.101854029513421,-0.370366621575777,0.919422044625562,
v;1565710184875;0.0797697685688911,-0.253280952395294,-0.776041127455681
q;1565710184895;0.0862630475791954,-0.0957824549646409,-0.37013048177658,0.919993295294703,
v;1565710184895;0.0879321106069426,-0.243423721032232,-0.775769525817115
q;1565710184913;0.0882442194839949,-0.0883663465509705,-0.370630379595129,0.920346303649771,
v;1565710184913;0.097080396171794,-0.231200471088144,-0.776957949284548
q;1565710184931;0.0897954484851712,-0.0807099177575716,-0.371636391183701,0.92049386995496,
v;1565710184931;0.10551853571196,-0.218261626843929,-0.779017384043721
q;1565710184950;0.091830050227242,-0.0719032859447065,-0.373019089664434,0.920463948162751,
v;1565710184950;0.115667651865218,-0.203633201508085,-0.7818808468031
q;1565710184967;0.093419734471346,-0.0636937639809814,-0.3741898110117,0.920433416240558,
v;1565710184967;0.124628552726097,-0.189765063682927,-0.784132983947062
q;1565710184983;0.0953306667069457,-0.0559995896948383,-0.375520104665136,0.920195966525858,
v;1565710184983;0.133786593811983,-0.177158428832198,-0.78681635158285
q;1565710185000;0.0978508429647803,-0.0480979269381921,-0.376917890892291,0.919806763817131,
v;1565710185000;0.144249531474461,-0.164691300296571,-0.789742409461455
q;1565710185016;0.0999977346573122,-0.0404598860976716,-0.378429328677369,0.919322914453196,
v;1565710185016;0.153844149359059,-0.152459168173413,-0.792772705541618
q;1565710185031;0.102222989474542,-0.0327832846371746,-0.380227018740712,0.918641908945799,
v;1565710185031;0.163611431082961,-0.140295300922473,-0.796386207675746
q;1565710185046;0.104327544578377,-0.0249851992464143,-0.382102126879863,0.917872222791378,
v;1565710185046;0.173290927347045,-0.127851686571914,-0.800062877771005
q;1565710185061;0.106592188664331,-0.0172995166134324,-0.383841123657274,0.917063073606952,
v;1565710185061;0.183246821001221,-0.115750384803368,-0.803444587358723
q;1565710185075;0.10868222447422,-0.00999016438830813,-0.385159107081706,0.916373618240549,
v;1565710185075;0.192681483474949,-0.104141209859345,-0.80585251139474
q;1565710185093;0.111038366331039,-0.0013171275310972,-0.38725792926892,0.915259467207146,
v;1565710185093;0.203642294141978,-0.0904005331500708,-0.809784799878043
q;1565710185110;0.113424650850795,0.00696165741599719,-0.389454859306316,0.914008374700252,
v;1565710185110;0.214403541150959,-0.0774710512459625,-0.813937494912061
q;1565710185127;0.116142882765028,0.0144293820239962,-0.390845714377527,0.912985257083063,
v;1565710185127;0.225252821194748,-0.0661586239728632,-0.816466267749117
q;1565710185146;0.118356175539423,0.0232351865430082,-0.391684255734672,0.912159682913381,
v;1565710185146;0.236314523161296,-0.0517899828809447,-0.81733778146491
q;1565710185163;0.120048609647318,0.0299416002544975,-0.392169801659603,0.911534174936837,
v;1565710185163;0.244778263075584,-0.0408004953848333,-0.817604354774785
q;1565710185179;0.121490436330206,0.0353783053194525,-0.392041923696091,0.911203374426604,
v;1565710185179;0.251796849616411,-0.031792756017296,-0.816636172803331
q;1565710185195;0.122198903217542,0.0401800075215452,-0.391493071258451,0.911145433962157,
v;1565710185195;0.256960818403217,-0.0232249554646093,-0.814641774744617
q;1565710185210;0.122772812974466,0.0450111165603421,-0.390846659204594,0.911119904946229,
v;1565710185210;0.261889821658021,-0.0144425813165347,-0.812365428448532
q;1565710185227;0.123262342656422,0.0502448407141638,-0.390041350914913,0.911125351370168,
v;1565710185227;0.266970031827045,-0.00476494211842884,-0.809605426780276
q;1565710185244;0.123197418637574,0.0557278750873962,-0.388978547240293,0.911269567454973,
v;1565710185244;0.271198176482237,0.00594110487338558,-0.806068171131845
q;1565710185261;0.122597944724894,0.0611801738515679,-0.387824495271573,0.911492610294583,
v;1565710185261;0.27437833804922,0.0170771714191839,-0.80220139646403
q;1565710185278;0.121924567029424,0.0653554198007482,-0.386389824747183,0.911902330691708,
v;1565710185278;0.276376993244774,0.0259627791464272,-0.797958239266518
q;1565710185294;0.120937409710915,0.0692819464848743,-0.384588374377371,0.91250524379569,
v;1565710185294;0.277551942048801,0.0347548642503307,-0.792889212639776
q;1565710185311;0.119904885192748,0.0733639798358148,-0.38271855703665,0.913108391150233,
v;1565710185311;0.278722657636235,0.0439069145874111,-0.787630383344539
q;1565710185328;0.118800683762804,0.0773684916662084,-0.380958578408764,0.913657971951393,
v;1565710185328;0.279666129163068,0.0529410496568659,-0.782628217948033
q;1565710185345;0.117595018000456,0.0817099474672885,-0.379005755367488,0.914247987263549,
v;1565710185345;0.280627959324285,0.0627626879327216,-0.7771126663762
q;1565710185362;0.11582761453352,0.0860774585191591,-0.3765458711071,0.915088880805557,
v;1565710185362;0.280472116107861,0.0732326921650316,-0.770394317139331
q;1565710185378;0.114114223624888,0.089845274679094,-0.374202755300751,0.915902768203418,
v;1565710185378;0.279916880633314,0.0824752590151822,-0.764104845617624
q;1565710185395;0.112526374784348,0.0937839788904766,-0.371664822781825,0.91673740338714,
v;1565710185395;0.279657722836335,0.0920054980478803,-0.757383605706678
q;1565710185412;0.111316365017357,0.0982378322359033,-0.368769075248305,0.917587715989917,
v;1565710185412;0.280399124541395,0.102352604836512,-0.749811741114134
q;1565710185429;0.110845212216307,0.102039396553711,-0.36583230323628,0.918405116061299,
v;1565710185429;0.281982331613044,0.110924738764624,-0.742379536191648
q;1565710185445;0.110493662617493,0.105509814002659,-0.36252537269526,0.919366138732561,
v;1565710185445;0.283448536199021,0.118904273460006,-0.734217204175325
q;1565710185462;0.110579721653838,0.10979533338231,-0.357533096647088,0.920807843542082,
v;1565710185462;0.286040973525777,0.128698782016016,-0.722169737349943
q;1565710185479;0.11061750685137,0.113620816560263,-0.352681498530282,0.922209159814746,
v;1565710185479;0.288139455473192,0.137628854816544,-0.710541872408211
q;1565710185495;0.111100694351726,0.116874725064766,-0.348075255256584,0.923493595302339,
v;1565710185495;0.290638451324493,0.145095715044609,-0.699619202762835
q;1565710185514;0.112248473243407,0.120647909105031,-0.342335315133167,0.925013949764122,
v;1565710185514;0.294505720713454,0.153535703352158,-0.686094942416642
q;1565710185534;0.112560036924259,0.125190935100615,-0.335103045716355,0.927018508058277,
v;1565710185534;0.296938644988223,0.164582414313921,-0.669067588703481
q;1565710185551;0.113032525595375,0.128469467093317,-0.327609611483848,0.929188377477881,
v;1565710185551;0.298652562453388,0.173175429795281,-0.651818369404959
q;1565710185567;0.113627750714741,0.130754487820087,-0.320518205500769,0.931267944630515,
v;1565710185567;0.299930857201624,0.179636428549038,-0.635735776004726
q;1565710185583;0.114306592654514,0.133182796268072,-0.313825277168235,0.93311846931705,
v;1565710185583;0.301460794815517,0.186230491652955,-0.62050487745146
q;1565710185599;0.114949525543868,0.136705469281446,-0.306677198212902,0.934904918552684,
v;1565710185599;0.303416784525766,0.195206070525917,-0.6040039491057
q;1565710185614;0.115200229679812,0.139408393533747,-0.300673567195006,0.93642382354573,
v;1565710185614;0.304257977875373,0.20242934598224,-0.590238344401944
q;1565710185630;0.115487983912541,0.141946290747848,-0.294407701286428,0.937996664322225,
v;1565710185630;0.304938852916806,0.209406759492986,-0.575969195996489
q;1565710185646;0.115576671352763,0.144519894610017,-0.287642802998893,0.939690103852391,
v;1565710185646;0.305062430495863,0.216740323744413,-0.560648010981871
q;1565710185663;0.114023414048149,0.147031711289132,-0.281600089221572,0.941319065997182,
v;1565710185663;0.302044856271859,0.224552086039113,-0.547048710469436
q;1565710185680;0.111904764334788,0.149302098843059,-0.275740010108848,0.94294936746149,
v;1565710185680;0.29775860320046,0.232052115244841,-0.534023019254792
q;1565710185697;0.110439414792927,0.151471265733472,-0.270025820985604,0.944428673070858,
v;1565710185697;0.294651728630965,0.238930925624398,-0.521345872615146
q;1565710185714;0.109655498936305,0.153609906812487,-0.263822864841165,0.94592658778619,
v;1565710185714;0.292663734891635,0.24554434751376,-0.507615896164431
q;1565710185730;0.109951145319259,0.156302623217842,-0.258241846627436,0.946990709608384,
v;1565710185730;0.2931540870837,0.252585311493625,-0.49496259111934
q;1565710185747;0.11228530118682,0.160345060018174,-0.253000448988339,0.947455596163904,
v;1565710185747;0.29831015856552,0.261404087971133,-0.482384221880534
q;1565710185763;0.11398907811319,0.16525264417742,-0.247871503519529,0.94776459003234,
v;1565710185763;0.30258888148891,0.272303565859172,-0.469838822699651
q;1565710185780;0.11544912855652,0.169718449324079,-0.24350220516794,0.947931277171561,
v;1565710185780;0.306296214768885,0.282232917095085,-0.459032987421539
q;1565710185797;0.116495467629145,0.173611190656091,-0.238508655313847,0.948367765108259,
v;1565710185797;0.308654122086778,0.291407917889424,-0.447119977910456
q;1565710185815;0.116765098111039,0.17683358745646,-0.232664488585622,0.949190629803731,
v;1565710185815;0.308836580099493,0.299807599002141,-0.433747267722372
q;1565710185832;0.115959716374785,0.179411096021316,-0.227700583347261,0.950009127688263,
v;1565710185832;0.306820967259586,0.30698799944573,-0.42265412751675
q;1565710185850;0.114377438660906,0.181139317110737,-0.224051200056871,0.950740377963313,
v;1565710185850;0.303283506230999,0.31224982527625,-0.414775366205521
q;1565710185865;0.112259199600004,0.181632690561789,-0.22063733945385,0.951696573952777,
v;1565710185865;0.298224245462219,0.315044219169982,-0.407907860745465
q;1565710185883;0.109769650920017,0.181152284040493,-0.21580470139931,0.953185436849473,
v;1565710185883;0.291562043714889,0.316345290863387,-0.398470686917266
q;1565710185899;0.107871235990329,0.180064622743503,-0.211614864723159,0.954546783904536,
v;1565710185899;0.286029198292498,0.315961294171531,-0.390454167676635
q;1565710185915;0.105917337122717,0.179538532352953,-0.207718675120946,0.955719721208564,
v;1565710185915;0.280713808830127,0.316626350352169,-0.382923680820003
q;1565710185934;0.103178950562073,0.178259160653706,-0.203207947918189,0.957227346606934,
v;1565710185934;0.273370995745986,0.316118396379566,-0.374526541572556
q;1565710185952;0.101111365165736,0.176644321195202,-0.198875169013597,0.958656262869059,
v;1565710185952;0.267293923408184,0.314619082087978,-0.366455125658812
q;1565710185968;0.0993196075841968,0.174809503012982,-0.195596749558732,0.959853632056092,
v;1565710185968;0.262037372469928,0.312267207930353,-0.360570239870305
q;1565710185983;0.0974444459874225,0.172699604331298,-0.191972037536949,0.961158692059684,
v;1565710185983;0.256427140076895,0.309442415281947,-0.354061878830195
q;1565710186000;0.0954200806195881,0.170015892748275,-0.187655207254005,0.962691529650173,
v;1565710186000;0.250128994864465,0.305633469889405,-0.346305580851132
q;1565710186017;0.0937167994002257,0.167769446799414,-0.183771793796782,0.964001247555985,
v;1565710186017;0.244786100592987,0.302487207686707,-0.33925804145154
q;1565710186034;0.0923674741496941,0.166519961815963,-0.180533304461992,0.964959559288863,
v;1565710186034;0.240704167660525,0.301098260883657,-0.333214381631938
q;1565710186051;0.0901920522279732,0.165968467856874,-0.176418070591808,0.966020839263298,
v;1565710186051;0.234970686623216,0.301545256902132,-0.325406322894128
q;1565710186068;0.0879092712466769,0.165403652527804,-0.171392104691342,0.96723233154327,
v;1565710186068;0.228744739258176,0.30216222659982,-0.315782612822217
q;1565710186085;0.0859496787177863,0.165188167706165,-0.166189591618668,0.968352378837105,
v;1565710186085;0.223213215544187,0.303398106731285,-0.305667871487751
q;1565710186103;0.0841526683050434,0.165445670503229,-0.159819437203185,0.969537903442347,
v;1565710186103;0.217778644306526,0.305765719755824,-0.29305677223921
q;1565710186120;0.0831004779790261,0.164799603229577,-0.15302210590303,0.970834456454219,
v;1565710186120;0.213405715412731,0.30615095566729,-0.279618670989361
q;1565710186137;0.0821290155123731,0.163665487102379,-0.146804064290467,0.972068413932917,
v;1565710186137;0.209247181496674,0.305355098474623,-0.267466213734914
q;1565710186153;0.081869810991333,0.162799898170069,-0.141049862150255,0.973086953377043,
v;1565710186153;0.206728024289317,0.304830979333653,-0.256030943487359
q;1565710186169;0.0814431937163917,0.162104575126071,-0.135554271910979,0.9740195036863,
v;1565710186169;0.204014762388013,0.304615335676627,-0.245141490567947
q;1565710186185;0.0808996975301917,0.161118635302114,-0.130074787451331,0.974975035700122,
v;1565710186185;0.201016346711269,0.30380271588176,-0.23438714804076
q;1565710186202;0.0802996658620941,0.159693575740473,-0.124222325107798,0.976021853309375,
v;1565710186202;0.197708992965515,0.302152462729265,-0.222992376033252
q;1565710186219;0.0794031043844566,0.157517989202025,-0.118682060283905,0.977137540214146,
v;1565710186219;0.193775021100286,0.298929936843966,-0.212463990116511
q;1565710186236;0.0782702506944229,0.155552071244432,-0.113038128215105,0.978212435097589,
v;1565710186236;0.189427325243107,0.296162013165966,-0.2017507177366
q;1565710186252;0.0769598940392722,0.153713907664351,-0.108675320705102,0.979100981171654,
v;1565710186252;0.185169188041741,0.29341167862717,-0.193646312929118
q;1565710186268;0.0756297696981958,0.152388460647876,-0.104128005809312,0.979905744551192,
v;1565710186268;0.180941623847931,0.291717328368343,-0.185080161263
q;1565710186283;0.0746262963889054,0.15081687659163,-0.0996286253118954,0.980693204020479,
v;1565710186283;0.177350607044472,0.289441748130407,-0.176571743105436
q;1565710186301;0.0733484140161871,0.149021463919604,-0.0946363389829357,0.981558190507192,
v;1565710186301;0.173059718756133,0.286805108107164,-0.167184606955119
q;1565710186317;0.0721034876376443,0.147140422569012,-0.0902602580781102,0.982346081197814,
v;1565710186317;0.169026722969498,0.283857267880239,-0.159041534974202
q;1565710186337;0.0709478258699258,0.145808678620657,-0.0863484131015407,0.982980176132532,
v;1565710186337;0.165414623174698,0.281918567701967,-0.151712163674066
q;1565710186354;0.0690204947042654,0.143773049259998,-0.0806837313688793,0.983898114837948,
v;1565710186354;0.15969648543245,0.278882184717173,-0.141181602827992
q;1565710186371;0.0674829081072532,0.142285788705375,-0.0771219286881163,0.984506336781332,
v;1565710186371;0.155446681362367,0.276557890694302,-0.134676042256555
q;1565710186387;0.066167606972223,0.140823070024408,-0.0740188073599442,0.985044059603635,
v;1565710186387;0.15178528114999,0.274173574349958,-0.129024733578468
q;1565710186402;0.0646997917095016,0.139416768335797,-0.071276478411166,0.985543824730521,
v;1565710186402;0.147942309732249,0.271848619188468,-0.124122559040774
q;1565710186418;0.0630534577614609,0.138340448874464,-0.0691502783922192,0.985953509649451,
v;1565710186418;0.143964902154975,0.27010703782653,-0.120446259393198
q;1565710186434;0.0613393203361045,0.137153533212478,-0.0670302642639879,0.986373734824535,
v;1565710186434;0.139849276394906,0.268134064429108,-0.116811274972772
q;1565710186452;0.0598339662062777,0.135581174139199,-0.0645593849211695,0.986848341001642,
v;1565710186452;0.136019207495114,0.265397694266581,-0.11246950709028
q;1565710186469;0.0585182842261141,0.134103983373833,-0.0625488047437498,0.98725856654483,
v;1565710186469;0.132710652241711,0.26276762551229,-0.108980597375018
q;1565710186485;0.0571186731028953,0.132837561380857,-0.0603839859450193,0.98764634024344,
v;1565710186485;0.129228001506773,0.260582334880483,-0.105170131784566
q;1565710186503;0.0556474869343642,0.131148510571635,-0.0581211202548593,0.988091738947009,
v;1565710186503;0.125544171885458,0.257547364759168,-0.10122998435327
q;1565710186522;0.0540139573913426,0.129247760835001,-0.0554193912823941,0.988587918176241,
v;1565710186522;0.121418873159767,0.254136402103442,-0.0964702129216319
q;1565710186542;0.0522457948763002,0.127127902881715,-0.0525490611913588,0.989114394688375,
v;1565710186542;0.116981666981371,0.250295224642425,-0.0914215200465637
q;1565710186561;0.050236911937959,0.124943860863716,-0.0501190157694791,0.989622754038859,
v;1565710186561;0.112190512482642,0.246273488277391,-0.0873032669740126
q;1565710186579;0.0487218770616366,0.122954270043131,-0.0479548113763238,0.990054852929163,
v;1565710186579;0.108479796784333,0.242573932810581,-0.0835624992241722
q;1565710186597;0.0468473853322163,0.121206377838159,-0.0455604188040274,0.99047385973702,
v;1565710186597;0.104034208675504,0.239396869708224,-0.0794087193100464
q;1565710186614;0.045130352297347,0.119944829215217,-0.0431949281240264,0.990813189931123,
v;1565710186614;0.0999598962803872,0.237177326053673,-0.0752159169338694
q;1565710186630;0.043726667033786,0.118392673617072,-0.0408741144233422,0.99116109800311,
v;1565710186630;0.0965084757325504,0.234337191467864,-0.0710620202508302
q;1565710186646;0.0425234456503114,0.117148667545466,-0.0384886956162051,0.991456751917068,
v;1565710186646;0.0934741745093695,0.232104932781313,-0.0666970155483527
q;1565710186662;0.0411696508873886,0.116005558182892,-0.035831105887336,0.991747824391544,
v;1565710186662;0.0900948734594439,0.230096235411651,-0.0618088985189367
q;1565710186678;0.0398557549548523,0.1149022491008,-0.0328639642566155,0.992032646723055,
v;1565710186678;0.0867374258443915,0.228179212312059,-0.0562864228898062
q;1565710186695;0.0383847019660625,0.113820892092929,-0.0294099731598102,0.992323650525257,
v;1565710186695;0.0829701963720505,0.226336032149339,-0.0498223921770876
q;1565710186712;0.0372261107115537,0.112224164942299,-0.0262414964457368,0.992638491786501,
v;1565710186712;0.0798789202020714,0.223402403926527,-0.0438953161999464
q;1565710186732;0.0353936264500284,0.109976012603646,-0.0227597177158104,0.993042998897408,
v;1565710186732;0.0753721760882699,0.219178684613377,-0.0375332056164535
q;1565710186751;0.0335950069959041,0.107679121942462,-0.0194712675922111,0.993427049797292,
v;1565710186751;0.0710013154848342,0.214819953830321,-0.0315362767884942
q;1565710186769;0.0320412041685533,0.10486838813367,-0.0164119910864608,0.993834179143005,
v;1565710186769;0.0671800066661285,0.209387416870064,-0.0259628517776063
q;1565710186786;0.0301611295353674,0.102382897649434,-0.0140164664167377,0.994188839373897,
v;1565710186786;0.0628832446620356,0.20455540498312,-0.0217387366610615
q;1565710186802;0.0281208400717515,0.0999204493815236,-0.0114577347904218,0.994531876428422,
v;1565710186802;0.0582568146579569,0.199766404726237,-0.0172004974660757
q;1565710186821;0.0259633859511582,0.0971216000420644,-0.00903780231501139,0.99489274955448,
v;1565710186821;0.0534425364640835,0.194277296884972,-0.0129589406473885
q;1565710186837;0.0241667031551161,0.0945326917641336,-0.00746022960859438,0.995200352841403,
v;1565710186837;0.049532145672232,0.189153915079217,-0.0102925642614606
q;1565710186854;0.0221083105855965,0.0920109543433265,-0.00593047774506755,0.995494723429502,
v;1565710186854;0.0451240627991146,0.184156144962755,-0.00774706838811557
q;1565710186869;0.0205886581904203,0.0893849382444959,-0.00412926534762265,0.995775713671998,
v;1565710186869;0.0417536908317824,0.178953422519585,-0.0045469910399105
q;1565710186884;0.0194037134921124,0.0866048933706616,-0.0027074810376622,0.996050074760697,
v;1565710186884;0.0391330900580746,0.173420613492793,-0.00203421910740056
q;1565710186899;0.018072776575901,0.0842265235412167,-0.00126383767541725,0.996281879587535,
v;1565710186899;0.0362319837161606,0.168690138317494,0.000526482692293623
q;1565710186913;0.0167469913809787,0.0818835926153197,-6.60190287716245e-05,0.996501174067801,
v;1565710186913;0.033393811050196,0.164017418019498,0.00261249105022804
q;1565710186929;0.0156894483429117,0.0793886147737891,0.00131399800736071,0.996719354492855,
v;1565710186929;0.0310723204425567,0.159043668931582,0.00511299197017696
q;1565710186944;0.0150914926510103,0.0765672519306134,0.00248568095098985,0.996946996538471,
v;1565710186944;0.0297145656039208,0.153410505828359,0.00727048610308643
q;1565710186960;0.0144863536743637,0.0735137984667951,0.00375762820943619,0.997181778271102,
v;1565710186960;0.0283423751626364,0.147313294460317,0.00962798599369102
q;1565710186975;0.013945911337847,0.0705180801807164,0.00462990208236212,0.997402154993833,
v;1565710186975;0.02716972306127,0.141320821816708,0.0112069971370805
q;1565710186991;0.0133488196883088,0.0677032498182138,0.00543601043526284,0.997601306716214,
v;1565710186991;0.0259004244917433,0.135688182211824,0.0126580425573904
q;1565710187007;0.0129472688848953,0.0645915267179986,0.00594362229164942,0.997810026326894,
v;1565710187007;0.0250726409881221,0.129455913653282,0.0135384481658323
q;1565710187023;0.0123786535530078,0.0619079983603776,0.00592589805896397,0.997987418255158,
v;1565710187023;0.0239760570723362,0.124067125437166,0.0133648577095809
q;1565710187039;0.0120186452739218,0.0589548203610358,0.00618825293113154,0.998169031838635,
v;1565710187039;0.0232657232298081,0.118149087949191,0.0137751225731469
q;1565710187055;0.0117356061675276,0.0559948760876682,0.00641124842674469,0.998341354306194,
v;1565710187055;0.0227162414382874,0.112218753968114,0.0141196084290852
q;1565710187072;0.0116057096034863,0.0530541878697639,0.00652873779600585,0.998502796169526,
v;1565710187072;0.0224858080175794,0.106328118340383,0.0142734816860759
q;1565710187090;0.0116038012420845,0.0503823694863708,0.00677775725074016,0.998639504628124,
v;1565710187090;0.0224949668239679,0.100981987244817,0.0147105785077019
q;1565710187107;0.0118003031842555,0.048405479113862,0.0066945959402263,0.998735674469314,
v;1565710187107;0.0229246651911274,0.0970241623242059,0.014518987193994
q;1565710187123;0.0120232488251886,0.0469461386775746,0.0064489586186157,0.998804152652054,
v;1565710187123;0.0234143736616583,0.0940996363583094,0.0140156840072251
q;1565710187144;0.012428059693302,0.045046996260072,0.00603927547725862,0.998889243858407,
v;1565710187144;0.0242867953772684,0.0902932668572099,0.0131891000043539
q;1565710187162;0.0128935221646325,0.0439704679558806,0.00555651569928906,0.998934076676386,
v;1565710187162;0.0252736026469705,0.0881326421956874,0.0122392683785304
q;1565710187178;0.0131648847358043,0.0429844559740006,0.00526630489430736,0.998975040561045,
v;1565710187178;0.025852923830138,0.0861547556276404,0.011657744719754
q;1565710187194;0.0135517426000948,0.0421882768294941,0.00490132635734759,0.999005679226301,
v;1565710187194;0.0266661388092126,0.0845562484857328,0.0109404628004558
q;1565710187208;0.0136723864603977,0.0412742450423593,0.00470827379258108,0.999043111935757,
v;1565710187208;0.0269332022357861,0.0827225274880043,0.0105401896336707
q;1565710187223;0.0141033310208947,0.0401738086905087,0.00443404815169698,0.999083234911026,
v;1565710187223;0.0278281295214876,0.0805171386887436,0.00999717252717936
q;1565710187240;0.0142738994004501,0.0390763041588066,0.00419723763708844,0.999125404174972,
v;1565710187240;0.0281985428462499,0.078315211100462,0.00950659847944712
q;1565710187257;0.0144836043899962,0.0381886791302969,0.00409397430767422,0.999157120605505,
v;1565710187257;0.0286340186859668,0.0765376209432232,0.0092912089319704
q;1565710187274;0.0147963169756118,0.0371111874095422,0.00395965422910115,0.999193668108395,
v;1565710187274;0.0292790606582068,0.07438011808291,0.00901512660622308
q;1565710187290;0.0148274866136779,0.0361263064713223,0.00385656213468563,0.999229691942869,
v;1565710187290;0.0293576999986863,0.0724057443446188,0.0087824046829496
q;1565710187307;0.0146545797085409,0.0351849464625256,0.00380501801966376,0.999266055013558,
v;1565710187307;0.0290239641428037,0.070517872636052,0.00863943796057028
q;1565710187326;0.0141528744984715,0.0340522079499825,0.00385709517336316,0.999312328406936,
v;1565710187326;0.0280272679455824,0.0682465076192154,0.00867627508496072
q;1565710187343;0.0139961149791725,0.0331188231580299,0.00379976010373712,0.999346183722128,
v;1565710187343;0.0277257931071565,0.0663749208066295,0.008525000909
q;1565710187359;0.0132473354091018,0.0320553451497834,0.00397811330557984,0.999390323756175,
v;1565710187359;0.0262264845071802,0.064243261712525,0.00880381297687645
q;1565710187375;0.0129187247661968,0.0308646737282162,0.00403461984744635,0.999431816198716,
v;1565710187375;0.0255765030807413,0.0618581784835571,0.00886513485436709
q;1565710187392;0.0123360399539904,0.0295939253190118,0.00404549660341312,0.999477709850533,
v;1565710187392;0.024422177340979,0.0593091889260187,0.00881965543683715
q;1565710187407;0.0118277031215452,0.0286262383730134,0.00433293801459933,0.999510730763207,
v;1565710187407;0.023397895797134,0.0573741301233753,0.00934149414289689
q;1565710187423;0.0115799815062121,0.0275094298385284,0.00433869594287034,0.999544942221039,
v;1565710187423;0.0229127185700991,0.0551367043943173,0.00931313969994685
q;1565710187440;0.0111755032305539,0.0261847325961764,0.00451019918445407,0.999584360866388,
v;1565710187440;0.0221073205100725,0.0524854189683703,0.00960439878916588
q;1565710187456;0.0109517954204384,0.0248774126814155,0.00461150551757603,0.999619807121341,
v;1565710187456;0.0216675139750767,0.0498692863071686,0.00976685701098431
q;1565710187472;0.0105223390314563,0.0234494361656756,0.00504524114762707,0.999656845727875,
v;1565710187472;0.0208023406638604,0.047016443125964,0.0105829927889989
q;1565710187490;0.0098653700555596,0.0218003357166204,0.00543929526050474,0.999698865597257,
v;1565710187490;0.0194888752561843,0.0437170863153695,0.0113078396806581
q;1565710187508;0.00931095662330343,0.0201835758668627,0.00575453898875783,0.999736266972073,
v;1565710187508;0.0183857435062131,0.0404815618262055,0.01188418772788
q;1565710187527;0.00856013646407877,0.0183405889652187,0.00623832731507101,0.999775581859781,
v;1565710187527;0.0168884044360638,0.0367932945355698,0.0127900231183279
q;1565710187545;0.00759143024119462,0.0161771546089367,0.0066737524609831,0.999818026174996,
v;1565710187545;0.0149647314837861,0.0324590814940509,0.0135926319781745
q;1565710187562;0.00673139040948222,0.013840369116243,0.00701890632972307,0.999856895033014,
v;1565710187562;0.0132669549066923,0.0277772871166099,0.0142238649802257
q;1565710187578;0.00593126317863393,0.0121146946832056,0.00708917576621429,0.999883811898693,
v;1565710187578;0.0116896478986854,0.0243147265949036,0.0143218831485523
q;1565710187593;0.00539130841283139,0.0101813741289581,0.00746991067876683,0.999905717203563,
v;1565710187593;0.0106296924740707,0.0204439525588842,0.0150496129294767
q;1565710187608;0.00466802058942418,0.00874659931901683,0.00765227606509851,0.999921566288055,
v;1565710187608;0.00920157598073456,0.0175649152967579,0.0153862687651925
q;1565710187625;0.00408046034674955,0.00704516680625777,0.00756073835541066,0.999938206500712,
v;1565710187625;0.00805397014764033,0.0141520968847025,0.0151791125206432
q;1565710187644;0.0036292688118818,0.00531658647433281,0.0079089519447179,0.999947841261591,
v;1565710187644;0.00717412331325318,0.0106905044941695,0.0158567420151523
