q;1565695719177;0,0,0,1,
v;1565695719177;0,0,0
q;1565695719194;-0.000352944055874244,0.000380235862126821,0.00117387914633948,0.99999916804514,
v;1565695719194;-0.000706780285223902,0.000759642727036323,0.00234749067786281
q;1565695719210;-0.000974685093034,0.00057226855958542,0.00191002099097537,0.999997520175367,
v;1565695719210;-0.00195155268066101,0.0011408133628236,0.00381893350065255
q;1565695719228;-0.00160663548065842,0.000949766426369944,0.00246829049601982,0.999995208716275,
v;1565695719228;-0.00321794971826077,0.00189160338739341,0.00493355104011806
q;1565695719244;-0.00265780479635502,0.00113592541429509,0.00327350658791303,0.999990505568443,
v;1565695719244;-0.00532302118020939,0.00225446242488109,0.00654105219107984
q;1565695719262;-0.00377046646820892,0.0014565529255689,0.00395495872491269,0.999983962184045,
v;1565695719262;-0.00755240500623442,0.00288332127799956,0.00789911424408336
q;1565695719280;-0.00512536404647562,0.00163037405329193,0.00471338230010843,0.999974445378681,
v;1565695719280;-0.0102660156153434,0.00321252398864532,0.00941044595058312
q;1565695719299;-0.00663500302215456,0.00166522222541088,0.00542719923363882,0.999961847925598,
v;1565695719299;-0.0132879657909339,0.00325859186778375,0.0108330550886608
q;1565695719318;-0.00869466566533336,0.001616818037723,0.00652063405798703,0.999939620057295,
v;1565695719318;-0.0174102462640247,0.00312052935656749,0.013014705089575
q;1565695719338;-0.0110847467591964,0.00160353814227372,0.00813407367157382,0.999904163107404,
v;1565695719338;-0.0221952777574983,0.00302719086960268,0.0162357506784813
q;1565695719362;-0.0139761256074164,0.00107681171416667,0.0104255642982174,0.99984743748273,
v;1565695719362;-0.0279740878643024,0.00186260669384028,0.0208275020823943
q;1565695719382;-0.016597245663431,0.000868981165764657,0.0124756606281323,0.999784010271452,
v;1565695719382;-0.0332151109421023,0.00132419451523449,0.0249334211058876
q;1565695719402;-0.0191230825496321,0.000434357575770539,0.014410136200723,0.999713168601973,
v;1565695719402;-0.0382570446968098,0.000317565900484874,0.0288204683217612
q;1565695719421;-0.0216648317669766,1.18490624393813e-05,0.0164839600534733,0.999629385240864,
v;1565695719421;-0.0433275505874573,-0.000691203844736448,0.0329921304006936
q;1565695719438;-0.0242844379036075,-0.000308253251296423,0.0190594514191456,0.999523367873933,
v;1565695719438;-0.0485530502793906,-0.001543728631536,0.0381699446914308
q;1565695719457;-0.0270669578449101,-0.000858711899300743,0.0214352413426096,0.999403404734943,
v;1565695719457;-0.0540911795643114,-0.00288099037248072,0.0429674352576776
q;1565695719476;-0.0294917962035121,-0.001363118678173,0.0237164503836677,0.999282643824793,
v;1565695719476;-0.0589106922058069,-0.00413033987708829,0.0475797331779628
q;1565695719496;-0.032512071861216,-0.00180986213867329,0.026476432261666,0.999118967247828,
v;1565695719496;-0.0649166032148066,-0.00534943572351449,0.0531608541980136
q;1565695719513;-0.0354073056287034,-0.00248432280472741,0.0291243420399809,0.998945426218157,
v;1565695719513;-0.0706539927854435,-0.00704346598981775,0.0585425947681418
q;1565695719531;-0.0383385886502109,-0.00317155025208091,0.0323503753978784,0.998735945432068,
v;1565695719531;-0.0764494982336258,-0.00884155758325999,0.0650981266925682
q;1565695719549;-0.0411581199940687,-0.00349589868621716,0.0359328686815401,0.998500154176251,
v;1565695719549;-0.0820335194343858,-0.00997287155269723,0.0723519245933192
q;1565695719568;-0.0442333307146873,-0.00422878327494666,0.0397876985882851,0.998219655269196,
v;1565695719568;-0.0880865229932488,-0.0120092427232715,0.0802044214407492
q;1565695719586;-0.0469619245031283,-0.00477544387082404,0.0433297230289749,0.997944997696728,
v;1565695719586;-0.093452966482194,-0.0136609884889085,0.0874221878036769
q;1565695719604;-0.0495623571868639,-0.00522236358189279,0.0471879072209235,0.997642048734678,
v;1565695719604;-0.0985575990230433,-0.0151717927829672,0.0952766949681318
q;1565695719620;-0.0524763012447141,-0.00576182732676818,0.0512259863880842,0.997290781262118,
v;1565695719620;-0.104266773435512,-0.0169616603746006,0.103525175605577
q;1565695719637;-0.0556049542342487,-0.00653808815357718,0.0555522149114119,0.996884811958579,
v;1565695719637;-0.110360945978937,-0.0193322043473821,0.112404352222431
q;1565695719655;-0.058603894239606,-0.00799419430008577,0.0594573217117815,0.996477099134124,
v;1565695719655;-0.116104930474284,-0.0230581955351116,0.120533893841736
q;1565695719672;-0.0612317299435296,-0.00987885356316645,0.063150457638781,0.996074805246676,
v;1565695719672;-0.121030324582604,-0.0276193051329697,0.128302670478126
q;1565695719692;-0.0644796058049051,-0.0123648999765227,0.0678464634753624,0.995533157714473,
v;1565695719692;-0.127046841014518,-0.0336462342921093,0.138231725635329
q;1565695719709;-0.0677878140424841,-0.0145222833081289,0.0727052175170273,0.994941151129384,
v;1565695719709;-0.133171354714545,-0.0391108678252165,0.148498885509761
q;1565695719727;-0.0712630040144087,-0.0171604026131684,0.0775877541522698,0.994287285617336,
v;1565695719727;-0.139500943395308,-0.0456420940585071,0.158940726483683
q;1565695719744;-0.0748718964558335,-0.019817855574213,0.082121100719286,0.993608365906881,
v;1565695719744;-0.146050430668084,-0.0522594054973287,0.168747804359279
q;1565695719761;-0.0782669932558984,-0.0226965286903956,0.0866902240622694,0.992896738903988,
v;1565695719761;-0.152072411267748,-0.0593600966350409,0.178702678992009
q;1565695719781;-0.0819437844314493,-0.0262066891419166,0.0920634673303323,0.992029625571693,
v;1565695719781;-0.158417748750801,-0.0679867094833839,0.190474696863677
q;1565695719800;-0.0855162376922605,-0.0297346438961353,0.0979898745334374,0.991060496047473,
v;1565695719800;-0.164415905882107,-0.076807406451733,0.203438425758683
q;1565695719816;-0.0886560557042153,-0.0328180655682551,0.103485523613143,0.990128182355796,
v;1565695719816;-0.169580954313718,-0.084651307980685,0.215477535984874
q;1565695719832;-0.0914984830009062,-0.0361549909048263,0.108864572505238,0.989176098366269,
v;1565695719832;-0.174021225968054,-0.0929855167939204,0.227346342463695
q;1565695719849;-0.0941437259636668,-0.0400261970393833,0.113969593755934,0.98820325192279,
v;1565695719849;-0.17787929834274,-0.102357996921075,0.23878129044603
q;1565695719865;-0.0963374262860995,-0.0439033775739889,0.119088461677779,0.987223190614019,
v;1565695719865;-0.18073872181794,-0.111677526952517,0.250229586469619
q;1565695719882;-0.0981836372071243,-0.0476187813071726,0.124156435637905,0.986244201417554,
v;1565695719882;-0.182859083794355,-0.120605817824073,0.261529803986382
q;1565695719898;-0.0999744379599688,-0.0509529028962972,0.129925825720848,0.985153898544903,
v;1565695719898;-0.184790107630365,-0.128916977107721,0.274215803155404
q;1565695719916;-0.102324116454493,-0.0544679754039709,0.136453151209672,0.983841225489928,
v;1565695719916;-0.187574727984,-0.13794974987674,0.288626634139851
q;1565695719933;-0.104742449107911,-0.0583319175781131,0.142264943789979,0.982541100290184,
v;1565695719933;-0.190378274316392,-0.147622418859023,0.301707140803528
q;1565695719949;-0.107126897579994,-0.0614874058228827,0.147600464117324,0.981303814982496,
v;1565695719949;-0.193298423189571,-0.155819653493672,0.313724150416251
q;1565695719966;-0.109248626189119,-0.0646699042592064,0.153024437773546,0.980033668770967,
v;1565695719966;-0.195587138496556,-0.164041152347692,0.325911991653966
q;1565695719983;-0.111685988149416,-0.0678392344757627,0.159103709189135,0.978575508623529,
v;1565695719983;-0.198296395680522,-0.172529813214657,0.339557985556823
q;1565695720000;-0.113965102833394,-0.0714337281475575,0.165644411725801,0.976970360542219,
v;1565695720000;-0.20035358933294,-0.181954708194952,0.354242676234596
q;1565695720016;-0.11574868864217,-0.0753073016105167,0.171627478034461,0.97543581104766,
v;1565695720016;-0.201318348892999,-0.191664756391494,0.367750773937246
q;1565695720033;-0.117269209034337,-0.0792326944058956,0.177288100398377,0.973929669046198,
v;1565695720033;-0.201694631192472,-0.201325954878208,0.380565041867993
q;1565695720050;-0.118125996262384,-0.0830896176962941,0.182791308819147,0.9724863114279,
v;1565695720050;-0.200720797681772,-0.210539649022936,0.392869012051789
q;1565695720067;-0.119381944055911,-0.0864676134160646,0.188850985009154,0.970879296133202,
v;1565695720067;-0.200492436968505,-0.2190923089423,0.406357511408859
q;1565695720083;-0.120583682669812,-0.0900964698468452,0.19543391188945,0.969096386613893,
v;1565695720083;-0.199825811261015,-0.228235254176752,0.420972842391813
q;1565695720100;-0.121583402987689,-0.0943428957444086,0.202122298104493,0.967193661459926,
v;1565695720100;-0.198349833112483,-0.238533407118568,0.435873008570706
q;1565695720117;-0.122167226069187,-0.0989622144392039,0.207744518373329,0.965465597097725,
v;1565695720117;-0.196031918212511,-0.249140300652522,0.448512228709086
q;1565695720134;-0.122274078937231,-0.103478988025752,0.213743339920358,0.963667426185651,
v;1565695720134;-0.192616036628174,-0.259349449055314,0.461731870286983
q;1565695720151;-0.122598560751267,-0.10783566274134,0.21992209316438,0.961756400957617,
v;1565695720151;-0.189521527918502,-0.269357771917526,0.475360002421308
q;1565695720168;-0.12269247125268,-0.112462024717042,0.225954570744206,0.959814272704226,
v;1565695720168;-0.185767978466657,-0.279714466094688,0.48863591652111
q;1565695720186;-0.122187473026417,-0.117026673083804,0.231538311548294,0.958000498389847,
v;1565695720186;-0.180904110481574,-0.289490273710531,0.500723013393802
q;1565695720203;-0.121423960427728,-0.121701629096062,0.238331588445409,0.955846723519683,
v;1565695720203;-0.175006668567926,-0.299498617628455,0.515187128268971
q;1565695720218;-0.120319836754775,-0.125255480206349,0.24359366993452,0.954199298055807,
v;1565695720218;-0.169404418803899,-0.306767257041857,0.526145763297631
q;1565695720233;-0.118795562483737,-0.129920243633695,0.248872694838066,0.95240265520367,
v;1565695720233;-0.162327167093004,-0.315915768129882,0.537101914764217
q;1565695720247;-0.11693870241875,-0.134633226967903,0.254462798655179,0.950498824363555,
v;1565695720247;-0.154394573722111,-0.32493591971386,0.548518065151445
q;1565695720261;-0.115220716443678,-0.139240039591275,0.259987892140286,0.948547617868905,
v;1565695720261;-0.146708939309513,-0.333743910045966,0.559795430086462
q;1565695720275;-0.113522778632822,-0.143683933639595,0.26614246749615,0.946380316362444,
v;1565695720275;-0.138836246456699,-0.342258170480192,0.572313092809121
q;1565695720289;-0.111685040879196,-0.148370831530667,0.272464641659527,0.944073928178213,
v;1565695720289;-0.130395464127403,-0.351095049250591,0.585101159174609
q;1565695720303;-0.109508029191728,-0.153474121194174,0.278501360783204,0.941748736935868,
v;1565695720303;-0.121068135712372,-0.36039692395352,0.597147276432359
q;1565695720317;-0.107007150927087,-0.158302992220632,0.285048005836484,0.939274860045445,
v;1565695720317;-0.110998135566736,-0.36891488342889,0.610017070815088
q;1565695720333;-0.104473757097648,-0.16397016026165,0.293087107593732,0.936108418182997,
v;1565695720333;-0.0996472743885351,-0.379077139611861,0.625978092450009
q;1565695720350;-0.101320689251497,-0.170426071470574,0.302108474822232,0.932426715827328,
v;1565695720350;-0.086080180744293,-0.390280645737153,0.643682997459578
q;1565695720368;-0.0980573037740924,-0.17781975452372,0.311284975676912,0.928367663130816,
v;1565695720368;-0.0714219301469677,-0.403034691725183,0.661642126161657
q;1565695720385;-0.0946025273673727,-0.18504245904619,0.319613073096261,0.924476706585212,
v;1565695720385;-0.0566620026983999,-0.415070517680906,0.677653653143912
q;1565695720402;-0.0907549446658897,-0.192952018741936,0.328168585205348,0.920238260750561,
v;1565695720402;-0.0404017532727745,-0.427973779253725,0.693888244336585
q;1565695720419;-0.0867768055104134,-0.201126060226752,0.335690434085697,0.916149591593542,
v;1565695720419;-0.0239711765722473,-0.441068610554348,0.707819016909155
q;1565695720435;-0.0828607082644006,-0.208807355064841,0.342532333798279,0.912252762165761,
v;1565695720435;-0.00813336836157779,-0.453094187015903,0.720256936597135
q;1565695720453;-0.0780097549817526,-0.216640179112586,0.349319030680744,0.908271795961177,
v;1565695720453;0.00964510377215357,-0.464591633470565,0.732034676427952
q;1565695720469;-0.073207120022262,-0.223622457934332,0.355319629507667,0.904644472883039,
v;1565695720469;0.0264651540747755,-0.474373767883897,0.742122880010975
q;1565695720487;-0.0671804646798679,-0.231151543800355,0.36120675225036,0.900880343047087,
v;1565695720487;0.0459600554270049,-0.484203312676189,0.751296286209904
q;1565695720504;-0.0614782112564525,-0.237297482401414,0.365735377616772,0.897857443385492,
v;1565695720504;0.0632209355724128,-0.491593341267099,0.75777474259455
q;1565695720521;-0.054637071559633,-0.242661613812031,0.369417380470636,0.895355174621293,
v;1565695720521;0.0815379860176222,-0.496655179506093,0.761944675253496
q;1565695720537;-0.0475292579139728,-0.248093959815134,0.372626781248914,0.892938791791845,
v;1565695720537;0.10017895007108,-0.501678486001841,0.764978315100758
q;1565695720553;-0.040574309871433,-0.253350380359565,0.374697512843131,0.89093718603551,
v;1565695720553;0.117833685041787,-0.506602577038716,0.765681752465504
q;1565695720570;-0.0325399507974473,-0.258230898051147,0.376014723032042,0.88930921336509,
v;1565695720570;0.13674687256815,-0.510168023482651,0.764329109076678
q;1565695720588;-0.0224082305301715,-0.261680799923837,0.376775055744383,0.88829137561638,
v;1565695720588;0.158036540641322,-0.509639939772816,0.761067085769434
q;1565695720606;-0.0127671925526227,-0.264611895803136,0.378251791671771,0.886985426811697,
v;1565695720606;0.178477251465059,-0.508428391307068,0.759700468294652
q;1565695720621;-0.00426892987888776,-0.267135720301562,0.379053920203082,0.885967528827557,
v;1565695720621;0.196209956154669,-0.507400371867348,0.757522944193899
q;1565695720637;0.00510716116504182,-0.270007618635373,0.379084981946539,0.88507871829393,
v;1565695720637;0.215414273884845,-0.506706470799443,0.753359435744663
q;1565695720653;0.0152109486789302,-0.272656242495409,0.378735467319383,0.884300058907761,
v;1565695720653;0.235604949015341,-0.505301524802093,0.748215822176933
q;1565695720670;0.0262109993578623,-0.275155197881094,0.37827424876685,0.883465463758268,
v;1565695720670;0.25731128334616,-0.503194281776133,0.742623683389126
q;1565695720685;0.0356891592231708,-0.276512797587478,0.377299082998576,0.883126449795613,
v;1565695720685;0.275150865782834,-0.500081683619305,0.736830964307298
q;1565695720703;0.0457983058650162,-0.27697991391651,0.375679619311205,0.883204068183778,
v;1565695720703;0.293192459349624,-0.495104935444659,0.729749687887738
q;1565695720719;0.0554503108551867,-0.276924544231574,0.373357288444381,0.88365283596892,
v;1565695720719;0.309708735725328,-0.489726489307366,0.721554949816216
q;1565695720736;0.0661857727851011,-0.27736478001557,0.370300005783759,0.884062282320847,
v;1565695720736;0.328307142512219,-0.485107879187543,0.711397077582978
q;1565695720753;0.0773270710049623,-0.277943296163829,0.366681107107093,0.884484616822106,
v;1565695720753;0.347578720484917,-0.480958936330518,0.699956760573818
q;1565695720770;0.0884578854711092,-0.278103784032967,0.363500834896267,0.884703715974399,
v;1565695720770;0.366874793542398,-0.476043467158699,0.689725889430325
q;1565695720787;0.0986420348861916,-0.278928336489364,0.360223739797853,0.88470758420249,
v;1565695720787;0.384927485873687,-0.473302916352094,0.679411434706325
q;1565695720803;0.108816105861147,-0.279508830301103,0.355775008197718,0.885131646400586,
v;1565695720803;0.402280351320885,-0.470784508594826,0.666638461070382
q;1565695720820;0.121063823013028,-0.279172309812296,0.350464071708057,0.885765992866547,
v;1565695720820;0.422616512965395,-0.465902524397361,0.651821427577794
q;1565695720840;0.134945853845722,-0.277822703219452,0.344996675106584,0.886330313660953,
v;1565695720840;0.445499875758166,-0.458463235054259,0.63678968767036
q;1565695720857;0.146562552295407,-0.27688029907098,0.340755290400844,0.886421203615379,
v;1565695720857;0.465118998228902,-0.452763862924163,0.625004866855293
q;1565695720875;0.159096821723758,-0.276113849992078,0.33606889638163,0.886288396513642,
v;1565695720875;0.486571316543049,-0.447506356264672,0.612029035142771
q;1565695720891;0.170529127976764,-0.275457926665205,0.33096283376253,0.886288012459608,
v;1565695720891;0.505915564123453,-0.443553561887363,0.598337674080573
q;1565695720908;0.18355761616758,-0.27334084228433,0.324455604799834,0.88674685271859,
v;1565695720908;0.526964787098096,-0.436805783660097,0.581930364285058
q;1565695720926;0.195530693537187,-0.271806770430166,0.318978502693954,0.886646272245712,
v;1565695720926;0.547008017062864,-0.431558926577923,0.567856497060341
q;1565695720944;0.207368314383979,-0.270596910235891,0.313086467841939,0.886426818213272,
v;1565695720944;0.566964684709949,-0.427699485212282,0.55267909643958
q;1565695720966;0.22347256323716,-0.268683916901948,0.303565616850658,0.886406677546585,
v;1565695720966;0.593542993875365,-0.423477880654502,0.528615204767079
q;1565695720984;0.236786097418481,-0.265600318973896,0.296334410590568,0.886326527640021,
v;1565695720984;0.615237668108022,-0.416635704818029,0.511198518218973
q;1565695721008;0.252218708894136,-0.26186789547998,0.28857762236283,0.885739168398846,
v;1565695721008;0.640926601783514,-0.408397827761806,0.492669510692211
q;1565695721027;0.266227851964782,-0.258610248493661,0.280324882795646,0.885246531201814,
v;1565695721027;0.664091977276629,-0.402688881913227,0.472818376944725
q;1565695721044;0.278924885519622,-0.254399068885223,0.272919230841444,0.884871245473758,
v;1565695721044;0.684758560977873,-0.394876002058823,0.455985036132475
q;1565695721060;0.290257899419714,-0.249685828736309,0.267155375930321,0.884327612678392,
v;1565695721060;0.703349586302521,-0.385125595586331,0.443921772128296
q;1565695721076;0.300479051539052,-0.245606210834507,0.261967098870992,0.883608004137501,
v;1565695721076;0.720410034828202,-0.37691869343663,0.433018105548239
q;1565695721092;0.310914156891131,-0.241710330537673,0.256240069865726,0.882751191961169,
v;1565695721092;0.73797540257325,-0.369808740317077,0.420615579604094
q;1565695721107;0.321335857379768,-0.237711849332141,0.249893821014418,0.881923745477453,
v;1565695721107;0.755417813413377,-0.363285866056812,0.406740446682035
q;1565695721122;0.331534629646269,-0.233484409779718,0.243199570641539,0.881149151906449,
v;1565695721122;0.772362742368754,-0.356853803984012,0.39220275970952
q;1565695721138;0.341624865367273,-0.228934189031994,0.237034618760197,0.880168284066357,
v;1565695721138;0.789363881252746,-0.349313065013219,0.379393533802745
q;1565695721154;0.351890374978613,-0.224081399194674,0.23111709017118,0.87894567882824,
v;1565695721154;0.806924400287385,-0.340880932161582,0.367577456576573
q;1565695721170;0.360636955705722,-0.219351734888763,0.225934898744167,0.877940331997709,
v;1565695721170;0.821772446581153,-0.332400578861701,0.357851054673432
q;1565695721185;0.369503689197217,-0.215139150241727,0.219143424621638,0.877016741970972,
v;1565695721185;0.836667252535909,-0.327355227957322,0.343134887124995
q;1565695721201;0.378876319796353,-0.210354153278712,0.210775431192808,0.87622919789765,
v;1565695721201;0.852062410150543,-0.322882107959629,0.324576188147546
q;1565695721216;0.387229246336364,-0.206312078427357,0.203271291495479,0.875311154240903,
v;1565695721216;0.866035932343009,-0.319930055954146,0.307470067041075
q;1565695721231;0.395898694440759,-0.201465882497991,0.1956690138987,0.874293590948926,
v;1565695721231;0.880574262111697,-0.315144871201354,0.290911400941043
q;1565695721246;0.404440681658783,-0.19635037661558,0.187876519040394,0.873256338685917,
v;1565695721246;0.894889614649945,-0.310188710180229,0.274042586554906
q;1565695721262;0.411759946690685,-0.190896968052907,0.180273755426295,0.872647361523559,
v;1565695721262;0.906693194185968,-0.30436360233493,0.258272818459416
q;1565695721277;0.417621458211931,-0.185986941392771,0.17295589584955,0.872403222257506,
v;1565695721277;0.915723705021192,-0.30002603532867,0.242734907864557
q;1565695721293;0.423373887141859,-0.181438597645826,0.165336831502844,0.872065542960175,
v;1565695721293;0.92466071406743,-0.29742764270859,0.225686351900216
q;1565695721308;0.429405505775291,-0.176903503548142,0.157295683745304,0.871535493974686,
v;1565695721308;0.93422158004538,-0.295772604010536,0.207133605395465
q;1565695721323;0.434903952511133,-0.172316360950051,0.149218627603172,0.871148381708422,
v;1565695721323;0.942716657721467,-0.29428552411537,0.188490757477261
q;1565695721341;0.440187311712003,-0.167176740089223,0.140409416660275,0.870960546575792,
v;1565695721341;0.950520120962272,-0.292484327548527,0.168368199875579
q;1565695721357;0.444634280810845,-0.162586810013976,0.131808574088234,0.87091470160491,
v;1565695721357;0.956775044561933,-0.292231046474312,0.14807748300127
q;1565695721374;0.448943419877072,-0.157697912434401,0.122278977330042,0.870993057565747,
v;1565695721374;0.96249418349074,-0.292740966664986,0.125290860755815
q;1565695721394;0.453341834818957,-0.151963559014744,0.112146761192974,0.871097778555292,
v;1565695721394;0.968248933981302,-0.291855048669874,0.101806855491287
q;1565695721413;0.45741624805539,-0.145890277115941,0.101064887124165,0.8713623287426,
v;1565695721413;0.973109182804235,-0.291622406126181,0.0758870529821336
q;1565695721431;0.461523931918758,-0.14021537489437,0.090527649540401,0.871286451841586,
v;1565695721431;0.97843718740829,-0.29209665073797,0.0507553056429337
q;1565695721447;0.464198492814998,-0.134449654566465,0.0819373384345565,0.871624539580144,
v;1565695721447;0.981346213244742,-0.288774119523843,0.0324115122135185
q;1565695721464;0.466487666836424,-0.128957267525137,0.0738450653973853,0.871955369424962,
v;1565695721464;0.983710656325024,-0.285471861910802,0.0152825721944523
q;1565695721480;0.468419853614307,-0.123606088893294,0.0655795541435489,0.872355277574151,
v;1565695721480;0.98535648926719,-0.28285321642925,-0.00250061191092301
q;1565695721496;0.469753414417406,-0.11815175454272,0.0577656473822188,0.872946143585283,
v;1565695721496;0.985935788206318,-0.278940465944645,-0.0183891788353338
q;1565695721513;0.470229824362953,-0.112796856135172,0.0499515343090107,0.873879596108092,
v;1565695721513;0.984719989064356,-0.274948751139123,-0.0339565562583697
q;1565695721529;0.470090391375544,-0.107395523753653,0.0421134400309583,0.875047292595553,
v;1565695721529;0.982249406336298,-0.270525790731134,-0.0491390256867264
q;1565695721546;0.470548468970049,-0.101146477891335,0.0332461920768131,0.875927068772384,
v;1565695721546;0.981006787346313,-0.265439098889599,-0.0664766427301813
q;1565695721562;0.470296478800862,-0.0953908813444805,0.0256063476322058,0.876964167831805,
v;1565695721562;0.978662382200116,-0.259515189337889,-0.0803761507569305
q;1565695721580;0.469295574193193,-0.0886852935166091,0.0180105909667306,0.878391888588406,
v;1565695721580;0.974899346660648,-0.250074426155706,-0.0920647611661877
q;1565695721597;0.468364108904737,-0.0826370555521303,0.0108518233719883,0.879595618568433,
v;1565695721597;0.971505012441689,-0.242065235245531,-0.103575319092628
q;1565695721614;0.466875927840266,-0.076185834068776,0.00370845415819604,0.881027122147546,
v;1565695721614;0.967069870097536,-0.232451560387169,-0.114044060834851
q;1565695721631;0.465415865202384,-0.0710148898645052,-0.00370429826231883,0.882230867046977,
v;1565695721631;0.962604225170037,-0.227283550659569,-0.127472957007361
q;1565695721653;0.463289137205104,-0.0640524465125459,-0.0134225783592331,0.883787532585297,
v;1565695721653;0.956499295640528,-0.219769689949277,-0.144635054447192
q;1565695721670;0.46125817703839,-0.0580275597898284,-0.0204243917087878,0.885130800791032,
v;1565695721670;0.95131081385389,-0.210934424922188,-0.155091134814228
q;1565695721688;0.459389372504364,-0.0525943840045286,-0.026922987889878,0.886267718416548,
v;1565695721688;0.946632273343958,-0.203240602129498,-0.165090784958055
q;1565695721705;0.456961545538416,-0.0466465977164333,-0.0341776892729432,0.887604742391874,
v;1565695721705;0.940773269438064,-0.194797765230182,-0.176251186715725
q;1565695721723;0.454629541147729,-0.0404146969946329,-0.0424345964415546,0.888750774588376,
v;1565695721723;0.935127445354009,-0.187072511026423,-0.190079698055785
q;1565695721741;0.451706833237577,-0.0326960564127445,-0.0498722736064653,0.890171171510412,
v;1565695721741;0.92884940980537,-0.173333352770093,-0.198932223405105
q;1565695721758;0.448025821776759,-0.024995322300842,-0.0556767020606244,0.891935089833558,
v;1565695721758;0.921379495549356,-0.156875776657149,-0.202662216263921
q;1565695721779;0.443420075859649,-0.0160846102719668,-0.0615201524873569,0.89405543361173,
v;1565695721779;0.91228682144946,-0.136581043513276,-0.204497159310628
q;1565695721797;0.440161589884607,-0.00765639210762956,-0.0670622794610011,0.895378063169498,
v;1565695721797;0.90624757763251,-0.118236600800554,-0.20713963167295
q;1565695721820;0.435748224401041,0.00263724777713568,-0.0744014459742234,0.896984366038801,
v;1565695721820;0.898046530577184,-0.0966125847358196,-0.212094204011002
q;1565695721838;0.430856230892951,0.0112280849457532,-0.0801125242293108,0.898787425795471,
v;1565695721838;0.888767402543257,-0.0775730350196391,-0.214748638593855
q;1565695721855;0.42687086865011,0.0173863875940159,-0.084427306737074,0.900194979434866,
v;1565695721855;0.881147963909086,-0.0641316787022538,-0.217273490955384
q;1565695721872;0.42283672345419,0.0226743411507063,-0.0893303424463882,0.901507070583948,
v;1565695721872;0.873267159502824,-0.0539897063843486,-0.222735565661434
q;1565695721887;0.418552455568383,0.0275740493421806,-0.0938623328362733,0.902908239948077,
v;1565695721887;0.86486124024413,-0.0443754704651367,-0.227651829937826
q;1565695721902;0.414043222703282,0.031923670093989,-0.0980548011489152,0.904397209943346,
v;1565695721902;0.855928071930259,-0.0357877370615489,-0.232322693519654
q;1565695721918;0.409255354696307,0.0360613204092561,-0.101994406209321,0.905983873421835,
v;1565695721918;0.846421135836026,-0.0273799864872671,-0.236546533680631
q;1565695721934;0.4042042107929,0.0402510662353847,-0.106239560917037,0.907585791741855,
v;1565695721934;0.836425479925936,-0.0191355890326418,-0.241558686005548
q;1565695721948;0.399834882224203,0.0436466939630591,-0.109896220345457,0.908927862073739,
v;1565695721948;0.827785931937616,-0.0126199831910907,-0.246190557068941
q;1565695721962;0.395190936441281,0.0468510169775611,-0.11332707664774,0.910376873319766,
v;1565695721962;0.818562462080057,-0.00624573086455124,-0.250402451115672
q;1565695721976;0.390252760870436,0.0503999960435037,-0.116452508430307,0.911921858848872,
v;1565695721976;0.808856787702058,0.00149189030430114,-0.253386772466601
q;1565695721992;0.384781063227708,0.0546105461512498,-0.120087565546096,0.913531714498824,
v;1565695721992;0.798249638297658,0.0105481868813834,-0.256960646941688
q;1565695722006;0.379568799813344,0.0585157161918165,-0.123296917303277,0.915041701255214,
v;1565695722006;0.788181527826479,0.0191312593922561,-0.259919923092553
q;1565695722021;0.374317128906061,0.0626776993748921,-0.126884441599593,0.916437961443781,
v;1565695722021;0.778177346736621,0.0279319785884208,-0.263706102137371
q;1565695722035;0.369382242799342,0.0662360395804721,-0.129959526588996,0.917758146521962,
v;1565695722035;0.768730282124552,0.0355779861492442,-0.26694831584489
q;1565695722049;0.364520292498204,0.0697564173640157,-0.13257142492329,0.919066840823978,
v;1565695722049;0.759463460173435,0.0435485527984667,-0.269132525752441
q;1565695722063;0.359565853784748,0.0734383398919302,-0.134726590447454,0.920417232241385,
v;1565695722063;0.75006922586061,0.052374246448298,-0.270064787357015
q;1565695722077;0.354196772255526,0.0772326297658058,-0.136277594480243,0.921958850354125,
v;1565695722077;0.739826601153313,0.0621485142700877,-0.269395431529561
q;1565695722095;0.348020027591898,0.08132009036471,-0.138289330209932,0.923658535130339,
v;1565695722095;0.728022486250941,0.0723600897363082,-0.269651703601276
q;1565695722110;0.342759634732848,0.0849105531607199,-0.140070947082034,0.9250331108267,
v;1565695722110;0.718046849635517,0.0811798873553792,-0.270081759763991
q;1565695722128;0.335818359660518,0.0893637844000875,-0.142449262976445,0.926794662573014,
v;1565695722128;0.704862283750129,0.0919893753105683,-0.271161994639939
q;1565695722145;0.329044365094825,0.0930985158424395,-0.144269588576953,0.928573506263923,
v;1565695722145;0.691828484558308,0.101403901084372,-0.271695382719509
q;1565695722161;0.322320359784362,0.0966710704936495,-0.145568293085631,0.930362364978739,
v;1565695722161;0.678844282472593,0.110773916012328,-0.271263558594068
q;1565695722178;0.316061316455784,0.0996471524290532,-0.14662948385038,0.932027596093975,
v;1565695722178;0.666677299247777,0.118693392001241,-0.270946970157801
q;1565695722199;0.307493885099718,0.103116914226877,-0.14779659762475,0.93432893896488,
v;1565695722199;0.64986826573038,0.128210546673499,-0.270526283440246
q;1565695722217;0.298964752775013,0.105341377433581,-0.14856913441467,0.936723308895597,
v;1565695722217;0.632788264673614,0.134982998300289,-0.270337492297596
q;1565695722234;0.29116740197597,0.107205361651944,-0.148773666379757,0.93893288467763,
v;1565695722234;0.617099379162589,0.141084008129098,-0.269251955296388
q;1565695722250;0.283741414057083,0.108969345117549,-0.148231068876363,0.941086637226348,
v;1565695722250;0.602077382298324,0.147324823156432,-0.266638497072723
q;1565695722265;0.276896208815071,0.110126052194611,-0.14780943662188,0.943055254104284,
v;1565695722265;0.588137207663146,0.151854394905035,-0.264870261159436
q;1565695722280;0.26989055884372,0.111708970192887,-0.147645039154834,0.944923864911077,
v;1565695722280;0.57405154550907,0.157149217365238,-0.263520789798187
q;1565695722296;0.262742896439374,0.112921625923062,-0.147218923934033,0.946858753411475,
v;1565695722296;0.559555125641759,0.161744556327948,-0.261928196410021
q;1565695722313;0.255273822918,0.114166399401817,-0.146272150303105,0.948897128293192,
v;1565695722313;0.544342724628778,0.166745645764439,-0.259253642882036
q;1565695722328;0.248378505796572,0.114764959786584,-0.144953110574595,0.950855226704114,
v;1565695722328;0.530094734679267,0.170328857994777,-0.256223764382172
q;1565695722346;0.241222179240456,0.115078454216729,-0.143583585102269,0.952865519342518,
v;1565695722346;0.515248783483505,0.173289144342921,-0.253357075526589
q;1565695722364;0.233680845460128,0.115191684879149,-0.141665308033194,0.95501577310697,
v;1565695722364;0.499486819933598,0.176126567424119,-0.2494953920939
q;1565695722380;0.226972851477438,0.115383189444143,-0.139294160121385,0.956957289260777,
v;1565695722380;0.485387412178003,0.179139291755056,-0.244626788013331
q;1565695722400;0.219396244786105,0.115178656653966,-0.137037798687151,0.959072414026308,
v;1565695722400;0.469456253546349,0.181296054781233,-0.240383490390071
q;1565695722418;0.211647507052069,0.114380408449035,-0.13376134823881,0.961369031628418,
v;1565695722418;0.452863383793437,0.182623107214211,-0.234313301248711
q;1565695722436;0.204422277418613,0.113464195661332,-0.130244473083285,0.963521572687432,
v;1565695722436;0.437290761922148,0.183611059872542,-0.227814883310576
q;1565695722454;0.197089198107324,0.11214996059857,-0.126366011621099,0.965717318639695,
v;1565695722454;0.42136757646635,0.183821428899701,-0.220807927586027
q;1565695722472;0.188860546385918,0.11066656556446,-0.122696440454386,0.968003142690471,
v;1565695722472;0.403665635352617,0.183610559303129,-0.21448787960088
q;1565695722489;0.180397036338558,0.10877519921801,-0.119116697619377,0.970276276981886,
v;1565695722489;0.385458262885194,0.182428972011585,-0.208612486594356
q;1565695722506;0.171719815303396,0.106315875814885,-0.114814136313267,0.972639157258961,
v;1565695722506;0.366613420651974,0.180271968907017,-0.20149243628286
q;1565695722522;0.164144653472687,0.103890931760175,-0.110914545571979,0.974659524711328,
v;1565695722522;0.350126175817558,0.177767882410737,-0.195098688782945
q;1565695722538;0.15641204073101,0.101135546895149,-0.106777429290395,0.976680827440976,
v;1565695722538;0.333261980005463,0.174594865569096,-0.188350828060702
q;1565695722555;0.148191116387109,0.0978353681669407,-0.102142652267228,0.97879235540647,
v;1565695722555;0.315280325685714,0.170431698790942,-0.180803090312142
q;1565695722572;0.138469440238597,0.093741136032137,-0.0976260025638807,0.981074907527398,
v;1565695722572;0.294227810896674,0.164686358638145,-0.173907374033877
q;1565695722592;0.127628657794068,0.0895459332611344,-0.0933228178663356,0.983353030435837,
v;1565695722592;0.271027336176223,0.158724555676689,-0.167551836362008
q;1565695722609;0.118007309183257,0.0855659869446648,-0.088759739097732,0.985329601921695,
v;1565695722609;0.250348715842349,0.153020946707288,-0.160385539260498
q;1565695722624;0.109422922423682,0.081201198086261,-0.0848406584790413,0.987033445556797,
v;1565695722624;0.231858301432894,0.146146070713534,-0.154440044690709
q;1565695722638;0.102036088043971,0.0773834229343503,-0.081748091972688,0.988391493974869,
v;1565695722638;0.216031532331476,0.139987775228007,-0.149836271590342
q;1565695722654;0.0943220375855355,0.0735374064073191,-0.0788923982591445,0.989682612712304,
v;1565695722654;0.199624034859798,0.133720582175958,-0.145682083703214
q;1565695722668;0.0867844290493535,0.0700312217234193,-0.0759009813891006,0.990859802679119,
v;1565695722668;0.183643774339652,0.128106557611645,-0.141091486658783
q;1565695722683;0.0799489182145726,0.0666934034352923,-0.0726208917706016,0.991910450052119,
v;1565695722683;0.16909568787868,0.122750220178166,-0.135749463033467
q;1565695722699;0.0736236098993304,0.0636363241532046,-0.0686990052128454,0.992879835168074,
v;1565695722699;0.155569047393764,0.117945035357397,-0.128959656571833
q;1565695722715;0.0670587870959793,0.0602593321484253,-0.0648266986070166,0.993815566942489,
v;1565695722715;0.141573413166873,0.112438241627338,-0.122294828277023
q;1565695722731;0.0607844912967093,0.0564624895718091,-0.0611019772468062,0.994677698209813,
v;1565695722731;0.128172547884325,0.105961591578653,-0.115897308434175
q;1565695722750;0.0539192777789208,0.0520803151764627,-0.0571885660114541,0.995545008703253,
v;1565695722750;0.113558843940714,0.098320041648105,-0.109169789658144
q;1565695722768;0.0482874808457364,0.0485959105816874,-0.0538268770926769,0.996197443900116,
v;1565695722768;0.101614039759515,0.092229686531109,-0.10326641620963
q;1565695722787;0.0422353998499968,0.0452034297293831,-0.0502165693167108,0.99682052013222,
v;1565695722787;0.0888590401052441,0.0863249150156696,-0.0968281033771263
q;1565695722805;0.03613148392212,0.0415096027180122,-0.0463896609341103,0.997406367968103,
v;1565695722805;0.0759999183919393,0.0797661993776386,-0.0899194164200325
q;1565695722823;0.0307449046580791,0.0377403843130305,-0.0432204698183345,0.997878977827808,
v;1565695722823;0.064666763400542,0.0728797489346106,-0.0842122565522076
q;1565695722840;0.0254899590313233,0.034217335383408,-0.0407640096569048,0.998257381571047,
v;1565695722840;0.0537065658682703,0.0663816528492098,-0.0798413467779716
q;1565695722857;0.0196378636043083,0.0303972133381101,-0.0387306634213872,0.998594165530051,
v;1565695722857;0.0415871068750349,0.0592737063138061,-0.0762984679911606
q;1565695722875;0.0146224278338047,0.0272039500341103,-0.0367409123513177,0.998847425714411,
v;1565695722875;0.0312152137360802,0.0533219361536598,-0.0727009670570579
q;1565695722891;0.00943833818852244,0.0238117895824237,-0.0343578433837957,0.999081294866262,
v;1565695722891;0.0204970129483263,0.0469583815372674,-0.0682704200500862
q;1565695722908;0.00490204775490202,0.0208992818389259,-0.0325488181996015,0.999239544496081,
v;1565695722908;0.0111573652709094,0.0414621246112713,-0.0648928054438382
q;1565695722923;0.000911553154657324,0.0181152531906668,-0.0307117653189305,0.999363700421455,
v;1565695722923;0.00293465328920469,0.0361594970817444,-0.0613902386180345
q;1565695722939;-0.00268445571750184,0.0155369181546863,-0.028840542558328,0.999459650035378,
v;1565695722939;-0.00446983892951526,0.0312172697342628,-0.0577660315872958
q;1565695722954;-0.00639736710820776,0.0124660050774317,-0.0267651119378867,0.999543543591912,
v;1565695722954;-0.0121218827981759,0.0252676270782708,-0.0536950300565441
q;1565695722970;-0.00959513551786553,0.00921369950439999,-0.0248064600805505,0.999603819460434,
v;1565695722970;-0.0187266441991183,0.018900580220212,-0.0497993870300085
q;1565695722987;-0.0127975513110017,0.00666838594908757,-0.0234599391633171,0.999620615618733,
v;1565695722987;-0.0252752034144266,0.0139370742462188,-0.0471052139375704
q;1565695723004;-0.0152036859640822,0.00505827112440563,-0.0220555489835674,0.999628328527222,
v;1565695723004;-0.0301775246335278,0.0107885547923876,-0.0442831394554867
q;1565695723018;-0.0171290629081684,0.00393695707077793,-0.0208512649859171,0.999628118086513,
v;1565695723018;-0.0340878059348593,0.00859040727862864,-0.0418584266454258
q;1565695723034;-0.018915882258172,0.00287042616208251,-0.0196374030659541,0.999624114583589,
v;1565695723034;-0.0377137482535042,0.00648626972967316,-0.0394068490802369
q;1565695723049;-0.0200129984224849,0.00164058003405539,-0.018623076089705,0.999624924494306,
v;1565695723049;-0.0399605130395264,0.00402856352111796,-0.0373363210057844
q;1565695723066;-0.0205586328424599,-8.2012909422835e-05,-0.0174511868433452,0.999636286308107,
v;1565695723066;-0.0411167574861024,0.000554047220653086,-0.0349229153317871
q;1565695723083;-0.0204269671244194,-0.00167747116450064,-0.0161098425763697,0.999660197201769,
v;1565695723083;-0.0409055062002797,-0.00269791197070403,-0.0321726636668405
q;1565695723100;-0.0194437019891774,-0.00276908736419058,-0.0142731302906632,0.999705198147782,
v;1565695723100;-0.0389648460301427,-0.00498530172665078,-0.028455598341359
q;1565695723117;-0.0187807753462291,-0.00323623741840422,-0.01268314968901,0.999737949347525,
v;1565695723117;-0.0376426881733526,-0.00599866536944807,-0.0252586711803101
q;1565695723134;-0.0177703609875379,-0.0036452008307023,-0.0115099939426478,0.999769179826914,
v;1565695723134;-0.0356239653262489,-0.00688406744275308,-0.0229016522756781
q;1565695723152;-0.015971568514397,-0.00340457730891663,-0.0109799444501032,0.999806371595381,
v;1565695723152;-0.0320171859264778,-0.00646045824497597,-0.0218598272883167
q;1565695723170;-0.014743198782456,-0.00297408288673935,-0.00971415960315758,0.999839677493971,
v;1565695723170;-0.0295437492696844,-0.00566327820484902,-0.019347158657408
q;1565695723186;-0.0139298957490918,-0.00282905195087302,-0.00868540277356838,0.999861252456767,
v;1565695723186;-0.0279086917812244,-0.00541748152061825,-0.0172971766802691
q;1565695723202;-0.0130821101714776,-0.00249646734262168,-0.00820941708476508,0.999877585391639,
v;1565695723202;-0.0262050056135234,-0.00477918951307814,-0.0163578515525499
q;1565695723218;-0.0119236895918601,-0.00228347359551972,-0.0085008789741039,0.999890196559472,
v;1565695723218;-0.0238858549423237,-0.0043649810232182,-0.0169510831328094
q;1565695723235;-0.0109132405995278,-0.0021478614553226,-0.00909411541934974,0.999896831259737,
v;1565695723235;-0.02186503735246,-0.00409777814600394,-0.0181448066775569
q;1565695723251;-0.00999287294792661,-0.0017843475417768,-0.00949276970624646,0.999903379065994,
v;1565695723251;-0.020019028770914,-0.00337931374712352,-0.0189529756327271
q;1565695723268;-0.00950026006331506,-0.00184205505769096,-0.00966544743556941,0.99990646085869,
v;1565695723268;-0.0190355009727054,-0.00350075835879714,-0.0192987807352916
q;1565695723285;-0.00885356947642491,-0.00245708813178873,-0.0106541388517565,0.999901033652555,
v;1565695723285;-0.0177586762708673,-0.00472579836528078,-0.0212676173781211
q;1565695723302;-0.00857106389371509,-0.00333016973468302,-0.0117851066780237,0.99988833994365,
v;1565695723302;-0.0172195574659154,-0.00645857636803145,-0.0235161487058787
q;1565695723318;-0.00822061833905205,-0.00360143190636746,-0.0125318712720801,0.999881225200252,
v;1565695723318;-0.016530302045262,-0.00699698186114683,-0.0250075762988805
q;1565695723335;-0.00797103007002251,-0.00355053746246002,-0.0129914279454934,0.999877512724869,
v;1565695723335;-0.0160330474404146,-0.0068940356771578,-0.0259293080783151
q;1565695723351;-0.00762435345175275,-0.00349693140877304,-0.0133199196149797,0.999876128839018,
v;1565695723351;-0.0153405774034152,-0.00679073614213904,-0.0265894769214437
q;1565695723368;-0.00682279145429332,-0.00303837750522662,-0.0133787670164829,0.999882598203788,
v;1565695723368;-0.0137257113543308,-0.00589406983579646,-0.0267186276008307
q;1565695723388;-0.00575639970760633,-0.00340721910570881,-0.0131756376204817,0.999890814937775,
v;1565695723388;-0.011601587212337,-0.00666250336117714,-0.0263139787499131
q;1565695723404;-0.00441807595924143,-0.00380008404825795,-0.0121614804865319,0.999909064326095,
v;1565695723404;-0.00892789629571364,-0.00749238497355658,-0.0242905276116734
q;1565695723419;-0.00316754091673885,-0.00415102907799071,-0.0110176660592458,0.999925706744812,
v;1565695723419;-0.00642612471178986,-0.00823190649026082,-0.0220096292939888
q;1565695723436;-0.0017298761899866,-0.00479385611182846,-0.00957321322116622,0.999941182466535,
v;1565695723436;-0.00355134156422325,-0.0095542329554232,-0.0191300021398957
q;1565695723453;-0.000605592586856218,-0.00591964313043032,-0.00800383222966633,0.999950274329588,
v;1565695723453;-0.00130588497883059,-0.0118292893886134,-0.0160003950343789
q;1565695723470;0.000243357307958492,-0.00725121564991681,-0.00673751682874413,0.999951036540567,
v;1565695723470;0.00038898041955446,-0.0145055102340199,-0.0134783122510435
q;1565695723487;0.00108852792127026,-0.00846081063546865,-0.00590683423081068,0.999946157947964,
v;1565695723487;0.00207698690693243,-0.016934415590156,-0.0118317536198351
q;1565695723504;0.00173693443838638,-0.0101192980864575,-0.00561995964206424,0.999931486145007,
v;1565695723504;0.00335989709651203,-0.0202582325115055,-0.0112746048098062
q;1565695723521;0.00178392125348054,-0.0115008408472703,-0.00470123612592255,0.99992126539508,
v;1565695723521;0.00345943215757163,-0.0230188144242033,-0.00944296198172845
q;1565695723537;0.00191020199648298,-0.0128153669660209,-0.00338816637665107,0.999910281405013,
v;1565695723537;0.00373322871242994,-0.0256443679004069,-0.00682478520780537
q;1565695723555;0.00162764837416035,-0.0144935083393804,-0.00168767181092566,0.999892231526346,
v;1565695723555;0.00320603085129397,-0.028993597621634,-0.00342218480416107
q;1565695723573;0.00085985136942493,-0.0159416521110632,0.000996324098193113,0.999872040740622,
v;1565695723573;0.00175124968643155,-0.0318829613135325,0.00196498259349494
q;1565695723591;-0.000500029505168031,-0.0173665281376138,0.00393099039854278,0.999841344935889,
v;1565695723591;-0.000863365142438333,-0.0347384762888698,0.00787818543719194
q;1565695723607;-0.00144932217916327,-0.0186285773176648,0.00534183924718962,0.999811125151503,
v;1565695723607;-0.00269907842358371,-0.0372743682985832,0.0107359035765372
q;1565695723623;-0.00232620642698314,-0.0198942232971478,0.0063146791200322,0.999779490435475,
v;1565695723623;-0.00440014987827681,-0.0398199591805453,0.0127195955935284
q;1565695723638;-0.00281904115433929,-0.0210236357078464,0.00726817891369413,0.999748571842087,
v;1565695723638;-0.00533108289646965,-0.0420907031521066,0.0146519684083375
q;1565695723653;-0.00305554894771082,-0.0225358676952217,0.00830531992120398,0.999706898689246,
v;1565695723653;-0.00573500298036756,-0.0451253344596926,0.0167445479496522
q;1565695723669;-0.00243262146681178,-0.0242497512077401,0.00931792909086354,0.999659536366552,
v;1565695723669;-0.0044116858816266,-0.0485478644687889,0.0187487751211824
q;1565695723686;-0.0010662141729634,-0.0263530243276593,0.0100480808705077,0.999601664801714,
v;1565695723686;-0.00160198497061574,-0.0527309819349669,0.0201457411838841
q;1565695723704;0.000733840562291116,-0.0283767436076808,0.0109082155313613,0.999537520783958,
v;1565695723704;0.00208608313628376,-0.0567417965640744,0.0217664594699336
q;1565695723721;0.00231555817327475,-0.0299030634921194,0.0124358003398823,0.999472780218707,
v;1565695723721;0.00537243762883076,-0.0597534178133783,0.02472287851113
q;1565695723737;0.00396544227184267,-0.0313167813158015,0.01395568921765,0.999404240777684,
v;1565695723737;0.00880036777322576,-0.0625287251316262,0.0276509742006575
q;1565695723754;0.00577397859643214,-0.0327863624171496,0.0157624280689654,0.999321426358198,
v;1565695723754;0.0125740377487239,-0.0653979779794522,0.0311323381555574
q;1565695723772;0.00776805165502367,-0.0343489398090359,0.0173868511438067,0.999228459985703,
v;1565695723772;0.0167193353237753,-0.068437721623671,0.0342246877861142
q;1565695723791;0.0103219493642012,-0.0361252656544347,0.0186677694498418,0.999119583708911,
v;1565695723791;0.0219762486470802,-0.0718807706661661,0.0365738845038383
q;1565695723808;0.0125381656046233,-0.0376552671855021,0.0199960140919818,0.999012057530859,
v;1565695723808;0.026560590560786,-0.074830892726039,0.039031935986037
q;1565695723824;0.0147624200848551,-0.0392106249800135,0.0218702892809013,0.998882464674057,
v;1565695723824;0.0312120080281797,-0.0778042255991882,0.0425675902414829
q;1565695723838;0.016190339182571,-0.0408962039349968,0.0239513873272659,0.99874507487009,
v;1565695723838;0.0343058133049014,-0.0810505495043323,0.0465626237703812
q;1565695723856;0.0174192980166156,-0.0427025707349539,0.0262781009548031,0.998590230925597,
v;1565695723856;0.0370422371173899,-0.08452778540815,0.0510515903951994
q;1565695723871;0.0185079113911599,-0.0449108664433121,0.0277106353347171,0.99843509794678,
v;1565695723871;0.0394571513882573,-0.0888413172124069,0.0537397991446105
q;1565695723888;0.019921895121998,-0.0477854563794745,0.0293396189348368,0.998227857912863,
v;1565695723888;0.0425900701682368,-0.0944584788818838,0.0567531949207415
q;1565695723904;0.0210147383093003,-0.0501205967295498,0.0310457964473496,0.998039328142077,
v;1565695723904;0.0450743996982563,-0.0990018510062816,0.0599600946722645
q;1565695723923;0.0214524572137647,-0.0518387242511352,0.0324822521303318,0.997896523347474,
v;1565695723923;0.0461987740902776,-0.102353353818366,0.0627116816314303
q;1565695723939;0.0212871162415256,-0.0539829495972908,0.0344908020189014,0.997718940795697,
v;1565695723939;0.0462174006001439,-0.106566370156476,0.0666464116599953
q;1565695723955;0.0200960423518837,-0.0543847501465244,0.0371372428833297,0.997626848900932,
v;1565695723955;0.0441504442284172,-0.107329083959786,0.0720448378092166
q;1565695723972;0.0196196084632191,-0.0559428097221777,0.0392233731734123,0.997470327455755,
v;1565695723972;0.0435422434756332,-0.11039198636443,0.0761990198482857
q;1565695723989;0.0182077344427961,-0.0569500803288412,0.0412929048085507,0.997356558327015,
v;1565695723989;0.041033989665214,-0.112426500639632,0.0804480281466205
q;1565695724005;0.0170097736779571,-0.0571082655614434,0.0407473097149817,0.997391031960696,
v;1565695724005;0.0385943883281943,-0.112855610550631,0.0794819908746512
q;1565695724023;0.0173703297778345,-0.0582400580097355,0.0391373839761774,0.997383860742813,
v;1565695724023;0.0392185530482431,-0.115158444313326,0.076178872359307
q;1565695724040;0.0179497189914482,-0.0594255000066745,0.0396949544790846,0.997281687562458,
v;1565695724040;0.0405307331296582,-0.117469122948796,0.0771806855566881
q;1565695724056;0.0172036191031794,-0.0593265933620289,0.0427190065004772,0.997175745017817,
v;1565695724056;0.039388994147838,-0.117207111402937,0.0833163575476161
q;1565695724074;0.0166556032592687,-0.059437858251397,0.0446169223298771,0.997095330092351,
v;1565695724074;0.0385278481201065,-0.117400602936856,0.0871696621299703
q;1565695724092;0.0180828845837274,-0.058943670897549,0.0452700286647213,0.997070349885209,
v;1565695724092;0.0414084119798162,-0.116265952964125,0.0883335151391539
q;1565695724108;0.0183830525697216,-0.0579243866593537,0.0471867215754295,0.997035728658244,
v;1565695724108;0.0421361115721468,-0.114119103442101,0.0921762129252493
q;1565695724126;0.0201494650352182,-0.0571962484890935,0.0490695728180756,0.996952792898569,
v;1565695724126;0.0458053377489181,-0.112420789987695,0.095781843735181
q;1565695724143;0.021286997879805,-0.056881788327634,0.0511965754734388,0.996840112717649,
v;1565695724143;0.0482825294772003,-0.111585644537664,0.099930413755236
q;1565695724161;0.0224626480317515,-0.0578577699798268,0.0528118950163897,0.996673897075374,
v;1565695724161;0.0509090143876965,-0.113347154821021,0.102988354147814
q;1565695724178;0.0233568609338653,-0.0597743710635525,0.0543752656695081,0.996456099445267,
v;1565695724178;0.0530735805082183,-0.117016257850941,0.105919651279225
q;1565695724196;0.0234976236785215,-0.0630431725989084,0.0567906567126662,0.99611653570851,
v;1565695724196;0.0539995087962419,-0.123420342507752,0.110563448345016
q;1565695724216;0.0236006564120368,-0.0669326828369613,0.0566459567800704,0.995868611290711,
v;1565695724216;0.054616386510746,-0.131209799785217,0.110050318980881
q;1565695724231;0.023756342660705,-0.0689699688415437,0.0565681286301684,0.995730325025375,
v;1565695724231;0.0551407641060775,-0.135280503493841,0.109763014044343
q;1565695724246;0.0240437302507827,-0.0701661173201398,0.0567413636594795,0.995629984664312,
v;1565695724246;0.055869019821319,-0.137638677289255,0.110005721802851
q;1565695724262;0.0242780354183968,-0.0719784303707046,0.05511914967717,0.995586046883383,
v;1565695724262;0.0563062738569284,-0.141338423646007,0.106627316660301
q;1565695724276;0.023994056152228,-0.0746147769753351,0.05444120519061,0.995436098311715,
v;1565695724276;0.0559224794366861,-0.146689958572813,0.10516268119576
q;1565695724292;0.0229618268212966,-0.076566459504407,0.05544767336872,0.995256686173604,
v;1565695724292;0.0542232543631187,-0.150649976268707,0.107215692152876
q;1565695724308;0.0214066964066128,-0.0792380765509205,0.0565420187116046,0.995020621731788,
v;1565695724308;0.0515836435540369,-0.15610634476477,0.109492493966499
q;1565695724325;0.0212969845141832,-0.0804596591558473,0.0532828201459318,0.995104826130578,
v;1565695724325;0.0509817811847847,-0.158733179012649,0.102932053957201
q;1565695724342;0.0214555409900889,-0.0800947018474115,0.0498103854087877,0.995310723472656,
v;1565695724342;0.0507106875722658,-0.158161869586398,0.0959872035566168
q;1565695724363;0.0211419862706717,-0.0795219436218715,0.0469505559870675,0.995502370081383,
v;1565695724363;0.0495813056527954,-0.157182107549949,0.0903500290528836
q;1565695724383;0.0204572440133535,-0.0804479558347769,0.0449983156524125,0.995532408638929,
v;1565695724383;0.0479901623822573,-0.15919001474482,0.086510419776463
q;1565695724403;0.0183864923038956,-0.0799648257259567,0.0441691633602813,0.995648825705527,
v;1565695724403;0.0436908366780497,-0.15842192192192,0.0851976435719726
q;1565695724421;0.0165152701948151,-0.0780130428923841,0.045053175047916,0.995796873529016,
v;1565695724421;0.0399317907520852,-0.154620285144332,0.0873313047937123
q;1565695724437;0.0148217391254762,-0.0752090282415666,0.0457979512378384,0.996005268658715,
v;1565695724437;0.0364219514431559,-0.149110023865355,0.0891777623880751
q;1565695724453;0.0130934485756509,-0.0725328280491312,0.044192822436503,0.996300450500181,
v;1565695724453;0.0325066027501233,-0.143944057366136,0.0863119165534503
q;1565695724469;0.0100947770978417,-0.0704876074752344,0.0422433861632334,0.996566641918075,
v;1565695724469;0.026078462504473,-0.140144114778914,0.0828966498537252
q;1565695724484;0.00708212727311205,-0.0691847015402493,0.0414994842864175,0.996715213671036,
v;1565695724484;0.019861292623447,-0.137789769496459,0.0818538845650451
q;1565695724499;0.00491588995732012,-0.0684353938157246,0.0414828473518947,0.996780591863439,
v;1565695724499;0.0154785354562052,-0.13646172366513,0.0821278737275556
q;1565695724513;0.00362224665056293,-0.0679377863051803,0.0415720616208806,0.996816469103836,
v;1565695724513;0.012870413232637,-0.135567911735974,0.0824875925209233
q;1565695724528;0.00208794657809611,-0.0666308375080318,0.0406988258153523,0.996945086363961,
v;1565695724528;0.00958687671401799,-0.13308321072771,0.0809628848949206
q;1565695724543;0.000167452489288039,-0.0655014368182521,0.0403888487388765,0.99703472887988,
v;1565695724543;0.00562499680516652,-0.13097711882261,0.0806047616474108
q;1565695724559;-0.00154708244967039,-0.065466945220264,0.0403316156837991,0.997038174170571,
v;1565695724559;0.00219577659187583,-0.131045948967757,0.0807146930984825
q;1565695724575;-0.00173849015856561,-0.0666089351135976,0.0411955021599741,0.996926848216573,
v;1565695724575;0.00202168340899462,-0.133346809497015,0.0824629988522959
q;1565695724593;-0.000143375776250315,-0.068813499798313,0.0431489548605912,0.996695961128921,
v;1565695724593;0.00565268718218585,-0.137620839790263,0.0861403747360611
q;1565695724609;0.00197577179245853,-0.0706494769037568,0.0446353665886402,0.996500090668748,
v;1565695724609;0.0102448233514729,-0.141103185981731,0.0888004333575056
q;1565695724626;0.00654840540766904,-0.0734002206769428,0.0470134837670761,0.996172328841499,
v;1565695724626;0.0199496039500699,-0.146171759841382,0.0928575923665213
q;1565695724643;0.0104546341571513,-0.0761686042720796,0.0493702986253665,0.995817053435565,
v;1565695724643;0.0283465354840361,-0.151304894001912,0.0969255090939542
q;1565695724659;0.0145987915094382,-0.0793006915451003,0.0521018233561607,0.995381171232079,
v;1565695724659;0.0373348184538806,-0.157102055773633,0.101652652277089
q;1565695724676;0.0174674878408154,-0.0815553010882025,0.0536139552243488,0.995072396124996,
v;1565695724676;0.0435215724134802,-0.161284245212968,0.104136948899259
q;1565695724693;0.0191616128730302,-0.0825235759613429,0.0537115122915627,0.994956215553521,
v;1565695724693;0.0470121791604031,-0.163057242564898,0.104020847191452
q;1565695724711;0.0204293198825748,-0.083091101844229,0.0539219389036255,0.994872331483612,
v;1565695724711;0.04963036903127,-0.164063025966511,0.104212515577869
q;1565695724727;0.0217571247692528,-0.0844271707519224,0.0560954022684044,0.994611451834458,
v;1565695724727;0.0527762195675289,-0.166502533077788,0.108274366749021
q;1565695724743;0.0258988740484661,-0.0885196102826013,0.0567994298283703,0.994116346041688,
v;1565695724743;0.0615876415132865,-0.174264905072436,0.108765492368494
q;1565695724760;0.029490527493802,-0.0932959549623788,0.0552224612146359,0.993668292121525,
v;1565695724760;0.0689663270661856,-0.183617489569334,0.10468241132544
q;1565695724777;0.0281284582348335,-0.0940676626486765,0.0534795472159764,0.993730321562171,
v;1565695724777;0.0660135307359934,-0.185409177342769,0.101390627322428
q;1565695724793;0.0233695487262567,-0.0904365339082218,0.0517142622814671,0.994284060933477,
v;1565695724793;0.0558546944431952,-0.178647992880478,0.0989257051311632
q;1565695724810;0.0172644092542138,-0.0835238368497944,0.0478127127474065,0.995208309239094,
v;1565695724810;0.0423630393650251,-0.165498582646886,0.0924979512999047
q;1565695724827;0.0104359624117042,-0.0709518246225578,0.0365169184862561,0.996756534111934,
v;1565695724827;0.0259890369702017,-0.141197435944598,0.071400796608612
q;1565695724844;0.00899045556176059,-0.0706283582685043,0.0325851324021811,0.996929766754385,
v;1565695724844;0.0225304804584018,-0.140736849109197,0.063759577267218
q;1565695724860;0.00512291463503478,-0.0650037499671884,0.029996513303139,0.997420882476413,
v;1565695724860;0.0141196449278942,-0.129741432560197,0.0592127745741518
q;1565695724877;0.00434639621782795,-0.0608170353136675,0.0265966732150002,0.997785068233002,
v;1565695724877;0.0119088816090008,-0.121440325529425,0.052574800358225
q;1565695724895;0.00212067923686671,-0.0589802298828214,0.0222310515611006,0.998009315423768,
v;1565695724895;0.00685535402549695,-0.117907114678695,0.0441388043568141
q;1565695724911;0.00100891032809017,-0.0574022202573842,0.0206116087802286,0.998137810028149,
v;1565695724911;0.00438038131316934,-0.114802168445947,0.0410425400143084
q;1565695724927;-0.000130067901157105,-0.0562526958686791,0.0218265342536266,0.998177940172361,
v;1565695724927;0.0021959427320198,-0.112543780265125,0.0436020827497705
q;1565695724944;-0.000775878296148086,-0.0557695792449339,0.0237788687376499,0.998160193157285,
v;1565695724944;0.00110337357281966,-0.11160244053855,0.0475747545960699
q;1565695724961;-0.000391193915346755,-0.056358356735723,0.0243394377166777,0.998113785446293,
v;1565695724961;0.00196255060761426,-0.112762180965854,0.0486504336071489
q;1565695724980;0.000174169590499401,-0.0569281260685613,0.0243656373990962,0.998080872026642,
v;1565695724980;0.00312185589964947,-0.113875771778425,0.0486373335992672
q;1565695724997;0.000333138397912824,-0.058099432484325,0.0242065237585597,0.998017178847065,
v;1565695724997;0.00347773328399375,-0.116214454696172,0.0482974093130724
q;1565695725013;9.07528186003537e-05,-0.0582825592001777,0.0250952920576641,0.997984638415605,
v;1565695725013;0.00310638052359108,-0.116590164597717,0.0501000509673179
q;1565695725029;-0.000173907871872853,-0.0586059862910992,0.0259424442805092,0.997944031326293,
v;1565695725029;0.00269366767972151,-0.117248894118287,0.0518219785530639
q;1565695725044;-0.000603157955985062,-0.0590729654967246,0.025832488517175,0.997919180294328,
v;1565695725044;0.00184819867188112,-0.118206541049105,0.051651784330171
q;1565695725062;-0.00131272261363671,-0.0600260111587848,0.0258685605203969,0.997860693339834,
v;1565695725062;0.000485744429206984,-0.120152012133313,0.0518072124606626
q;1565695725078;-0.0020442682792898,-0.0601777452926549,0.0265151473701715,0.997833419619988,
v;1565695725078;-0.000888434962686126,-0.120494550079564,0.0531865324217295
q;1565695725097;-0.00293671972612097,-0.060311516318763,0.0262161826071781,0.997830973534839,
v;1565695725097;-0.00269842763114238,-0.120809469185638,0.0526974527728386
q;1565695725116;-0.00403301526621791,-0.0609528886220681,0.0262424238867606,0.997787488849862,
v;1565695725116;-0.00484910027267835,-0.122152716773147,0.0528856429163009
q;1565695725133;-0.00528622502490625,-0.0612923936958511,0.026386777600404,0.997757049809012,
v;1565695725133;-0.00731418426352316,-0.122901252316006,0.0533298988004554
q;1565695725150;-0.00640317752201536,-0.0612168773476419,0.0254902132873913,0.997778402229807,
v;1565695725150;-0.00965719205990348,-0.122802323725724,0.051676539251533
q;1565695725166;-0.00683105347931748,-0.0614441482176547,0.023886121052565,0.997801346837408,
v;1565695725166;-0.0106969479973695,-0.1232633806627,0.0485284846433681
q;1565695725182;-0.00694036892754532,-0.0616488168749191,0.0231180847026456,0.997805976049127,
v;1565695725182;-0.0110000998811503,-0.123670478011565,0.0470106139741714
q;1565695725198;-0.00675943046759081,-0.0618058728752159,0.023342751464961,0.997792285029304,
v;1565695725198;-0.0106037755980441,-0.123978729015491,0.0474384362281224
q;1565695725215;-0.00690097467298409,-0.0617031370190702,0.0240905592795466,0.997779874249705,
v;1565695725215;-0.0107985909912508,-0.123787892915581,0.0489481704077455
q;1565695725233;-0.00751299528748564,-0.0611175277155381,0.0245667745599758,0.997799919530809,
v;1565695725233;-0.0119902984364624,-0.122651346381716,0.0499681841032159
q;1565695725248;-0.00806263862970338,-0.0603322811150344,0.0244233359952835,0.997846970723875,
v;1565695725248;-0.0131439063779048,-0.121104847733896,0.0497391795944775
q;1565695725263;-0.00874842333916601,-0.0594188322103162,0.0240193324104001,0.997905734669912,
v;1565695725263;-0.0146063216321975,-0.119304566052929,0.0490025351981077
q;1565695725280;-0.00934438321114739,-0.0588107014412756,0.0236630524841365,0.997944865170702,
v;1565695725280;-0.0158677429267645,-0.118111164685178,0.0483528669759309
q;1565695725297;-0.0098832178210837,-0.0582592521419113,0.02371488843509,0.997970822546887,
v;1565695725297;-0.0169639163255143,-0.117034616955241,0.0485111132764338
q;1565695725313;-0.00993096272876531,-0.0578381870926849,0.0232478263921315,0.998005816382372,
v;1565695725313;-0.0171339311933909,-0.116185680753902,0.0475766369919924
q;1565695725331;-0.0102010472085713,-0.0574608318980318,0.0223763780448471,0.99804484846785,
v;1565695725331;-0.0177916132521487,-0.115427875651734,0.0458609089534385
q;1565695725347;-0.0101723531373057,-0.0570889717692203,0.0211805057387671,0.998092519789714,
v;1565695725347;-0.0178885065961019,-0.11466044290232,0.0434623004998227
q;1565695725364;-0.0103892434080964,-0.0568949261066519,0.0203212901293606,0.998119280681287,
v;1565695725364;-0.0184280947101149,-0.114265944252861,0.0417675662695956
q;1565695725382;-0.0105297113386737,-0.0568595771125676,0.0204931705842819,0.998116309844437,
v;1565695725382;-0.0186903753901434,-0.114204513994989,0.0421263797816316
q;1565695725399;-0.0105139091029706,-0.0569901096220752,0.0207547752233068,0.998103605442718,
v;1565695725399;-0.0186233838429845,-0.114470130181356,0.0426495318650662
q;1565695725416;-0.010637523354717,-0.0561569348257951,0.0212618547649569,0.998138830719698,
v;1565695725416;-0.0188485650915602,-0.112816338387081,0.0436609304178729
q;1565695725432;-0.0113638739978229,-0.0550007303834772,0.0207547762300557,0.99820588628785,
v;1565695725432;-0.020405332152447,-0.11052365632029,0.0427069913880215
q;1565695725448;-0.0121744982940896,-0.053542826450414,0.0190393332019115,0.998309747079788,
v;1565695725448;-0.0222708421739073,-0.107602393612308,0.03933791555764
q;1565695725464;-0.0127885861141709,-0.0520124480387828,0.0170768716378815,0.998418557974804,
v;1565695725464;-0.0237625398385876,-0.104516800028424,0.0354474907174629
q;1565695725482;-0.0134095545054208,-0.0505220712713468,0.0144388825398885,0.998528541269957,
v;1565695725482;-0.0253233877446766,-0.101489316866769,0.0302045047142439
q;1565695725498;-0.0137738447606213,-0.0494517727146394,0.0124810717307309,0.998603598256996,
v;1565695725498;-0.026277823775001,-0.0993066328309826,0.0263016801452442
q;1565695725516;-0.0143513852961521,-0.0480149366179248,0.0109140717501409,0.998683892117889,
v;1565695725516;-0.0276204294720184,-0.0964027147600485,0.0231884988242769
q;1565695725534;-0.015211204399791,-0.0466025193078222,0.0107129408925348,0.998740181412451,
v;1565695725534;-0.0293898127940179,-0.0935904580591664,0.0228284903259271
q;1565695725553;-0.0160131456957723,-0.045796218244555,0.0111762925927057,0.998759917888918,
v;1565695725553;-0.0309678617939502,-0.0920106145992213,0.0238052101743135
q;1565695725573;-0.0162180392415593,-0.0458792408993444,0.0107093849261499,0.998757821023208,
v;1565695725573;-0.0314182787850655,-0.0921677305747125,0.0228936036537566
q;1565695725592;-0.015921047674147,-0.0468415368876893,0.0109301922579549,0.998715680646925,
v;1565695725592;-0.030782086884737,-0.0940940898360699,0.0233370141759807
q;1565695725610;-0.0156137019513696,-0.0471986462662183,0.0109392278517549,0.998703598929776,
v;1565695725610;-0.0301588588290673,-0.0948015034987922,0.0233367130514182
q;1565695725630;-0.0156031484707101,-0.0471802760181391,0.010869961753661,0.998705372113775,
v;1565695725630;-0.0301447660596473,-0.0947623518801366,0.0231967181206516
q;1565695725648;-0.0155895920907778,-0.0468256678627107,0.0105198684167488,0.998726015120266,
v;1565695725648;-0.0301588342900717,-0.0940412797197901,0.0224850373099789
q;1565695725666;-0.0155507401008482,-0.0458197333829053,0.0105291885218294,0.998773182629169,
v;1565695725666;-0.0301029814388213,-0.0920259860871261,0.0224696737809432
q;1565695725684;-0.0159711185712728,-0.0443519920817522,0.0102385071804066,0.998835862054132,
v;1565695725684;-0.0310018213966816,-0.0890883113939048,0.0218821383154965
q;1565695725701;-0.0165806791699492,-0.0432571402465706,0.00950027529178255,0.998881243630578,
v;1565695725701;-0.0323079696205236,-0.0868871022405445,0.0204258380477247
q;1565695725719;-0.017257411044473,-0.0426628253135308,0.00891776874459788,0.998900640026263,
v;1565695725719;-0.0337223545858853,-0.0856931431389864,0.0193006004782692
q;1565695725737;-0.0180049509788991,-0.0421564897541306,0.00925838488581082,0.998905870166534,
v;1565695725737;-0.0351971672643437,-0.0847077911302931,0.0200283038873848
q;1565695725756;-0.0183143837011467,-0.0423127001647552,0.00997321196966278,0.99888680483081,
v;1565695725756;-0.0357516210514837,-0.0850532972570408,0.0214894668181976
q;1565695725773;-0.0181049628652323,-0.0432240078729281,0.0108071472359042,0.998842864531258,
v;1565695725773;-0.0352410635577643,-0.0869025405469409,0.0231708807921386
q;1565695725793;-0.0175455107932485,-0.0443823960369853,0.0114564678826033,0.998794852282387,
v;1565695725793;-0.034038373223094,-0.0892298145312231,0.0244593513319874
q;1565695725811;-0.0173930810716728,-0.0451490946043798,0.0117289078037864,0.99875996333012,
v;1565695725811;-0.0336902998144694,-0.0907702529850147,0.0250160941635497
q;1565695725827;-0.0170913651284244,-0.0448988415141834,0.0116194265267935,0.998777760066837,
v;1565695725827;-0.033103598934304,-0.0902569886471671,0.0247613094887731
q;1565695725844;-0.0177556835006728,-0.044112888508359,0.0110790989524284,0.998807275887722,
v;1565695725844;-0.0344983921974477,-0.0886828777257377,0.0237146101012192
q;1565695725858;-0.0184283569966023,-0.0432344081762401,0.0104980134397288,0.998839805849585,
v;1565695725858;-0.0359139221099563,-0.0869208068277729,0.0225816249518051
q;1565695725872;-0.019069048977863,-0.0421996377060268,0.00998058398569429,0.998877366761513,
v;1565695725872;-0.0372615506708096,-0.0848457512251559,0.0215648118480942
q;1565695725887;-0.0199351211999433,-0.0409712210147227,0.00952697354994414,0.998915978872124,
v;1565695725887;-0.0390562873479761,-0.0823893949448114,0.0206840721276068
q;1565695725902;-0.0210829258846477,-0.0395982151184404,0.00838807906010913,0.998958005297437,
v;1565695725902;-0.0414694942142092,-0.0796200751279971,0.0184452730083171
q;1565695725918;-0.022194612654418,-0.0382901784883899,0.00703669423275427,0.998995394495129,
v;1565695725918;-0.043819781341357,-0.0769655504201299,0.0157747178919244
q;1565695725935;-0.0232875198290422,-0.0369330704458428,0.00563472734748416,0.999030486809965,
v;1565695725935;-0.0461300278633876,-0.0742039085413511,0.0129928750376787
q;1565695725949;-0.0240907118009311,-0.0359558463558099,0.00489405886750216,0.999050979168485,
v;1565695725949;-0.0478019610891155,-0.0722244549821271,0.0115246518573703
q;1565695725963;-0.0244584624163327,-0.0352812346288807,0.00405803189878418,0.999069808870014,
v;1565695725963;-0.048604212583094,-0.0708381556344308,0.00984615054686505
q;1565695725977;-0.0251064616368192,-0.0345993211682562,0.00370393400081898,0.99907900308645,
v;1565695725977;-0.0499311148815085,-0.0694632465338322,0.00914990947477144
q;1565695725991;-0.0255603667625753,-0.0341217349628184,0.0034611563772286,0.999084804575931,
v;1565695725991;-0.0508596704099833,-0.0685000143275292,0.00867162720263815
q;1565695726005;-0.0259979068285214,-0.0341115663161792,0.0032673018183505,0.999074543199128,
v;1565695726005;-0.0517478805714688,-0.0684749702111153,0.00831343897985856
q;1565695726019;-0.026403609940445,-0.0341162409957425,0.002843782500415,0.999064968096678,
v;1565695726019;-0.0525880404778016,-0.0684669113675649,0.00749426114942676
q;1565695726033;-0.0263017964157445,-0.0344371962205779,0.00255394281735971,0.999057444013291,
v;1565695726033;-0.0524020889530402,-0.0690935499802822,0.00692415127859073
q;1565695726051;-0.0262069984245787,-0.0347683800692356,0.00241553066179073,0.999048856046206,
v;1565695726051;-0.0522199054188874,-0.0697487687859012,0.00665794094175384
q;1565695726068;-0.0262305713076427,-0.0350758010477524,0.00209595727736095,0.999038191123971,
v;1565695726068;-0.0522874724871134,-0.0703481595468667,0.00603628560327903
q;1565695726086;-0.026416403901729,-0.035238722328837,0.00135858783871512,0.999028761206932,
v;1565695726086;-0.0527101493016011,-0.0706375244297098,0.00458267800388591
q;1565695726104;-0.0267441110837114,-0.034641205403729,0.000347919958074205,0.999041827990955,
v;1565695726104;-0.0534382964108724,-0.0693892787412269,0.00255171497538646
