q;1567359160739;6.93889390390723e-18,0,-1.73472347597681e-18,1,
v;1567359160739;1.38777878078145e-17,-2.40741243048404e-35,-3.46944695195361e-18
q;1567359160755;-0.000582766787147623,-0.000136450939445837,4.41764841569263e-05,0.999999832959519,
v;1567359160755;-0.00116552158764038,-0.000272953511266363,8.85120519412442e-05
q;1567359160770;-0.00114793864945104,-0.000586552259759177,6.76432066486904e-05,0.999999140835399,
v;1567359160770;-0.00229579799055291,-0.00117326217325336,0.000136633309582672
q;1567359160786;-0.00152641540050472,-0.00116276410420391,7.49389657941565e-05,0.999998135528936,
v;1567359160786;-0.00305265557754702,-0.00232576558180521,0.00015342808969393
q;1567359160803;-0.00195034889939757,-0.00223453090959778,-4.70834855142918e-05,0.999995594628279,
v;1567359160803;-0.00390090092712441,-0.00446890734929979,-8.54509766457928e-05
q;1567359160819;-0.00236721174417973,-0.00319296687756697,4.16796871360713e-05,0.999992058118993,
v;1567359160819;-0.00473413740801691,-0.00638619533984947,9.84766733142204e-05
q;1567359160836;-0.00290278350141786,-0.00491689278263414,0.000357150241219018,0.999983640363347,
v;1567359160836;-0.00580199243911848,-0.00983602230092854,0.00074284671878816
q;1567359160853;-0.00391061290909268,-0.0065954471743911,0.000626154919901856,0.999970405529809,
v;1567359160853;-0.00781281429196557,-0.0131961869971884,0.00130389742432976
q;1567359160870;-0.00523366060709698,-0.00903746991185084,0.00107986255804346,0.999944838343778,
v;1567359160870;-0.0104474154208957,-0.0180872192641837,0.00225432901911046
q;1567359160887;-0.006432811556384,-0.0116917142295559,0.00192653424380044,0.999909113084989,
v;1567359160887;-0.0128197559636653,-0.0234101509624449,0.0040034791502136
q;1567359160906;-0.00791236915999011,-0.0151082898369556,0.00272808228362106,0.999850877283711,
v;1567359160906;-0.0157405951665507,-0.0302636128444522,0.00569517196687561
q;1567359160923;-0.00971093616626924,-0.0186576776314474,0.0030269351359275,0.999774195816153,
v;1567359160923;-0.0193057348547765,-0.0373813877613747,0.00641610997023618
q;1567359160941;-0.011825703274496,-0.0242016202264796,0.00410599741717268,0.99962868274269,
v;1567359160941;-0.023446028844838,-0.0485147380635428,0.00878387507115335
q;1567359160959;-0.0137622832869804,-0.0322379423695861,0.00499450314488897,0.999372971778581,
v;1567359160959;-0.0271886324990541,-0.064641811205734,0.010874311543452
q;1567359160975;-0.0156465032481762,-0.0406547576638833,0.00622047111421506,0.99903135758001,
v;1567359160975;-0.0307617626129433,-0.0815543281831091,0.0137080154446802
q;1567359160992;-0.0173760672422963,-0.05069854078803,0.00738487052812895,0.998535496448329,
v;1567359160992;-0.0339589621399055,-0.101739205850105,0.0165202689963149
q;1567359161007;-0.0183749452714077,-0.0590803085028928,0.00853486682450634,0.998047628414805,
v;1567359161007;-0.035677224200025,-0.118596691337922,0.0192210163827555
q;1567359161023;-0.0191620721646249,-0.0677357560958362,0.00998713395372752,0.997469258754714,
v;1567359161023;-0.0368825451523722,-0.136022703894532,0.0225368664974227
q;1567359161038;-0.0194050386005731,-0.0752051478640427,0.0119203494416871,0.99690797950702,
v;1567359161038;-0.0369055094448108,-0.151084473968628,0.0267070588159009
q;1567359161055;-0.0189727055201418,-0.0828215390862419,0.0137995682539329,0.996288175574886,
v;1567359161055;-0.0355262339241917,-0.166423568506397,0.030663541089931
q;1567359161069;-0.0187171428504197,-0.0891634924351519,0.0154118888555446,0.995721874313479,
v;1567359161069;-0.0345326444250436,-0.179204919770255,0.0340565647422911
q;1567359161089;-0.0170947523963745,-0.0960355586441658,0.0170871018674984,0.995084438629473,
v;1567359161089;-0.0307443485443089,-0.192997723394261,0.0373159164889993
q;1567359161105;-0.0154389990989408,-0.102199564888629,0.0185945029275502,0.99447027602379,
v;1567359161105;-0.0269097987876645,-0.205357179555638,0.0401644142545331
q;1567359161119;-0.0132447605897019,-0.107168589346658,0.0205591161755531,0.993940046009357,
v;1567359161119;-0.0219241692789278,-0.215293588286715,0.0437323474820005
q;1567359161134;-0.0105253460182154,-0.111907611106952,0.0220837083247853,0.993417386042681,
v;1567359161134;-0.015970132213267,-0.224721862684223,0.0462548005398642
q;1567359161148;-0.00692855509608214,-0.116361598506013,0.0233705713483039,0.992907729816034,
v;1567359161148;-0.00832005373245969,-0.233521140386633,0.0480422180948077
q;1567359161162;-0.00333492272454149,-0.120504394340508,0.0239724280598923,0.992417742923128,
v;1567359161162;-0.000841707217155102,-0.241687453280742,0.0484039878240756
q;1567359161178;0.00186027754778358,-0.12486009458201,0.024627422681658,0.991866927658331,
v;1567359161178;0.00984041901601135,-0.250212200507275,0.0484109535233097
q;1567359161192;0.00708551326771282,-0.128040272755702,0.0249443430448749,0.991429930028209,
v;1567359161192;0.0204387638163889,-0.256385015512147,0.047674685940203
q;1567359161207;0.0126673172708318,-0.131493246599211,0.0253647519826823,0.990911526872339,
v;1567359161207;0.0317803179275681,-0.263110305480178,0.0469781076009945
q;1567359161223;0.0189327164161548,-0.135490630144875,0.0254981055445968,0.990269483373212,
v;1567359161223;0.0444210988133244,-0.270945947540773,0.0454300049306451
q;1567359161238;0.0261431079937085,-0.139037953374229,0.0257521230415998,0.989606912981597,
v;1567359161238;0.0589379618036825,-0.277877994786589,0.0437891909944847
q;1567359161254;0.033109984988022,-0.142378531028633,0.0262033753538864,0.988911254420926,
v;1567359161254;0.0730121209390044,-0.284431546793765,0.0425233945174055
q;1567359161272;0.0414030326892838,-0.145955855683938,0.0270718371709384,0.98805352933631,
v;1567359161272;0.0898402167292739,-0.291450137660898,0.041590490396623
q;1567359161289;0.0501336847421897,-0.149616064253056,0.0278033579357809,0.987080824109405,
v;1567359161289;0.107498577340685,-0.298699159092759,0.0401290623714674
q;1567359161306;0.0590065260630093,-0.152758420969687,0.0289006992766204,0.986077067643631,
v;1567359161306;0.125529026483151,-0.304917736486812,0.0392883103640454
q;1567359161324;0.0676005842979306,-0.153893213233877,0.0291096242016826,0.985342420165167,
v;1567359161324;0.142662426116178,-0.307221682057633,0.0369429751250405
q;1567359161342;0.0793254362405831,-0.156089698200989,0.0295453884210481,0.984109006510791,
v;1567359161342;0.166116144652456,-0.311780519873085,0.033860489380167
q;1567359161359;0.0905579405134134,-0.157985873767018,0.0304505506972362,0.982808466788656,
v;1567359161359;0.188742356863835,-0.315760549497791,0.0318105612800763
q;1567359161375;0.100908374911832,-0.159553844272121,0.0308152728846451,0.981534738417629,
v;1567359161375;0.209451625431378,-0.319251038245162,0.0289280498533936
q;1567359161391;0.112655146861024,-0.160339453484524,0.0308757561612482,0.980125888123267,
v;1567359161391;0.232831616255458,-0.321375853219964,0.0250773472909526
q;1567359161406;0.124524633279287,-0.160798373208569,0.0306155896109811,0.978621585229622,
v;1567359161406;0.256369991557323,-0.323063168198731,0.0205484234643942
q;1567359161422;0.137105483281561,-0.161058301275172,0.0304220739166346,0.976901602039364,
v;1567359161422;0.281374739237243,-0.32454123607421,0.0159007394821961
q;1567359161439;0.150973820055421,-0.16143490246347,0.0299465994823126,0.974807124612372,
v;1567359161439;0.308898612745169,-0.326659645554332,0.0101185132544147
q;1567359161457;0.165717928253922,-0.161569554924233,0.0284571118948054,0.972431491947258,
v;1567359161457;0.337886959395655,-0.328967413977457,0.00190283221850234
q;1567359161474;0.179771472962695,-0.1609351043946,0.0268388770027184,0.970083362650416,
v;1567359161474;0.365509586475109,-0.32994782097441,-0.00620083919471417
q;1567359161490;0.193012740447668,-0.159847013415761,0.0252368499168279,0.96775932515606,
v;1567359161490;0.391578412627996,-0.330147877157558,-0.0139120768495752
q;1567359161507;0.20607090638702,-0.157929290621544,0.0236019810691297,0.965420125910123,
v;1567359161507;0.417356071752935,-0.328821348337333,-0.0213518534187363
q;1567359161523;0.218484697925695,-0.156075961123935,0.0215036162786086,0.963038040446103,
v;1567359161523;0.441759312385506,-0.327992518265319,-0.0296313170255985
q;1567359161540;0.230357608750617,-0.153561006813824,0.0194071180725,0.960717305632714,
v;1567359161540;0.465173010895314,-0.325869093972464,-0.0374449568747246
q;1567359161557;0.241001991812864,-0.150165248216097,0.0174492494517203,0.958678268916477,
v;1567359161557;0.486265210886673,-0.321676248568882,-0.0440414980823538
q;1567359161574;0.251273316938583,-0.146521249947771,0.0157195624839048,0.956632701959719,
v;1567359161574;0.506773778542211,-0.316873624726826,-0.0498402842022464
q;1567359161591;0.258576193999557,-0.141850881780008,0.0142056228699196,0.955413480431228,
v;1567359161591;0.521434511993525,-0.309016824327186,-0.0533221636520591
q;1567359161608;0.264682399320886,-0.136200241394753,0.0125082907479365,0.954586955070585,
v;1567359161608;0.533711308712965,-0.298769533637894,-0.0560378199496257
q;1567359161625;0.270558772680188,-0.131702904245635,0.0108094546964735,0.953590847547484,
v;1567359161625;0.545507512904553,-0.291076746167061,-0.0592852619467011
q;1567359161642;0.274300963326828,-0.127438973220151,0.0099239557476648,0.953110578347971,
v;1567359161642;0.553194206338239,-0.282869176871783,-0.0599712722849844
q;1567359161657;0.277519532564085,-0.12337182900443,0.00924378746736723,0.952720772930635,
v;1567359161657;0.55987241088661,-0.274827361286827,-0.06006362431858
q;1567359161673;0.279755239949474,-0.119380168528541,0.00825716069406558,0.952584488852551,
v;1567359161673;0.564451509854723,-0.26688542491472,-0.0604750704680684
q;1567359161691;0.28011655681438,-0.115116843003922,0.00687742887896787,0.95301389711643,
v;1567359161691;0.565091813883925,-0.258099217085901,-0.0608798709839665
q;1567359161707;0.280187686389782,-0.111362268515755,0.00622440256214053,0.953443560349083,
v;1567359161707;0.565304084711507,-0.249942551424579,-0.0598817047711857
q;1567359161725;0.278595100318532,-0.106732705897301,0.00633850361208926,0.95443843262141,
v;1567359161725;0.562327558421655,-0.23891408170418,-0.0560222947719851
q;1567359161742;0.276899762837008,-0.102379036084486,0.00677797600014422,0.955405240191276,
v;1567359161742;0.55917946197403,-0.228326975656939,-0.0516290611203926
q;1567359161759;0.273703698656513,-0.0980647708368543,0.00750120608390173,0.956772362637679,
v;1567359161759;0.552968306881806,-0.217397860401006,-0.0462313992910985
q;1567359161775;0.270599228603537,-0.0935678769450052,0.00823639935814816,0.958098772133587,
v;1567359161775;0.546924593904498,-0.20615363807072,-0.0408204696693353
q;1567359161791;0.266852514348589,-0.0885815744396288,0.00868520558338167,0.959618453014854,
v;1567359161791;0.539482306274639,-0.193962817173637,-0.0356816576021873
q;1567359161808;0.262944103829278,-0.0829317067619413,0.00923088149510345,0.961195890791752,
v;1567359161808;0.531715392800441,-0.180306981426684,-0.0300152700989197
q;1567359161825;0.257374225589185,-0.0773000678859259,0.00933772646060328,0.963169749332612,
v;1567359161825;0.520407520256398,-0.16685993125816,-0.0251317850391083
q;1567359161842;0.252300773524614,-0.0724945333883372,0.00920010286201833,0.964885630818052,
v;1567359161842;0.510045202209885,-0.155608317283211,-0.0215741214865176
q;1567359161861;0.247073897929784,-0.0669996615092033,0.00879347522848874,0.966637604083563,
v;1567359161861;0.499333087421145,-0.143081629212331,-0.0183487784432197
q;1567359161882;0.239286505907419,-0.0592232859079177,0.0085363553678235,0.96910358120851,
v;1567359161882;0.483406367906954,-0.125355866277048,-0.0133245612007759
q;1567359161900;0.231894404601515,-0.0529448858479255,0.00773982519010954,0.971268160308535,
v;1567359161900;0.468202400495001,-0.11145860033507,-0.0106686888193761
q;1567359161917;0.224812006930377,-0.0476651550082062,0.00793642406782911,0.973203266956626,
v;1567359161917;0.453742208014721,-0.0994138560359968,-0.00665759663270546
q;1567359161935;0.217515723940385,-0.0418892112359467,0.00836988187097867,0.975121604385072,
v;1567359161935;0.438862217429043,-0.0863311374627972,-0.00209870238763021
q;1567359161954;0.209198329838466,-0.0351216187805688,0.00908294533906705,0.977200123564023,
v;1567359161954;0.42190076511876,-0.0711336962173686,0.00335076986103306
q;1567359161971;0.201356909730944,-0.0302444125081533,0.00876516627485388,0.979011718189151,
v;1567359161971;0.405841170754516,-0.0606501433470679,0.00542309722973305
q;1567359161988;0.193664348864431,-0.0255219314222789,0.00812127872753787,0.980702177403092,
v;1567359161988;0.390086738233508,-0.0507455699555974,0.00653468953046851
q;1567359162005;0.186081877887185,-0.0203044246350508,0.00803039783744051,0.982291563517917,
v;1567359162005;0.374599060891023,-0.0396611064650045,0.00883240876310568
q;1567359162022;0.179911320496821,-0.0149378511725406,0.00778209439570726,0.983538625152801,
v;1567359162022;0.361985714211101,-0.0284296875432785,0.0106215127647537
q;1567359162038;0.172900198807392,-0.00988206502024899,0.00677474705384883,0.984866493394019,
v;1567359162038;0.347662535138732,-0.0182129142954769,0.0105591410944847
q;1567359162054;0.16645529471595,-0.00627254238061325,0.00519231498278278,0.986015392699589,
v;1567359162054;0.334524540212004,-0.0112657974797875,0.00862968378126429
q;1567359162069;0.161034101046882,-0.00393486860933711,0.00380480620531663,0.986933637261821,
v;1567359162069;0.323503094397861,-0.00689944362911259,0.0065844842670902
q;1567359162084;0.155915040376777,-0.00146120524131573,0.00249880023653491,0.9877661855345,
v;1567359162084;0.313113782009732,-0.00221516215569923,0.00470982570646237
q;1567359162100;0.150626443192136,0.000728250105630018,0.00129900351711493,0.988589618294183,
v;1567359162100;0.302401490665426,0.00191825324294281,0.00292026395715863
q;1567359162114;0.146007926762393,0.00221324849594059,-5.88323423678788e-06,0.989280937566487,
v;1567359162114;0.293062752749908,0.00457229252892165,0.000662928238299685
q;1567359162128;0.141247385868782,0.00383896330041857,-0.000739053460810879,0.989966595404725,
v;1567359162128;0.283446274548554,0.00769941222603085,-0.000394532316546051
q;1567359162143;0.136561063753135,0.0047427294387376,-0.00142176234580293,0.990619297474122,
v;1567359162143;0.273988739973833,0.0093573301728931,-0.00158045891742156
q;1567359162161;0.131022059829775,0.0056516866776533,-0.00246933518780346,0.991360266070416,
v;1567359162161;0.262823411332655,0.0109343327447354,-0.00353645841722863
q;1567359162177;0.125657994576476,0.00607048921262656,-0.00364365106723152,0.992048352271002,
v;1567359162177;0.252021233119149,0.0114920028125375,-0.00588983571444697
q;1567359162194;0.120224428635939,0.00644947134335055,-0.00455481299043202,0.992715310803436,
v;1567359162194;0.241084615214167,0.0120588078353726,-0.0077157131318298
q;1567359162211;0.114417362294242,0.00725238253320565,-0.0046654063278013,0.993395312469277,
v;1567359162211;0.22939766961333,0.0137006855796943,-0.00781437504581557
q;1567359162227;0.108943961828952,0.00797008961557634,-0.00461419285708087,0.994005237051444,
v;1567359162227;0.21838707270811,0.0152008645983893,-0.0076174784341708
q;1567359162246;0.102794983819731,0.00815548782928341,-0.00486393747994754,0.994657284897579,
v;1567359162246;0.206025310852442,0.0155533948732268,-0.00817213049314513
q;1567359162263;0.0970853559551334,0.00837082071921334,-0.00526111371219035,0.995226973857281,
v;1567359162263;0.194557099741505,0.0159416054201996,-0.0090168740331027
q;1567359162278;0.0922856564722645,0.00843730485300929,-0.00511289101604613,0.995683673277099,
v;1567359162278;0.184912901842997,0.0161338133011595,-0.00877404806355185
q;1567359162294;0.0871956201241829,0.00832685106944356,-0.00488878088926519,0.996144415128961,
v;1567359162294;0.174687372324649,0.0159808149374505,-0.00841591395961435
q;1567359162312;0.0811262520588789,0.00778116697474733,-0.0048460328884964,0.996661661557762,
v;1567359162312;0.162500498107545,0.014921221854448,-0.00850940227439643
q;1567359162328;0.075269827864752,0.00671781477862197,-0.00435272759048964,0.997131091654747,
v;1567359162328;0.150736430323648,0.012888322404121,-0.00775722040734509
q;1567359162344;0.0694152409243006,0.00557836366973598,-0.00342005871337576,0.997566387082514,
v;1567359162344;0.138977735106098,0.0107587074074831,-0.00610795403125548
q;1567359162362;0.0628981143665437,0.00430844882232276,-0.00262645811803176,0.998007181067322,
v;1567359162362;0.125900514951489,0.00833539768892696,-0.0047379802437417
q;1567359162380;0.0561988850923511,0.00304061611868905,-0.00215957221435602,0.998412601791905,
v;1567359162380;0.112469444486397,0.00586594239248097,-0.00399578579187609
q;1567359162397;0.0503876410342779,0.00234860575419375,-0.00155908691386528,0.998725700145294,
v;1567359162397;0.100824926111501,0.00455726834319517,-0.00289221112179854
q;1567359162416;0.043679115296015,0.00149182332040093,-0.000990578949696754,0.999043998242504,
v;1567359162416;0.087388857763342,0.00290534986474416,-0.00185602447135077
q;1567359162434;0.0371618050051876,0.00130162246751707,-0.000841761286219968,0.999308044128857,
v;1567359162434;0.0743428341099443,0.00254591582637959,-0.00159000888924217
q;1567359162452;0.0308807602830957,0.00166970821306039,-0.000580907967060829,0.999521524988108,
v;1567359162452;0.0617731886150298,0.00330825688852798,-0.00106015861496324
q;1567359162468;0.0254141060311146,0.00228985827000007,-0.000398059654252821,0.999674282623225,
v;1567359162468;0.0508353716930399,0.00456390384000039,-0.000680349551603515
q;1567359162485;0.0197320615898768,0.00299920302288446,-0.000287804143703031,0.99980077541903,
v;1567359162485;0.0394682334082408,0.00599055414141377,-0.000457488989015303
q;1567359162502;0.0154383338298193,0.00299628039953891,1.04186530605968e-06,0.999876317431977,
v;1567359162502;0.0308777489331227,0.00599474525555881,9.46437419065028e-05
q;1567359162518;0.0114862747588126,0.00316332676813902,0.000443713744621439,0.999928879296736,
v;1567359162518;0.0229701283598699,0.00633811124564778,0.000960287528749494
q;1567359162535;0.00698693112772015,0.00354784963933352,0.000905105242081563,0.999968917191949,
v;1567359162535;0.0139674597013091,0.0071088798344372,0.00185991387439727
q;1567359162551;0.00347729145010212,0.00387287516384732,0.00156141290315257,0.999985255651634,
v;1567359162551;0.00694244181282516,0.0077567598063743,0.00314979510764428
q;1567359162565;0.000885258441804669,0.00403525801099591,0.00185595806793678,0.999989751578009,
v;1567359162565;0.00175552110099166,0.00807381947519278,0.00371903689091849
q;1567359162582;-0.00184977062059848,0.00356414163625526,0.00187553584827278,0.999990159170101,
v;1567359162582;-0.0037128827161055,0.00712138377980001,0.00373788356225768
q;1567359162597;-0.00349712132986198,0.003093675227822,0.00187540250990544,0.999987367940153,
v;1567359162597;-0.00700581538972776,0.00617434602797912,0.00372921988508363
q;1567359162613;-0.00510091093593378,0.00284980305490673,0.0017506195932577,0.999981417255244,
v;1567359162613;-0.0102117876171207,0.00568196751499542,0.00347228896243849
q;1567359162631;-0.00608147200844913,0.00300379322587369,0.00163325635912871,0.999975647653714,
v;1567359162631;-0.0121727603659044,0.00598805436774585,0.00323014313091944
q;1567359162646;-0.00655159738011269,0.00309872176463932,0.00118458097166834,0.99997304776559,
v;1567359162646;-0.0131105585588394,0.00618232540055217,0.00232869717206317
q;1567359162662;-0.0067747191061379,0.00311240664468521,0.000240998008256813,0.999972184093613,
v;1567359162662;-0.0135509762114373,0.00622198615423091,0.000439851646146516
q;1567359162679;-0.00623500571835336,0.00303224399672011,-0.000744837444185692,0.999975724910561,
v;1567359162679;-0.0124655144998978,0.00607413817810401,-0.00152757012003229
q;1567359162697;-0.00545141143213269,0.00353505293748696,-0.00176960205785344,0.999977360480656,
v;1567359162697;-0.0108902800156799,0.00708971926813584,-0.00357788584223675
q;1567359162713;-0.00452863635525706,0.00366291964636434,-0.00262700730767166,0.999979559784712,
v;1567359162713;-0.00903796558815231,0.00734984942676267,-0.00528732386408894
q;1567359162730;-0.00341999861916125,0.00369255539761837,-0.00363410043282257,0.999980731978063,
v;1567359162730;-0.00681307991896904,0.00741006552698617,-0.00729355182894776
q;1567359162748;-0.0015353168216753,0.00352408893553811,-0.00419176084925426,0.999983817396207,
v;1567359162748;-0.00304104436368035,0.00706102649955734,-0.00839434461637439
q;1567359162763;0.000326662101038488,0.00338254367518778,-0.00416153373844329,0.999985545437996,
v;1567359162763;0.000681467950559349,0.00676232384245333,-0.00832083522199916
q;1567359162780;0.00210458278742594,0.00319964060808045,-0.0041240622255249,0.999984128134066,
v;1567359162780;0.00423550246524899,0.0063819213519693,-0.00823469264862022
q;1567359162797;0.00404841819465557,0.0031019406768699,-0.00413646327539405,0.999978499440231,
v;1567359162797;0.00812241374070571,0.00617049839994082,-0.00824799836004907
q;1567359162814;0.00625499652201374,0.00293194255694487,-0.00439243634807223,0.999966516882745,
v;1567359162814;0.0125356592246643,0.00580922852916641,-0.00874869895314423
q;1567359162831;0.00829636034210279,0.00266925710845692,-0.00463666220679622,0.99995129903884,
v;1567359162831;0.016617430266042,0.00526207018036947,-0.00922998794241041
q;1567359162847;0.0103198930152106,0.00236820522589137,-0.00504967945512728,0.999931205347713,
v;1567359162847;0.0206637539852345,0.00463286593810265,-0.0100521001278608
q;1567359162864;0.0122399675553782,0.00211328540990802,-0.00519867824890107,0.999909364926936,
v;1567359162864;0.0245021405415647,0.0041001666387565,-0.0103479717363569
q;1567359162881;0.0137557583781753,0.00219003180767224,-0.00564872046111387,0.999887067758042,
v;1567359162881;0.0275366314576742,0.00422577870026333,-0.0112404119292085
q;1567359162897;0.0153758094490363,0.00237265435254787,-0.00585790996489893,0.999861808553708,
v;1567359162897;0.0307800268661242,0.00456669168854951,-0.0116470179556975
q;1567359162914;0.0165430358835582,0.00239738822096625,-0.00616870041758811,0.999841272107898,
v;1567359162914;0.0331164504234821,0.00459245148540585,-0.0122631534625417
