q;1565806119659;-0.066669114,0.9749488,-0.12399644,-0.17220613,
v;1565806119659;0.267936388013515,-2.80416231167834,-0.0906460240020752
q;1565806119676;-0.066513374,0.9751227,-0.1239326,-0.17132556,
v;1565806119676;0.267674911557718,-2.80595652323876,-0.0905975486783506
q;1565806119692;-0.06636946,0.9752774,-0.12412887,-0.1703558,
v;1565806119692;0.267927041655572,-2.80794035623731,-0.0905136245016005
q;1565806119709;-0.066324785,0.9754203,-0.12422083,-0.16948575,
v;1565806119709;0.268014401806845,-2.80974215242466,-0.0906372573242803
q;1565806119727;-0.06633871,0.9755426,-0.124448,-0.1686077,
v;1565806119727;0.268389652643234,-2.81157676280515,-0.0908392201653271
q;1565806119745;-0.06630054,0.9756931,-0.12467278,-0.16758251,
v;1565806119745;0.268729099011418,-2.81370394029083,-0.0909782450528019
q;1565806119763;-0.06624134,0.97588414,-0.1250336,-0.16621938,
v;1565806119763;0.269301111644011,-2.81653033234311,-0.0911277709345325
q;1565806119782;-0.06578915,0.97620744,-0.12563768,-0.16403078,
v;1565806119782;0.270153909577737,-2.82097202029769,-0.0906378219414012
q;1565806119800;-0.06561262,0.9765025,-0.12664549,-0.16155101,
v;1565806119800;0.271875838872629,-2.82609656845273,-0.0906724972147176
q;1565806119815;-0.06520625,0.97682947,-0.12749512,-0.15905167,
v;1565806119815;0.273210566166901,-2.83119807167847,-0.0903015998038114
q;1565806119831;-0.06510522,0.977087,-0.12825531,-0.15688495,
v;1565806119831;0.274495387410284,-2.83568909122207,-0.0904908878333353
q;1565806119846;-0.06489801,0.97733784,-0.12930042,-0.15453292,
v;1565806119846;0.276300295673784,-2.8405397832847,-0.0904411032300103
q;1565806119862;-0.06459613,0.97773576,-0.1303018,-0.15126668,
v;1565806119862;0.277907402924145,-2.84726747642306,-0.0904857322099824
q;1565806119877;-0.064439796,0.97816014,-0.1313921,-0.14760211,
v;1565806119877;0.279700634743242,-2.85486612815086,-0.0909315395690386
q;1565806119894;-0.06435355,0.9786363,-0.13280426,-0.14315262,
v;1565806119894;0.282085052919104,-2.86412398522802,-0.0916817197464444
q;1565806119911;-0.0644803,0.9790777,-0.13418284,-0.13872318,
v;1565806119911;0.284461546368478,-2.8734029708486,-0.0928952812310073
q;1565806119927;-0.06438494,0.9795294,-0.13555138,-0.1341737,
v;1565806119927;0.286743981541673,-2.88287052030769,-0.0937170273646781
q;1565806119944;-0.06436664,0.97995275,-0.1375431,-0.12896289,
v;1565806119944;0.290230710070801,-2.89375525548131,-0.0947762581364664
q;1565806119961;-0.06424769,0.98024285,-0.14004129,-0.12403508,
v;1565806119961;0.294735620603181,-2.90404319018236,-0.0954721905060148
q;1565806119979;-0.06422586,0.9805403,-0.14301935,-0.11815824,
v;1565806119979;0.300135970877406,-2.91636283723351,-0.0966169224210661
q;1565806119995;-0.06424854,0.9807634,-0.14586814,-0.1126851,
v;1565806119995;0.305325851986584,-2.92786826302052,-0.0978240922155554
q;1565806120012;-0.06412616,0.9809283,-0.14865935,-0.10755437,
v;1565806120012;0.310403023459374,-2.93862861266535,-0.0986976168447666
q;1565806120029;-0.06412018,0.9811198,-0.15107766,-0.10231389,
v;1565806120029;0.314742191150724,-2.94965533511039,-0.0999738385756983
q;1565806120047;-0.0645286,0.98122984,-0.15335807,-0.09749578,
v;1565806120047;0.318920377271649,-2.95994652449186,-0.102045002746655
q;1565806120066;-0.06480738,0.9813923,-0.15560505,-0.091958076,
v;1565806120066;0.322921409592328,-2.97171307835676,-0.104146151441572
q;1565806120084;-0.06492791,0.9814967,-0.15758209,-0.087272406,
v;1565806120084;0.326431935208896,-2.98164912562571,-0.105716983519131
q;1565806120102;-0.06514227,0.9816391,-0.15920198,-0.08243782,
v;1565806120102;0.329212743623722,-2.99191978264153,-0.107619833230458
q;1565806120122;-0.06538289,0.98182076,-0.16072518,-0.07694462,
v;1565806120122;0.331718539276427,-3.00358065210726,-0.109852143228502
q;1565806120140;-0.06584931,0.9819513,-0.16222869,-0.07153523,
v;1565806120140;0.334209421960471,-3.01515597346773,-0.112564093016272
q;1565806120162;-0.06618941,0.98215353,-0.16362777,-0.06495608,
v;1565806120162;0.336318398632998,-3.02913592136305,-0.115470253883088
q;1565806120181;-0.06634542,0.9822573,-0.16516411,-0.059073098,
v;1565806120181;0.338747217797929,-3.041620189779,-0.117772449667151
q;1565806120201;-0.06651313,0.9824011,-0.16637592,-0.05275623,
v;1565806120201;0.340452588203561,-3.05499723998422,-0.120309090163851
q;1565806120225;-0.06659684,0.9825409,-0.1678865,-0.044636756,
v;1565806120225;0.342513913355672,-3.07215314851027,-0.123339106198763
q;1565806120244;-0.06645781,0.9825444,-0.1695331,-0.038056966,
v;1565806120244;0.345009865350466,-3.08604046896913,-0.125389579074551
q;1565806120262;-0.066450834,0.9824808,-0.17107336,-0.03239893,
v;1565806120262;0.347404437985391,-3.09805185629849,-0.127424514388297
q;1565806120279;-0.06683312,0.9824356,-0.1720797,-0.027244711,
v;1565806120279;0.34878492330283,-3.10909974228256,-0.130121532934661
q;1565806120296;-0.06704214,0.9824367,-0.17268986,-0.022398591,
v;1565806120296;0.349381788880674,-3.11939442393631,-0.132352159720822
q;1565806120313;-0.06741554,0.982384,-0.17343527,-0.01723583,
v;1565806120313;0.350198210380131,-3.13043529586265,-0.135060142656433
q;1565806120330;-0.067721345,0.98244256,-0.17342661,-0.0119866,
v;1565806120330;0.34945613278785,-3.14152568026006,-0.13763366210609
q;1565806120348;-0.06789149,0.98248786,-0.17338149,-0.0068704337,
v;1565806120348;0.348643577491722,3.13090759691343,-0.1398656212866
q;1565806120364;-0.06786254,0.98255557,-0.17313455,-0.0019285098,
v;1565806120364;0.347438391637117,3.12062966789444,-0.141594634620021
q;1565806120380;-0.06805571,0.982569,-0.17297894,0.0022286382,
v;1565806120380;0.346517261616006,3.11189964978517,-0.143502240923966
q;1565806120397;-0.06784469,0.9826733,-0.17233129,0.00722666,
v;1565806120397;0.344483040157124,3.10164959243413,-0.144812716852463
q;1565806120414;-0.0678717,0.9827672,-0.17149127,0.012362588,
v;1565806120414;0.342023264979138,3.09106802030205,-0.146632019306593
q;1565806120430;-0.06781276,0.98287916,-0.1704015,0.01770285,
v;1565806120430;0.339024427568662,3.080148460755,-0.148289352124148
q;1565806120448;-0.06792725,0.9829185,-0.16945074,0.02331317,
v;1565806120448;0.336245667065734,3.06859293832698,-0.150391233691722
q;1565806120464;-0.067805305,0.9829972,-0.16822413,0.028631344,
v;1565806120464;0.332963273192681,3.05779569289622,-0.151827102631801
q;1565806120482;-0.068034306,0.9830897,-0.16640534,0.034861293,
v;1565806120482;0.32830521330063,3.04511192678475,-0.154182270910143
q;1565806120497;-0.06767991,0.98319685,-0.16469613,0.040231854,
v;1565806120497;0.324053462424948,3.03441503438429,-0.154991888028242
q;1565806120514;-0.06724827,0.98328185,-0.16286053,0.045945488,
v;1565806120514;0.319504417238198,3.02307234239251,-0.155689062252918
q;1565806120529;-0.06646616,0.9833498,-0.16125046,0.051026206,
v;1565806120529;0.315559279046038,3.01312503149646,-0.155444745950157
q;1565806120544;-0.065638624,0.983326,-0.15991487,0.056469835,
v;1565806120544;0.312127142930271,3.00238959918921,-0.155242723889285
q;1565806120559;-0.06449286,0.9833088,-0.15816586,0.06267491,
v;1565806120559;0.307805067740235,2.9902723294937,-0.154505621797768
q;1565806120574;-0.063615896,0.98316014,-0.1567037,0.069232136,
v;1565806120574;0.303981089196765,2.97728482938212,-0.154453668139875
q;1565806120588;-0.062828556,0.9829916,-0.15543164,0.074974254,
v;1565806120588;0.300664481457999,2.96592112763134,-0.154334596677282
q;1565806120605;-0.06199108,0.9826776,-0.15367751,0.08297641,
v;1565806120605;0.296048919956897,2.9500077152513,-0.154654685892295
q;1565806120620;-0.061281,0.98232555,-0.15248775,0.0896027,
v;1565806120620;0.292767785208906,2.9367824069453,-0.154906317924096
q;1565806120634;-0.060514558,0.9819415,-0.15141743,0.0959245,
v;1565806120634;0.289795709734011,2.9241790149246,-0.154947186593865
q;1565806120648;-0.059937064,0.98159117,-0.15046851,0.10122025,
v;1565806120648;0.287195211391727,2.91361507637106,-0.15507523185803
q;1565806120665;-0.059309114,0.98120064,-0.14866476,0.10782666,
v;1565806120665;0.282700229297233,2.90055658353827,-0.155206833027695
q;1565806120681;-0.05845609,0.98077375,-0.14681695,0.11450107,
v;1565806120681;0.27817561190236,2.88743580168541,-0.154831976795853
q;1565806120698;-0.05778337,0.98038304,-0.14473812,0.12066932,
v;1565806120698;0.273239571438663,2.87536751940589,-0.154556129569642
q;1565806120716;-0.05711567,0.97992593,-0.1424176,0.12728004,
v;1565806120716;0.267766331856441,2.86244379975979,-0.154279465743554
q;1565806120732;-0.056510717,0.9795982,-0.13988408,0.13276419,
v;1565806120732;0.262043867700121,2.85188382881525,-0.153689029173803
q;1565806120750;-0.05606067,0.9792755,-0.13676931,0.13845876,
v;1565806120750;0.255103424279085,2.84099009003906,-0.153209075982782
q;1565806120767;-0.055709597,0.9790444,-0.13391112,0.14295582,
v;1565806120767;0.248842050541143,2.83248295927086,-0.152646747980963
q;1565806120784;-0.055407118,0.9788005,-0.12983103,0.1484035,
v;1565806120784;0.240009787809498,2.82229514042159,-0.151921508349596
q;1565806120800;-0.05544098,0.97860384,-0.12614897,0.15279837,
v;1565806120800;0.232033652825723,2.81410402442776,-0.151690924637217
q;1565806120816;-0.055487663,0.9784401,-0.12229365,0.15690856,
v;1565806120816;0.223763689426834,2.80653816040988,-0.151294604092749
q;1565806120833;-0.05523423,0.97830254,-0.118050784,0.16105089,
v;1565806120833;0.214836530770414,2.79905840982982,-0.150096481893144
q;1565806120849;-0.05519636,0.97816366,-0.11369099,0.16499594,
v;1565806120849;0.205648909698742,2.79195783249634,-0.149183856230759
q;1565806120868;-0.054964576,0.9779727,-0.10908415,0.1692602,
v;1565806120868;0.196008691996279,2.78428591573583,-0.147792028417364
q;1565806120885;-0.054578427,0.977724,-0.10522495,0.17321865,
v;1565806120885;0.187958677090963,2.77709008706295,-0.146267027828771
q;1565806120903;-0.05376935,0.97735953,-0.10187443,0.17747901,
v;1565806120903;0.18103731021365,2.76922392673277,-0.144110398482558
q;1565806120919;-0.05334438,0.97693783,-0.09897365,0.18152401,
v;1565806120919;0.17490606260453,2.76162163029884,-0.142817054291805
q;1565806120935;-0.052849915,0.9766214,-0.095817514,0.18503135,
v;1565806120935;0.168391773165819,2.75517827969554,-0.141145180352351
q;1565806120950;-0.052753117,0.97636354,-0.09297307,0.18784949,
v;1565806120950;0.162445243746698,2.75000917132478,-0.140241854577822
q;1565806120966;-0.05278801,0.9762101,-0.08928663,0.19040771,
v;1565806120966;0.154840522584086,2.7455199466512,-0.139174656647208
q;1565806120984;-0.053157948,0.9762169,-0.08511599,0.19217181,
v;1565806120984;0.146273469330876,2.74269839677938,-0.138416142729188
q;1565806121002;-0.053486537,0.9762879,-0.080189355,0.1938317,
v;1565806121002;0.136262303033704,2.74023278833524,-0.137221192201956
q;1565806121017;-0.05384706,0.9765086,-0.07501095,0.19469164,
v;1565806121017;0.125862573887695,2.73942877844569,-0.135861210992184
q;1565806121034;-0.054562867,0.97688204,-0.06905326,0.19482318,
v;1565806121034;0.113899669405528,2.74019468042241,-0.134787805540853
q;1565806121051;-0.055212338,0.9773733,-0.06185313,0.19459508,
v;1565806121051;0.0995836086802957,2.74189254009025,-0.133048168904423
q;1565806121068;-0.055575565,0.9778805,-0.054275304,0.1942044,
v;1565806121068;0.0846645953621102,2.74395960650163,-0.130611073713378
q;1565806121084;-0.05601555,0.97826123,-0.04676725,0.19411337,
v;1565806121084;0.0698111320228164,2.74533712805236,-0.128416575952321
q;1565806121101;-0.05624837,0.9786173,-0.03904509,0.19395825,
v;1565806121101;0.0546278963922811,2.7468312760676,-0.125755789744446
q;1565806121119;-0.056108013,0.9788979,-0.030378094,0.19413373,
v;1565806121119;0.0376981176187863,2.74773256137265,-0.122031999214223
q;1565806121137;-0.055894203,0.97912014,-0.022512922,0.19414628,
v;1565806121137;0.0223842767574924,2.74876995992887,-0.118502655791698
q;1565806121155;-0.05510139,0.97918314,-0.016009167,0.19469972,
v;1565806121155;0.00989552391092488,2.74846826187632,-0.114397606963384
q;1565806121171;-0.053992692,0.9791442,-0.010593725,0.19557402,
v;1565806121171;-0.000373566878522357,2.74732262055023,-0.110099284636218
q;1565806121188;-0.052535348,0.9790108,-0.005283195,0.19685018,
v;1565806121188;-0.0103387596772493,2.74528737031595,-0.105144579492876
q;1565806121205;-0.05125207,0.978979,1.8252982e-05,0.1974168,
v;1565806121205;-0.0202731665653882,2.74463827161029,-0.100532073131956
q;1565806121222;-0.04973156,0.97889084,0.005533183,0.19816364,
v;1565806121222;-0.0305474888862957,2.74357506041954,-0.095359465555971
q;1565806121237;-0.047965936,0.9788579,0.009466327,0.1986127,
v;1565806121237;-0.0375945211143697,2.74292232364595,-0.090329935756377
q;1565806121255;-0.045815963,0.97875684,0.01627898,0.19917558,
v;1565806121255;-0.050138171939808,2.74217058711932,-0.0834019652985251
q;1565806121271;-0.04457304,0.9787528,0.021750098,0.19895516,
v;1565806121271;-0.0603486357732977,2.7428894137176,-0.0788223232618163
q;1565806121287;-0.043235097,0.9788061,0.02727084,0.19830714,
v;1565806121287;-0.0705920007184589,2.74441884452777,-0.0740735867745334
q;1565806121303;-0.04168459,0.97879255,0.032953873,0.19784255,
v;1565806121303;-0.0810928310974163,2.74550258218593,-0.0688421916106422
q;1565806121319;-0.039779153,0.9786836,0.03965199,0.19754438,
v;1565806121319;-0.0934658255146159,2.74617516622563,-0.0625097166070077
q;1565806121336;-0.03807522,0.9785369,0.04575092,0.19728851,
v;1565806121336;-0.104753007772656,2.74667400524651,-0.0568055160885213
q;1565806121352;-0.03638384,0.97830695,0.052024722,0.19719346,
v;1565806121352;-0.116404305755968,2.74676542525226,-0.0510386588355114
q;1565806121369;-0.034758125,0.9780685,0.05862133,0.1968185,
v;1565806121369;-0.128708504009094,2.74735343721037,-0.0453062509205183
q;1565806121386;-0.03343847,0.97782856,0.065074846,0.19621038,
v;1565806121386;-0.140851300876386,2.74837477584459,-0.04026700486565
q;1565806121404;-0.031625018,0.977618,0.07162817,0.19527528,
v;1565806121404;-0.152997345290235,2.74991682722621,-0.0342668599446795
q;1565806121420;-0.029818198,0.97741276,0.077640645,0.19428623,
v;1565806121420;-0.16409590165994,2.75150025692555,-0.0285071187645705
q;1565806121436;-0.028192699,0.9771763,0.08396822,0.19308282,
v;1565806121436;-0.175896180953114,2.75346404112371,-0.0230301908300601
q;1565806121453;-0.026884902,0.97700703,0.09030304,0.19125858,
v;1565806121453;-0.187840019617558,2.7566878090566,-0.0183141683680264
q;1565806121469;-0.025997406,0.97685826,0.09704068,0.18882579,
v;1565806121469;-0.200753690410821,2.76115817965355,-0.0144343785317173
q;1565806121487;-0.024924923,0.9766655,0.10333243,0.18661642,
v;1565806121487;-0.212746465706271,2.76509945655672,-0.0103531644440982
q;1565806121503;-0.02346217,0.976524,0.109302066,0.18412913,
v;1565806121503;-0.223980372342872,2.76950016736437,-0.00571411833438387
q;1565806121522;-0.021958292,0.9763566,0.115509465,0.18139231,
v;1565806121522;-0.235699279273044,2.77432998376657,-0.00100086198587977
q;1565806121539;-0.02021955,0.9762805,0.12135601,0.17815793,
v;1565806121539;-0.246652926695119,2.78011132480938,0.00387856007622357
q;1565806121555;-0.019201063,0.97620755,0.1270043,0.1747002,
v;1565806121555;-0.257510543735102,2.78650361071553,0.00712179314708868
q;1565806121573;-0.018156556,0.9761411,0.13284332,0.17079698,
v;1565806121573;-0.268774171644321,2.79376360109619,0.0103017941781534
q;1565806121590;-0.016899562,0.9761504,0.13789174,0.16682555,
v;1565806121590;-0.278428190529179,2.8011635562214,0.0135364052529157
q;1565806121607;-0.016113639,0.9761195,0.14275149,0.16295122,
v;1565806121607;-0.287897096950866,2.80849014223223,0.0157126901727535
q;1565806121624;-0.01636056,0.9759222,0.14798997,0.1593962,
v;1565806121624;-0.298481320398496,2.81539572156962,0.0159507313093162
q;1565806121639;-0.01764753,0.97579616,0.15198684,0.15623844,
v;1565806121639;-0.306927120840685,2.82194232006901,0.0136918664354277
q;1565806121655;-0.01891891,0.9755903,0.15657666,0.15280558,
v;1565806121655;-0.316551408562698,2.8290225812569,0.0115094581391183
q;1565806121671;-0.018824814,0.97544885,0.16124438,0.14881353,
v;1565806121671;-0.325913217825313,2.83685404171179,0.011891662066979
q;1565806121687;-0.017689198,0.97524935,0.16590062,0.1450957,
v;1565806121687;-0.334950262407035,2.84376148628402,0.014443312876296
q;1565806121706;-0.017082768,0.9748995,0.17088555,0.14169459,
v;1565806121706;-0.344826659969508,2.85013070953076,0.016065513783491
q;1565806121723;-0.017172122,0.9743984,0.17604436,0.13878506,
v;1565806121723;-0.355267478836217,2.85568381530253,0.016426124506488
q;1565806121741;-0.01711086,0.9739412,0.18123731,0.13527295,
v;1565806121741;-0.365759051253385,2.86246372165983,0.0168161539669555
q;1565806121757;-0.016799856,0.9735053,0.18618745,0.13167916,
v;1565806121757;-0.375710240222425,2.86936262078701,0.0175494788261291
q;1565806121775;-0.0162515,0.9729673,0.1912948,0.12836216,
v;1565806121775;-0.385928303901881,2.87556241511982,0.018874975313329
q;1565806121793;-0.015467149,0.972344,0.19608648,0.12592882,
v;1565806121793;-0.395448966190775,2.87981336474081,0.0209232896873336
q;1565806121809;-0.014510106,0.971788,0.20059668,0.1232014,
v;1565806121809;-0.404381503768341,2.8846485144635,0.0230903031138384
q;1565806121825;-0.013504926,0.9712972,0.20479175,0.12024866,
v;1565806121825;-0.412690291897299,2.88998143685077,0.0251294344427532
q;1565806121840;-0.012429842,0.97081274,0.20873883,0.11745741,
v;1565806121840;-0.42049522234805,2.89496339529391,0.0272814036591722
q;1565806121855;-0.011485737,0.97031164,0.21278226,0.11439898,
v;1565806121855;-0.428556328502543,2.90056137406628,0.0290230132290601
q;1565806121872;-0.010710043,0.9698619,0.21672252,0.11083616,
v;1565806121872;-0.436484240697239,2.90734507091237,0.0300923225746737
q;1565806121890;-0.009320066,0.9693532,0.2214326,0.105995744,
v;1565806121890;-0.445898357383892,2.91650705989244,0.0320074596562116
q;1565806121906;-0.007812584,0.96884763,0.22592151,0.10115673,
v;1565806121906;-0.454872330802013,2.92565000567966,0.0340352611853713
q;1565806121923;-0.006489845,0.9683245,0.23002431,0.09692518,
v;1565806121923;-0.463111933612849,2.93362391631896,0.03579946199233
q;1565806121948;-0.004251139,0.9676149,0.23524049,0.09146177,
v;1565806121948;-0.47352027670085,2.94366734538012,0.039117081592154
q;1565806121975;-0.0015729362,0.9669309,0.24102315,0.08336632,
v;1565806121975;-0.485180145965506,2.95918743972648,0.0420030405724322
q;1565806122000;0.00050111266,0.96631706,0.24661802,0.07355717,
v;1565806122000;-0.496724760467918,2.97889369858534,0.0423826990725864
q;1565806122026;0.0032071043,0.9656435,0.25197467,0.06349102,
v;1565806122026;-0.50776810654291,2.99893593787285,0.0437180935912163
q;1565806122046;0.005576869,0.9651688,0.25562572,0.05544028,
v;1565806122046;-0.515334084077228,3.01498636120495,0.04496158825021
q;1565806122067;0.0069891773,0.96460944,0.2594245,0.046676315,
v;1565806122067;-0.523407319799902,3.03322587197411,0.0435430195506722
q;1565806122088;0.008878383,0.96387404,0.26360807,0.037132505,
v;1565806122088;-0.53229319792047,3.05296820327382,0.0425966820865071
q;1565806122108;0.01074327,0.96309656,0.26746848,0.02811145,
v;1565806122108;-0.540531659804363,3.07168199028024,0.0416845674169545
q;1565806122127;0.012186872,0.9621515,0.271603,0.01864928,
v;1565806122127;-0.549419106634272,3.09172976795895,0.0393869797814357
q;1565806122146;0.013318121,0.9614012,0.274642,0.010103625,
v;1565806122146;-0.556023826114114,3.11010175053453,0.0366921554518323
q;1565806122165;0.014642292,0.9606054,0.277529,0.0007217408,
v;1565806122165;-0.562343850366222,3.13034673064426,0.0337313084058202
q;1565806122181;0.016078549,0.95987016,0.27985752,-0.008399978,
v;1565806122181;-0.567497950514744,-3.13314146187652,0.0310338461450515
q;1565806122200;0.01761592,0.9590099,0.2822596,-0.017869325,
v;1565806122200;-0.572825961731566,-3.11263813236704,0.0282056405608637
q;1565806122218;0.019358164,0.9581606,0.2842656,-0.027326418,
v;1565806122218;-0.577346163273639,-3.09221136863763,0.025734044647556
q;1565806122237;0.020785144,0.95735574,0.2858562,-0.036389805,
v;1565806122237;-0.580981765167107,-3.07240098742577,0.0227229755761243
q;1565806122254;0.022402762,0.95656466,0.2871464,-0.04504573,
v;1565806122254;-0.584001318798473,-3.05360213303283,0.020366615983174
q;1565806122273;0.02361639,0.95566475,0.28830156,-0.055039342,
v;1565806122273;-0.586727670957241,-3.03139643529195,0.016095245339027
q;1565806122291;0.024875151,0.9544847,0.28966898,-0.06657483,
v;1565806122291;-0.589904104457197,-3.00557925633635,0.0107302175225073
q;1565806122309;0.025514228,0.9532546,0.29104745,-0.077111244,
v;1565806122309;-0.59296161868201,-2.98154295956659,0.00453045915054173
q;1565806122327;0.026530256,0.95199704,0.29205984,-0.08774305,
v;1565806122327;-0.595274303599707,-2.95750348734148,-0.000892508132149311
q;1565806122343;0.027414223,0.95072055,0.29286814,-0.09801586,
v;1565806122343;-0.597098725971861,-2.93415902452415,-0.00639073830145988
q;1565806122360;0.028244194,0.9492998,0.2935925,-0.10879134,
v;1565806122360;-0.598689093218511,-2.90955306275844,-0.012415930687793
q;1565806122376;0.028652536,0.9479433,0.2939172,-0.11914412,
v;1565806122376;-0.599295934745583,-2.88564966224923,-0.0190327896197775
q;1565806122392;0.028892078,0.94637084,0.2945754,-0.12950999,
v;1565806122392;-0.600480234551651,-2.86147163806242,-0.0262017709445607
q;1565806122409;0.029532522,0.9446199,0.29492146,-0.140863,
v;1565806122409;-0.601036268534882,-2.83527337653902,-0.0330985264747226
q;1565806122426;0.030190403,0.9428827,0.29508865,-0.15160261,
v;1565806122426;-0.601187127479872,-2.81051259236547,-0.0394691944512974
q;1565806122443;0.03057104,0.94114673,0.2948483,-0.16239691,
v;1565806122443;-0.600336675470563,-2.78550884953277,-0.0463371845990277
q;1565806122460;0.030516144,0.9391523,0.2948523,-0.17356236,
v;1565806122460;-0.59972482386094,-2.75922272594656,-0.0545787597597863
q;1565806122479;0.030175082,0.93670595,0.29489943,-0.18629473,
v;1565806122479;-0.598871858560825,-2.72899139377143,-0.0646307787252938
q;1565806122495;0.029829418,0.934481,0.29484978,-0.19727902,
v;1565806122495;-0.597808591077307,-2.70286601085363,-0.0733629468149601
q;1565806122512;0.029621357,0.9319198,0.29467896,-0.20931414,
v;1565806122512;-0.596360163062387,-2.67435768374645,-0.0824631339664283
q;1565806122530;0.0298006,0.9290619,0.29450428,-0.22186314,
v;1565806122530;-0.594927510855115,-2.64483517143847,-0.0910543736152317
q;1565806122548;0.030284796,0.9261731,0.29431888,-0.2338004,
v;1565806122548;-0.593591381847108,-2.6169015865216,-0.0985090536455604
q;1565806122566;0.030241376,0.9233336,0.29399797,-0.24516481,
v;1565806122566;-0.591666064010563,-2.59001056633107,-0.106597928038754
q;1565806122585;0.0302642,0.9204067,0.2938166,-0.25613946,
v;1565806122585;-0.590005082441638,-2.56396929766596,-0.114343337828006
q;1565806122601;0.030445738,0.91792476,0.2933753,-0.2653642,
v;1565806122601;-0.58806404973987,-2.54230174194975,-0.120249766721331
q;1565806122617;0.030751148,0.91550356,0.29270545,-0.27428296,
v;1565806122617;-0.585738340078375,-2.52154405707555,-0.125448354888408
q;1565806122634;0.031492397,0.9131256,0.29198778,-0.2827597,
v;1565806122634;-0.583625106047938,-2.5021043966624,-0.129318226516899
q;1565806122651;0.032322686,0.9110176,0.29100275,-0.29037842,
v;1565806122651;-0.581154030160361,-2.48491050178037,-0.132119929341828
q;1565806122671;0.032823898,0.90854055,0.2894406,-0.29950103,
v;1565806122671;-0.577103260296935,-2.46426214464622,-0.13613068610146
q;1565806122689;0.033241294,0.9061997,0.28775945,-0.308045,
v;1565806122689;-0.572832640456277,-2.44502780606229,-0.1397254208903
q;1565806122705;0.033577587,0.90400314,0.2863191,-0.31570905,
v;1565806122705;-0.569093005199191,-2.42770740828536,-0.14303229701805
q;1565806122720;0.033977922,0.90184706,0.2851442,-0.3228161,
v;1565806122720;-0.565988176922666,-2.41158182089253,-0.146020604316844
q;1565806122735;0.03439058,0.8994907,0.28406495,-0.33021337,
v;1565806122735;-0.563017088533657,-2.39468714700953,-0.149239326910162
q;1565806122749;0.034574717,0.8975496,0.28271654,-0.33657202,
v;1565806122749;-0.559518283411632,-2.38035155701801,-0.151901791120516
q;1565806122763;0.034780186,0.8954367,0.2811629,-0.34341064,
v;1565806122763;-0.555555019746093,-2.36500498160571,-0.154594030932006
q;1565806122777;0.034712315,0.89341635,0.27931553,-0.35012156,
v;1565806122777;-0.550832978814293,-2.3500354326081,-0.15739762760952
q;1565806122793;0.034683447,0.8909895,0.27744696,-0.3577122,
v;1565806122793;-0.545935740422136,-2.33297673277771,-0.160624817607115
q;1565806122809;0.034701314,0.8886271,0.27525204,-0.365204,
v;1565806122809;-0.540469887543758,-2.31640923375446,-0.163264993875388
q;1565806122823;0.03480056,0.8864096,0.2733684,-0.37193632,
v;1565806122823;-0.535789348915475,-2.30149523552652,-0.165496599344124
q;1565806122838;0.03512639,0.88435256,0.27116662,-0.37835866,
v;1565806122838;-0.530766503032825,-2.28765528244656,-0.166662226320535
q;1565806122853;0.035282664,0.8821541,0.2692419,-0.3847961,
v;1565806122853;-0.52611664883647,-2.27349880515053,-0.168421206471103
q;1565806122867;0.035326064,0.88053024,0.26769254,-0.38956293,
v;1565806122867;-0.522382382438346,-2.2630707374762,-0.169690744184869
q;1565806122882;0.035713933,0.8781813,0.26535863,-0.39636722,
v;1565806122882;-0.517118707610885,-2.24840052397648,-0.170666557662612
q;1565806122896;0.035972968,0.87648916,0.2631461,-0.40153065,
v;1565806122896;-0.512293851096301,-2.23756458927654,-0.170930732425814
q;1565806122912;0.036073916,0.8744797,0.26062068,-0.4075055,
v;1565806122912;-0.506609751705777,-2.22491218368805,-0.171607095726014
q;1565806122928;0.036232945,0.8724713,0.25775427,-0.41357446,
v;1565806122928;-0.500354312960239,-2.21229063930774,-0.17177419072971
q;1565806122945;0.036143478,0.8704049,0.25487635,-0.41967484,
v;1565806122945;-0.493860097759437,-2.19949610454442,-0.172356708462146
q;1565806122962;0.035895776,0.8686336,0.25171348,-0.42523807,
v;1565806122962;-0.486824954362418,-2.18814869893979,-0.172513007242283
q;1565806122979;0.035149395,0.8668186,0.2481804,-0.43104118,
v;1565806122979;-0.478621987216308,-2.17630243687958,-0.173252095151513
q;1565806122998;0.033874415,0.86463267,0.24404107,-0.43784335,
v;1565806122998;-0.468642022591439,-2.16227912948451,-0.174760337823027
q;1565806123015;0.03285883,0.8627429,0.24045424,-0.44359523,
v;1565806123015;-0.460116414178642,-2.15050301764581,-0.175714337460146
q;1565806123031;0.03205675,0.86085105,0.23628838,-0.44952828,
v;1565806123031;-0.450748094023829,-2.13875218898984,-0.175593430297537
q;1565806123047;0.030838978,0.8591003,0.23188367,-0.4552204,
v;1565806123047;-0.440619331698937,-2.1276120337581,-0.175729984669947
q;1565806123065;0.029102754,0.85681,0.22679529,-0.46216202,
v;1565806123065;-0.428537857674655,-2.11374151239219,-0.176559905464185
q;1565806123082;0.027579628,0.85470843,0.22261785,-0.46813905,
v;1565806123082;-0.418476520191249,-2.10163860453314,-0.177448922277827
q;1565806123096;0.026189571,0.85284716,0.21889304,-0.473341,
v;1565806123096;-0.409507731996251,-2.09113772639676,-0.178143062490428
q;1565806123113;0.02504661,0.85106105,0.2156422,-0.47808614,
v;1565806123113;-0.401715912705956,-2.08148142357419,-0.178654439548447
q;1565806123129;0.023656067,0.84929425,0.21223286,-0.48280105,
v;1565806123129;-0.393408381150606,-2.07193108989327,-0.179336940200982
q;1565806123146;0.02262899,0.8479594,0.20878962,-0.4866823,
v;1565806123146;-0.385601458525139,-2.06450069982849,-0.178867646199091
q;1565806123163;0.021747408,0.84703875,0.20464063,-0.49007615,
v;1565806123163;-0.376849482074504,-2.05871775677719,-0.177016969147767
q;1565806123180;0.02071502,0.84636176,0.20003325,-0.49318293,
v;1565806123180;-0.367232222561875,-2.05384852688612,-0.174719017184689
q;1565806123197;0.019837111,0.84583914,0.19528934,-0.49600884,
v;1565806123197;-0.357619675893314,-2.04972670674854,-0.171834968241002
q;1565806123214;0.018653682,0.8454876,0.19005983,-0.49867833,
v;1565806123214;-0.346907149852267,-2.04615533786739,-0.168824743600688
q;1565806123231;-0.01747351,-0.8450941,-0.18504088,0.5012692,
v;1565806123231;-0.336591494458312,-2.04258618198309,-0.166011407277774
q;1565806123248;-0.015894525,-0.84534776,-0.17951928,0.502899,
v;1565806123248;-0.325200859331103,-2.04148527501663,-0.162907779258743
q;1565806123265;-0.014300938,-0.845469,-0.17360105,0.5048172,
v;1565806123265;-0.313076803617559,-2.03982153817768,-0.159486594850046
q;1565806123284;-0.012591679,-0.8456551,-0.16680165,0.5068394,
v;1565806123284;-0.299327054160934,-2.03825477236698,-0.155287323921703
q;1565806123301;-0.010900974,-0.845871,-0.1609537,0.50840676,
v;1565806123301;-0.287312997354128,-2.03718705134322,-0.152010116414073
q;1565806123319;-0.008999506,-0.84640557,-0.15494773,0.5094192,
v;1565806123319;-0.274916201022765,-2.03740473718271,-0.148745242056763
q;1565806123335;-0.006707732,-0.84729004,-0.14881824,0.50981146,
v;1565806123335;-0.262011353398174,-2.03901009551942,-0.145848258394242
q;1565806123351;-0.0053485483,-0.8480169,-0.14274487,0.51035565,
v;1565806123351;-0.250160480878877,-2.04025601512693,-0.141491168929952
q;1565806123378;-0.002661182,-0.8490491,-0.13330269,0.5112132,
v;1565806123378;-0.231134417369218,-2.04187994169849,-0.135790120863054
q;1565806123405;0.00141841,-0.8508758,-0.12317422,0.5107215,
v;1565806123405;-0.209696544096921,-2.04655898954596,-0.131479595307397
q;1565806123433;0.0041363453,-0.8530696,-0.1120112,0.5096161,
v;1565806123433;-0.187996226248813,-2.05291693355936,-0.123712089263963
q;1565806123458;0.0066702655,-0.8544686,-0.10417743,0.5089069,
v;1565806123458;-0.172091773216601,-2.05694412107353,-0.119476969896055
q;1565806123484;0.009637106,-0.85640484,-0.09431049,0.5075269,
v;1565806123484;-0.152342320452606,-2.0629404952877,-0.113797319579605
q;1565806123507;0.011629151,-0.8586333,-0.085702,0.50524133,
v;1565806123507;-0.135839501581511,-2.07052456237572,-0.107770088540669
q;1565806123534;0.014131044,-0.8611727,-0.07614249,0.50237864,
v;1565806123534;-0.117213613997414,-2.07942231296515,-0.101715292361827
q;1565806123558;-0.01701448,0.8634622,0.066924065,-0.49966457,
v;1565806123558;-0.0987300542077539,-2.08761778484191,-0.0968844625785374
q;1565806123583;-0.019450057,0.86590356,0.05747152,-0.49651766,
v;1565806123583;-0.0803012671590399,-2.0966505777398,-0.0911746593304495
q;1565806123607;-0.021883897,0.8680796,0.049352303,-0.49348077,
v;1565806123607;-0.0641288362277044,-2.10496850975516,-0.0869910179525118
q;1565806123632;-0.024772283,0.8703427,0.040811963,-0.49012697,
v;1565806123632;-0.0467747144564058,-2.11388799041285,-0.0833142080903173
q;1565806123656;-0.02757055,0.8724956,0.032300472,-0.48677307,
v;1565806123656;-0.0295271272223944,-2.12262564321427,-0.079675332065981
q;1565806123682;-0.030740628,0.8748269,0.022659525,-0.482928,
v;1565806123682;-0.009955468474053,-2.13241930559103,-0.075747459844094
q;1565806123707;-0.033711698,0.8771193,0.013504392,-0.47889754,
v;1565806123707;0.00859907874179167,-2.14238576703786,-0.0721380170375788
q;1565806123733;-0.036809728,0.8794639,0.003851117,-0.47452444,
v;1565806123733;0.0281641176100732,-2.15297077826919,-0.0684812026113828
q;1565806123756;-0.03947605,0.88175815,-0.004634476,-0.4700242,
v;1565806123756;0.0452978611045521,-2.16359533801763,-0.0653735912123674
q;1565806123779;-0.04242401,0.88387686,-0.012606952,-0.4656211,
v;1565806123779;0.0618324072599656,-2.17384984207667,-0.0634186909504483
q;1565806123801;-0.045137692,0.8858063,-0.020200253,-0.46141282,
v;1565806123801;0.0775188562932795,-2.18353183967082,-0.0615487647835974
q;1565806123819;-0.047191087,0.88761806,-0.026124157,-0.4574109,
v;1565806123819;0.08966809470137,-2.19262918826299,-0.060154168591074
q;1565806123837;-0.049150404,0.8893776,-0.031617172,-0.45342258,
v;1565806123837;0.100982555469294,-2.20163396224715,-0.0590898906328109
q;1565806123855;-0.051087055,0.8910924,-0.0373241,-0.44939002,
v;1565806123855;0.11267271709184,-2.21067383144112,-0.0578996902366018
q;1565806123872;-0.05260101,0.89269525,-0.041617084,-0.4456416,
v;1565806123872;0.121483738051435,-2.21904749527637,-0.0572739257810786
q;1565806123888;-0.053925246,0.8943753,-0.046417482,-0.44162232,
v;1565806123888;0.131033127654337,-2.22795145702918,-0.055969593543897
q;1565806123903;-0.055441707,0.89637077,-0.05091523,-0.43686754,
v;1565806123903;0.140177839688172,-2.23849713238302,-0.0554785848430408
q;1565806123918;-0.056623753,0.8980629,-0.05511128,-0.4327119,
v;1565806123918;0.148535922529962,-2.24764967427389,-0.0546372726075392
q;1565806123934;-0.05771093,0.90013784,-0.05924948,-0.42768076,
v;1565806123934;0.156669234825184,-2.25871905958203,-0.0539018007115071
q;1565806123951;-0.059036728,0.9022459,-0.06310528,-0.42247468,
v;1565806123951;0.164496862176291,-2.27019284759529,-0.0539648392159771
q;1565806123967;-0.060522344,0.90435874,-0.06729058,-0.41706637,
v;1565806123967;0.173055812700984,-2.28207924447452,-0.054173829150789
q;1565806123981;-0.061947543,0.90617794,-0.07086728,-0.41228852,
v;1565806123981;0.180495710694626,-2.29258129425673,-0.0547518218656552
q;1565806123996;-0.063065246,0.9079292,-0.074254096,-0.4076441,
v;1565806123996;0.187345268385895,-2.30274359812202,-0.0549680844774519
q;1565806124012;-0.06434534,0.90992904,-0.07759125,-0.40232867,
v;1565806124012;0.194199366563315,-2.31440356709468,-0.055741130854398
q;1565806124027;-0.06557293,0.91182595,-0.080379695,-0.39725652,
v;1565806124027;0.200014081378883,-2.3255527539281,-0.0568835865554048
q;1565806124041;-0.066991866,0.91357183,-0.08273152,-0.39249718,
v;1565806124041;0.205187376372715,-2.336070120755,-0.0587249090144087
q;1565806124055;-0.06829461,0.9152725,-0.08474022,-0.38785464,
v;1565806124055;0.209629524208028,-2.34633716219286,-0.0606466085966511
q;1565806124069;-0.06956336,0.91673553,-0.08641554,-0.3837828,
v;1565806124069;0.213452020522471,-2.35536550158322,-0.0626752915423839
q;1565806124085;-0.071429476,0.9183763,-0.0887058,-0.3789645,
v;1565806124085;0.218810951924859,-2.36607719275915,-0.0655749974972958
q;1565806124101;-0.073105626,0.9199756,-0.090473734,-0.37431946,
v;1565806124101;0.223041675476387,-2.37642365856287,-0.0685284285441068
q;1565806124118;-0.07546397,0.92134446,-0.09193616,-0.37010452,
v;1565806124118;0.22721897636319,-2.38597621296682,-0.0729425161086455
q;1565806124135;-0.0783464,0.9229101,-0.09337078,-0.36521333,
v;1565806124135;0.231637885490185,-2.39711921518604,-0.0785905999485604
q;1565806124153;-0.08092514,0.9247475,-0.095210925,-0.35948294,
v;1565806124153;0.236472278121371,-2.41001637686699,-0.0836396583875187
q;1565806124174;-0.08311564,0.92693573,-0.09729701,-0.35272545,
v;1565806124174;0.241346330995917,-2.42506666395961,-0.0881118543837302
q;1565806124202;-0.08606224,0.9294677,-0.09993103,-0.34452423,
v;1565806124202;0.24758816304002,-2.4433788267971,-0.094131969678049
q;1565806124230;-0.088768005,0.9322363,-0.10222798,-0.33556703,
v;1565806124230;0.252862547082004,-2.46330663122364,-0.100247152667389
q;1565806124257;-0.09145442,0.9354477,-0.10518399,-0.32482305,
v;1565806124257;0.259090227219986,-2.48705794256104,-0.10651912413096
q;1565806124279;-0.09328465,0.93832386,-0.10771999,-0.31502807,
v;1565806124279;0.263982385028199,-2.50855920263496,-0.111268808224626
q;1565806124303;-0.09514859,0.94086725,-0.11046384,-0.30579954,
v;1565806124303;0.2692996649961,-2.52881479842463,-0.115912625116947
q;1565806124326;-0.097075194,0.94341594,-0.1127135,-0.29637545,
v;1565806124326;0.273614081510672,-2.54951306475332,-0.121145159538994
q;1565806124347;-0.098914556,0.94594467,-0.11486785,-0.28672278,
v;1565806124347;0.277590695870596,-2.57066672830818,-0.126428466761751
q;1565806124369;-0.100317426,0.9482148,-0.117141716,-0.2776741,
v;1565806124369;0.281567871362669,-2.59039265615433,-0.130694214333423
q;1565806124390;-0.101638824,0.9500224,-0.11927295,-0.27000186,
v;1565806124390;0.285366649114737,-2.60714042803948,-0.134540630131961
q;1565806124412;-0.102987655,0.9517202,-0.12091751,-0.26268092,
v;1565806124412;0.288239774348463,-2.62314284360354,-0.138650859560644
q;1565806124433;-0.10366013,0.95318645,-0.12220867,-0.2564277,
v;1565806124433;0.290193827835295,-2.63667393940635,-0.141297411226822
q;1565806124454;-0.10437683,0.9547953,-0.12371129,-0.24933293,
v;1565806124454;0.292437484788331,-2.65200255840905,-0.144228065041287
q;1565806124474;-0.104813784,0.956072,-0.12494252,-0.24357717,
v;1565806124474;0.29419400677864,-2.66438982473162,-0.14633939779545
q;1565806124498;-0.1053058,0.95718986,-0.12599686,-0.23837578,
v;1565806124498;0.295701042922073,-2.6756041375283,-0.14849239194011
q;1565806124522;-0.105833195,0.95828885,-0.12649432,-0.2334115,
v;1565806124522;0.296151654406485,-2.68630667410191,-0.150903589658286
q;1565806124542;-0.105915286,0.9592331,-0.12706318,-0.22914793,
v;1565806124542;0.296638263384334,-2.69538835018784,-0.152169395228365
q;1565806124561;-0.10591004,0.9599664,-0.12771653,-0.22569005,
v;1565806124561;0.297376470959155,-2.70273389922507,-0.152975575610829
q;1565806124580;-0.105940856,0.96038336,-0.12825926,-0.2235843,
v;1565806124580;0.298126161301804,-2.70722002594013,-0.153479667749049
q;1565806124597;-0.1061378,0.96064425,-0.12909451,-0.22188294,
v;1565806124597;0.299589620936723,-2.71090734395686,-0.154078399071431
q;1565806124614;-0.10634467,0.96084094,-0.12957434,-0.22064903,
v;1565806124614;0.300429354942646,-2.71359668046568,-0.154697366254304
q;1565806124630;-0.10666591,0.9610332,-0.13002548,-0.21938743,
v;1565806124630;0.301256052462205,-2.71637771491261,-0.155571853991778
q;1565806124646;-0.10642701,0.96118695,-0.13055593,-0.21851327,
v;1565806124646;0.302061224291769,-2.71817661452735,-0.155154261037417
