q;1566402534632;0.00016004051,0.98448473,0.16123076,-0.06924155,
v;1566402534632;-0.323071454197441,-2.99737505275709,-0.0232156660358568
q;1566402534653;0.00043340275,0.984602,0.16019882,-0.06996504,
v;1566402534653;-0.321009657968119,-2.99603330024119,-0.0227259327599769
q;1566402534675;0.0013963982,0.9845628,0.1598906,-0.07119787,
v;1566402534675;-0.320502503304013,-2.99380592189994,-0.0210936906365802
q;1566402534696;0.0025651795,0.98439574,0.16026752,-0.07261366,
v;1566402534696;-0.32141125699324,-2.99121588881681,-0.0192097613513459
q;1566402534718;0.0039290832,0.9841455,0.16100326,-0.074297264,
v;1566402534718;-0.323076202383222,-2.98810759687088,-0.0170748059716929
q;1566402534741;0.0044006514,0.98388064,0.1616603,-0.076325014,
v;1566402534741;-0.324442729397817,-2.9839858175502,-0.0169005047419297
q;1566402534762;0.0047352957,0.983669,0.16211991,-0.0780386,
v;1566402534762;-0.325395684119029,-2.98048604382254,-0.0168735017988939
q;1566402534783;0.0048392904,0.9834169,0.16249259,-0.08039858,
v;1566402534783;-0.326124336822073,-2.97556179689663,-0.0175353891293713
q;1566402534806;0.005318629,0.9830819,0.16276293,-0.083845176,
v;1566402534806;-0.326690638662719,-2.96849821901047,-0.0177776311523696
q;1566402534827;0.0066641034,0.9826932,0.16200042,-0.089585625,
v;1566402534827;-0.325294059766263,-2.95700987888733,-0.0168106333300967
q;1566402534851;0.008387025,0.98190016,0.15962869,-0.101589814,
v;1566402534851;-0.32064941833341,-2.93268114567942,-0.0168209566709591
q;1566402534872;0.008141657,0.9800627,0.15765417,-0.120648384,
v;1566402534872;-0.316230823256668,-2.89291451417938,-0.0232369816692471
q;1566402534892;0.0074464,0.97687817,0.15790568,-0.14394258,
v;1566402534892;-0.315879873233323,-2.84381842583288,-0.0325249233651919
q;1566402534913;0.00894432,0.9724412,0.15915602,-0.17013985,
v;1566402534913;-0.317911410341996,-2.78896948618178,-0.0387108840243322
q;1566402534933;0.011501815,0.9671238,0.16029678,-0.19708915,
v;1566402534933;-0.3200219833203,-2.73255674305053,-0.0431411991480005
q;1566402534954;0.013698649,0.9604819,0.16030169,-0.2271351,
v;1566402534954;-0.319568179081013,-2.66926481267742,-0.0490053759877774
q;1566402534975;0.015227423,0.952569,0.15891604,-0.25908723,
v;1566402534975;-0.315874104655229,-2.60152166717792,-0.0561415087613337
q;1566402534997;0.016693924,0.9428629,0.15650424,-0.29366177,
v;1566402534997;-0.3098636865315,-2.52780141140999,-0.0635034442840944
q;1566402535017;0.017059028,0.93212575,0.15528858,-0.32670474,
v;1566402535017;-0.305367295681997,-2.45610743432528,-0.0731090850328467
q;1566402535040;0.01793129,0.91874546,0.15517172,-0.3626391,
v;1566402535040;-0.302734850032309,-2.37697401612568,-0.083483026428142
q;1566402535064;0.020308768,0.90243185,0.15655012,-0.40086958,
v;1566402535064;-0.303470550088655,-2.2912663572002,-0.0932476456162398
q;1566402535090;0.021412792,0.8848918,0.1582742,-0.43755838,
v;1566402535090;-0.303487120518603,-2.20698723177258,-0.105626859461211
q;1566402535114;0.023793606,0.867841,0.15846835,-0.47029102,
v;1566402535114;-0.302000223944486,-2.13114463600064,-0.113103084334075
q;1566402535140;-0.025807891,-0.8494196,-0.1577153,0.5029377,
v;1566402535140;-0.298296598144272,-2.05430615542541,-0.120393013246203
q;1566402535164;-0.028483758,-0.83413994,-0.15504935,0.52854425,
v;1566402535164;-0.292947668512271,-1.99401638973768,-0.121862277607823
q;1566402535189;-0.032493975,-0.81764275,-0.15258601,0.5541859,
v;1566402535189;-0.289566808531204,-1.93256159935807,-0.121320997507643
q;1566402535212;-0.035180528,-0.80258197,-0.15319403,0.5754617,
v;1566402535212;-0.290458579144376,-1.87912041041137,-0.125411987194562
q;1566402535236;-0.037659172,-0.7883561,-0.15293087,0.5947172,
v;1566402535236;-0.289967501158423,-1.83025521540083,-0.128212348233292
q;1566402535259;-0.041227527,-0.7750989,-0.15055458,0.61225426,
v;1566402535259;-0.287830701351153,-1.78620765213362,-0.12594467104236
q;1566402535280;-0.04401055,-0.7650961,-0.14779392,0.62517846,
v;1566402535280;-0.285025579988068,-1.75377482840174,-0.122695993449017
q;1566402535302;-0.04684671,-0.7552614,-0.1442,0.6376456,
v;1566402535302;-0.281253989893771,-1.7225465720023,-0.118034908622805
q;1566402535323;-0.04958299,-0.7467506,-0.13947184,0.6484233,
v;1566402535323;-0.276097351939501,-1.69604456187936,-0.111255639061468
q;1566402535344;-0.052488312,-0.7383427,-0.13336207,0.6590217,
v;1566402535344;-0.269361168287848,-1.6703546811391,-0.10212167999146
q;1566402535365;-0.054444805,-0.7302963,-0.12848166,0.66872686,
v;1566402535365;-0.263515985297804,-1.64605672146714,-0.095763594688305
q;1566402535392;-0.0575972,-0.71970785,-0.123487316,0.6807747,
v;1566402535392;-0.259058947514609,-1.61487459631104,-0.0882845039434495
q;1566402535417;-0.06009954,-0.71068984,-0.121560745,0.6903122,
v;1566402535417;-0.258632593665247,-1.58877937679791,-0.0853440779583123
q;1566402535442;-0.06253625,-0.7030496,-0.12372806,0.69749683,
v;1566402535442;-0.264277166350766,-1.56704512772785,-0.0878258063195167
q;1566402535463;-0.064951584,-0.6985106,-0.12695694,0.70124614,
v;1566402535463;-0.271789453380495,-1.55446777293087,-0.0907693635551458
q;1566402535483;-0.06646803,-0.6969851,-0.12839225,0.70235974,
v;1566402535483;-0.275828181983572,-1.55043788129259,-0.0912726355877536
q;1566402535504;-0.067096084,-0.69926405,-0.12894641,0.69992906,
v;1566402535504;-0.277820294382634,-1.55721952197767,-0.090249246612005
q;1566402535525;-0.067993775,-0.7047909,-0.12807757,0.6944371,
v;1566402535525;-0.278559135508619,-1.57361158307396,-0.0854339870339724
q;1566402535546;-0.06919571,-0.71152705,-0.1270839,0.68759793,
v;1566402535546;-0.279635076920452,-1.5938097867775,-0.079463010467766
q;1566402535566;-0.070682116,-0.71963614,-0.12554267,0.67924,
v;1566402535566;-0.280369069341028,-1.61841732719273,-0.0716739780136618
q;1566402535589;-0.07187036,-0.730591,-0.12375203,0.6676503,
v;1566402535589;-0.280454868213535,-1.65190793587379,-0.0627205043786571
q;1566402535611;-0.07235428,-0.74116296,-0.12309997,0.655964,
v;1566402535611;-0.281084637046254,-1.68461439296679,-0.0564915389681218
q;1566402535632;-0.073844664,-0.75158906,-0.12220943,0.643992,
v;1566402535632;-0.28255817223393,-1.71781255311633,-0.0483369682676091
q;1566402535652;-0.07631938,-0.76280284,-0.121273115,0.63055545,
v;1566402535652;-0.285109106634244,-1.7545929856145,-0.0380504370157432
q;1566402535674;-0.07875667,-0.775212,-0.120641686,0.61505234,
v;1566402535674;-0.287884804419243,-1.79621117264937,-0.0274277126760813
q;1566402535694;-0.081828125,-0.7890965,-0.11961262,0.5969286,
v;1566402535694;-0.290532965912487,-1.84424743331653,-0.0142578017106306
q;1566402535714;-0.08357593,-0.8039685,-0.11802229,0.5768193,
v;1566402535714;-0.290246919824286,-1.89661957231689,-0.00184751585500509
q;1566402535733;-0.08507596,-0.81993437,-0.116683744,0.55394465,
v;1566402535733;-0.289633250086298,-1.95483269946209,0.0106860174304605
q;1566402535754;-0.08628627,-0.8381708,-0.116461255,0.52579576,
v;1566402535754;-0.290015164508278,-2.02445032123705,0.0231440831524056
q;1566402535774;0.086658604,0.85620654,0.11770286,-0.49552682,
v;1566402535774;-0.29155217470619,-2.09716913737686,0.0331502729322007
q;1566402535794;0.08752827,0.8737975,0.11940673,-0.4632049,
v;1566402535794;-0.293977795999671,-2.17326429497503,0.0442569009050251
q;1566402535815;0.08917349,0.8936433,0.12237513,-0.4224619,
v;1566402535815;-0.298476316829205,-2.26719929807665,0.0586041233324142
q;1566402535836;0.09272728,0.9112208,0.12407016,-0.3816871,
v;1566402535836;-0.301440680436888,-2.36008233758157,0.0778641143126216
q;1566402535857;0.09920733,0.9273409,0.12479788,-0.33855903,
v;1566402535857;-0.303262518711109,-2.45746482202036,0.104442231280207
q;1566402535888;0.10425773,0.9467672,0.12788932,-0.2764172,
v;1566402535888;-0.304483094547278,-2.59393456111789,0.133217278001179
q;1566402535911;0.105359636,0.960257,0.13192308,-0.22226584,
v;1566402535911;-0.304897933744376,-2.70995170662457,0.151224691782512
q;1566402535933;0.108075134,0.96944654,0.13546945,-0.17361237,
v;1566402535933;-0.304888835526778,-2.81354703092407,0.171200032044913
q;1566402535956;0.110880926,0.97631866,0.13917598,-0.12303393,
v;1566402535956;-0.303691117517262,-2.92037533600389,0.192184873305624
q;1566402535979;0.112863876,0.9807661,0.14294963,-0.070179,
v;1566402535979;-0.30075526040429,-3.03102385597727,0.212376329592402
q;1566402536002;0.1135482,0.98244387,0.14688024,-0.018357541,
v;1566402536002;-0.29712470464641,-3.1387537205042,0.229708588684378
q;1566402536024;0.11530568,0.98130846,0.15120016,0.029610367,
v;1566402536024;-0.294142729687843,3.04428416086138,0.248357775602017
q;1566402536048;0.118362166,0.9774617,0.15679617,0.07729149,
v;1566402536048;-0.292375500989444,2.94374649599183,0.270233115092234
q;1566402536071;0.11878156,0.97211826,0.16092767,0.1223902,
v;1566402536071;-0.287761055501277,2.84942444935936,0.28579844981566
q;1566402536093;0.11660824,0.96575475,0.16315308,0.16462493,
v;1566402536093;-0.280398364795855,2.76205168819173,0.294524706782412
q;1566402536117;0.113887064,0.95761514,0.16410196,0.20754157,
v;1566402536117;-0.270299882450226,2.67342406795299,0.301570782333337
q;1566402536140;0.11040015,0.9479305,0.16481905,0.24914709,
v;1566402536140;-0.260395000898104,2.58712692898857,0.306369423603247
q;1566402536165;0.10613745,0.9364735,0.16567795,0.29035,
v;1566402536165;-0.251308947255447,2.50089334272276,0.309482862194981
q;1566402536189;0.10140396,0.92612106,0.16655894,0.32291672,
v;1566402536189;-0.245475312546438,2.43212773106885,0.309437637505774
q;1566402536214;0.09729522,0.91252315,0.16669598,0.36062115,
v;1566402536214;-0.236245892977386,2.35164296012648,0.311308542894923
q;1566402536237;0.09467887,0.8994022,0.16618441,0.39305773,
v;1566402536237;-0.226434756786306,2.28158462002971,0.313965248006774
q;1566402536262;0.09042072,0.88457775,0.1637196,0.42724955,
v;1566402536262;-0.21401091042841,2.20791070837204,0.311899607601929
q;1566402536283;0.0864301,0.87226605,0.16118747,0.45354205,
v;1566402536283;-0.204213786455374,2.15079637048699,0.308146412265646
q;1566402536304;0.08134851,0.86072576,0.15723331,0.47729582,
v;1566402536304;-0.194233915661558,2.09950409368341,0.300179150978644
q;1566402536325;0.077047445,0.85024905,0.15206826,0.49801153,
v;1566402536325;-0.182868262674066,2.05497418807331,0.291378056855275
q;1566402536346;0.07169093,0.84146297,0.1459628,0.5152624,
v;1566402536346;-0.172621323226007,2.01842807321658,0.278754292443134
q;1566402536366;0.062388968,0.83606106,0.13552962,0.5279595,
v;1566402536366;-0.161444792910511,1.99448661834032,0.253393189651015
q;1566402536386;0.048065856,0.83347845,0.11960253,0.5373067,
v;1566402536386;-0.148262633141255,1.9805285399331,0.212561705426073
q;1566402536406;0.03557453,0.830715,0.10600643,0.54535264,
v;1566402536406;-0.137756216868299,1.96748492590379,0.177325297799642
q;1566402536431;0.027370954,0.8305114,0.09804169,0.5476217,
v;1566402536431;-0.133265736766274,1.96535965120138,0.15482848541698
q;1566402536452;0.021076104,0.8309628,0.09502959,0.5477465,
v;1566402536452;-0.135255401174983,1.96644472692704,0.140879115265258
q;1566402536472;0.014058678,0.8323083,0.09301008,0.54627323,
v;1566402536472;-0.139922491687366,1.97107810706156,0.126591892914018
q;1566402536492;0.009485031,0.8352971,0.092365205,0.5419017,
v;1566402536492;-0.144527494795666,1.98208472606254,0.117442790160064
q;1566402536513;0.008399494,0.83952063,0.09238239,0.53535026,
v;1566402536513;-0.14664553698588,1.99783409346031,0.114493143628879
q;1566402536534;0.009193836,0.8460323,0.092663,0.52493656,
v;1566402536534;-0.147675589271977,2.02245768796543,0.114331582305675
q;1566402536556;0.008695321,0.854462,0.09348289,0.51095986,
v;1566402536556;-0.151447512902876,2.05521309881432,0.111903257338179
q;1566402536581;0.007998095,0.8649283,0.09537117,0.49268588,
v;1566402536581;-0.157750817248245,2.09736551556409,0.109385133769425
q;1566402536604;0.008273717,0.8763255,0.09887339,0.47139087,
v;1566402536604;-0.166255081317894,2.14542599865455,0.10944133354616
q;1566402536625;0.0074661365,0.8881172,0.102431335,0.44799545,
v;1566402536625;-0.176162201592626,2.19776886014478,0.106893793102992
q;1566402536646;0.004762477,0.8999712,0.10531157,0.42301142,
v;1566402536646;-0.186606716935708,2.25350168948045,0.0995580943923153
q;1566402536669;0.0017077959,0.9142296,0.11054319,0.38982257,
v;1566402536669;-0.202166562118652,2.32622427052463,0.0912904994635427
q;1566402536696;-0.00133106,0.93018913,0.115684435,0.34837273,
v;1566402536696;-0.217863598537873,2.41613120129151,0.0801034728748699
q;1566402536717;-0.0049771974,0.94321996,0.11936975,0.30993903,
v;1566402536717;-0.230299490465939,2.49894601890404,0.0664062657233432
q;1566402536739;-0.011952856,0.9547025,0.123976454,0.270241,
v;1566402536739;-0.245644537930424,2.58427313883507,0.0455673901554296
q;1566402536762;-0.018904718,0.9652956,0.12945955,0.22602485,
v;1566402536762;-0.261447715849453,2.67858038238436,0.0228016505344474
q;1566402536787;-0.024081767,0.97394615,0.1344849,0.18100502,
v;1566402536787;-0.274099270977614,2.773836882244,0.00184507425750571
q;1566402536811;-0.028912747,0.9803012,0.13903151,0.13727297,
v;1566402536811;-0.284339349969686,2.86610053950841,-0.0192916260882838
q;1566402536834;-0.034223318,0.9842888,0.14240381,0.098617844,
v;1566402536834;-0.291180267934929,2.94789097329058,-0.0410219539424993
q;1566402536857;-0.038586475,0.9868321,0.14423382,0.062210962,
v;1566402536857;-0.293673221854001,3.02467994008909,-0.0608520935449012
q;1566402536879;-0.039325215,0.9882301,0.14409074,0.03305425,
v;1566402536879;-0.29150007839882,3.08518684645188,-0.071263177583544
q;1566402536902;-0.037262227,0.988778,0.14465515,0.0021266364,
v;1566402536902;-0.290281694964139,-3.13473071825517,-0.0763376171419748
q;1566402536928;-0.034091108,0.988168,0.14659756,-0.029512428,
v;1566402536928;-0.291838855421433,-3.07019375386742,-0.0794686857693901
q;1566402536951;-0.031104576,0.9866213,0.14878173,-0.05894888,
v;1566402536951;-0.294138323011263,-3.01000197911935,-0.0825530799485007
q;1566402536973;-0.024737392,0.9847621,0.14988369,-0.08465584,
v;1566402536973;-0.295283639433019,-2.95854689856224,-0.0775276564731871
q;1566402536996;-0.015832376,0.9818302,0.14997317,-0.11518248,
v;1566402536996;-0.295114236890127,-2.89782312334484,-0.0686577162493406
q;1566402537019;-0.010201927,0.9780067,0.15038244,-0.14416638,
v;1566402537019;-0.295489863843069,-2.83902305316703,-0.0662321311410552
q;1566402537041;-0.007979916,0.9737381,0.1516018,-0.16966854,
v;1566402537041;-0.296874659044789,-2.78607984922872,-0.0701064893417277
q;1566402537064;-0.008910245,0.9698366,0.15196468,-0.19037953,
v;1566402537064;-0.295657788507572,-2.74220502932799,-0.0786342760081941
q;1566402537087;-0.009519267,0.9664296,0.15122709,-0.20749359,
v;1566402537087;-0.292503508762737,-2.70610427308621,-0.0848585576276601
q;1566402537109;-0.00833574,0.9641697,0.14988735,-0.21872617,
v;1566402537109;-0.289410398697755,-2.68299907388135,-0.0852887338944671
q;1566402537131;-0.0060577984,0.9615467,0.14848812,-0.23095988,
v;1566402537131;-0.286668554320201,-2.65803742033237,-0.0837509658825562
q;1566402537153;-0.003305177,0.95959234,0.14709134,-0.23986611,
v;1566402537153;-0.284533612348698,-2.64020238795746,-0.0802154896632543
q;1566402537176;-0.0018352169,0.9584659,0.14583859,-0.2450936,
v;1566402537176;-0.28240171545733,-2.62977472796575,-0.0781794267789902
q;1566402537196;-0.0016989969,0.9582521,0.14482711,-0.24652654,
v;1566402537196;-0.280383370899403,-2.6269991507178,-0.0777761171204587
q;1566402537218;-0.0017290732,0.9588392,0.14409448,-0.24466552,
v;1566402537218;-0.279089801163462,-2.63111575917442,-0.0768729469971046
q;1566402537240;-0.0012649456,0.96001476,0.1440623,-0.24003361,
v;1566402537240;-0.279626432072937,-2.64108033636171,-0.0745503132518758
q;1566402537260;0.0006187299,0.96152633,0.14389463,-0.23401092,
v;1566402537260;-0.280677323012321,-2.65438856306565,-0.0689047357760104
q;1566402537281;0.0014255692,0.96321845,0.14465915,-0.22645518,
v;1566402537281;-0.283088327149913,-2.67044883389037,-0.06542004467834
q;1566402537303;0.0022345607,0.9650582,0.1456914,-0.21778814,
v;1566402537303;-0.286060153866384,-2.68879456715986,-0.0616912333534461
q;1566402537323;0.0027329624,0.96669406,0.14662032,-0.20975602,
v;1566402537323;-0.288610526962571,-2.70572124642255,-0.0586845756287712
q;1566402537343;0.0036275717,0.9683212,0.14779098,-0.20124303,
v;1566402537343;-0.29180180149349,-2.72371828214124,-0.0548013800867956
q;1566402537363;0.0049366746,0.9700603,0.14868237,-0.1919693,
v;1566402537363;-0.294600002937209,-2.74348208689996,-0.0496664039681481
q;1566402537383;0.005886278,0.97155577,0.14883567,-0.18409973,
v;1566402537383;-0.295660372307475,-2.76030017212362,-0.0453459466663555
q;1566402537403;0.0065018977,0.9730629,0.14916292,-0.17566094,
v;1566402537403;-0.29691758714156,-2.77817250889968,-0.0415816372547604
q;1566402537424;0.0062424946,0.9743524,0.14969277,-0.16790016,
v;1566402537424;-0.298203272362842,-2.79431468557414,-0.0398719085767166
q;1566402537446;0.006145674,0.9755908,0.15014,-0.16013367,
v;1566402537446;-0.29937039561758,-2.81051487424382,-0.0377826859914538
q;1566402537469;0.0057933396,0.97663766,0.150681,-0.15310295,
v;1566402537469;-0.300602175483921,-2.82506990873604,-0.0364663543284545
q;1566402537489;0.005389624,0.97752696,0.15106848,-0.1469367,
v;1566402537489;-0.301476974177573,-2.83780991616452,-0.035464590117938
q;1566402537509;0.0053690826,0.9784065,0.15081474,-0.14123324,
v;1566402537509;-0.301164850062282,-2.84977207981948,-0.0336127166704445
q;1566402537529;0.005170841,0.9793291,0.14997268,-0.13563178,
v;1566402537529;-0.299610290156098,-2.86152635052336,-0.031984271673557
q;1566402537551;0.0051174243,0.98025256,0.14870498,-0.13025206,
v;1566402537551;-0.297227061712134,-2.87289249415702,-0.0300264277937362
q;1566402537574;0.0053688693,0.9810828,0.1477076,-0.1250209,
v;1566402537574;-0.295448778772459,-2.88398883300462,-0.0275975743469499
q;1566402537598;0.0059553566,0.9818039,0.14676076,-0.12036147,
v;1566402537598;-0.293823701193056,-2.89397106058279,-0.0246954610807424
q;1566402537621;0.0075498354,0.98246336,0.14565231,-0.11616417,
v;1566402537621;-0.292085643125136,-2.90329089724503,-0.0198461077128644
q;1566402537645;0.009614037,0.98297566,0.14497432,-0.11246699,
v;1566402537645;-0.291276280002655,-2.91165442859454,-0.0143122486612627
q;1566402537668;0.011239931,0.9835093,0.14421402,-0.108560875,
v;1566402537668;-0.290166838619187,-2.92031715287351,-0.0096044932913172
q;1566402537692;0.013204698,0.98400646,0.1431458,-0.10519621,
v;1566402537692;-0.288475397379181,-2.92796394404226,-0.00430779119533855
q;1566402537714;0.015026705,0.98443574,0.14243492,-0.101847276,
v;1566402537714;-0.287438668608829,-2.93549755943618,0.000596923621661233
q;1566402537738;0.016922642,0.9847949,0.14205877,-0.09854894,
v;1566402537738;-0.287059129283613,-2.94291905196893,0.0055586649285823
q;1566402537762;0.019337175,0.98504907,0.14173628,-0.09599648,
v;1566402537762;-0.286865263559337,-2.9489381057463,0.0113477162825114
q;1566402537786;0.02132651,0.9852704,0.14165768,-0.09338365,
v;1566402537786;-0.2870512170385,-2.9549437690122,0.0162326103975905
q;1566402537812;0.0231836,0.9854,0.14174098,-0.091426425,
v;1566402537812;-0.287527724443697,-2.95954547841493,0.0206204091867535
q;1566402537839;0.024298364,0.98547465,0.14222685,-0.08955898,
v;1566402537839;-0.288666532137138,-2.9637315369842,0.0233850766382814
