q;1565692033501;0.027634107,-0.6837798,-0.02148312,0.72884846,
v;1565692033501;0.01090292167739,-1.50738699807312,-0.0691664092801434
q;1565692033523;0.026321124,-0.6834703,-0.021466605,0.7291877,
v;1565692033523;0.00904262905745007,-1.50639809690595,-0.0673394140450648
q;1565692033546;0.025304062,-0.68258435,-0.021380903,0.7300556,
v;1565692033546;0.00775828260785623,-1.50386773981874,-0.0658122866069051
q;1565692033569;0.024851624,-0.6813873,-0.021484945,0.73118544,
v;1565692033569;0.00706321265916998,-1.50054932831758,-0.0653342190324031
q;1565692033592;0.024438906,-0.67975473,-0.021519667,0.73271626,
v;1565692033592;0.00655742373763044,-1.49605265057649,-0.0648072915321252
q;1565692033615;0.024309156,-0.6769686,-0.021342034,0.73530084,
v;1565692033615;0.00685336554544416,-1.48845624216909,-0.0643446027028955
q;1565692033638;0.024228267,-0.6735744,-0.021476207,0.73841,
v;1565692033638;0.00684919633321414,-1.47924531107355,-0.0644015914356542
q;1565692033661;0.024796221,-0.66878194,-0.022138314,0.7427151,
v;1565692033661;0.00722170912101094,-1.46637219980877,-0.0661012986512426
q;1565692033685;0.025657132,-0.6629554,-0.022828287,0.74787086,
v;1565692033685;0.00810825931357855,-1.45084123589347,-0.0682194324028922
q;1565692033711;0.026410105,-0.65582055,-0.023791602,0.75407946,
v;1565692033711;0.00862469934078744,-1.43194157763782,-0.0705833120734119
q;1565692033736;0.02737775,-0.6472107,-0.025203953,0.76140237,
v;1565692033736;0.00906655555771287,-1.40935177726289,-0.0738892950521942
q;1565692033764;0.02842641,-0.637516,-0.026142746,0.7694685,
v;1565692033764;0.0104138046321566,-1.38417429001582,-0.0765555254126524
q;1565692033797;0.02969825,-0.62620765,-0.026522757,0.7786389,
v;1565692033797;0.013031287572571,-1.35514659648728,-0.0785853699799603
q;1565692033826;0.029955795,-0.6170795,-0.02671621,0.78587645,
v;1565692033826;0.0141115249910807,-1.33187509163032,-0.0790516659734499
q;1565692033853;0.02978972,-0.6078966,-0.027281633,0.79298806,
v;1565692033853;0.0140774256136676,-1.30862917277892,-0.0795779975826592
q;1565692033876;0.029449195,-0.59972596,-0.029130938,0.7991326,
v;1565692033876;0.012126761242387,-1.28810251559069,-0.0819796745036652
q;1565692033900;0.02891499,-0.59084445,-0.031890597,0.80563617,
v;1565692033900;0.00890527681258202,-1.26595120338504,-0.0856610745609006
q;1565692033924;0.028418781,-0.58193594,-0.033863395,0.8120322,
v;1565692033924;0.00674132837206344,-1.2439127978261,-0.088188420955235
q;1565692033947;0.028727558,-0.5729779,-0.035174325,0.8183116,
v;1565692033947;0.00670801646450899,-1.22201817199958,-0.0906136151503878
q;1565692033971;0.028351702,-0.56278807,-0.03605961,0.82532746,
v;1565692033971;0.00621107969755732,-1.1972294825416,-0.0915636253764364
q;1565692033994;0.027298834,-0.55156064,-0.036903888,0.83287084,
v;1565692033994;0.00476335945475884,-1.17008255556275,-0.0917158364938123
q;1565692034017;0.026693689,-0.5384996,-0.03911896,0.84129393,
v;1565692034017;0.00278339201913092,-1.13887897463406,-0.0947120721571277
q;1565692034043;0.02622352,-0.5225249,-0.042897876,0.8511403,
v;1565692034043;-0.00019062737566733,-1.10116212119757,-0.100598700551114
q;1565692034070;0.025727825,-0.50370216,-0.046943884,0.8622172,
v;1565692034070;-0.0029255292451287,-1.05727604249112,-0.107074913535046
q;1565692034099;0.02518634,-0.48118484,-0.051222455,0.8747589,
v;1565692034099;-0.0052310113367251,-1.00550611129141,-0.114102151675021
q;1565692034127;0.02425322,-0.457548,-0.055295147,0.8871325,
v;1565692034127;-0.00756880072093034,-0.951895973056532,-0.120597827868015
q;1565692034153;0.023287948,-0.43429583,-0.058662053,0.89855635,
v;1565692034153;-0.00910242858176659,-0.899865429692387,-0.125988281979709
q;1565692034182;0.021603055,-0.40886357,-0.06126083,0.91028076,
v;1565692034182;-0.0107651605879907,-0.843615404331586,-0.129564192836413
q;1565692034209;0.019413847,-0.38552618,-0.062451404,0.9203763,
v;1565692034209;-0.012417532216251,-0.792539017209571,-0.130305132617136
q;1565692034234;0.017407289,-0.36197814,-0.06333805,0.9298695,
v;1565692034234;-0.0134813731866446,-0.741576540709288,-0.130778675373566
q;1565692034260;0.015918817,-0.33874643,-0.06391623,0.9385692,
v;1565692034260;-0.0134213697251844,-0.691854463748363,-0.131151936798625
q;1565692034287;0.0131932255,-0.31844437,-0.06251622,0.9457859,
v;1565692034287;-0.0148604902231526,-0.648606725230052,-0.127011738260918
q;1565692034312;0.009995159,-0.2997499,-0.059521034,0.95210683,
v;1565692034312;-0.0166506990557944,-0.609011537699413,-0.119634578752161
q;1565692034339;0.006775278,-0.2801443,-0.054106914,0.95840794,
v;1565692034339;-0.0173293939795154,-0.567824201938513,-0.107733528752785
q;1565692034364;0.004314827,-0.25997135,-0.04816259,0.9644048,
v;1565692034364;-0.0167200863809133,-0.525818403718298,-0.0952974056334669
q;1565692034394;0.0033347802,-0.23479395,-0.04280253,0.97109663,
v;1565692034394;-0.0136231839358293,-0.473881002953105,-0.0848062370296308
q;1565692034423;0.003714748,-0.20975177,-0.040100217,0.97692496,
v;1565692034423;-0.00956426871860432,-0.422607739261983,-0.0799971074391595
q;1565692034445;0.004578293,-0.18924367,-0.039034855,0.9811433,
v;1565692034445;-0.00579030778732358,-0.380854604150735,-0.0784120393274916
q;1565692034468;0.005139915,-0.16857561,-0.039092615,0.9848998,
v;1565692034468;-0.00305552508372004,-0.33891455388202,-0.0788194994132565
q;1565692034492;0.005161444,-0.14695907,-0.039021518,0.98835915,
v;1565692034492;-0.0012664115198227,-0.295167102226032,-0.0787329713005974
q;1565692034516;0.004558931,-0.12535219,-0.038084783,0.99137056,
v;1565692034516;-0.000508841974465061,-0.251532189453339,-0.0767304896973214
q;1565692034539;0.0037332342,-0.10279961,-0.036119647,0.9940391,
v;1565692034539;-4.20972136091294e-06,-0.206099331809033,-0.0726400978972912
q;1565692034563;0.002840628,-0.078700565,-0.03222357,0.9963733,
v;1565692034563;0.000588625492221856,-0.157665792093649,-0.0647056812665522
q;1565692034588;0.0023659419,-0.054443598,-0.02878841,0.99809897,
v;1565692034588;0.00158819977241474,-0.109032461492103,-0.0577571648866809
q;1565692034611;0.0019334793,-0.032174464,-0.026779165,0.9991216,
v;1565692034611;0.00214035293727922,-0.0644406955037004,-0.0536615744904652
q;1565692034635;0.0013291304,-0.012260147,-0.02489582,0.999614,
v;1565692034635;0.00204678331466553,-0.0245795351234082,-0.0498257291123064
q;1565692034661;-8.881116e-05,0.0072237803,-0.021824237,0.9997357,
v;1565692034661;0.0001377316126209,0.0144481213831103,-0.0436520831136134
q;1565692034685;-0.0019710525,0.020916782,-0.019006135,0.9995987,
v;1565692034685;-0.00314543385503733,0.0419041701915949,-0.0380888691759107
q;1565692034710;-0.0040376578,0.034375347,-0.016412415,0.9992661,
v;1565692034710;-0.00694107993952249,0.0688889059895148,-0.0330851641427647
q;1565692034734;-0.005640079,0.046693157,-0.013356796,0.9988041,
v;1565692034734;-0.0100194937561721,0.0935664540604076,-0.0272130758428212
q;1565692034757;-0.006698069,0.057938874,-0.009892814,0.9982487,
v;1565692034757;-0.0122266249606311,0.116076481986039,-0.0205301111407926
q;1565692034780;-0.008374422,0.06669183,-0.006661045,0.99771625,
v;1565692034780;-0.0158227794904962,0.133604405979497,-0.0144109794005408
q;1565692034802;-0.010077968,0.07396489,-0.003733627,0.99720293,
v;1565692034802;-0.0195484888459759,0.148160938345318,-0.00893902612158139
q;1565692034824;-0.011181499,0.079682834,-0.00097270065,0.9967571,
v;1565692034824;-0.0221372699943414,0.159586069410392,-0.00372196015900458
q;1565692034847;-0.01212332,0.08534123,0.0017559343,0.9962765,
v;1565692034847;-0.0244585033366725,0.170885695687761,0.0014299822630021
q;1565692034870;-0.013562616,0.08999189,0.003644889,0.99584347,
v;1565692034870;-0.0276720375294534,0.180178728776693,0.00482029101533977
q;1565692034893;-0.014954377,0.093912944,0.00423288,0.9954591,
v;1565692034893;-0.0305727482498161,0.188039939017739,0.0056211551016588
q;1565692034919;-0.01624808,0.098223045,0.006204758,0.99501246,
v;1565692034919;-0.0335592834160854,0.196639482049308,0.00916103753586882
q;1565692034943;-0.017178517,0.10235398,0.007486033,0.99457157,
v;1565692034943;-0.0357105692586098,0.204899988624485,0.011381714059986
q;1565692034966;-0.017760247,0.10587346,0.008468428,0.994185,
v;1565692034966;-0.0371156268475372,0.211942861835073,0.0130870770398056
q;1565692034992;-0.018284095,0.1090314,0.009467617,0.993825,
v;1565692034992;-0.0384163650566252,0.218258541949788,0.0148427237889627
q;1565692035017;-0.018148774,0.11097207,0.010350127,0.99360394,
v;1565692035017;-0.0383719525681114,0.222133355469788,0.0165527799402003
q;1565692035040;-0.017597811,0.11216289,0.011801303,0.99346393,
v;1565692035040;-0.0376217917991284,0.224482353088883,0.0195157425975438
q;1565692035063;-0.016187469,0.11298786,0.01342776,0.99337375,
v;1565692035063;-0.0352020311436902,0.226104117043102,0.0230359010506919
q;1565692035086;-0.014396439,0.11312659,0.015544386,0.9933547,
v;1565692035086;-0.0321240322507073,0.226345634334939,0.0276427178906188
q;1565692035109;-0.013723617,0.11275187,0.018850138,0.99334955,
v;1565692035109;-0.0315206934876724,0.225504096081481,0.0343786705824428
q;1565692035133;-0.013396308,0.11179037,0.023016492,0.99337494,
v;1565692035133;-0.0317665000070184,0.223449451545805,0.0427674625692301
q;1565692035155;-0.012859103,0.110604964,0.0263976,0.9934306,
v;1565692035155;-0.0313938205703595,0.220979915700627,0.049648654783279
q;1565692035177;-0.012038768,0.110051446,0.029385049,0.99341846,
v;1565692035177;-0.0303914812595492,0.219813329227755,0.0557882154349102
q;1565692035199;-0.011245434,0.11014859,0.030817078,0.99337363,
v;1565692035199;-0.0291348722025822,0.220007481257754,0.0588072402888616
q;1565692035222;-0.010599245,0.11048159,0.032048475,0.9933048,
v;1565692035222;-0.0281418092107072,0.22067784352541,0.0613886075698765
q;1565692035251;-0.010218213,0.110903054,0.033089213,0.9932277,
v;1565692035251;-0.0276409335199521,0.221518910609539,0.0635307634138572
q;1565692035276;-0.010138687,0.11052398,0.033123963,0.9932696,
v;1565692035276;-0.0274663369125884,0.220759897775528,0.0636278217591871
q;1565692035301;-0.009742406,0.10856611,0.032431133,0.99351233,
v;1565692035301;-0.0264033125467073,0.2168624416771,0.0623882663143624
q;1565692035324;-0.0092875585,0.10594197,0.03280883,0.9937875,
v;1565692035324;-0.0254141188988214,0.211601558106726,0.0633048285242981
q;1565692035348;-0.008911973,0.10233451,0.0336691,0.99414015,
v;1565692035348;-0.024613007069802,0.20435031796164,0.0651854871643223
q;1565692035372;-0.008503729,0.097679436,0.033981875,0.9946013,
v;1565692035372;-0.0235564791564798,0.195013730173261,0.0660017628895361
q;1565692035395;-0.007342417,0.09141783,0.034122065,0.9952008,
v;1565692035395;-0.0208546004475005,0.182508098169228,0.0666379447206001
q;1565692035417;-0.006514986,0.085859165,0.033529375,0.99572164,
v;1565692035417;-0.0187329289854933,0.171414916065551,0.0657119083304759
q;1565692035440;-0.0059626345,0.07873095,0.032616317,0.9963444,
v;1565692035440;-0.0170183237045335,0.1571662233986,0.0641084630357513
q;1565692035466;-0.004709985,0.069867805,0.03157754,0.9970452,
v;1565692035466;-0.013805081178673,0.139490426354738,0.0623566577012802
q;1565692035490;-0.003439564,0.059766557,0.029734904,0.9977635,
v;1565692035490;-0.0104182369641351,0.11935083921014,0.0589630195756387
q;1565692035512;-0.0031788421,0.050236758,0.027387945,0.9983567,
v;1565692035512;-0.00909912530615243,0.100306548869505,0.0543955590153095
q;1565692035535;-0.0032740782,0.0398863,0.024103887,0.9989081,
v;1565692035535;-0.00846393726068067,0.079614588261812,0.0479140007718135
q;1565692035558;-0.0040915166,0.029412538,0.022562867,0.9993043,
v;1565692035558;-0.00950474573930104,0.0586357597532258,0.0448707378538525
q;1565692035581;-0.005148278,0.018958902,0.02113262,0.99958366,
v;1565692035581;-0.0110937992303561,0.0376956698980777,0.0420674262396377
q;1565692035604;-0.006363894,0.010035131,0.019556854,0.99973816,
v;1565692035604;-0.0131173427083249,0.0198190937104049,0.0389889722243507
q;1565692035627;-0.007885433,0.0006468888,0.017805416,0.99981016,
v;1565692035627;-0.0157915646319872,0.00101285161916464,0.0356058310768599
q;1565692035650;-0.009338701,-0.007953641,0.015173127,0.9998096,
v;1565692035650;-0.0184335265312975,-0.0161911058882283,0.0304989382238194
q;1565692035672;-0.009807799,-0.015053355,0.012768448,0.99975705,
v;1565692035672;-0.019227601150241,-0.0303601311604335,0.0258336204065804
q;1565692035697;-0.00957947,-0.022565547,0.010694712,0.99964225,
v;1565692035697;-0.0186705065362452,-0.0453432839548068,0.0218196378472058
q;1565692035724;-0.009085307,-0.03178633,0.010151638,0.99940187,
v;1565692035724;-0.0175152745360159,-0.0637720888231419,0.0208734263703447
q;1565692035750;-0.008733764,-0.041830763,0.009768317,0.99903876,
v;1565692035750;-0.0166342723105621,-0.0838615858265181,0.0202527208184862
q;1565692035773;-0.008391432,-0.05193608,0.009210369,0.9985727,
v;1565692035773;-0.015802866630784,-0.104079256309757,0.0192696806792381
q;1565692035797;-0.007717222,-0.06345161,0.008051814,0.9979226,
v;1565692035797;-0.0143810750619074,-0.12711905769915,0.0170521042202384
q;1565692035823;-0.007182911,-0.076807834,0.006662617,0.9969978,
v;1565692035823;-0.0132996026356638,-0.153870205835756,0.0143904059393471
q;1565692035851;-0.0071227592,-0.09220488,0.0051265485,0.9957014,
v;1565692035851;-0.0132392837933023,-0.184755485730589,0.0115237943062823
q;1565692035877;-0.0056325854,-0.108135305,0.0035789444,0.9941138,
v;1565692035877;-0.0104250300962882,-0.216742618916451,0.0083344680958207
q;1565692035904;-0.0043029706,-0.1262151,0.0017839371,0.991992,
v;1565692035904;-0.0080867933646041,-0.253126737152849,0.0046256701376238
q;1565692035927;-0.0039465977,-0.14304599,0.0005565705,0.989708,
v;1565692035927;-0.00765280297460597,-0.2870875787886,0.00223084167812836
q;1565692035954;-0.0033614645,-0.16435562,-0.00064783584,0.98639524,
v;1565692035954;-0.00684446952682271,-0.330210793653899,-0.000173097269115527
q;1565692035980;-0.0034582028,-0.18561466,-0.0015007411,0.9826154,
v;1565692035980;-0.00735335202122221,-0.373391278389696,-0.00166556215848634
q;1565692036005;-0.002498876,-0.20562291,-0.0020811602,0.9786259,
v;1565692036005;-0.00574682961443922,-0.414193824378524,-0.00304575724135166
q;1565692036036;0.0010376105,-0.22994126,-0.0038147464,0.9731965,
v;1565692036036;0.000265262629444407,-0.464039399440227,-0.00790225714262338
q;1565692036062;0.003666531,-0.24972172,-0.0041468507,0.96830183,
v;1565692036062;0.00502952117983335,-0.50481842502067,-0.00986231571131273
q;1565692036087;0.0061728028,-0.26800418,-0.0045342566,0.9633873,
v;1565692036087;0.00946334144922254,-0.542714974422894,-0.0120459950459001
q;1565692036112;0.007743034,-0.2859372,-0.004487331,0.9582066,
v;1565692036112;0.0122729709444788,-0.580072510155364,-0.013028973110971
q;1565692036139;0.009093756,-0.3043987,-0.0061173397,0.9524817,
v;1565692036139;0.013599471034127,-0.618769532615129,-0.0171919998115554
q;1565692036162;0.009740602,-0.31888255,-0.007261419,0.94771636,
v;1565692036162;0.0138320171921569,-0.649288350981799,-0.0199789873628503
q;1565692036186;0.009901507,-0.33210015,-0.006479474,0.94316995,
v;1565692036186;0.0143744341625102,-0.67724291640546,-0.0188021243983634
q;1565692036209;0.009612831,-0.3441955,-0.0054512173,0.938833,
v;1565692036209;0.0142976041220106,-0.702928883206069,-0.0168554725417234
q;1565692036233;0.009203366,-0.3565207,-0.0041033872,0.93423307,
v;1565692036233;0.0142707771723119,-0.729222734577189,-0.0142313504673723
q;1565692036256;0.010599553,-0.3677061,-0.00429553,0.92987174,
v;1565692036256;0.0165542204973841,-0.753264608657666,-0.0157864431244008
q;1565692036279;0.011968624,-0.37918618,-0.0042197355,0.92523336,
v;1565692036279;0.0189485435100278,-0.778059295430349,-0.0168889883620926
q;1565692036303;0.012383053,-0.3904952,-0.0035590641,0.9205148,
v;1565692036303;0.0200193093884295,-0.802571742622129,-0.0162273515346477
q;1565692036326;0.0116986865,-0.4020395,-0.0037728464,0.9155398,
v;1565692036326;0.0183885959403425,-0.827702803133512,-0.0163185332436717
q;1565692036350;0.011826646,-0.41295934,-0.004811472,0.91065997,
v;1565692036350;0.0175671251132581,-0.851638791876546,-0.0185349987495071
q;1565692036374;0.013060906,-0.42348874,-0.005860946,0.90578824,
v;1565692036374;0.0186978303124019,-0.874884553558147,-0.0216853350214992
q;1565692036400;0.014498511,-0.43590063,-0.0065539386,0.8998542,
v;1565692036400;0.020380771022051,-0.902449250950238,-0.0244425079743013
q;1565692036426;0.0150647415,-0.44798818,-0.007346024,0.89388233,
v;1565692036426;0.0203517535212441,-0.929439494048062,-0.0266392810786457
q;1565692036455;0.016352504,-0.46302065,-0.008247369,0.8861582,
v;1565692036455;0.0213460277362349,-0.963293328862669,-0.0297712204494232
q;1565692036483;0.016500248,-0.47677562,-0.008949327,0.8788246,
v;1565692036483;0.0204694352503593,-0.994479182742891,-0.0314753989840178
q;1565692036509;0.017892096,-0.48875898,-0.009444067,0.8721842,
v;1565692036509;0.0219804316568058,-1.02193621606556,-0.0339785213795728
q;1565692036534;0.019319315,-0.5000138,-0.009679472,0.8657478,
v;1565692036534;0.0237738091698606,-1.04792827018222,-0.036097848908074
q;1565692036557;0.020587008,-0.5102245,-0.009900769,0.8597379,
v;1565692036557;0.0252983306507086,-1.07168280448978,-0.0380534813853209
q;1565692036584;0.021849606,-0.52259797,-0.011036866,0.85222775,
v;1565692036584;0.0257088255068342,-1.10069390101913,-0.0416747963792722
q;1565692036608;0.022826377,-0.532247,-0.012513851,0.84618884,
v;1565692036608;0.0253126346489177,-1.12350744788787,-0.0455069814977478
q;1565692036631;0.02378229,-0.5418809,-0.01388876,0.8400039,
v;1565692036631;0.0249048996453646,-1.14644834836429,-0.0491425735090798
q;1565692036654;0.02464449,-0.5510804,-0.015092557,0.83395165,
v;1565692036654;0.0244726442473527,-1.16850985973967,-0.0523747340465364
q;1565692036677;0.025225226,-0.5603699,-0.016185913,0.8277,
v;1565692036677;0.0236198383992758,-1.19092394313666,-0.0551083281070862
q;1565692036700;0.026342178,-0.5692998,-0.017105982,0.82152975,
v;1565692036700;0.0238071503914619,-1.21268393615341,-0.0581485719139743
q;1565692036724;0.027278472,-0.57878745,-0.017848529,0.81482667,
v;1565692036724;0.023795689427044,-1.23595961370079,-0.0607182699604831
q;1565692036750;0.028473534,-0.59059197,-0.01823415,0.8062617,
v;1565692036750;0.0243787694606435,-1.26519136403804,-0.0630960681309881
q;1565692036774;0.029764034,-0.6011102,-0.01855053,0.79839617,
v;1565692036774;0.0252278318316591,-1.2915315486567,-0.0654718565208317
q;1565692036797;0.03134579,-0.6113576,-0.018942658,0.7905065,
v;1565692036797;0.0263996920300906,-1.31749017563399,-0.0683525737465099
q;1565692036821;0.03264794,-0.622572,-0.019043116,0.7816493,
v;1565692036821;0.0273304595718854,-1.34615202538764,-0.0705061734237274
q;1565692036844;0.033637427,-0.6333197,-0.01926709,0.7729188,
v;1565692036844;0.0275970469444795,-1.37390277709595,-0.0724813046075748
q;1565692036870;0.034093414,-0.64587516,-0.019544315,0.76243097,
v;1565692036870;0.0267445624148856,-1.40663573046763,-0.0739363218598905
q;1565692036893;0.035208058,-0.6574636,-0.019675303,0.75240606,
v;1565692036893;0.0271132431455133,-1.43734767330212,-0.0760047307440981
q;1565692036916;0.035625737,-0.6678294,-0.019428441,0.7432074,
v;1565692036916;0.0270081378931805,-1.46509171215485,-0.0765652325593947
q;1565692036939;0.034694575,-0.67892635,-0.019046491,0.7331389,
v;1565692036939;0.0250121637611739,-1.49498946535747,-0.0751317110583465
q;1565692036962;0.032932367,-0.6893205,-0.017594699,0.7234937,
v;1565692036962;0.0233980815774936,-1.52326000399127,-0.0709401067921318
q;1565692036984;0.032324202,-0.69942963,-0.016142553,0.7137876,
v;1565692036984;0.0235662506545781,-1.55128299287713,-0.0683338457657744
q;1565692037007;0.032541227,-0.709153,-0.015585287,0.70413077,
v;1565692037007;0.0237240777665534,-1.57871245518507,-0.0681735424647628
q;1565692037030;0.03282013,-0.718161,-0.015103586,0.6949386,
v;1565692037030;0.0239246198306511,-1.60447709142527,-0.0682047761755588
q;1565692037053;0.032855127,-0.72742194,-0.014408648,0.6852521,
v;1565692037053;0.0240680797785055,-1.63129500048977,-0.0676172752250451
q;1565692037076;0.032728832,-0.73699605,-0.0138194235,0.6749628,
v;1565692037076;0.0238140178966762,-1.65940602618264,-0.0669662470188745
q;1565692037103;0.032137673,-0.74958557,-0.013090701,0.66099715,
v;1565692037103;0.0228626110382337,-1.69698657947417,-0.0655497543196117
q;1565692037127;0.031015843,-0.76159066,-0.012313001,0.64719874,
v;1565692037127;0.0213935277746946,-1.73351511635693,-0.0632372699577183
q;1565692037150;0.031120753,-0.77388537,-0.012327372,0.6324404,
v;1565692037150;0.0202854884898685,-1.77192488167475,-0.0638168759489538
q;1565692037173;0.031682566,-0.7870149,-0.01299468,0.61598283,
v;1565692037173;0.0185788885810632,-1.81402143557002,-0.065937443461066
q;1565692037197;0.03209043,-0.8008546,-0.013798779,0.5978392,
v;1565692037197;0.0162689203854104,-1.859629019297,-0.0679597257496379
q;1565692037226;0.033229884,-0.8167631,-0.014932905,0.57582194,
v;1565692037226;0.0138761462805422,-1.91393529949357,-0.0715471829449472
q;1565692037255;0.035126664,-0.8325041,-0.015865514,0.5526765,
v;1565692037255;0.0124114711761097,-1.96993390802185,-0.0761024706863458
q;1565692037285;0.038219325,-0.84815896,-0.013775956,0.52818173,
v;1565692037285;0.0170059170447242,-2.0283252225298,-0.079479675529668
q;1565692037313;0.04253052,-0.86171263,-0.0083070295,0.5055426,
v;1565692037313;0.0286893702901377,-2.08164336889403,-0.0818221879608683
q;1565692037341;-0.04645101,0.8748255,8.464696e-05,-0.4822061,
v;1565692037341;0.0446646671261579,-2.13588259993694,-0.0815261875827323
q;1565692037364;-0.049285088,0.88473475,-0.0046031782,-0.463459,
v;1565692037364;0.0538544472074517,-2.17876010567908,-0.0831579244613235
q;1565692037390;-0.050983325,0.89465916,-0.006869452,-0.44377756,
v;1565692037390;0.0575739494799276,-2.22311974872261,-0.0853733363099418
q;1565692037416;-0.0514983,0.90374964,-0.006918867,-0.42489606,
v;1565692037416;0.0562984317140495,-2.26509247317519,-0.0874533531957731
q;1565692037442;-0.051451806,0.91113526,-0.0071736355,-0.40882003,
v;1565692037442;0.0551693440681383,-2.30049320957668,-0.0881416701671872
q;1565692037467;-0.05208829,0.9179714,-0.0074109575,-0.3931419,
v;1565692037467;0.054589381351555,-2.33477476992941,-0.0900596718960246
q;1565692037493;-0.05446366,0.92457217,-0.007452906,-0.3770206,
v;1565692037493;0.054876881709026,-2.3698246119198,-0.0953792812091108
q;1565692037517;-0.057119563,0.9299777,-0.0066283536,-0.3630908,
v;1565692037517;0.0538336161135246,-2.39987669264791,-0.10174907379581
q;1565692037539;-0.05904173,0.93480515,-0.005231904,-0.3501801,
v;1565692037539;0.0511544064334743,-2.42749053647864,-0.107065022720911
q;1565692037563;-0.059864935,0.9392666,-0.0031379934,-0.3379121,
v;1565692037563;0.0463696116676899,-2.45347275489864,-0.110682110391972
q;1565692037585;-0.060057674,0.9432563,-0.00070916687,-0.32658857,
v;1565692037585;0.0405772862503717,-2.47725751792226,-0.113170724188986
q;1565692037608;-0.060705893,0.9461887,0.0014011464,-0.31786758,
v;1565692037608;0.0359491153908859,-2.4954833383136,-0.116104743727378
q;1565692037634;-0.061594564,0.9486751,0.0036790692,-0.31017438,
v;1565692037634;0.0312347072694878,-2.51146235258593,-0.119491057342592
q;1565692037659;-0.06251435,0.9505358,0.006104853,-0.3041982,
v;1565692037659;0.0264308200971067,-2.52376227032138,-0.122910481364577
q;1565692037688;-0.06285824,0.95172447,0.009500248,-0.30029845,
v;1565692037688;0.0196704955857975,-2.53154331815747,-0.125708349769639
q;1565692037712;-0.062492955,0.9519504,0.012754536,-0.29953703,
v;1565692037712;0.0131549163896509,-2.5327330443573,-0.126973161300212
q;1565692037734;-0.062193245,0.9519425,0.01571274,-0.29948407,
v;1565692037734;0.00733658809908812,-2.53246411274069,-0.128174324021464
q;1565692037758;-0.062260356,0.95141786,0.019812027,-0.30089068,
v;1565692037758;-0.000231910955519072,-2.52897317548065,-0.13076610132088
q;1565692037783;-0.061898258,0.95086056,0.024443846,-0.3023829,
v;1565692037783;-0.00905155227359407,-2.52519739882708,-0.132892263205909
q;1565692037813;-0.06006808,0.950037,0.03224315,-0.30460122,
v;1565692037813;-0.024673253401869,-2.51940307342746,-0.134219763281366
q;1565692037835;-0.05807541,0.94925857,0.039537136,-0.30654895,
v;1565692037835;-0.039466263001231,-2.51419771935552,-0.135011907223061
q;1565692037857;-0.055339925,0.9488436,0.046759497,-0.30732208,
v;1565692037857;-0.0547478827053291,-2.51145076985574,-0.134362948635714
q;1565692037880;-0.053907465,0.9485379,0.05347214,-0.3074258,
v;1565692037880;-0.068348815170256,-2.51009594258716,-0.135877989804537
q;1565692037903;-0.05352625,0.9484164,0.057989713,-0.30704796,
v;1565692037903;-0.077203207925003,-2.5100566744888,-0.137988803940325
q;1565692037926;-0.052778773,0.9490131,0.061543986,-0.3046324,
v;1565692037926;-0.0847572927478976,-2.51448752195813,-0.138611501345602
q;1565692037949;-0.051198006,0.9503623,0.064877555,-0.2999687,
v;1565692037949;-0.0927316112400157,-2.52373533136648,-0.137254186157467
q;1565692037972;-0.04933526,0.95199347,0.067559734,-0.294466,
v;1565692037972;-0.0997430407840413,-2.53489289915454,-0.13479757555134
q;1565692037994;-0.048665296,0.9535576,0.06963376,-0.28898227,
v;1565692037994;-0.104864874645677,-2.54602159429002,-0.134193517158878
q;1565692038018;-0.0482716,0.9553604,0.07168135,-0.2825212,
v;1565692038018;-0.109908693473843,-2.55915851027761,-0.133942472765418
q;1565692038046;-0.048606813,0.95686394,0.073959105,-0.27672893,
v;1565692038046;-0.114888353385239,-2.5707565876696,-0.135254405604565
q;1565692038074;-0.049637046,0.95787394,0.07582428,-0.27251503,
v;1565692038074;-0.118483545910446,-2.57905254739162,-0.137817619918463
q;1565692038098;-0.05005823,0.9584945,0.07735445,-0.26981264,
v;1565692038098;-0.121574205745134,-2.58431716737387,-0.13917632011922
q;1565692038124;-0.05110267,0.95885646,0.078560546,-0.26797605,
v;1565692038124;-0.123582320991034,-2.58777099467037,-0.141654942467473
q;1565692038150;-0.052115943,0.9590529,0.07927244,-0.26686588,
v;1565692038150;-0.124558829537324,-2.58981621242935,-0.143880892404341
q;1565692038176;-0.05389951,0.9589893,0.08014582,-0.26647893,
v;1565692038176;-0.125319566485094,-2.59022974273805,-0.147784552503654
q;1565692038203;-0.055521272,0.95884264,0.07991206,-0.26674378,
v;1565692038203;-0.123943365029389,-2.58955038956751,-0.150828280114387
q;1565692038230;-0.057743475,0.9584339,0.07891232,-0.26803556,
v;1565692038230;-0.120602019698926,-2.58684600279281,-0.154725221132365
q;1565692038261;-0.06038943,0.9577504,0.0769379,-0.27045864,
v;1565692038261;-0.114961983365143,-2.58197723895231,-0.159007401937625
q;1565692038289;-0.061412208,0.9570775,0.07445308,-0.273291,
v;1565692038289;-0.109164616268418,-2.57654831144358,-0.159875010236638
q;1565692038314;-0.06193217,0.9562958,0.07237353,-0.27645046,
v;1565692038314;-0.104368023256482,-2.57039121963239,-0.160015324913337
q;1565692038340;-0.06270737,0.95537055,0.07008454,-0.28004134,
v;1565692038340;-0.0989535089399404,-2.5633540991826,-0.160541401822567
q;1565692038369;-0.06346849,0.95433545,0.06769449,-0.28395966,
v;1565692038369;-0.0932968097327565,-2.55565201406946,-0.160976882945433
q;1565692038396;-0.06384984,0.9533212,0.06620046,-0.2876098,
v;1565692038396;-0.0896128149988674,-2.54833367389428,-0.161159183299789
q;1565692038423;-0.064160265,0.95227236,0.06531373,-0.2911957,
v;1565692038423;-0.0871367600848526,-2.5410134826853,-0.161546227515491
q;1565692038448;-0.0645628,0.9513791,0.06435261,-0.29422477,
v;1565692038448;-0.0845562297955116,-2.53486129381172,-0.161999569404687
q;1565692038471;-0.06477982,0.95060825,0.063706264,-0.29679814,
v;1565692038471;-0.0827607839756023,-2.52960252811304,-0.162239937616285
q;1565692038493;-0.06457552,0.94972736,0.06291826,-0.29981536,
v;1565692038493;-0.0808770623618728,-2.52347035677503,-0.161614606238531
q;1565692038516;-0.06434709,0.94888234,0.06191094,-0.30273554,
v;1565692038516;-0.0786130397059436,-2.51758415359682,-0.16078725732672
q;1565692038539;-0.06408626,0.947995,0.06082884,-0.30577487,
v;1565692038539;-0.0762126939347138,-2.5114584806009,-0.159848663970877
q;1565692038562;-0.06380637,0.94696945,0.05925756,-0.30929935,
v;1565692038562;-0.0728240117787771,-2.50441033362255,-0.158584456116628
q;1565692038585;-0.063691825,0.9458851,0.058028955,-0.3128535,
v;1565692038585;-0.0699821359855256,-2.4972046040611,-0.157838726095801
q;1565692038607;-0.06320172,0.9443698,0.057059832,-0.31767178,
v;1565692038607;-0.0676679881265781,-2.48729168604969,-0.156620701380593
q;1565692038632;-0.06278188,0.9425378,0.055429872,-0.32343245,
v;1565692038632;-0.0639216261514844,-2.47550269870157,-0.155141400448848
q;1565692038658;-0.06264828,0.94027376,0.053383555,-0.330319,
v;1565692038658;-0.0590367654490822,-2.46137131396074,-0.153954884430206
q;1565692038684;-0.062694244,0.9379831,0.051746108,-0.3370157,
v;1565692038684;-0.0548435496077802,-2.44751066594698,-0.153320385560676
q;1565692038709;-0.0628369,0.93553615,0.050069083,-0.34397215,
v;1565692038709;-0.0504760184118473,-2.43306330263804,-0.152804941100952
q;1565692038733;-0.063248865,0.93309957,0.04865015,-0.35065356,
v;1565692038733;-0.0464506911173852,-2.41909977270939,-0.152913187924596
q;1565692038755;-0.06366,0.93079257,0.047962215,-0.35675237,
v;1565692038755;-0.0438781132953168,-2.40620168686715,-0.153478761638129
q;1565692038779;-0.06325072,0.9280314,0.04697882,-0.36407447,
v;1565692038779;-0.0411513089627125,-2.39073590962674,-0.15232168529462
q;1565692038802;-0.06354093,0.9254627,0.046331648,-0.37058708,
v;1565692038802;-0.0386711664927704,-2.3768733400676,-0.15265524220772
q;1565692038829;-0.06402094,0.9219783,0.045979187,-0.37913492,
v;1565692038829;-0.0362464136509773,-2.35852221377005,-0.153620480428232
q;1565692038852;-0.062912785,0.9190913,0.045867763,-0.3862762,
v;1565692038852;-0.0357174946900506,-2.34314402153599,-0.151758705901635
q;1565692038876;-0.061365582,0.9160603,0.044802405,-0.39377725,
v;1565692038876;-0.033761082055535,-2.32712472110081,-0.148341150599506
q;1565692038899;-0.060211122,0.912736,0.04345736,-0.40174514,
v;1565692038899;-0.0309560864582259,-2.31006472699769,-0.14541261830393
q;1565692038922;-0.058461886,0.90920776,0.042423286,-0.41002893,
v;1565692038922;-0.0292051840951617,-2.29219388595375,-0.141630772528698
q;1565692038945;-0.05653374,0.90536225,0.04157784,-0.41880116,
v;1565692038945;-0.0279368555908333,-2.27313654134204,-0.137680845968524
q;1565692038969;-0.054879256,0.9007544,0.040702533,-0.4289209,
v;1565692038969;-0.0262512666130485,-2.25100734195461,-0.134230634975043
q;1565692038992;-0.053211372,0.8959085,0.03986841,-0.43923464,
v;1565692038992;-0.024694849042006,-2.22831315107564,-0.130780458535617
q;1565692039020;-0.051327415,0.88981175,0.03868766,-0.45177844,
v;1565692039020;-0.0224741217869752,-2.20055245479819,-0.126670352200099
q;1565692039045;-0.051060732,0.8835545,0.038582966,-0.46393484,
v;1565692039045;-0.0208041020776156,-2.17326009259565,-0.126393381615275
q;1565692039072;-0.050827224,0.87652904,0.03819866,-0.47713146,
v;1565692039072;-0.0184629832995772,-2.14345130396694,-0.125908449305543
q;1565692039098;-0.0501491,0.8696302,0.03758492,-0.48970988,
v;1565692039098;-0.0162536591500007,-2.11485346866921,-0.124370522434564
q;1565692039125;0.050252862,-0.862286,-0.03762984,0.5025155,
v;1565692039125;-0.0143901809212678,-2.08538370905814,-0.124820592955195
q;1565692039156;0.05004152,-0.853208,-0.03751717,0.5178073,
v;1565692039156;-0.0121964728211956,-2.0498847125926,-0.124576192058246
q;1565692039184;0.04858832,-0.8455644,-0.037064996,0.5303642,
v;1565692039184;-0.011142901865463,-2.02050918454743,-0.12179342702902
q;1565692039213;0.047124222,-0.8370848,-0.03669866,0.5438031,
v;1565692039213;-0.0101873611257853,-1.98874245184673,-0.119095129502676
q;1565692039245;0.04647886,-0.82662684,-0.037010618,0.55960524,
v;1565692039245;-0.00916844164694143,-1.95083890664358,-0.118546454371585
q;1565692039278;0.04557548,-0.8157781,-0.037215717,0.57536423,
v;1565692039278;-0.00827462632081742,-1.91256449814177,-0.117458050188944
q;1565692039310;0.042328484,-0.80459905,-0.036803722,0.5911634,
v;1565692039310;-0.00917850735210186,-1.87376525619808,-0.111866819540653
q;1565692039338;0.038744934,-0.79420644,-0.037430916,0.6052553,
v;1565692039338;-0.0125549256094775,-1.83853452535562,-0.107066331306237
q;1565692039366;0.03529722,-0.7839293,-0.03873555,0.6186344,
v;1565692039366;-0.0170605437615508,-1.804534635235,-0.103466877999094
q;1565692039395;0.03200012,-0.77315736,-0.039821487,0.63215345,
v;1565692039395;-0.0211201491132866,-1.76974279396258,-0.100017778543
q;1565692039420;0.029416688,-0.76419437,-0.039977986,0.6430735,
v;1565692039420;-0.0232698186131398,-1.7413851804627,-0.0965537533296019
q;1565692039447;0.026455505,-0.7549441,-0.03975711,0.6540481,
v;1565692039447;-0.0254251849165241,-1.71259771187244,-0.0921109037286684
q;1565692039472;0.023816938,-0.74647236,-0.039103568,0.66383934,
v;1565692039472;-0.0267614187622063,-1.6866733372002,-0.0876177400920242
q;1565692039495;0.022431886,-0.74010557,-0.037996337,0.6710416,
v;1565692039495;-0.0261401208098378,-1.66749884771779,-0.0843268539519178
q;1565692039518;0.021172186,-0.733647,-0.03631376,0.6782294,
v;1565692039518;-0.0245662350293549,-1.64826952172827,-0.0804348891468637
q;1565692039541;0.019856453,-0.7275644,-0.033468015,0.6849348,
v;1565692039541;-0.0215011778065785,-1.63033371597995,-0.0748276017610691
q;1565692039564;0.01836468,-0.7225876,-0.030413445,0.6903658,
v;1565692039564;-0.0185971344225275,-1.61575944944791,-0.0685986264767137
q;1565692039587;0.016930386,-0.71753114,-0.027171664,0.69579023,
v;1565692039587;-0.0154336484555041,-1.60107971363363,-0.062155125219397
q;1565692039612;0.015132864,-0.71246165,-0.02412708,0.70113283,
v;1565692039612;-0.0131593227201301,-1.58645953645496,-0.0554289216206863
q;1565692039636;0.0134074185,-0.7076426,-0.021828998,0.70610607,
v;1565692039636;-0.0119604237863293,-1.57267207828973,-0.0498266741929001
q;1565692039659;0.011892306,-0.70322156,-0.020346597,0.71058005,
v;1565692039659;-0.0117157285935242,-1.56011936978977,-0.0456606208999747
q;1565692039687;0.009291976,-0.69860566,-0.01914491,0.71519035,
v;1565692039687;-0.0134588281555841,-1.54706436741012,-0.0403819944648953
q;1565692039713;0.0067794058,-0.69452184,-0.018533485,0.71920097,
v;1565692039713;-0.015992991514112,-1.53559765417558,-0.0360879382810397
q;1565692039740;0.0049496135,-0.690663,-0.018963562,0.7229112,
v;1565692039740;-0.0190397495091926,-1.52485160044703,-0.0342678887324202
q;1565692039768;0.0039192806,-0.68750775,-0.020085244,0.72588867,
v;1565692039768;-0.0219293566406493,-1.51612048595063,-0.0345635638687367
q;1565692039794;0.0033065863,-0.68516314,-0.021536313,0.7280637,
v;1565692039794;-0.024699476067054,-1.50965853572788,-0.035909385092053
q;1565692039821;0.0027573805,-0.6832038,-0.022858076,0.72986466,
v;1565692039821;-0.0272117777812527,-1.50427272994091,-0.0371566115064319
q;1565692039847;0.0019837501,-0.6822279,-0.024511714,0.7307259,
v;1565692039847;-0.0305507473730684,-1.50158650349132,-0.0385569682335294
q;1565692039874;0.0009624573,-0.6816035,-0.0258772,0.73126334,
v;1565692039874;-0.0338748389186337,-1.49986471535761,-0.0391906331633022
q;1565692039900;0.00045635973,-0.68172705,-0.02689605,0.73111194,
v;1565692039900;-0.0360120128334321,-1.50019591534557,-0.039986846487065
q;1565692039924;-0.00017648673,-0.6819823,-0.027109709,0.73086613,
v;1565692039924;-0.0372432689233793,-1.50089075394584,-0.0394239576661541
q;1565692039949;-0.0005343865,-0.6825175,-0.027345346,0.7303573,
v;1565692039949;-0.0381171700604229,-1.50235407441785,-0.0392528739960503
q;1565692039974;9.867333e-05,-0.68300885,-0.027958773,0.7298748,
v;1565692039974;-0.0380573265545957,-1.5036996446793,-0.0409887449685034
q;1565692039998;0.0008315265,-0.68391126,-0.028119499,0.7290226,
v;1565692039998;-0.0372587006512663,-1.50617715261222,-0.042178650710517
q;1565692040025;0.0014034788,-0.6850633,-0.028417414,0.7279277,
v;1565692040025;-0.0369005663518033,-1.50934323529507,-0.0433376465785973
q;1565692040050;0.0019989407,-0.6863898,-0.02881536,0.72666,
v;1565692040050;-0.0366602490608122,-1.51299523978817,-0.0446668974808217
q;1565692040073;0.0023552096,-0.6877688,-0.029289978,0.7253349,
v;1565692040073;-0.0368811951397333,-1.51679632570776,-0.0457768709113887
q;1565692040096;0.0028100137,-0.6891717,-0.029838556,0.72397816,
v;1565692040096;-0.0370674874949598,-1.52067199139592,-0.0471278942382708
q;1565692040121;0.002894148,-0.69045407,-0.03031367,0.722735,
v;1565692040121;-0.0376859093424033,-1.5242168218439,-0.0478663029492051
q;1565692040144;0.002927459,-0.6917622,-0.030830022,0.72146106,
v;1565692040144;-0.0384394579491615,-1.52783841756873,-0.0485905300362929
q;1565692040169;0.0029327015,-0.69286436,-0.031448334,0.7203759,
v;1565692040169;-0.0393637295715981,-1.53089408323329,-0.0494315775571257
q;1565692040193;0.0035591514,-0.693557,-0.032473754,0.7196606,
v;1565692040193;-0.0399326487721423,-1.53282489518774,-0.0517414250194277
q;1565692040216;0.004245264,-0.69410026,-0.03327252,0.7190965,
v;1565692040216;-0.0400941619080283,-1.53434535506075,-0.0538147822520957
q;1565692040240;0.005079302,-0.69420236,-0.03388597,0.7189639,
v;1565692040240;-0.0397542415773734,-1.53464533064605,-0.0558508412794832
q;1565692040264;0.0057850513,-0.69404745,-0.0344633,0.71908057,
v;1565692040264;-0.039528788311079,-1.53423027748078,-0.0576709674180974
q;1565692040290;0.006533268,-0.6934647,-0.034721687,0.7196238,
v;1565692040290;-0.0387632450381164,-1.53263034527084,-0.0591130871012475
q;1565692040313;0.0077806604,-0.69295233,-0.03485333,0.72009856,
v;1565692040313;-0.0371062222622936,-1.53124574540572,-0.0610588558436809
q;1565692040336;0.008760296,-0.69235784,-0.03467602,0.7206673,
v;1565692040336;-0.0353973023737215,-1.52963116124311,-0.0621892765922674
q;1565692040359;0.009751787,-0.69169986,-0.03419623,0.7213092,
v;1565692040359;-0.0332450712442987,-1.52784699157716,-0.0628989289620993
q;1565692040383;0.0106420545,-0.6911606,-0.033627737,0.7218399,
v;1565692040383;-0.0311256401893134,-1.52639268828636,-0.0633314042655692
q;1565692040409;0.011510695,-0.69054693,-0.033104844,0.7224379,
v;1565692040409;-0.0290934762312044,-1.52473567394487,-0.0637999925761238
q;1565692040433;0.012379296,-0.690175,-0.03254289,0.7228044,
v;1565692040433;-0.027028249663676,-1.52375135474542,-0.0641995731794181
q;1565692040457;0.0134053,-0.68973255,-0.031803086,0.7232412,
v;1565692040457;-0.0244831625902486,-1.52258459208569,-0.0645589184072985
q;1565692040480;0.013881576,-0.6893821,-0.030590238,0.7236187,
v;1565692040480;-0.0220885852126439,-1.52164531751132,-0.063468832146937
q;1565692040504;0.014853995,-0.68891543,-0.029694691,0.724081,
v;1565692040504;-0.019404488249976,-1.5204157664778,-0.063523680577075
q;1565692040527;0.015951453,-0.6883522,-0.028930832,0.7246239,
v;1565692040527;-0.0167123735026781,-1.51893223871813,-0.0639408640838177
q;1565692040552;0.01639327,-0.687809,-0.027813982,0.7251734,
v;1565692040552;-0.0144859942327564,-1.51746537844478,-0.0629389414983007
q;1565692040582;0.017015953,-0.68691504,-0.026528046,0.726054,
v;1565692040582;-0.0117362955051045,-1.51504724392337,-0.06194248240735
q;1565692040605;0.017404545,-0.68608356,-0.025925964,0.7268523,
v;1565692040605;-0.0102738689653024,-1.51278787815982,-0.0616128616130193
q;1565692040627;0.017698813,-0.68526965,-0.025609778,0.72762376,
v;1565692040627;-0.00934318942340212,-1.51057278138853,-0.0615670578913304
