q;1565692069499;0.02590362,-0.57231027,-0.042708643,0.8185145,
v;1565692069499;-0.00648025822330565,-1.22006243189768,-0.0997324434729928
q;1565692069525;0.02618909,-0.56990224,-0.04256835,0.8201911,
v;1565692069525;-0.00555950760495823,-1.21423219133692,-0.0998461622121611
q;1565692069552;0.027064718,-0.56355315,-0.040946987,0.82462037,
v;1565692069552;-0.00151537205147809,-1.19893400315395,-0.0981940889773193
q;1565692069579;0.02939885,-0.5516221,-0.039312206,0.8326484,
v;1565692069579;0.00558687663397024,-1.17048659558252,-0.0980592037617655
q;1565692069604;0.030846348,-0.53813744,-0.03771175,0.84144783,
v;1565692069604;0.0113232179368888,-1.13851865268967,-0.0968214901444944
q;1565692069628;0.030904682,-0.52512336,-0.036046315,0.84970057,
v;1565692069628;0.0146624530937508,-1.10780252797134,-0.0938625278406232
q;1565692069653;0.030555297,-0.5106482,-0.03471139,0.8585453,
v;1565692069653;0.0170164168088767,-1.07392382546397,-0.0909470894245309
q;1565692069676;0.030256137,-0.49671265,-0.03351342,0.86673987,
v;1565692069676;0.0191564928080528,-1.04162888159781,-0.0882828563844792
q;1565692069700;0.029960813,-0.48164248,-0.03250543,0.8752521,
v;1565692069700;0.0211361108268129,-1.00703988753574,-0.0858864031184985
q;1565692069726;0.029768495,-0.46342307,-0.031277355,0.8850845,
v;1565692069726;0.0237081921891087,-0.965670374129379,-0.0830758649764174
q;1565692069749;0.030157723,-0.44559482,-0.03029703,0.89421356,
v;1565692069749;0.0269377481751646,-0.92568214678816,-0.0811788317590778
q;1565692069770;0.030651012,-0.42803308,-0.029691573,0.902755,
v;1565692069770;0.0299272249241937,-0.886691664360939,-0.0799687027972043
q;1565692069793;0.030565472,-0.40855354,-0.029781314,0.9117362,
v;1565692069793;0.0314059345927864,-0.843801507450048,-0.0794031937690436
q;1565692069817;0.029604316,-0.38632238,-0.030202141,0.92139375,
v;1565692069817;0.0312240108226465,-0.795260958516452,-0.0786491019157274
q;1565692069844;0.027355202,-0.36005208,-0.030024746,0.9320476,
v;1565692069844;0.0293759810553641,-0.738398543987691,-0.0757727274507353
q;1565692069867;0.024617607,-0.3346925,-0.025967367,0.9416478,
v;1565692069867;0.0289841229765782,-0.683961989598167,-0.0654570911347644
q;1565692069893;0.021623313,-0.30228567,-0.018891145,0.95278484,
v;1565692069893;0.0297880899041805,-0.615172495573105,-0.0491127491452427
q;1565692069919;0.01909476,-0.26839903,-0.012874217,0.96303254,
v;1565692069919;0.0298713378891755,-0.544133113730487,-0.0350694397301048
q;1565692069944;0.016282013,-0.23471949,-0.0076144994,0.97189695,
v;1565692069944;0.0280780239094943,-0.474253288840823,-0.0224551663496259
q;1565692069968;0.012684901,-0.20208915,-0.0023862815,0.9792821,
v;1565692069968;0.0238819798914937,-0.407132696744789,-0.00980359983503589
q;1565692069993;0.008057374,-0.16724132,0.0046291463,0.9858722,
v;1565692069993;0.0174363346409771,-0.336020385247,0.00643346388418729
q;1565692070017;0.0046059596,-0.13276473,0.010370855,0.99108267,
v;1565692070017;0.0118838207182895,-0.266218135141237,0.0193363015739691
q;1565692070040;0.001682152,-0.099506184,0.014651697,0.9949277,
v;1565692070040;0.00626314910339226,-0.199273751924814,0.0288245459455568
q;1565692070064;-0.0012866065,-0.06322426,0.017779622,0.99784017,
v;1565692070064;-0.000319448414739911,-0.12655875039637,0.0356526860074687
q;1565692070087;-0.0040131113,-0.029463302,0.019397335,0.99936956,
v;1565692070087;-0.00687819770402997,-0.0590809032130007,0.039017513094592
q;1565692070113;-0.007596578,0.0064025503,0.019304855,0.9997643,
v;1565692070113;-0.0154373887311632,0.0125105977614344,0.0385174464559551
q;1565692070137;-0.010943846,0.03639282,0.019766778,0.99908215,
v;1565692070137;-0.0233084504295282,0.0723689777011451,0.0387209054434349
q;1565692070161;-0.013897945,0.06469301,0.021685166,0.9975728,
v;1565692070161;-0.0305389278164754,0.128885680729657,0.0414981173756695
q;1565692070184;-0.015911303,0.08887427,0.024305766,0.9956191,
v;1565692070184;-0.0360112915800354,0.177237146244467,0.0456157408195462
q;1565692070208;-0.017102437,0.1091895,0.027805328,0.9934848,
v;1565692070208;-0.0400648398906969,0.217898833767931,0.0515777659558857
q;1565692070232;-0.017662622,0.12573095,0.031584065,0.9914042,
v;1565692070232;-0.042977012967016,0.251042634740623,0.0582704176174583
q;1565692070255;-0.017608993,0.13423808,0.034905974,0.9901776,
v;1565692070255;-0.0442579297757285,0.268068199434211,0.0645064815445048
q;1565692070283;-0.01686374,0.14807151,0.03995985,0.9880251,
v;1565692070283;-0.0451727890115815,0.295843076433693,0.0741119500605648
q;1565692070305;-0.014617185,0.15523425,0.04299448,0.9868334,
v;1565692070305;-0.042210417861131,0.310354052119452,0.0804770488993139
q;1565692070327;-0.011942134,0.16172983,0.045744747,0.9857019,
v;1565692070327;-0.0383487474148924,0.323593927942001,0.0864898704631788
q;1565692070350;-0.009126678,0.16776516,0.047993176,0.9846158,
v;1565692070350;-0.0340823063935169,0.335968714248645,0.0916287026030713
q;1565692070372;-0.0049699564,0.17490828,0.050773885,0.9832621,
v;1565692070372;-0.0275385659391371,0.35073372215423,0.0983049719745812
q;1565692070397;0.00044858092,0.18440636,0.054583464,0.98133314,
v;1565692070397;-0.0192518503881845,0.370459937263525,0.10752150720944
q;1565692070420;0.0048124176,0.1946313,0.057184543,0.9791963,
v;1565692070420;-0.012835553315097,0.391684989326991,0.114120003610288
q;1565692070444;0.0075179082,0.20615613,0.05839605,0.97674614,
v;1565692070444;-0.00939136976924854,0.41547027286368,0.117450974022054
q;1565692070467;0.008014767,0.21652122,0.059140343,0.9744521,
v;1565692070467;-0.0099904315547082,0.436696399320525,0.119016298683663
q;1565692070489;0.0077758334,0.22647572,0.060914777,0.97207904,
v;1565692070489;-0.012474310141503,0.457031542814238,0.122263901635217
q;1565692070512;0.007077266,0.23498695,0.0640449,0.9698605,
v;1565692070512;-0.0163722413661882,0.474368604627783,0.127921058922404
q;1565692070536;0.0065779984,0.2414647,0.06690874,0.9680779,
v;1565692070536;-0.0195774184746421,0.48757324956827,0.133140897603226
q;1565692070558;0.005879084,0.24661018,0.06821181,0.96669334,
v;1565692070558;-0.0222787537259318,0.498050102779355,0.135224680813917
q;1565692070582;0.005097355,0.25173217,0.0702933,0.9652273,
v;1565692070582;-0.0255527381370301,0.50846049724964,0.138754318027161
q;1565692070605;0.004797015,0.25550756,0.07171623,0.9641316,
v;1565692070605;-0.0274015993273736,0.516177353668615,0.141261304873819
q;1565692070629;0.0045783496,0.25953203,0.0721347,0.96302587,
v;1565692070629;-0.0286283024044698,0.524450936978815,0.141844721502829
q;1565692070652;0.004123703,0.26232985,0.072195314,0.962265,
v;1565692070652;-0.0299462573084545,0.530174406979961,0.141642021982346
q;1565692070675;0.0041289986,0.26377794,0.07174274,0.96190286,
v;1565692070675;-0.0299093723509381,0.533183231950632,0.140724109388205
q;1565692070699;0.0043338323,0.26416954,0.07088769,0.9618579,
v;1565692070699;-0.0291197904869738,0.534042787740681,0.139165076169084
q;1565692070722;0.004687144,0.2628083,0.07141372,0.96219015,
v;1565692070722;-0.0285202553852098,0.531258285948315,0.14040860467392
q;1565692070744;0.005457442,0.26012468,0.072574615,0.9628283,
v;1565692070744;-0.0272511105580427,0.525781720812639,0.143134220882246
q;1565692070766;0.00595912,0.25737903,0.07286822,0.96354073,
v;1565692070766;-0.0260287328491526,0.52016944180149,0.144036649313587
q;1565692070792;0.0062357294,0.2526496,0.07356143,0.9647373,
v;1565692070792;-0.0251414987921598,0.510430363537682,0.145646066184625
q;1565692070814;0.0065921526,0.24807777,0.07338546,0.96593404,
v;1565692070814;-0.0236776456893265,0.501060225603946,0.145596281080851
q;1565692070836;0.006930225,0.24367614,0.07279112,0.9670964,
v;1565692070836;-0.0220723191802187,0.492057882118939,0.144709171355404
q;1565692070858;0.0071100052,0.23921452,0.07251199,0.96822923,
v;1565692070858;-0.0209251390625111,0.482913829195086,0.144350364841292
q;1565692070882;0.0072036707,0.23450482,0.07191261,0.96942466,
v;1565692070882;-0.0197621615933241,0.473264712909936,0.143324384839372
q;1565692070910;0.007612312,0.22839935,0.07115483,0.970934,
v;1565692070910;-0.0177222564455832,0.460810846051838,0.142151085244525
q;1565692070938;0.008576051,0.22252078,0.0707513,0.97231954,
v;1565692070938;-0.014810486439372,0.448909936489824,0.141893615510183
q;1565692070963;0.009197919,0.21617801,0.0705793,0.97375613,
v;1565692070963;-0.0126026588278521,0.436026664562113,0.141917968598495
q;1565692070987;0.009818861,0.21001744,0.0698388,0.97515064,
v;1565692070987;-0.0101851708976996,0.423539834905807,0.14080303160527
q;1565692071010;0.0110995835,0.20364119,0.069145575,0.97653776,
v;1565692071010;-0.00648349495937606,0.410720475532342,0.140027280348798
q;1565692071034;0.013472182,0.19747242,0.069650024,0.9777382,
v;1565692071034;-0.00116338388960401,0.398492711759353,0.141996541732468
q;1565692071057;0.0159891,0.19222337,0.06980664,0.9787347,
v;1565692071057;0.0044612536037326,0.388183207277408,0.14328249893926
q;1565692071082;0.01812334,0.18756597,0.06852299,0.9796914,
v;1565692071082;0.00980555563276208,0.379025222772281,0.141540315249424
q;1565692071105;0.019108359,0.18313402,0.06590702,0.9806901,
v;1565692071105;0.0133395175676243,0.370140451542381,0.136705029005218
q;1565692071128;0.019467385,0.17833084,0.06388202,0.98170173,
v;1565692071128;0.0154386757922189,0.360417187403701,0.13277500194108
q;1565692071152;0.020153154,0.17196609,0.061886106,0.9829505,
v;1565692071152;0.0183355096081447,0.347576212426789,0.128972147316205
q;1565692071174;0.021365682,0.16437463,0.059800334,0.9843518,
v;1565692071174;0.0224052540283252,0.332325484732382,0.125110534004499
q;1565692071197;0.022513028,0.15472957,0.057467204,0.9860271,
v;1565692071197;0.0266163024030919,0.312913174288594,0.120630275199796
q;1565692071220;0.0234153,0.14413647,0.054795206,0.9877621,
v;1565692071220;0.0304662295307364,0.291557734829712,0.115307995527492
q;1565692071243;0.023525402,0.13319053,0.05240767,0.9894242,
v;1565692071243;0.0325985666812954,0.269418650061917,0.110255259466801
q;1565692071266;0.023032816,0.12109197,0.049660675,0.9911307,
v;1565692071266;0.0336363865344637,0.244901470108557,0.104266307234824
q;1565692071289;0.02174285,0.107694,0.04696295,0.9928362,
v;1565692071289;0.0330649458710673,0.217721307040746,0.0981472409448772
q;1565692071318;0.02059391,0.09149264,0.04504554,0.99457324,
v;1565692071318;0.0327274748555508,0.184999551473306,0.0935570090723895
q;1565692071343;0.019814674,0.0774771,0.044323076,0.99581134,
v;1565692071343;0.0326010819494864,0.156786175691594,0.0915214873604477
q;1565692071371;0.01920398,0.059408695,0.04326519,0.9971108,
v;1565692071371;0.033162412803811,0.120493274798792,0.0887272354830881
q;1565692071399;0.018861262,0.041491278,0.042364933,0.99806213,
v;1565692071399;0.0341405040548776,0.0845698535410298,0.0862880849404371
q;1565692071425;0.018355535,0.024083978,0.041894138,0.99866307,
v;1565692071425;0.0346509686335005,0.0496918023340835,0.0847124790079574
q;1565692071452;0.018586528,0.004978124,0.04214007,0.9989264,
v;1565692071452;0.0367218426587223,0.0115200552767749,0.0845322680993714
q;1565692071478;0.022200692,-0.014099627,0.042838547,0.9987358,
v;1565692071478;0.0455690361661984,-0.0262918328216189,0.0851338088560072
q;1565692071504;0.026514968,-0.032919258,0.044634886,0.99810874,
v;1565692071504;0.0558974415280687,-0.063488750096923,0.0876038919798409
q;1565692071531;0.029871525,-0.0520373,0.04712198,0.9970854,
v;1565692071531;0.0645178746907217,-0.101339903361149,0.0911761171725593
q;1565692071558;0.033295494,-0.06997072,0.04786339,0.99584365,
v;1565692071558;0.0730773092773118,-0.136964762172719,0.0910378270890686
q;1565692071584;0.035887472,-0.086225204,0.049077738,0.99441874,
v;1565692071584;0.0799228849496549,-0.16931100972434,0.0918406449765553
q;1565692071609;0.038617462,-0.101266176,0.050983146,0.99280137,
v;1565692071609;0.0871148186333019,-0.199201948793404,0.0939045092422838
q;1565692071634;0.042080082,-0.116971835,0.052694887,0.9908432,
v;1565692071634;0.0958639238620772,-0.230449780194309,0.0951601889136297
q;1565692071660;0.04456009,-0.13483901,0.054770708,0.9883486,
v;1565692071660;0.103034468544973,-0.266181939046999,0.0969130206197685
q;1565692071687;0.04600851,-0.15528257,0.055805273,0.98521894,
v;1565692071687;0.108199074932497,-0.307429044848375,0.0963841120414192
q;1565692071713;0.04746578,-0.17445037,0.054984126,0.9819831,
v;1565692071713;0.11264325109718,-0.346435024416331,0.0921395494140148
q;1565692071738;0.048569284,-0.19317915,0.053723454,0.9784869,
v;1565692071738;0.116065735010812,-0.384777936698033,0.0870652430593478
q;1565692071764;0.049637094,-0.21149881,0.052528195,0.97470266,
v;1565692071764;0.119264653447552,-0.422448193922306,0.0820768795722784
q;1565692071791;0.050748236,-0.23135796,0.051148552,0.97019684,
v;1565692071791;0.12244453807854,-0.463499829883653,0.07641218747093
q;1565692071819;0.051989168,-0.25175568,0.0493133,0.9651344,
v;1565692071819;0.125512154666815,-0.505952652379525,0.0696141654850996
q;1565692071849;0.052689146,-0.27384278,0.048036568,0.95912796,
v;1565692071849;0.127727213118991,-0.55214091533993,0.0638525185889377
q;1565692071876;0.052427575,-0.29541838,0.047470182,0.9527465,
v;1565692071876;0.128299198218019,-0.597483716633399,0.0600068709113689
q;1565692071906;0.051044527,-0.318144,0.047035143,0.94549805,
v;1565692071906;0.126792350897712,-0.645548757631163,0.0569519628654629
q;1565692071931;0.050161723,-0.3361918,0.046780895,0.9392925,
v;1565692071931;0.126021065468005,-0.6839797477616,0.0546139950884709
q;1565692071955;0.049575284,-0.35262656,0.04622405,0.93330604,
v;1565692071955;0.125466398654527,-0.719239197513192,0.0517489357340417
q;1565692071978;0.04798548,-0.36912507,0.045768037,0.927011,
v;1565692071978;0.123064795081374,-0.754816977586699,0.0498269567304611
q;1565692072003;0.046508275,-0.38737944,0.045373164,0.9196279,
v;1565692072003;0.120988838762554,-0.794459723580067,0.0477875470443342
q;1565692072027;0.04599716,-0.40439498,0.044904027,0.91232264,
v;1565692072027;0.120538106879833,-0.831747214216437,0.0450740842816651
q;1565692072055;0.045049693,-0.42459366,0.04469755,0.9031572,
v;1565692072055;0.11961553862383,-0.876357635445913,0.0428010044524359
q;1565692072081;0.04306369,-0.44479582,0.045226663,0.89345217,
v;1565692072081;0.117453823411823,-0.921317881159936,0.0428145938461237
q;1565692072106;0.04129614,-0.46565217,0.046808682,0.8827636,
v;1565692072106;0.116767755336813,-0.968198103657814,0.0445003426746762
q;1565692072132;0.041174017,-0.49006686,0.04869674,0.8693491,
v;1565692072132;0.119603456597672,-1.02395339832304,0.0446465705495772
q;1565692072157;0.041862853,-0.5172301,0.050824936,0.85330963,
v;1565692072157;0.124340472497472,-1.08712641905205,0.043785276985218
q;1565692072183;0.040173765,-0.54879206,0.05453352,0.83321035,
v;1565692072183;0.127143800536882,-1.16185698503885,0.0471798910200069
q;1565692072212;0.04070778,-0.582739,0.057451654,0.8096033,
v;1565692072212;0.133267067695028,-1.24469017672517,0.0460060911685282
q;1565692072239;0.044449814,-0.608804,0.05822761,0.7899313,
v;1565692072239;0.141595678272531,-1.31052863378998,0.0382613321529008
q;1565692072263;0.04675144,-0.63192207,0.057546485,0.7714773,
v;1565692072263;0.145376670614995,-1.3703797516274,0.0300262792178689
q;1565692072287;0.04707299,-0.6548275,0.056300204,0.75220704,
v;1565692072287;0.14505930551458,-1.43090592840407,0.0232962000598564
q;1565692072311;0.04736838,-0.67821085,0.055068493,0.7312686,
v;1565692072311;0.144476210132,-1.49435369718174,0.0164604505573145
q;1565692072333;0.04883235,-0.6972317,0.05443007,0.7131064,
v;1565692072333;0.146064890575697,-1.54758033153936,0.0096367019410833
q;1565692072359;0.050171148,-0.7182885,0.05443151,0.691796,
v;1565692072359;0.148152834093669,-1.60812484453478,0.00327213511822603
q;1565692072385;0.05060796,-0.7365417,0.054921694,0.6722566,
v;1565692072385;0.149503618058872,-1.66204908463378,-0.000714776529357012
q;1565692072410;0.05149747,-0.75339884,0.055195898,0.65321636,
v;1565692072410;0.151020434744854,-1.71342082037086,-0.00554973602849883
q;1565692072432;0.052439928,-0.7677102,0.055007517,0.6362745,
v;1565692072432;0.151774066152781,-1.75829356924112,-0.0106400870227692
q;1565692072456;0.053595617,-0.7816893,0.054176472,0.6189946,
v;1565692072456;0.151629496083907,-1.80335245337413,-0.0169152318407231
q;1565692072479;0.05424062,-0.7943241,0.053650856,0.60268474,
v;1565692072479;0.151187632764449,-1.84509874330906,-0.0217499580182809
q;1565692072508;0.054442536,-0.8082509,0.053649303,0.58385634,
v;1565692072508;0.150869117817854,-1.89236706361968,-0.0256536723825471
q;1565692072531;0.053724464,-0.81979746,0.05472388,0.56749547,
v;1565692072531;0.151278117357574,-1.93258829086295,-0.0262783580442309
q;1565692072554;0.053330656,-0.8319089,0.057161786,0.5493779,
v;1565692072554;0.154315900094242,-1.97634307136465,-0.0262404437924168
q;1565692072577;0.053581513,-0.8446219,0.059265558,0.529368,
v;1565692072577;0.157492922446497,-2.02409595546907,-0.0281173086163423
q;1565692072599;0.053808574,-0.8572343,0.061340168,0.50842065,
v;1565692072599;0.160569667764205,-2.07337637480182,-0.0302738912676298
q;1565692072623;-0.053986363,0.8692691,-0.06319592,-0.48730177,
v;1565692072623;0.163207407101695,-2.12239628391654,-0.032706773968115
q;1565692072646;-0.053707093,0.88111097,-0.06472021,-0.46537113,
v;1565692072646;0.164783568499379,-2.1726254253854,-0.0348855262404305
q;1565692072669;-0.05327798,0.89200294,-0.06572618,-0.44404086,
v;1565692072669;0.165323158319536,-2.22089916352078,-0.0371935947986297
q;1565692072692;-0.054242365,0.9020448,-0.065651536,-0.42315823,
v;1565692072692;0.165096439227252,-2.26787867078434,-0.0428923105711287
q;1565692072716;-0.055841293,0.91090316,-0.0651132,-0.40360555,
v;1565692072716;0.164439432177993,-2.31152916231688,-0.0498649711734138
q;1565692072740;-0.05705341,0.918742,-0.06488715,-0.38528907,
v;1565692072740;0.163926392602265,-2.35198411616259,-0.0556078505177761
q;1565692072767;-0.058211178,0.9265284,-0.06389268,-0.36616173,
v;1565692072767;0.1617303099214,-2.39389395577838,-0.0619256871439358
q;1565692072792;-0.059687015,0.93168896,-0.06270718,-0.35279036,
v;1565692072792;0.159638366408124,-2.42307963816594,-0.0678891854398809
q;1565692072816;-0.06125545,0.9362175,-0.061476603,-0.3405368,
v;1565692072816;0.157480528908013,-2.44969942749846,-0.0738062297315002
q;1565692072839;-0.06276453,0.9399449,-0.059842117,-0.33012593,
v;1565692072839;0.154551522696261,-2.47223268390307,-0.0795099868352794
q;1565692072862;-0.06428065,0.9428408,-0.058019314,-0.3217965,
v;1565692072862;0.151353735080864,-2.49022105901503,-0.0849440537975397
q;1565692072884;-0.06590763,0.9455227,-0.05563431,-0.31392324,
v;1565692072884;0.147116991047997,-2.50717041238462,-0.0908088566779651
q;1565692072908;-0.067289315,0.9481251,-0.05280515,-0.306174,
v;1565692072908;0.141811088597568,-2.52373375137022,-0.0963773543251121
q;1565692072932;-0.06797238,0.95076764,-0.049538195,-0.29827273,
v;1565692072932;0.135158371848592,-2.54043211543028,-0.100788279188974
q;1565692072954;-0.069316156,0.9535216,-0.04428064,-0.28988126,
v;1565692072954;0.124956933393303,-2.55806270800258,-0.107560963200247
q;1565692072978;-0.07303644,0.95618814,-0.03774339,-0.2809723,
v;1565692072978;0.113465305977451,-2.5767851450858,-0.119514459977689
q;1565692073001;-0.07623599,0.95882577,-0.03203544,-0.27168924,
v;1565692073001;0.103040044111677,-2.59606087596599,-0.129837903991583
q;1565692073025;-0.07830962,0.96140236,-0.02907084,-0.26216018,
v;1565692073025;0.0971094321378232,-2.61580497946332,-0.136394807116644
q;1565692073052;-0.08055967,0.9642732,-0.025979374,-0.25102276,
v;1565692073052;0.0906712373950953,-2.63876762928783,-0.143398216418772
q;1565692073075;-0.08113734,0.9667634,-0.0230024,-0.24136329,
v;1565692073075;0.0837407453717677,-2.65843512353498,-0.146816857826292
q;1565692073098;-0.08206782,0.9685486,-0.02064553,-0.23399189,
v;1565692073098;0.0784793413064651,-2.67340987453757,-0.150338233777103
q;1565692073121;-0.08356301,0.96977186,-0.019094806,-0.22846262,
v;1565692073121;0.0752883659570763,-2.68468871384,-0.154397565275493
q;1565692073144;-0.08483385,0.97059083,-0.018214105,-0.22455478,
v;1565692073144;0.0735228008947686,-2.69268267987381,-0.157572983062222
q;1565692073167;-0.08603312,0.9709113,-0.017283076,-0.22277991,
v;1565692073167;0.0719556460682439,-2.69628027436535,-0.160461563545996
q;1565692073188;-0.08733275,0.97115433,-0.01588506,-0.22131425,
v;1565692073188;0.0695657495001667,-2.69917957667832,-0.163720631153569
q;1565692073212;-0.08831837,0.97113955,-0.014688648,-0.22107035,
v;1565692073212;0.0676301430300122,-2.69957547821174,-0.166186538963223
q;1565692073235;-0.08962317,0.9707768,-0.013889761,-0.22218728,
v;1565692073235;0.0668437383427107,-2.6972562982867,-0.169015119366386
q;1565692073260;-0.09213133,0.9701741,-0.013196706,-0.22383034,
v;1565692073260;0.0668996697166633,-2.69394599293833,-0.174125327201544
q;1565692073286;-0.093488745,0.9694913,-0.01247173,-0.2262541,
v;1565692073286;0.0665359731715089,-2.68895560710644,-0.17694080147504
q;1565692073313;-0.094978005,0.9686931,-0.012694926,-0.22902358,
v;1565692073313;0.0681521254791052,-2.68340614934434,-0.179572367809871
q;1565692073342;-0.09610037,0.9679422,-0.012344184,-0.23173343,
v;1565692073342;0.0684897832957591,-2.6778650857427,-0.181740658474275
q;1565692073367;-0.09702917,0.96737957,-0.01218474,-0.23369572,
v;1565692073367;0.0689798310606184,-2.67387242399942,-0.183494959381522
q;1565692073392;-0.09785808,0.9672199,-0.01221858,-0.23400903,
v;1565692073392;0.0694913722669929,-2.67328771340253,-0.185081055745091
q;1565692073419;-0.09866018,0.96717393,-0.012477968,-0.23384832,
v;1565692073419;0.0703377491916496,-2.67371054095231,-0.186545867116119
q;1565692073444;-0.09893972,0.9671166,-0.0126556065,-0.2339578,
v;1565692073444;0.070833551129736,-2.67353242295469,-0.187004999971983
q;1565692073468;-0.09958704,0.96680576,-0.01288393,-0.23495355,
v;1565692073468;0.0717707724994771,-2.67156760647202,-0.188096986422001
q;1565692073492;-0.101192154,0.96608526,-0.013131147,-0.23720665,
v;1565692073492;0.0734445288757992,-2.66708800629454,-0.190961070486424
q;1565692073517;-0.10276021,0.96485597,-0.013234715,-0.24149153,
v;1565692073517;0.0752416023346351,-2.6584057689311,-0.19365817065715
q;1565692073540;-0.10377958,0.9635089,-0.013594609,-0.24636482,
v;1565692073540;0.0774096150685385,-2.64850819367999,-0.195102601771196
q;1565692073562;-0.10427074,0.9617815,-0.014356933,-0.2527804,
v;1565692073562;0.0804183147717835,-2.63544474301957,-0.195176626762134
q;1565692073585;-0.10411559,0.96000767,-0.015315824,-0.2594427,
v;1565692073585;0.0835277700326019,-2.62182732463823,-0.193839556426334
q;1565692073608;-0.10452588,0.95742846,-0.016466176,-0.2685777,
v;1565692073608;0.0877897349586726,-2.60312573748028,-0.193247334547945
q;1565692073636;-0.10468793,0.95456994,-0.017893523,-0.27841797,
v;1565692073636;0.0925874669759715,-2.58291821305246,-0.191892517935393
q;1565692073658;-0.10365081,0.95203453,-0.019062553,-0.28726888,
v;1565692073658;0.0959950870181968,-2.56455968047159,-0.18838053393508
q;1565692073684;-0.104018934,0.9489008,-0.01967297,-0.29728827,
v;1565692073684;0.0993459489442667,-2.54373039661393,-0.187731201636708
q;1565692073706;-0.104102105,0.9466339,-0.02013815,-0.30437073,
v;1565692073706;0.101673261558588,-2.52894939349746,-0.186879591414631
q;1565692073728;-0.102601275,0.94409764,-0.020745683,-0.31260553,
v;1565692073728;0.103504061721485,-2.51157840578934,-0.182748926206369
q;1565692073753;-0.101168476,0.94060904,-0.021117687,-0.3233784,
v;1565692073753;0.105353157095551,-2.48875824954244,-0.178594824657009
q;1565692073779;-0.10055297,0.93708885,-0.021347092,-0.33361337,
v;1565692073779;0.107305684358145,-2.46703749339302,-0.176127792658388
q;1565692073808;-0.098584406,0.9331248,-0.021046378,-0.34513232,
v;1565692073808;0.107534251700486,-2.44230680299564,-0.171276225994424
q;1565692073834;-0.09837723,0.9284127,-0.019710012,-0.3577476,
v;1565692073834;0.107191641725143,-2.41515748423963,-0.170362892664032
q;1565692073860;-0.09953461,0.9234396,-0.01822229,-0.37016216,
v;1565692073860;0.107549476455669,-2.38840276922072,-0.172177348183293
q;1565692073886;-0.09846753,0.91781783,-0.016721062,-0.384233,
v;1565692073886;0.106564301923192,-2.35772487560906,-0.16967173898916
q;1565692073911;-0.09578609,0.91006136,-0.012521883,-0.40305892,
v;1565692073911;0.100173692316412,-2.31607030400353,-0.165834948665882
q;1565692073937;-0.09237277,0.9005975,-0.008693291,-0.42463613,
v;1565692073937;0.0942474080633643,-2.26798726768259,-0.160394019562492
q;1565692073963;-0.08801935,0.8891261,-0.0058362284,-0.4490805,
v;1565692073963;0.0895534859929205,-2.2130299694414,-0.152477527010046
q;1565692073987;-0.084790945,0.8781271,-0.003544423,-0.47084042,
v;1565692073987;0.0861775437371825,-2.16357362608541,-0.146644002360599
q;1565692074012;-0.08156284,0.8673117,-0.0016570768,-0.49103484,
v;1565692074012;0.0830703036116886,-2.11712725339812,-0.140802157481216
q;1565692074036;0.078290395,-0.856874,-0.00085579656,0.50954586,
v;1565692074036;0.0783987602199575,-2.07396729913805,-0.135875927983785
q;1565692074061;0.07505631,-0.84536284,-0.0038267663,0.52887946,
v;1565692074061;0.0729862516339146,-2.02831084612186,-0.131677173571948
q;1565692074089;0.071943305,-0.83164245,-0.00707619,0.55058587,
v;1565692074089;0.067503468407137,-1.97632930567316,-0.128095271635457
q;1565692074117;0.07008831,-0.818297,-0.009374016,0.57042944,
v;1565692074117;0.0646644687612202,-1.92812805481169,-0.125996277328222
q;1565692074145;0.06832991,-0.8038543,-0.0107721705,0.5907905,
v;1565692074145;0.0634614005291625,-1.87791134762452,-0.123141008980565
q;1565692074168;0.06731112,-0.7917726,-0.012179804,0.60697365,
v;1565692074168;0.0624654970509869,-1.8373236395012,-0.121914810730368
q;1565692074192;0.06644733,-0.77995735,-0.013985254,0.622138,
v;1565692074192;0.0609006533377536,-1.79867982976045,-0.121577806519489
q;1565692074223;0.06456096,-0.7646652,-0.016153721,0.64098215,
v;1565692074223;0.058093139360834,-1.74981329850235,-0.119932674776299
q;1565692074249;0.06256675,-0.751779,-0.017584926,0.65620464,
v;1565692074249;0.0557020272781916,-1.70962904132247,-0.117604241705084
q;1565692074276;0.060753208,-0.74063534,-0.018424002,0.6689012,
v;1565692074276;0.0540111098707152,-1.67560398394898,-0.11506074981718
q;1565692074303;0.05923031,-0.7306431,-0.01851241,0.6799338,
v;1565692074303;0.0535189955102659,-1.64566848072827,-0.112121832833503
q;1565692074329;0.058416076,-0.72161937,-0.018270997,0.68957907,
v;1565692074329;0.0542221613736859,-1.61918018479634,-0.109889142903448
q;1565692074352;0.056985777,-0.71388614,-0.017518988,0.69771934,
v;1565692074352;0.0545340583598885,-1.59659914398405,-0.106166243801975
q;1565692074375;0.05584398,-0.7072312,-0.017048717,0.7045672,
v;1565692074375;0.0546040346115916,-1.57739524977179,-0.103350796612256
q;1565692074397;0.054908097,-0.7004091,-0.016482726,0.71143556,
v;1565692074397;0.0550656672973027,-1.55795211931396,-0.100691481595852
q;1565692074420;0.054016497,-0.69326895,-0.016136628,0.7184706,
v;1565692074420;0.0552726229762569,-1.53781923686867,-0.0983920006307066
q;1565692074443;0.053214274,-0.6868633,-0.016248798,0.7246537,
v;1565692074443;0.0548299036246438,-1.5199238710847,-0.0969486307683021
q;1565692074467;0.052211083,-0.6812971,-0.015491362,0.72997826,
v;1565692074467;0.0551454164724516,-1.50443027926359,-0.0940405249168695
q;1565692074490;0.051179945,-0.6759695,-0.014662813,0.73500407,
v;1565692074490;0.0554401028089814,-1.48969127681831,-0.0910118487211663
q;1565692074513;0.050347775,-0.67025197,-0.014111997,0.7402894,
v;1565692074513;0.0556553885637605,-1.47404107154025,-0.088638401852468
q;1565692074537;0.0494867,-0.6654005,-0.013909077,0.74471456,
v;1565692074537;0.0552247847168615,-1.46082097427148,-0.086814726847787
q;1565692074563;0.04818264,-0.66074735,-0.013896023,0.74893147,
v;1565692074563;0.0538334682390158,-1.44812892597604,-0.0847112917197241
q;1565692074588;0.047151957,-0.656869,-0.013967986,0.7523994,
v;1565692074588;0.0526282252852865,-1.43761955730478,-0.0831752228304309
q;1565692074614;0.047316063,-0.6537048,-0.014394027,0.7551318,
v;1565692074614;0.0526651807298718,-1.4292662825633,-0.0838144181402862
q;1565692074640;0.04781493,-0.65127957,-0.01483515,0.7571847,
v;1565692074640;0.0531107718458571,-1.42295333126866,-0.084969545360793
q;1565692074664;0.04807407,-0.6505942,-0.015198761,0.75775003,
v;1565692074664;0.053104761204038,-1.42119669782476,-0.0858132516754485
q;1565692074692;0.04824606,-0.6503672,-0.015621198,0.75792533,
v;1565692074692;0.0528393767743606,-1.42063420089061,-0.0866639595103583
q;1565692074720;0.048388924,-0.65102005,-0.016787859,0.75733054,
v;1565692074720;0.0514570595173963,-1.42239368046174,-0.0886655717680329
q;1565692074747;0.048307527,-0.6529534,-0.019668458,0.75560004,
v;1565692074747;0.047334839944205,-1.42751010864961,-0.0930463748033075
q;1565692074775;0.048413638,-0.6546484,-0.023042506,0.7540296,
v;1565692074775;0.0428542685111896,-1.43204134809024,-0.0983861174479281
q;1565692074804;0.050231062,-0.65550643,-0.024776988,0.7531098,
v;1565692074804;0.0431894860805425,-1.43467348214818,-0.103453894808707
q;1565692074831;0.05180517,-0.65549994,-0.025882876,0.75297153,
v;1565692074831;0.044097479416649,-1.43497538539538,-0.107203952106325
q;1565692074857;0.05203409,-0.6555339,-0.026651058,0.75289935,
v;1565692074857;0.0434251679449117,-1.43511738889363,-0.108667332018137
q;1565692074883;0.052726258,-0.65538454,-0.02791233,0.7529355,
v;1565692074883;0.0428254129610083,-1.43487182459868,-0.111477061880976
q;1565692074909;0.053413153,-0.6551328,-0.028673993,0.75307757,
v;1565692074909;0.0428910978238057,-1.43435215882202,-0.113520743637541
q;1565692074935;0.053929478,-0.65424806,-0.029401766,0.75378156,
v;1565692074935;0.0428431008206782,-1.43212328672076,-0.115252034989197
q;1565692074961;0.05390309,-0.6535246,-0.0297087,0.75439876,
v;1565692074961;0.0425109189218973,-1.43020694968956,-0.115640210202569
q;1565692074988;0.05325492,-0.6520831,-0.02941181,0.7557027,
v;1565692074988;0.0421443598373663,-1.42626266508422,-0.114256096891462
q;1565692075015;0.052077685,-0.6503162,-0.029295214,0.7573101,
v;1565692075015;0.040786916902469,-1.42136348275553,-0.112435103964842
q;1565692075042;0.051104613,-0.64850646,-0.029395215,0.7589227,
v;1565692075042;0.0394531624731219,-1.41640870193307,-0.111216234010665
q;1565692075069;0.05035432,-0.6468872,-0.029367555,0.7603546,
v;1565692075069;0.0385888632361735,-1.412009435002,-0.110110818004591
q;1565692075095;0.04895968,-0.6455411,-0.029237663,0.76159364,
v;1565692075095;0.0368348646101357,-1.40821192286868,-0.108028539828918
