q;1565693388969;0.01888494,0.9149829,-0.0047815647,-0.40302205,
v;1565693388969;-0.00647203977698286,-2.31191670653377,0.0384232044767056
q;1565693388994;0.018983684,0.91490024,-0.0049547884,-0.40320307,
v;1565693388994;-0.00624232568512152,-2.31151533076772,0.0387423716569822
q;1565693389019;0.01887803,0.914875,-0.0051087164,-0.40326336,
v;1565693389019;-0.00587799563127701,-2.31137733548595,0.0386726985396396
q;1565693389043;0.018460734,0.914945,-0.0050681755,-0.40312424,
v;1565693389043;-0.00560976448415059,-2.31168097639156,0.037876973318285
q;1565693389067;0.018537527,0.9149671,-0.005084426,-0.40307033,
v;1565693389067;-0.00563971912228799,-2.31179847771551,0.0380309889029941
q;1565693389093;0.018510643,0.9152209,-0.004995397,-0.40249616,
v;1565693389093;-0.00575717378044986,-2.31305618433345,0.0379136215400918
q;1565693389117;0.018840207,0.9154231,-0.0052189534,-0.4020179,
v;1565693389117;-0.00559312906872717,-2.31409384701395,0.0387000113252365
q;1565693389142;0.018733095,0.9156587,-0.0051729362,-0.40148652,
v;1565693389142;-0.00556891095312264,-2.31525543691464,0.0384700557461695
q;1565693389168;0.018842313,0.9161052,-0.0049578384,-0.40046442,
v;1565693389168;-0.00600758495264416,-2.31749523849537,0.0385041657355139
q;1565693389192;0.01878394,0.9167404,-0.0051079285,-0.39900887,
v;1565693389192;-0.00562465817220433,-2.32066465846754,0.0385263501084222
q;1565693389216;0.018892184,0.9175225,-0.0052342964,-0.3972004,
v;1565693389216;-0.00540282293115069,-2.3246026845389,0.0388364656362908
q;1565693389241;0.01920435,0.91842407,-0.0054584,-0.3950933,
v;1565693389241;-0.00514879089341918,-2.32918440463933,0.0395995025205619
q;1565693389265;0.019440249,0.91947675,-0.0055982103,-0.39262354,
v;1565693389265;-0.00497057080440592,-2.33455276081933,0.0401569800410715
q;1565693389289;0.020056428,0.920775,-0.005864949,-0.38953403,
v;1565693389289;-0.00482474434004469,-2.34125688650434,0.0415165179274664
q;1565693389313;0.021176832,0.9223581,-0.005912205,-0.38570997,
v;1565693389313;-0.00542991681217787,-2.34955461997967,0.0436405319061219
q;1565693389338;0.021611955,0.9243937,-0.0058577755,-0.3807819,
v;1565693389338;-0.00562913076723717,-2.36022762207427,0.0444323020803835
q;1565693389363;0.02227878,0.9274303,-0.0053397925,-0.37329376,
v;1565693389363;-0.00672853915874565,-2.3764201413091,0.0453271989842185
q;1565693389387;0.023591297,0.93039143,-0.0053070183,-0.36576915,
v;1565693389387;-0.00738279567901932,-2.3926210650804,0.0478000709940784
q;1565693389412;0.024844043,0.93424594,-0.0060264324,-0.35571206,
v;1565693389412;-0.00641435540898314,-2.41415492082125,0.0507310429221677
q;1565693389437;0.026076734,0.9383401,-0.0064729447,-0.34466782,
v;1565693389437;-0.00582800795879788,-2.43771331497692,0.0534260411559002
q;1565693389461;0.027905775,0.9425901,-0.0070300517,-0.3327097,
v;1565693389461;-0.00531615482760346,-2.46310162811117,0.0573175358358309
q;1565693389489;0.030896483,0.9479206,-0.0077811056,-0.31690907,
v;1565693389489;-0.00483102960132576,-2.49646912159426,0.0635501395594294
q;1565693389515;0.03317835,0.9537763,-0.008436755,-0.2985614,
v;1565693389515;-0.00371800388156495,-2.53498307108893,0.0683809774598249
q;1565693389540;0.035240106,0.95945907,-0.009390124,-0.27947864,
v;1565693389540;-0.00167883530485173,-2.57476427192022,0.0729363089233823
q;1565693389564;0.037813883,0.96468437,-0.01006126,-0.2604861,
v;1565693389564;-0.000288101292025716,-2.61413909941233,0.0782784814659351
q;1565693389589;0.03984477,0.97004503,-0.010680624,-0.23939717,
v;1565693389589;0.00164392284284094,-2.6576148644019,0.0825099638775211
q;1565693389613;0.041917697,0.9752427,-0.011857199,-0.21680419,
v;1565693389613;0.00495144907718965,-2.70387588199594,0.0870120566892673
q;1565693389638;0.043490935,0.9800779,-0.012684944,-0.19337761,
v;1565693389638;0.00804420717585826,-2.75161695999829,0.0902804833521783
q;1565693389664;0.0449754,0.98464215,-0.013558954,-0.16814665,
v;1565693389664;0.0115767681394914,-2.8027768945296,0.0932705495468143
q;1565693389690;0.04609167,0.98873967,-0.0147442585,-0.14160559,
v;1565693389690;0.0161034863082486,-2.85632142431169,0.0954784242472502
q;1565693389714;0.04654037,0.99212074,-0.016455438,-0.11515078,
v;1565693389714;0.021935001778399,-2.90943897067346,0.0963089935965769
q;1565693389739;0.046593763,0.9950105,-0.018240087,-0.08631604,
v;1565693389739;0.0282583386725977,-2.96716982423493,0.0960573342077897
q;1565693389763;0.04696118,0.9968959,-0.020219905,-0.05986941,
v;1565693389763;0.0346981666377759,-3.01995363079995,0.0962583545209202
q;1565693389788;0.04726106,0.9982074,-0.022164652,-0.029276822,
v;1565693389788;0.0414944384228797,-3.08095962216636,0.0958797398828828
q;1565693389812;0.04776131,0.9985636,-0.024280949,0.00036740693,
v;1565693389812;0.0485463056494952,-3.14000516147887,0.0956257296534915
q;1565693389835;0.04800061,0.9979354,-0.027262319,0.032826457,
v;1565693389835;0.0575952837445663,3.07854626439347,0.0943090504601258
q;1565693389860;0.04736189,0.99625915,-0.030174531,0.065681495,
v;1565693389860;0.0663936724870338,3.01294206265644,0.0907296699240774
q;1565693389884;0.04559389,0.9935704,-0.033658717,0.09801098,
v;1565693389884;0.0758948519464654,2.94814257421649,0.0843461196093537
q;1565693389908;0.03950371,0.98972434,-0.038447574,0.13193537,
v;1565693389908;0.0866372153837544,2.87950918447118,0.0683598004814439
q;1565693389932;0.03474108,0.9846091,-0.042919844,0.16581851,
v;1565693389932;0.0961882226188761,2.81052458150288,0.0544574770153383
q;1565693389956;0.031801715,0.97896314,-0.046371944,0.19613624,
v;1565693389956;0.103452217203151,2.7484218264524,0.0443263997948244
q;1565693389980;0.02991476,0.9733572,-0.049470738,0.22188617,
v;1565693389980;0.109801241139809,2.69533989529815,0.0365096754958716
q;1565693390005;0.026581347,0.9682,-0.051589403,0.24335292,
v;1565693390005;0.113075830079372,2.65060495195336,0.0265358155115243
q;1565693390030;0.02397738,0.9644127,-0.052454025,0.2580346,
v;1565693390030;0.113794072406882,2.61982688277945,0.0193043159049946
q;1565693390056;0.020404862,0.96062845,-0.053634234,0.27184567,
v;1565693390056;0.114388382074167,2.59061811281846,0.0101087472810093
q;1565693390085;0.016224649,0.9569035,-0.055723958,0.2845476,
v;1565693390085;0.116139181602354,2.56348259825453,-0.000665875967836424
q;1565693390109;0.014735565,0.9535669,-0.058366656,0.29510403,
v;1565693390109;0.120300027392039,2.54095654538649,-0.00639201713457255
q;1565693390133;0.013081645,0.9497167,-0.06157636,0.30671737,
v;1565693390133;0.125312642386719,2.51600998291597,-0.0130278869179187
q;1565693390157;0.011568005,0.9456414,-0.064494655,0.31854194,
v;1565693390157;0.129710844069962,2.49050491676731,-0.0193740932164754
q;1565693390181;0.008605237,0.94200003,-0.06826843,0.32848334,
v;1565693390181;0.134677844988136,2.46859577923662,-0.0289035365461021
q;1565693390207;0.0016356022,0.9383364,-0.074069776,0.33769205,
v;1565693390207;0.140571897292951,2.44734675006481,-0.0474416403923521
q;1565693390235;-0.003585494,0.9357087,-0.079651825,0.3436452,
v;1565693390235;0.147127763556277,2.4330804174549,-0.0621651078808555
q;1565693390263;-0.00692164,0.9319848,-0.08455179,0.35243082,
v;1565693390263;0.153323182153641,2.41288986093391,-0.0734255798583595
q;1565693390291;-0.012241424,0.92799217,-0.086334504,0.3622529,
v;1565693390291;0.151950560460696,2.39067343250886,-0.0863710426864328
q;1565693390318;-0.023709418,0.92538047,-0.08946646,0.36756593,
v;1565693390318;0.148698864362867,2.37711914189615,-0.111102062514746
q;1565693390350;-0.03192017,0.9237553,-0.09404331,0.36988276,
v;1565693390350;0.150702362138616,2.37001243295961,-0.130385593909949
q;1565693390381;-0.03604383,0.9227928,-0.09538739,0.37155843,
v;1565693390381;0.149820671900667,2.36554284004019,-0.139413803691378
q;1565693390410;-0.04088619,0.9210602,-0.09694904,0.37493655,
v;1565693390410;0.148477292124973,2.35722485528792,-0.150227866215469
q;1565693390437;-0.043896757,0.9204462,-0.09678797,0.37614354,
v;1565693390437;0.14566788667068,2.35430711942894,-0.155896651539201
q;1565693390464;-0.046418793,0.9206894,-0.09640161,0.37534395,
v;1565693390464;0.143154301131244,2.35587105059332,-0.160157173805387
q;1565693390491;-0.050876167,0.9204777,-0.0980345,0.3748622,
v;1565693390491;0.142819063648031,2.35594826522927,-0.169692244760299
q;1565693390518;-0.052729767,0.9211585,-0.09797318,0.37294483,
v;1565693390518;0.141640188473439,2.35991722989039,-0.172802733054204
q;1565693390543;-0.05340708,0.9225395,-0.09755036,0.36953008,
v;1565693390543;0.140983652671852,2.36735822742982,-0.173210648456622
q;1565693390567;-0.0535606,0.9239355,-0.097292535,0.36607206,
v;1565693390567;0.141037082995289,2.37488975315714,-0.172770436365887
q;1565693390593;-0.05449144,0.9259806,-0.09642039,0.36096215,
v;1565693390593;0.13968190667475,2.38606291982899,-0.173064058861489
q;1565693390617;-0.055085655,0.92947555,-0.0951407,0.3521208,
v;1565693390617;0.138510768004882,2.40537747701026,-0.171886845987047
q;1565693390642;-0.05480739,0.9332355,-0.094568454,0.3422346,
v;1565693390642;0.13944680069432,2.42674828098434,-0.169472876717821
q;1565693390673;-0.053685147,0.93784565,-0.09293952,0.33003905,
v;1565693390673;0.139339916711257,2.45334266751504,-0.164369158505325
q;1565693390697;-0.051361423,0.9429417,-0.08840436,0.31687173,
v;1565693390697;0.134576194086501,2.4827532946665,-0.154901031927269
q;1565693390724;-0.05065587,0.9489283,-0.083329454,0.30004206,
v;1565693390724;0.12809962584525,2.51960332731889,-0.147888058937556
q;1565693390749;-0.05538423,0.95234877,-0.08289194,0.28825918,
v;1565693390749;0.126289480330373,2.54393256320292,-0.155130904517527
q;1565693390772;-0.05936715,0.95571256,-0.08228958,0.27625617,
v;1565693390772;0.124813097879364,2.56874172246462,-0.160881089461536
q;1565693390796;-0.058188114,0.96108073,-0.07771611,0.25864676,
v;1565693390796;0.119567269130728,2.6065877096926,-0.153747378399276
q;1565693390819;-0.056580782,0.96671844,-0.07360512,0.23840384,
v;1565693390819;0.115589930391572,2.64955758620147,-0.145979451864408
q;1565693390843;-0.05753105,0.97133183,-0.07271169,0.21890101,
v;1565693390843;0.116329341889924,2.68981224315803,-0.145082361857001
q;1565693390866;-0.0594837,0.9753533,-0.07200777,0.19990633,
v;1565693390866;0.116950107769444,2.72869390820752,-0.146342740316711
q;1565693390889;-0.0609181,0.97893703,-0.07024398,0.18176119,
v;1565693390889;0.115641345087732,2.76594608983795,-0.146300222791071
q;1565693390913;-0.06293565,0.983319,-0.06615077,0.15731157,
v;1565693390913;0.110518453612963,2.8162309122981,-0.145989747295558
q;1565693390937;-0.06381353,0.9864251,-0.0651277,0.13657145,
v;1565693390937;0.111286549474734,2.8583444557521,-0.145086537236626
q;1565693390960;-0.06282652,0.9890273,-0.06550358,0.11656357,
v;1565693390960;0.115177577163636,2.89882236489635,-0.140941848482608
q;1565693390984;-0.063208446,0.9915795,-0.063771665,0.09331698,
v;1565693390984;0.114925327505557,2.94594016143076,-0.138609200353365
q;1565693391008;-0.06589752,0.9937955,-0.058646694,0.06773862,
v;1565693391008;0.107846966267733,2.99790069434604,-0.140193224646302
q;1565693391032;-0.07083195,0.9947674,-0.056124955,0.047650665,
v;1565693391032;0.105105585339595,3.03808417956565,-0.147618640751609
q;1565693391055;-0.07288624,0.99543124,-0.055033877,0.027849121,
v;1565693391055;0.105701968512609,3.07772684972822,-0.14956034138233
q;1565693391079;-0.07166415,0.99610066,-0.051455047,-7.759326e-05,
v;1565693391079;0.102700375104158,3.13433395933413,-0.144014933725964
q;1565693391105;-0.07233704,0.9959288,-0.046298906,-0.027377378,
v;1565693391105;0.0963305400312533,-3.09351774487317,-0.142693051903164
q;1565693391130;-0.07767838,0.9947596,-0.042808454,-0.050860327,
v;1565693391130;0.0932046245152196,-3.0465002593855,-0.151420817162256
q;1565693391158;-0.07761041,0.9928301,-0.039746683,-0.08176325,
v;1565693391158;0.0917434095433123,-2.98409824664089,-0.148779929225472
q;1565693391186;-0.076877855,0.9892474,-0.03472656,-0.119471565,
v;1565693391186;0.0871861682720425,-2.90754640433577,-0.14485915430376
q;1565693391213;-0.07898364,0.98539007,-0.02935522,-0.14800803,
v;1565693391213;0.0813227172607646,-2.8494488208453,-0.147996770809905
q;1565693391245;-0.08236719,0.9798102,-0.025143584,-0.18043132,
v;1565693391245;0.0790775112819687,-2.78345542673525,-0.153413661072963
q;1565693391273;-0.07928576,0.97331595,-0.021023076,-0.21430789,
v;1565693391273;0.0749775478721438,-2.71363789475363,-0.146259725626251
q;1565693391300;-0.08167063,0.9667401,-0.016416974,-0.24181402,
v;1565693391300;0.0713004979797456,-2.65677714592152,-0.150923146245038
q;1565693391326;-0.08155817,0.95961547,-0.013642068,-0.26888716,
v;1565693391326;0.0700995652479568,-2.60047256714996,-0.150123175702406
q;1565693391353;-0.07985232,0.9495062,-0.011577913,-0.30319542,
v;1565693391353;0.0704666187969809,-2.52855971269329,-0.145492362736516
q;1565693391379;-0.08040709,0.940451,-0.008705607,-0.3301677,
v;1565693391379;0.069526041331476,-2.47142955215443,-0.146363598607542
q;1565693391404;-0.08071215,0.9317378,-0.0051756743,-0.35401067,
v;1565693391404;0.066840426107791,-2.42033570235444,-0.147604432124036
q;1565693391428;-0.08095573,0.9212035,-0.0045046885,-0.38053915,
v;1565693391428;0.0699701986990215,-2.36325517716076,-0.146607056447213
q;1565693391454;-0.08070786,0.9098484,-0.004328039,-0.40699312,
v;1565693391454;0.0736373373993116,-2.30566910858066,-0.144229911944577
q;1565693391478;-0.08264242,0.89982444,-0.002312126,-0.42834666,
v;1565693391478;0.0750306029216821,-2.25856360318218,-0.147696989885337
q;1565693391504;-0.08700238,0.8902087,-9.4575074e-07,-0.4471678,
v;1565693391504;0.0778897427343191,-2.21668308039836,-0.156002769980347
q;1565693391528;-0.09250481,0.8796569,0.0015253306,-0.46652362,
v;1565693391528;0.0837256073046843,-2.17328155790171,-0.165499764554966
q;1565693391553;-0.0988809,0.8687535,0.0036841568,-0.48525912,
v;1565693391553;0.0896846477596674,-2.13075926648093,-0.177012449398279
q;1565693391578;0.105353065,-0.8575512,-0.0071528554,0.5034436,
v;1565693391578;0.0939489172919043,-2.08882725024062,-0.189864350701848
q;1565693391603;0.11156606,-0.8464805,-0.008819279,0.52052474,
v;1565693391603;0.101388711187694,-2.04914785720566,-0.200419712883842
q;1565693391627;0.1157747,-0.83333725,-0.00802496,0.5404451,
v;1565693391627;0.111998742411872,-2.00240274108617,-0.204322803649898
q;1565693391654;0.119614355,-0.81803185,-0.0071805175,0.562552,
v;1565693391654;0.123141787649512,-1.94955500573587,-0.206801259298384
q;1565693391681;0.12312025,-0.80387604,-0.0066884854,0.58187616,
v;1565693391681;0.13291909570703,-1.90246673591722,-0.209081433436625
q;1565693391707;0.123742945,-0.7875718,-0.00366521,0.60365963,
v;1565693391707;0.144122425178215,-1.8483503281563,-0.20281385734995
q;1565693391733;0.123077266,-0.77302337,-0.0006803562,0.6223234,
v;1565693391733;0.152728933085196,-1.80090285085712,-0.194607076705579
q;1565693391757;0.12419287,-0.7581826,-5.7034083e-07,0.6401057,
v;1565693391757;0.159669848255748,-1.7546863590653,-0.191924930645591
q;1565693391782;0.12348851,-0.74313545,0.0008442708,0.657647,
v;1565693391782;0.1644183078231,-1.70807201804028,-0.185991277922882
q;1565693391806;0.12138994,-0.72752565,0.003478368,0.6752472,
v;1565693391806;0.169812590416752,-1.66025886886618,-0.175337163061797
q;1565693391831;0.11910206,-0.7098141,0.0045588226,0.69423187,
v;1565693391831;0.172697885298806,-1.60739144789953,-0.165969311099364
q;1565693391865;0.11455407,-0.68793523,0.0054679373,0.71665376,
v;1565693391865;0.172569637589131,-1.54313705519717,-0.152624351708991
q;1565693391893;0.11068666,-0.6722732,0.0049872543,0.73196465,
v;1565693391893;0.169554282104447,-1.49809628697696,-0.14407927705061
q;1565693391924;0.108253,-0.65739644,0.0042940364,0.7457163,
v;1565693391924;0.167885366441167,-1.45672638378212,-0.13830483542682
q;1565693391951;0.10534989,-0.64524156,0.0048684403,0.7566644,
v;1565693391951;0.166479607480506,-1.4230957700659,-0.130759713403991
q;1565693391980;0.099724285,-0.63058686,0.0047164927,0.7696707,
v;1565693391980;0.16014164125772,-1.38245869822457,-0.120335583527068
q;1565693392009;0.09220756,-0.6153362,0.0065234,0.78282607,
v;1565693392009;0.152989237469827,-1.34037699260695,-0.104675353956203
q;1565693392035;0.08693457,-0.6012558,0.008443813,0.7942686,
v;1565693392035;0.148801093708237,-1.30280627440743,-0.0922756563363541
q;1565693392063;0.08249357,-0.5877156,0.0081719905,0.8048095,
v;1565693392063;0.142874419326656,-1.2675572999382,-0.0847760007632132
q;1565693392086;0.077067874,-0.5776357,0.007739842,0.81261164,
v;1565693392086;0.134600183005081,-1.24113445356086,-0.0772299345282494
q;1565693392113;0.067436844,-0.5651228,0.008401898,0.82220316,
v;1565693392113;0.120682509541059,-1.20814195195109,-0.0629027444342527
q;1565693392138;0.061107576,-0.5562056,0.008684352,0.8287496,
v;1565693392138;0.111175206838205,-1.18518633950649,-0.0539414518375252
q;1565693392166;0.055750728,-0.5472713,0.0077659558,0.8350603,
v;1565693392166;0.101786276263292,-1.1627401831319,-0.0483202616052104
q;1565693392193;0.050784055,-0.53899807,0.008920681,0.8407274,
v;1565693392193;0.0951510663501436,-1.1421011281147,-0.0399365111975348
q;1565693392218;0.047124945,-0.5310371,0.01135253,0.845961,
v;1565693392218;0.0919183418053629,-1.12254840469071,-0.0309783020207014
q;1565693392243;0.04634568,-0.522919,0.014704517,0.85099447,
v;1565693392243;0.0943985137493363,-1.10310946050177,-0.0235501658883052
q;1565693392267;0.049197737,-0.5147976,0.019829148,0.8556692,
v;1565693392267;0.104801713300746,-1.08411841188892,-0.0168124033168767
q;1565693392292;0.051901914,-0.5081673,0.026673852,0.85927916,
v;1565693392292;0.116569847652798,-1.06853191901358,-0.00695640662037291
q;1565693392315;0.05426471,-0.49944964,0.03614947,0.8638858,
v;1565693392315;0.13023454443458,-1.04784370432375,0.00832363216783826
q;1565693392340;0.05515318,-0.4893554,0.042059805,0.8693218,
v;1565693392340;0.137488862556282,-1.02408018835818,0.0193316175005521
q;1565693392365;0.050993122,-0.4796998,0.04569086,0.87475723,
v;1565693392365;0.133444697077087,-1.00110649885364,0.0312973534688902
q;1565693392390;0.046615038,-0.47439307,0.048094418,0.8777615,
v;1565693392390;0.127812798451718,-0.9883804105216,0.0405448943668152
q;1565693392415;0.042293184,-0.46844244,0.051523972,0.8809758,
v;1565693392415;0.123101249080515,-0.974239634152382,0.0515718493490399
q;1565693392444;0.038210597,-0.45897073,0.055289183,0.8859057,
v;1565693392444;0.118732981603607,-0.952246732569584,0.0633752221856916
q;1565693392472;0.031525556,-0.44767478,0.05784052,0.8917667,
v;1565693392472;0.108225512455289,-0.926418205707074,0.0754466570914589
q;1565693392496;0.025193894,-0.43997717,0.05912187,0.8957065,
v;1565693392496;0.0973107212717844,-0.909072513664895,0.0842398710513688
q;1565693392520;0.018217862,-0.4331937,0.06100171,0.8990496,
v;1565693392520;0.085713551032811,-0.893970169951995,0.0943895004582037
q;1565693392543;0.01354185,-0.4301885,0.061672606,0.9005282,
v;1565693392543;0.0775289717716465,-0.887431850589069,0.0998903399235643
q;1565693392571;0.011497171,-0.4312468,0.05930907,0.9002091,
v;1565693392571;0.0719153821141579,-0.889996250461275,0.0972692272980729
q;1565693392599;0.009049647,-0.43131945,0.059430566,0.9001942,
v;1565693392599;0.0676114980296143,-0.890271700559536,0.0995831842740123
q;1565693392626;0.007401019,-0.43063578,0.05858762,0.9005918,
v;1565693392626;0.0638337872349856,-0.8888828115142,0.0995193216180879
q;1565693392654;0.00712439,-0.430649,0.057266008,0.90067273,
v;1565693392654;0.062196678534466,-0.888985691565396,0.0973613458237548
q;1565693392680;0.006992976,-0.4298865,0.05741935,0.90102816,
v;1565693392680;0.0620090745417843,-0.887295756062841,0.0978040569637985
q;1565693392707;0.006850471,-0.43106112,0.05779454,0.9004439,
v;1565693392707;0.062202992937742,-0.889891689375795,0.0985250992921162
q;1565693392735;0.008180167,-0.4340926,0.057054088,0.8990225,
v;1565693392735;0.0642860932345673,-0.896583002634853,0.0958281596306889
q;1565693392765;0.009958897,-0.4380917,0.058317635,0.89698136,
v;1565693392765;0.0690176140567868,-0.905333971504397,0.0962713298231964
q;1565693392792;0.011385099,-0.44175562,0.05912647,0.8951126,
v;1565693392792;0.0726847749282656,-0.913399753909998,0.0961927040368043
q;1565693392816;0.011963633,-0.44540152,0.059265535,0.8932872,
v;1565693392816;0.0742360059887806,-0.921515229394243,0.0956337507990932
q;1565693392841;0.013070168,-0.45005137,0.057957046,0.8910241,
v;1565693392841;0.0755307606359032,-0.931954753705788,0.0919087680319836
q;1565693392865;0.012885464,-0.45462984,0.057756312,0.8887125,
v;1565693392865;0.0754901111551192,-0.942254506939228,0.0913279277231307
q;1565693392889;0.012963826,-0.46144277,0.05728513,0.8852237,
v;1565693392889;0.0758922210348959,-0.957628081295385,0.0898352038212997
q;1565693392913;0.013334431,-0.47129828,0.057083152,0.88002366,
v;1565693392913;0.0773527284740628,-0.979947673100785,0.0882783046929201
q;1565693392938;0.01323243,-0.48218012,0.05781801,0.87406194,
v;1565693392938;0.0789713751566413,-1.00471828985041,0.0887045936208283
q;1565693392963;0.013875841,-0.4955822,0.0564893,0.86661106,
v;1565693392963;0.0801258067261586,-1.03555585331597,0.0845267518173104
q;1565693392987;0.014175965,-0.50694853,0.055859584,0.86004764,
v;1565693392987;0.0811087800612249,-1.06190866788775,0.0820724565599607
q;1565693393012;0.0132905245,-0.5212668,0.05517889,0.85150427,
v;1565693393012;0.0802458182068863,-1.09541065542994,0.0804597249735525
q;1565693393036;0.014860385,-0.5367319,0.053560987,0.84192,
v;1565693393036;0.0826122276366603,-1.1320056924804,0.074559152393592
q;1565693393065;0.016444555,-0.5543237,0.054060657,0.8303808,
v;1565693393065;0.0873557522721983,-1.17408959745631,0.0718864213640781
q;1565693393089;0.017027803,-0.5694409,0.05240563,0.8201834,
v;1565693393089;0.0877281469481332,-1.21082345384267,0.0668786447101506
q;1565693393114;0.016868167,-0.58735025,0.04917017,0.80766183,
v;1565693393114;0.0851104891578573,-1.25497790524722,0.059862999666907
q;1565693393139;0.017103167,-0.6053684,0.049310617,0.79423237,
v;1565693393139;0.0869795881449916,-1.30001503318066,0.0578716932355314
q;1565693393164;0.01793267,-0.6219192,0.051767576,0.7811626,
v;1565693393164;0.0925391811547112,-1.34204649369505,0.0588581131216944
q;1565693393190;0.02212657,-0.6426634,0.049844638,0.7642053,
v;1565693393190;0.0980421254224232,-1.39608580134819,0.0479920029129805
q;1565693393214;0.02632162,-0.66129804,0.047090493,0.74818087,
v;1565693393214;0.101844334730083,-1.44584147999009,0.0358449121729767
q;1565693393241;0.024627313,-0.67808944,0.048256267,0.73297995,
v;1565693393241;0.101722119095952,-1.49112424847581,0.0375455673578763
q;1565693393269;0.022550609,-0.69550073,0.04985343,0.71643907,
v;1565693393269;0.101834385226145,-1.53908635632593,0.0402855041164489
q;1565693393294;0.027070526,-0.71280473,0.048500374,0.6991597,
v;1565693393294;0.107201042578045,-1.58854593917218,0.0293999983963681
q;1565693393318;0.029276973,-0.72733694,0.04786884,0.68398273,
v;1565693393318;0.109904561895331,-1.63094762611272,0.0230354796569582
q;1565693393344;0.028930396,-0.74191046,0.04536925,0.6683364,
v;1565693393344;0.106189773937228,-1.67409698672886,0.0178176167965613
q;1565693393369;0.028466763,-0.7572078,0.0427793,0.6511497,
v;1565693393369;0.102034844835533,-1.720478244396,0.0126671661832317
q;1565693393397;0.026235089,-0.7731754,0.04280113,0.63220215,
v;1565693393397;0.099521525341411,-1.77006903992329,0.0136170804704364
q;1565693393424;0.024896614,-0.7866901,0.040677797,0.61550313,
v;1565693393424;0.0947914209884182,-1.81324472062421,0.0109521692580919
q;1565693393451;0.022708263,-0.80208224,0.03810383,0.5955641,
v;1565693393451;0.0882879155036336,-1.86379884832535,0.00899390820871895
q;1565693393477;0.021558775,-0.81624377,0.037629332,0.5760776,
v;1565693393477;0.0863758355470295,-1.9120673208586,0.00819102697414619
q;1565693393505;0.021201208,-0.8287153,0.036080524,0.5581036,
v;1565693393505;0.0835631223093092,-1.95600034965906,0.00515180903253774
q;1565693393530;0.01976872,-0.84170455,0.032957014,0.5385689,
v;1565693393530;0.0768493937461735,-2.00308632337191,0.00222697708413806
q;1565693393554;0.018481525,-0.85154206,0.032136567,0.52297395,
v;1565693393554;0.0741298640649555,-2.0399961748333,0.00214347140799583
q;1565693393582;0.017804703,-0.86075336,0.031910237,0.50770915,
v;1565693393582;0.0730779353659806,-2.0756936870321,0.00175601044342003
q;1565693393615;-0.017331796,0.8702395,-0.028859716,-0.49147737,
v;1565693393615;0.0673169310450632,-2.11344260289452,-0.0018019145142748
q;1565693393646;-0.017245885,0.88149244,-0.024705594,-0.4712359,
v;1565693393646;0.0598450643911769,-2.15993777195321,-0.00713273811830746
q;1565693393679;-0.014509792,0.89056915,-0.022605898,-0.4540541,
v;1565693393679;0.0534661615211905,-2.198746621984,-0.00532297641322497
q;1565693393708;-0.013426632,0.8983116,-0.020337544,-0.43868253,
v;1565693393708;0.0483377828432763,-2.23319038589937,-0.00628653233787443
q;1565693393736;-0.012303722,0.90475214,-0.018675264,-0.42535093,
v;1565693393736;0.0442742323590215,-2.26279960059349,-0.0063828539337895
q;1565693393763;-0.011475445,0.90922034,-0.017817942,-0.4157755,
v;1565693393763;0.0419555961257464,-2.28392370611539,-0.00605625505659615
q;1565693393789;-0.011499582,0.9119747,-0.01745733,-0.40971342,
v;1565693393789;0.0412760721582234,-2.29725426138729,-0.00667538613472201
q;1565693393816;-0.01073134,0.9149385,-0.017324474,-0.4030785,
v;1565693393816;0.040363760807039,-2.31176780156758,-0.00567543938138509
q;1565693393844;-0.009682405,0.9179063,-0.017461067,-0.39629468,
v;1565693393844;0.0397398770830189,-2.32654378656164,-0.00393874509235409
q;1565693393872;-0.009737441,0.9202339,-0.018043889,-0.39083138,
v;1565693393872;0.0408319369074063,-2.33842281717579,-0.0038204041600878
q;1565693393897;-0.009224741,0.9219782,-0.017766898,-0.38672397,
v;1565693393897;0.0399068336623821,-2.34733678096388,-0.00327085954144668
q;1565693393921;-0.007922157,0.9233969,-0.017469915,-0.383367,
v;1565693393921;0.0383469152425511,-2.35458548107378,-0.00123672211740018
q;1565693393945;-0.007106973,0.92426145,-0.017594803,-0.38128814,
v;1565693393945;0.0379531161676348,-2.35906013347061,0.000280178848615262
q;1565693393970;-0.0071152803,0.92459804,-0.01763833,-0.38046923,
v;1565693393970;0.0380401948486488,-2.36083161636995,0.00026432645595262
q;1565693393995;-0.006942158,0.9247216,-0.01726166,-0.38018918,
v;1565693393995;0.037211713743569,-2.36144334915201,0.00028646413138874
q;1565693394020;-0.006336817,0.92454135,-0.016485456,-0.38067216,
v;1565693394020;0.0353148110579921,-2.36040324694124,0.000834329904531267
q;1565693394046;-0.0054375487,0.9238668,-0.016919652,-0.38230133,
v;1565693394046;0.0354279844278635,-2.35683967199047,0.00289148794174373
q;1565693394075;-0.004642149,0.92295104,-0.017252326,-0.3845025,
v;1565693394075;0.0354233480582736,-2.35203871812173,0.00470113898455808
q;1565693394101;-0.003514977,0.922029,-0.017269481,-0.38671938,
v;1565693394101;0.0345714301701393,-2.3472003238963,0.00687922930226381
q;1565693394125;-0.001379638,0.9210291,-0.01696112,-0.38912195,
v;1565693394125;0.032322692964717,-2.34194156974084,0.0106642870217777
q;1565693394151;0.00024178663,0.91976076,-0.0166646,-0.3921255,
v;1565693394151;0.0304699835201196,-2.33538624216493,0.0135206886317463
q;1565693394181;0.0001939898,0.91860116,-0.016475068,-0.39484227,
v;1565693394181;0.0301193961416017,-2.329482191713,0.0133729687900128
q;1565693394214;-0.00040795907,0.91742426,-0.016550213,-0.39756593,
v;1565693394214;0.0306963355362675,-2.32355811298216,0.0124172271943413
q;1565693394244;0.00043383997,0.9160875,-0.016932826,-0.4006205,
v;1565693394244;0.0306811033863094,-2.31685878800704,0.0143694020894794
q;1565693394271;0.0014718139,0.91503286,-0.016887164,-0.40302303,
v;1565693394271;0.029722646297117,-2.31158842302837,0.0163132767332217
q;1565693394302;0.002405761,0.9141709,-0.017167136,-0.40495804,
v;1565693394302;0.0294431816858444,-2.30732398978409,0.0183114522985939
q;1565693394325;0.002997952,0.91357976,-0.017064046,-0.40629047,
v;1565693394325;0.0287466144937756,-2.30439971895449,0.0193528583404106
q;1565693394351;0.0040186476,0.9130602,-0.017357936,-0.40743554,
v;1565693394351;0.0284268297143018,-2.30185719972304,0.0214933522085878
q;1565693394376;0.004969095,0.91268617,-0.017732503,-0.40824616,
v;1565693394376;0.0283149759700426,-2.30004347586368,0.0235605239313056
q;1565693394401;0.0054067275,0.91252685,-0.01801163,-0.40858442,
v;1565693394401;0.0284578236635996,-2.29927924615334,0.024598550325862
q;1565693394426;0.0050157937,0.91258216,-0.018165119,-0.4084589,
v;1565693394426;0.0290609262466522,-2.29955470941318,0.0240064980595391
q;1565693394451;0.0052049835,0.912594,-0.018316608,-0.40842322,
v;1565693394451;0.0291837232831082,-2.29962116451037,0.0244747935384435
q;1565693394476;0.0052851937,0.91255414,-0.018280864,-0.40851295,
v;1565693394476;0.0290505020465678,-2.29942471090541,0.0245948460759929
q;1565693394502;0.0057283863,0.9125922,-0.018105172,-0.40842986,
v;1565693394502;0.0283697948606615,-2.29960654623347,0.0252575949180327
q;1565693394527;0.0061459932,0.9125744,-0.01805166,-0.40846574,
v;1565693394527;0.0279297413187491,-2.29952187949809,0.0259773733214923
q;1565693394554;0.0066129663,0.91255146,-0.017912673,-0.40851593,
v;1565693394554;0.0272928559228918,-2.29940973517569,0.0267176964055902
q;1565693394578;0.007177929,0.91248494,-0.017910106,-0.40865517,
v;1565693394578;0.0268220243449897,-2.29909363372675,0.0277511614013368
q;1565693394603;0.006468686,0.91259253,-0.01719536,-0.4084573,
v;1565693394603;0.0261033144286676,-2.29957735865713,0.0258653842869645
q;1565693394626;0.005026299,0.9130218,-0.016475154,-0.40754688,
v;1565693394626;0.0259903705508783,-2.3016340063744,0.022616602066879
q;1565693394650;0.0041108085,0.9134568,-0.01590187,-0.40660414,
v;1565693394650;0.0257112317747973,-2.30374170671986,0.020449808118202
q;1565693394674;0.003864469,0.9137028,-0.015470415,-0.40607017,
v;1565693394674;0.0251348782980922,-2.30493376276464,0.0196335628908647
q;1565693394698;0.003938044,0.91406614,-0.015236247,-0.4052598,
v;1565693394698;0.0246645137708419,-2.30671575029836,0.019555736166007
q;1565693394726;0.0037601348,0.9143331,-0.015102454,-0.40466374,
v;1565693394726;0.0245766407646645,-2.30802845136665,0.0191057942179143
q;1565693394753;0.0033617835,0.9146455,-0.0145402355,-0.40398142,
v;1565693394753;0.0238843965954656,-2.30955042675657,0.0179037129378917
q;1565693394782;0.003175948,0.91476506,-0.013785862,-0.40373847,
v;1565693394782;0.0226590839277495,-2.31011330366958,0.0169474197329292
q;1565693394814;0.0030705298,0.91481817,-0.013169115,-0.40363958,
v;1565693394814;0.0216176003377518,-2.31035351337154,0.0162536181481668
q;1565693394841;0.0027176423,0.91475064,-0.012940838,-0.40380242,
v;1565693394841;0.0214821508461511,-2.31001092377981,0.015427184813832
q;1565693394874;0.002097407,0.9146949,-0.0126701975,-0.4039411,
v;1565693394874;0.0214859253958417,-2.30972671589932,0.0140767158810323
q;1565693394900;0.0016570074,0.91448617,-0.012238057,-0.40442878,
v;1565693394900;0.0210443380486786,-2.30868091127647,0.0129326896577199
q;1565693394925;0.0013494935,0.91424704,-0.011865743,-0.40498114,
v;1565693394925;0.0206048599680108,-2.30748858815129,0.0120812034604004
q;1565693394954;0.0008310445,0.9139937,-0.011383741,-0.40556782,
v;1565693394954;0.0201366061144912,-2.30622667834865,0.0107552846965255
q;1565693394981;0.00052384427,0.91368926,-0.011293031,-0.40625623,
v;1565693394981;0.0202123885142286,-2.30472697743034,0.0101352339064199
q;1565693395011;0.00050353294,0.91339105,-0.011022792,-0.40693384,
v;1565693395011;0.0197277095203356,-2.30325117871902,0.00989302549007607
q;1565693395039;0.00078743906,0.91317594,-0.010883471,-0.40741956,
v;1565693395039;0.0192365979557221,-2.30218707064411,0.0103085085337389
q;1565693395068;0.0012896335,0.91292155,-0.010725817,-0.40799206,
v;1565693395068;0.0185323993113568,-2.30093020177081,0.0111089008406246
q;1565693395096;0.0021393108,0.9127547,-0.010836886,-0.40835872,
v;1565693395096;0.0180366027455918,-2.30011238534399,0.0127584270613729
q;1565693395125;0.0029325907,0.9125905,-0.011174705,-0.40871158,
v;1565693395125;0.0179996636193869,-2.29931872055503,0.0144898256479203
q;1565693395153;0.0035393892,0.9123062,-0.011431164,-0.409334,
v;1565693395153;0.0179608245550527,-2.2979385032927,0.0158195528618205
q;1565693395185;0.004078561,0.91213715,-0.011470327,-0.4097043,
v;1565693395185;0.0175839209269438,-2.29711822445795,0.0168426985463532
q;1565693395214;0.0044430504,0.9118999,-0.011617359,-0.41022423,
v;1565693395214;0.0175433430310179,-2.2959685538329,0.0176383073432674
q;1565693395244;0.004439398,0.911699,-0.011670791,-0.41066906,
v;1565693395244;0.0176351642328107,-2.29499108599348,0.017684126338089
q;1565693395271;0.004492976,0.91159225,-0.011637264,-0.4109062,
v;1565693395271;0.0175253930668534,-2.29447115943084,0.0177588325023485
q;1565693395298;0.004717236,0.91144735,-0.011494844,-0.411229,
v;1565693395298;0.0170749914242094,-2.29376490015129,0.0180566641537986
q;1565693395323;0.004810755,0.9113443,-0.011525961,-0.41145545,
v;1565693395323;0.0170502410946552,-2.29326583860954,0.0182570149958607
q;1565693395347;0.0051581077,0.9110066,-0.01171831,-0.41219288,
v;1565693395347;0.0170994782453025,-2.29163617121641,0.0190624892988286
q;1565693395371;0.0048435973,0.9107665,-0.011526958,-0.41273254,
v;1565693395371;0.0169993326789612,-2.29046199611234,0.0183415519321794
q;1565693395397;0.0036827798,0.91064423,-0.010986193,-0.4130289,
v;1565693395397;0.0169676517069343,-2.28984308118344,0.0157855625393013
q;1565693395422;0.00338611,0.9104654,-0.010658905,-0.41343394,
v;1565693395422;0.0166100265660529,-2.28896696956133,0.0149820052338157
q;1565693395446;0.0035573093,0.9105129,-0.010470362,-0.41333285,
v;1565693395446;0.0161267927707411,-2.28919282287324,0.0151359871930199
q;1565693395470;0.004385401,0.9107765,-0.010406328,-0.41274527,
v;1565693395470;0.0153361721139902,-2.29047575044617,0.0165812752783439
q;1565693395499;0.0053636758,0.9109864,-0.010788842,-0.41226035,
v;1565693395499;0.0152351043014238,-2.29151736594812,0.0186713465401458
q;1565693395528;0.0060522915,0.9113028,-0.010729737,-0.4115525,
v;1565693395528;0.0145749233633921,-2.29306563385629,0.0198660571331684
q;1565693395559;0.006359823,0.9115068,-0.010635845,-0.41109827,
v;1565693395559;0.0141607388794291,-2.29406231765625,0.0203422411167779
