q;1565693399127;0.011330312,0.91471046,-0.008883236,-0.40385336,
v;1565693399127;0.00709966827692281,-2.30995194920567,0.0279072847594831
q;1565693399154;0.011664974,0.9147994,-0.008799965,-0.4036442,
v;1565693399154;0.00668345696420355,-2.31041054755603,0.0284508055244194
q;1565693399179;0.011766595,0.91486746,-0.008831723,-0.40348616,
v;1565693399179;0.00666444484446588,-2.31075421740405,0.0286612660547352
q;1565693399203;0.011915902,0.914968,-0.009053055,-0.40324882,
v;1565693399203;0.00695642051847564,-2.3112639793692,0.0291114215011905
q;1565693399230;0.011936863,0.91510534,-0.009003768,-0.40293756,
v;1565693399230;0.00685922523774854,-2.31194592340626,0.0291076815170154
q;1565693399255;0.012179026,0.9154322,-0.009090751,-0.40218517,
v;1565693399255;0.00684753860267756,-2.31358515121097,0.0296154988088126
q;1565693399281;0.012722098,0.9160221,-0.009500929,-0.40081337,
v;1565693399281;0.0072078103338627,-2.31656185853352,0.030929378967336
q;1565693399306;0.013299253,0.9168744,-0.00990922,-0.3988312,
v;1565693399306;0.00756277831050303,-2.32086704711671,0.0322982400968433
q;1565693399331;0.01353824,0.91781,-0.010441969,-0.39665157,
v;1565693399331;0.00842765859636392,-2.32559400728864,0.0331419544369422
q;1565693399355;0.014534814,0.91918474,-0.010950833,-0.39340597,
v;1565693399355;0.00869562155136436,-2.33263050089173,0.0353452995850676
q;1565693399380;0.015218268,0.9211168,-0.011910107,-0.38880625,
v;1565693399380;0.0101074559663718,-2.34257525120329,0.0373076118326569
q;1565693399406;0.01592649,0.9235189,-0.012750084,-0.38301003,
v;1565693399406;0.0113501199711728,-2.35509238760352,0.0391962089146325
q;1565693399434;0.01726473,0.92604935,-0.013463513,-0.37676692,
v;1565693399434;0.011926479368139,-2.36853931034557,0.0421366603140695
q;1565693399460;0.018900458,0.928869,-0.013483253,-0.36968017,
v;1565693399460;0.0110743287679687,-2.38379885020106,0.0450991326315192
q;1565693399485;0.020508356,0.9320525,-0.013498222,-0.36149043,
v;1565693399485;0.0103351382537024,-2.40137882152181,0.0480096892226838
q;1565693399511;0.023242598,0.93547225,-0.01395286,-0.3523589,
v;1565693399511;0.00972570747148319,-2.42087541223864,0.0533462602132477
q;1565693399537;0.026186913,0.93899834,-0.013977168,-0.34263837,
v;1565693399537;0.00830388815999335,-2.44157928446059,0.0587930546884686
q;1565693399565;0.028962228,0.9430876,-0.01371961,-0.3309967,
v;1565693399565;0.00670483458602115,-2.46629914319064,0.063754741038017
q;1565693399592;0.03163584,0.94770396,-0.014031474,-0.31726876,
v;1565693399592;0.00652128571402717,-2.49527061520506,0.0689223366527656
q;1565693399617;0.03422806,0.9522474,-0.014763044,-0.30304366,
v;1565693399617;0.0073710141225953,-2.52510700958079,0.0742049513274025
q;1565693399641;0.035985157,0.95669717,-0.014661532,-0.28848007,
v;1565693399641;0.00729135572982789,-2.55557694050053,0.0773922047509998
q;1565693399666;0.038385548,0.9618981,-0.014404624,-0.2703169,
v;1565693399666;0.00695909240344654,-2.59339131332248,0.0817265226294172
q;1565693399696;0.0414534,0.9675779,-0.013869768,-0.24876161,
v;1565693399696;0.00621617297481852,-2.63802702742089,0.0872315894567789
q;1565693399732;0.04292727,0.9744988,-0.013115861,-0.2198575,
v;1565693399732;0.00668706692021584,-2.69750146958286,0.0895540414379266
q;1565693399763;0.043954182,0.9803088,-0.012612473,-0.19210322,
v;1565693399763;0.00784083709452543,-2.75421542785898,0.0911521078193141
q;1565693399790;0.04539127,0.9848024,-0.012880854,-0.16714627,
v;1565693399790;0.0101964056045404,-2.80486671383945,0.0938514228371387
q;1565693399818;0.04710125,0.98892677,-0.013882236,-0.14004509,
v;1565693399818;0.0142649158095122,-2.85954318419327,0.0972105594332571
q;1565693399846;0.04752645,0.99245566,-0.015469457,-0.11195399,
v;1565693399846;0.0200652953054533,-2.91594853728686,0.0979758889699472
q;1565693399879;0.04688006,0.9956854,-0.018321885,-0.07795649,
v;1565693399879;0.0291805980051706,-2.98391512691434,0.096402428285816
q;1565693399913;0.045731455,0.99793947,-0.02156195,-0.039504014,
v;1565693399913;0.0394321078112098,-3.06062399768155,0.0931851505056515
q;1565693399946;0.0476503,0.9985732,-0.024052192,-0.0016089773,
v;1565693399946;0.0479007279363859,-3.13608075281975,0.0954964756646283
q;1565693399978;0.049327496,0.99798924,-0.023208192,0.03233607,
v;1565693399978;0.049533419567403,3.07922327766647,0.0972278764201617
q;1565693400007;0.050750934,0.9964043,-0.023563849,0.063620575,
v;1565693400007;0.0534412822987941,3.01669852132121,0.0984378140418755
q;1565693400036;0.051492523,0.9938853,-0.02584415,0.09419434,
v;1565693400036;0.0611108797215504,2.95560180807804,0.0978248465989931
q;1565693400063;0.05085956,0.9905391,-0.02756448,0.124442056,
v;1565693400063;0.0673163559172202,2.89481669985457,0.0942490240666444
q;1565693400090;0.051386863,0.9865185,-0.02974034,0.15250003,
v;1565693400090;0.0744204636065237,2.83830619701766,0.0927063498258818
q;1565693400115;0.052231155,0.9823067,-0.030868633,0.17717941,
v;1565693400115;0.0792363874835652,2.78834164534571,0.0920941221450848
q;1565693400139;0.052143,0.97794086,-0.030842768,0.19990386,
v;1565693400139;0.0812613842867684,2.74198640651462,0.0900729390110446
q;1565693400163;0.052843627,0.9733579,-0.030697023,0.22099699,
v;1565693400163;0.0832109377197344,2.69880880887635,0.089734068222348
q;1565693400187;0.052004248,0.968788,-0.030491654,0.2404487,
v;1565693400187;0.0841880182201479,2.65867977687486,0.0865127237143186
q;1565693400214;0.05081363,0.96385664,-0.02896077,0.25992256,
v;1565693400214;0.0823362768565678,2.61821780063933,0.0832770090903915
q;1565693400238;0.047813118,0.9596312,-0.026198,0.2759268,
v;1565693400238;0.0767419819717955,2.58461095144455,0.0776145683385885
q;1565693400263;0.04260228,0.9561554,-0.022275914,0.28888687,
v;1565693400263;0.0672636593792595,2.55708202508785,0.0688081214689377
q;1565693400287;0.03629361,0.95375127,-0.017149413,0.29790473,
v;1565693400287;0.0543633984845355,2.53770349728702,0.05913413803435
q;1565693400312;0.02860167,0.9534901,-0.009648067,0.29990926,
v;1565693400312;0.0355619792343054,2.53297908669164,0.0488059487498371
q;1565693400336;0.019335283,0.95267576,-0.0039078128,0.3033478,
v;1565693400336;0.0191775636749611,2.52539143799664,0.0344828309165231
q;1565693400361;0.011454551,0.9518194,-0.00011052895,0.30644527,
v;1565693400361;0.00723085615665012,2.51871633588582,0.021739866277332
q;1565693400390;0.006007513,0.95101887,0.0032578923,0.30905735,
v;1565693400390;-0.00248330456405459,2.51315742789823,0.0134407136930448
q;1565693400422;-0.0015546903,0.9490504,0.004293341,0.3150912,
v;1565693400422;-0.00912905925296647,2.5004813339895,-0.000245381194175808
q;1565693400454;-0.005877493,0.9475591,0.0061115636,0.31946808,
v;1565693400454;-0.0153380796072201,2.49128769837193,-0.00723455904949355
q;1565693400484;-0.008111201,0.9470231,0.006267695,0.32100183,
v;1565693400484;-0.017079554997304,2.4880796741807,-0.0113410034835577
q;1565693400512;-0.013288545,0.94577765,0.0043269796,0.324514,
v;1565693400512;-0.0168101506737747,2.48071761231387,-0.0223326982285601
q;1565693400540;-0.015950099,0.94512385,0.0036178334,0.32630262,
v;1565693400540;-0.0172485747166788,2.47696113200192,-0.0277963344413071
q;1565693400567;-0.018212393,0.9445362,0.0022645877,0.32789415,
v;1565693400567;-0.0162221558557589,2.47359562129527,-0.0329297218154348
q;1565693400593;-0.021134976,0.94362557,0.00030269875,0.33033916,
v;1565693400593;-0.01453520080617,2.46839899880044,-0.0397016427331247
q;1565693400618;-0.0223502,0.9433485,-0.00084649,0.33104882,
v;1565693400618;-0.0132013279703612,2.46686953565657,-0.0427452537069704
q;1565693400644;-0.02438544,0.942874,-0.0019477189,0.33225006,
v;1565693400644;-0.0125315487752476,2.46430179115056,-0.0473004025237763
q;1565693400669;-0.026797744,0.9426364,-0.0028654265,0.33273175,
v;1565693400669;-0.0124311300409785,2.46326467107812,-0.0524559990729732
q;1565693400693;-0.027562603,0.9426816,-0.0037530106,0.3325321,
v;1565693400693;-0.0112553500815658,2.46365197442126,-0.0544919240149525
q;1565693400718;-0.029577967,0.94267327,-0.0050004725,0.33236605,
v;1565693400718;-0.0102339792319596,2.46395563325258,-0.0591262307648764
q;1565693400742;-0.030686267,0.943144,-0.005355565,0.33092153,
v;1565693400742;-0.0102075321177237,2.46700602468649,-0.0614695843216938
q;1565693400767;-0.031090494,0.94400644,-0.005624787,0.32841069,
v;1565693400767;-0.00980138780193638,2.4723104897217,-0.062437290433794
q;1565693400795;-0.031892113,0.94508344,-0.006544684,0.3252034,
v;1565693400795;-0.00837240003782887,2.47904458589634,-0.0645852756927291
q;1565693400820;-0.032604657,0.9463643,-0.007166142,0.32137242,
v;1565693400820;-0.00739298047679568,2.48710271062577,-0.0663682918578897
q;1565693400845;-0.0321164,0.94803,-0.0067573795,0.3164839,
v;1565693400845;-0.00751632084947359,2.4974371321279,-0.0652198930957564
q;1565693400869;-0.03144676,0.94964457,-0.006227098,0.31168494,
v;1565693400869;-0.00777598176584898,2.50757125064971,-0.0636531737064776
q;1565693400893;-0.031204779,0.9511466,-0.0057962644,0.3071039,
v;1565693400893;-0.00814011420123047,2.5172269357936,-0.0629644300782112
q;1565693400917;-0.030503375,0.9529131,-0.0056915786,0.3016519,
v;1565693400917;-0.00755571432601503,2.52867112115163,-0.0616086061275612
q;1565693400942;-0.029409358,0.9547366,-0.0057556327,0.2959392,
v;1565693400942;-0.00641658139941722,2.54062829947839,-0.0595995194716684
q;1565693400965;-0.028432172,0.95739424,-0.0054648314,0.28732905,
v;1565693400965;-0.00587481552383853,2.55863603074418,-0.057614868608267
q;1565693400989;-0.028402612,0.96009094,-0.005095903,0.27819544,
v;1565693400989;-0.00601793000578067,2.57769436001568,-0.0574060584398201
q;1565693401014;-0.029797131,0.96267223,-0.0047971183,0.26898187,
v;1565693401014;-0.00679372315138623,2.59687030869514,-0.0599877718456271
q;1565693401045;-0.030369658,0.96660507,-0.0042770635,0.25442904,
v;1565693401045;-0.0071854451638539,2.62704951793063,-0.0609266077511436
q;1565693401078;-0.030536825,0.97121197,-0.0033280891,0.23622815,
v;1565693401078;-0.00796283956040197,2.66464116078257,-0.0609274553581975
q;1565693401109;-0.033796795,0.9753565,-0.0027407224,0.21801378,
v;1565693401109;-0.00939010923814306,2.70209347606137,-0.0671763498466503
q;1565693401138;-0.03457847,0.9793198,-0.0030733831,0.19931789,
v;1565693401138;-0.00776464353511493,2.74029174679919,-0.069008759027639
q;1565693401165;-0.036310952,0.98302704,-0.003051153,0.1798058,
v;1565693401165;-0.00705916637027245,2.78002788337883,-0.0725519643680752
q;1565693401194;-0.038263194,0.9865731,-0.0035019915,0.15873611,
v;1565693401194;-0.00523758386926259,2.82273514213494,-0.0766868538616999
q;1565693401223;-0.036557,0.9898738,-0.0043354966,0.13709338,
v;1565693401223;-0.00144025689459218,2.86640494630329,-0.0736289535497586
q;1565693401251;-0.038538855,0.9922348,-0.0057989843,0.11811517,
v;1565693401251;0.00240386354951086,2.90453495542914,-0.0779281568448039
q;1565693401279;-0.04084042,0.994623,-0.004363033,0.09506927,
v;1565693401279;0.00091380823850977,2.95096766445271,-0.082163671930741
q;1565693401306;-0.041377433,0.9966638,-0.0022954193,0.07031334,
v;1565693401306;-0.00124324870572456,3.00078020210963,-0.0828965497139405
q;1565693401333;-0.043941747,0.9978526,-0.0009072118,0.048563477,
v;1565693401333;-0.00245740320609344,3.04444148088275,-0.0878962866341302
q;1565693401358;-0.043824602,0.9987605,0.0028361392,0.023426643,
v;1565693401358;-0.00771865086511562,3.09502781362238,-0.08752197922734
q;1565693401386;-0.040204115,0.99909294,0.009787145,-0.010058478,
v;1565693401386;-0.0187488489432236,-3.12070178839951,-0.0806336876874476
q;1565693401421;-0.039678648,0.9979169,0.016308146,-0.048183057,
v;1565693401421;-0.0287286235065694,-3.043937756208,-0.0808850474359235
q;1565693401449;-0.037948992,0.9956208,0.020865668,-0.08284822,
v;1565693401449;-0.0352678839740267,-2.97415327803129,-0.0791547804452994
q;1565693401477;-0.033441514,0.99224925,0.025796084,-0.11686587,
v;1565693401477;-0.0433895600544656,-2.90554102208833,-0.0725257619254295
q;1565693401501;-0.032844104,0.9884963,0.029316664,-0.14469592,
v;1565693401501;-0.0484729921389309,-2.84911330858702,-0.073569236108473
q;1565693401525;-0.031602923,0.9846746,0.03038261,-0.16880232,
v;1565693401525;-0.0491845033545814,-2.80024657986317,-0.0726461570087886
q;1565693401549;-0.028183697,0.97930485,0.031413764,-0.19794163,
v;1565693401549;-0.0503911724635074,-2.7410087484219,-0.0677748856167836
q;1565693401573;-0.024881812,0.9732453,0.0325155,-0.22609104,
v;1565693401573;-0.0520635230672211,-2.68342939056315,-0.0632629938869678
q;1565693401598;-0.025173452,0.96779066,0.034519013,-0.24810481,
v;1565693401598;-0.054349801065812,-2.63788311890385,-0.0659992164730072
q;1565693401622;-0.023869952,0.9627438,0.03563131,-0.2669926,
v;1565693401622;-0.0558905379717801,-2.59871903549218,-0.0651355721461172
q;1565693401646;-0.020461723,0.9572302,0.036409736,-0.286297,
v;1565693401646;-0.0580212869321763,-2.55860482021528,-0.060158606068382
q;1565693401671;-0.01737352,0.951765,0.037244555,-0.30406323,
v;1565693401671;-0.0603674894241897,-2.52145627525407,-0.05585113140444
q;1565693401694;-0.017689023,0.9488246,0.037009627,-0.31312832,
v;1565693401694;-0.0591879729509852,-2.50238267183353,-0.0568752838046955
q;1565693401721;-0.01862667,0.94740915,0.03578172,-0.3174723,
v;1565693401721;-0.0560022225574362,-2.4932930145716,-0.0581374013807345
q;1565693401745;-0.01686645,0.94550884,0.035655502,-0.32319853,
v;1565693401745;-0.0565529010283966,-2.48128810738817,-0.055058156224283
q;1565693401769;-0.01462567,0.9432383,0.036572162,-0.3297727,
v;1565693401769;-0.0593811257789322,-2.46738487155884,-0.0518264886083523
q;1565693401795;-0.01292199,0.9410056,0.03709814,-0.33610308,
v;1565693401795;-0.0611710157992375,-2.45397816383006,-0.0493692815076035
q;1565693401824;-0.012272178,0.93837655,0.036927532,-0.34341696,
v;1565693401824;-0.0609125727876334,-2.43845488716838,-0.0485038658618876
q;1565693401851;-0.01256588,0.9358665,0.03773664,-0.35010284,
v;1565693401851;-0.0618736853414643,-2.42408941597789,-0.050060040968727
q;1565693401878;-0.01093565,0.9325773,0.039236557,-0.3586649,
v;1565693401878;-0.065384354785453,-2.40568803884784,-0.0486653833357322
q;1565693401904;-0.010444371,0.9297966,0.039986435,-0.36574644,
v;1565693401904;-0.0667681170437259,-2.39042129516934,-0.0488001321417536
q;1565693401932;-0.01147841,0.92749447,0.03879311,-0.37164158,
v;1565693401932;-0.063471690152956,-2.37778794684293,-0.0502488734207838
q;1565693401960;-0.009856039,0.9244333,0.037083343,-0.37940842,
v;1565693401960;-0.0611212750600294,-2.36125382599065,-0.0464654195034209
q;1565693401989;-0.010890988,0.9219793,0.036656465,-0.3853465,
v;1565693401989;-0.0592340283689098,-2.34837951011599,-0.0484372672080346
q;1565693402018;-0.012116257,0.9207295,0.036318023,-0.38831863,
v;1565693402018;-0.0574998931593856,-2.3419054422097,-0.0506227657965309
q;1565693402052;-0.011452595,0.91934246,0.036286604,-0.39161405,
v;1565693402052;-0.057781784992008,-2.33477238507749,-0.0495814263033215
q;1565693402079;-0.010555031,0.9187203,0.03611591,-0.39311233,
v;1565693402079;-0.0580948866939266,-2.33156706713772,-0.0478885219812125
q;1565693402109;-0.0103048915,0.91880894,0.03549829,-0.39296803,
v;1565693402109;-0.0571644348985811,-2.33195209645884,-0.0469296922094317
q;1565693402136;-0.010162288,0.91915685,0.03498155,-0.39220366,
v;1565693402136;-0.056365531011523,-2.33367140943142,-0.0462110647962764
q;1565693402165;-0.009719399,0.91965014,0.034576714,-0.39109287,
v;1565693402165;-0.0560238866471999,-2.33614515463761,-0.0450080906729862
q;1565693402193;-0.009323927,0.9200892,0.03442751,-0.3900817,
v;1565693402193;-0.0561080080614229,-2.33837486141601,-0.0441004414972807
q;1565693402222;-0.009304266,0.92067385,0.03422415,-0.38871828,
v;1565693402222;-0.0558140575637932,-2.34135797905958,-0.0438217357353026
q;1565693402250;-0.00917021,0.92104864,0.034628823,-0.38779655,
v;1565693402250;-0.0567076972549705,-2.3433290750379,-0.0438347713877972
q;1565693402279;-0.008720859,0.9212785,0.035769142,-0.38715693,
v;1565693402279;-0.0591885539897529,-2.34463235632154,-0.0438560523806164
q;1565693402309;-0.008510213,0.9214511,0.036613848,-0.38667154,
v;1565693402309;-0.0609321237214949,-2.34561620881484,-0.0440946477872262
q;1565693402335;-0.0081166765,0.92153615,0.03672661,-0.3864666,
v;1565693402335;-0.0614548242115907,-2.34606883087067,-0.0434424838984638
q;1565693402361;-0.007537363,0.9213369,0.03722254,-0.38690573,
v;1565693402361;-0.0627977676790869,-2.34509543037178,-0.0427895036755464
q;1565693402387;-0.0068950346,0.9210299,0.038122345,-0.3875604,
v;1565693402387;-0.064924756925028,-2.34361799730235,-0.0423523531705619
q;1565693402414;-0.0067285406,0.9209142,0.038559355,-0.38779503,
v;1565693402414;-0.0658487028306317,-2.34307407787967,-0.0424036473782266
q;1565693402440;-0.0067448593,0.92066944,0.038908225,-0.38834068,
v;1565693402440;-0.0664535207228201,-2.34185316938582,-0.0427462031574105
q;1565693402464;-0.0063382722,0.9202753,0.039185815,-0.38925275,
v;1565693402464;-0.0672397513053554,-2.33986334028544,-0.0422803932849087
q;1565693402488;-0.006259303,0.9198242,0.039785776,-0.39025804,
v;1565693402488;-0.0683595811704851,-2.33762090036667,-0.0426809675776381
q;1565693402515;-0.0063697766,0.919374,0.040374566,-0.39125547,
v;1565693402515;-0.0693097113634239,-2.33538498242502,-0.0434238251065147
q;1565693402539;-0.0062326468,0.91862696,0.040462676,-0.39299932,
v;1565693402539;-0.0694972885252973,-2.3315852223246,-0.0433728282855304
q;1565693402563;-0.0058782906,0.9174791,0.040540967,-0.395669,
v;1565693402563;-0.0697959194300672,-2.32577535549798,-0.0429858897059499
q;1565693402587;-0.005408048,0.91619176,0.040925108,-0.39860827,
v;1565693402587;-0.070738087495606,-2.31934376410377,-0.0426553692246022
q;1565693402612;-0.006206429,0.9149343,0.041352034,-0.401431,
v;1565693402612;-0.0707448789060714,-2.31308642829242,-0.0446835271682856
q;1565693402640;-0.007075004,0.9132735,0.041822966,-0.40513238,
v;1565693402640;-0.0707179155837797,-2.30488599505931,-0.0469450387641942
q;1565693402666;-0.007172733,0.9112831,0.041899297,-0.4095805,
v;1565693402666;-0.0705471224398109,-2.29511433173678,-0.0475311310449068
q;1565693402689;-0.0077313995,0.90911275,0.042029087,-0.4143522,
v;1565693402689;-0.0700686338528565,-2.2845794558107,-0.0490270097164026
q;1565693402714;-0.008631758,0.90580475,0.041409038,-0.42157862,
v;1565693402714;-0.0677909890290468,-2.26866943406591,-0.0506897907283138
q;1565693402738;-0.009550566,0.90138024,0.041619085,-0.430918,
v;1565693402738;-0.0668479956962246,-2.24792078617934,-0.053230175856406
q;1565693402763;-0.010907322,0.8965184,0.04194011,-0.44088185,
v;1565693402763;-0.0656295836293073,-2.2256454733125,-0.0566908388258724
q;1565693402788;-0.012729577,0.89131063,0.04176186,-0.45128626,
v;1565693402788;-0.0629978751169027,-2.20230663119974,-0.0605421243559759
q;1565693402816;-0.013187657,0.8839601,0.040630702,-0.4656069,
v;1565693402816;-0.0595865652922379,-2.17016330997561,-0.0612976953560437
q;1565693402844;-0.0149955945,0.875347,0.040535107,-0.48155957,
v;1565693402844;-0.0565521634061742,-2.13384629203461,-0.0654440874711946
q;1565693402870;-0.017064653,0.86634463,0.040689453,-0.4974938,
v;1565693402870;-0.0535486478198115,-2.09717859696666,-0.0702114717990168
q;1565693402895;0.01856609,-0.8564704,-0.03993306,0.5143143,
v;1565693402895;-0.0493253555008219,-2.05820969614651,-0.0730325530714472
q;1565693402920;0.020359216,-0.8454899,-0.03851002,0.53221166,
v;1565693402920;-0.043462523723744,-2.01633311892366,-0.0755611564812926
q;1565693402945;0.02198175,-0.8329887,-0.036660846,0.5516364,
v;1565693402945;-0.036832601564654,-1.97031015473274,-0.0771969706654993
q;1565693402971;0.023351109,-0.8181265,-0.035387006,0.57347316,
v;1565693402971;-0.0311246512523974,-1.91762512148794,-0.0789153840345802
q;1565693402996;0.026057458,-0.8034983,-0.03539651,0.5936823,
v;1565693402996;-0.0259452788051763,-1.86781997573608,-0.0840299118017334
q;1565693403021;0.02756106,-0.7883494,-0.03461276,0.6136347,
v;1565693403021;-0.0207505407001156,-1.81786369332724,-0.086059365529456
q;1565693403047;0.027938336,-0.772155,-0.03276262,0.6339739,
v;1565693403047;-0.0151718720766451,-1.76606496653454,-0.08479808126803
q;1565693403072;0.029779304,-0.75482327,-0.03206675,0.6544668,
v;1565693403072;-0.00943046637674748,-1.71256698344074,-0.0870432078434081
q;1565693403098;0.030023722,-0.73544264,-0.030843588,0.67621845,
v;1565693403098;-0.00476220806347809,-1.65444940467713,-0.0859823359217027
q;1565693403126;0.030270465,-0.7146604,-0.028220164,0.6982463,
v;1565693403126;0.0019368141973597,-1.59411005770543,-0.0827700862169586
q;1565693403152;0.029209903,-0.6948815,-0.023745276,0.71813834,
v;1565693403152;0.00895331611298744,-1.53821629370406,-0.0747722772243273
q;1565693403175;0.028856354,-0.67676103,-0.020715829,0.7353453,
v;1565693403175;0.0143999346874534,-1.48837085453922,-0.0695876442588784
q;1565693403200;0.028570402,-0.6593934,-0.019225245,0.7510089,
v;1565693403200;0.0175601554826501,-1.44164960303796,-0.06661444780461
q;1565693403227;0.026260989,-0.6402238,-0.01633961,0.7675656,
v;1565693403227;0.019393264754796,-1.39094701530572,-0.0587541052063995
q;1565693403251;0.023649454,-0.6248415,-0.0135534555,0.78027564,
v;1565693403251;0.0199699900952815,-1.3509587682868,-0.0507370607668967
q;1565693403275;0.021155583,-0.6118225,-0.010987117,0.79063576,
v;1565693403275;0.0200097253580508,-1.3175980941575,-0.0432827135224039
q;1565693403300;0.018415134,-0.6004296,-0.007855199,0.799427,
v;1565693403300;0.0200114582690126,-1.288724622424,-0.0346871987215407
q;1565693403325;0.015101463,-0.5911766,-0.004403327,0.8063887,
v;1565693403325;0.0191501809319327,-1.2654542165889,-0.0249640191367051
q;1565693403351;0.012490962,-0.5848075,-0.001228519,0.81107503,
v;1565693403351;0.0188264326109392,-1.24955537809302,-0.016606164587933
q;1565693403376;0.01008915,-0.5780302,0.0015455555,0.8159515,
v;1565693403376;0.0182522830904787,-1.23278262558116,-0.00914312044892556
q;1565693403401;0.009314923,-0.57186854,0.0041887397,0.8202817,
v;1565693403401;0.0200738867991666,-1.2176742939673,-0.00378270092242027
q;1565693403426;0.009644401,-0.56492,0.0076452317,0.82505393,
v;1565693403426;0.0245546578662848,-1.20075521040535,0.00171934603833573
q;1565693403451;0.007983737,-0.5567834,0.011720841,0.8305367,
v;1565693403451;0.0263165500989939,-1.1810123911682,0.0105826145458541
q;1565693403478;0.006800184,-0.5471925,0.015873343,0.83682865,
v;1565693403478;0.0287566892853049,-1.15793253528111,0.0191335946575126
q;1565693403504;0.004891816,-0.53767234,0.020795995,0.84288317,
v;1565693403504;0.0306141031606043,-1.13518272816805,0.0298151857982409
q;1565693403528;0.0021560448,-0.5292752,0.02765924,0.84799653,
v;1565693403528;0.03294129385165,-1.11523673159787,0.0446666723138458
q;1565693403554;6.996335e-05,-0.5194149,0.03369047,0.85385776,
v;1565693403554;0.0351253641593104,-1.09201204684648,0.0575282505631911
q;1565693403579;-0.0030893434,-0.5086765,0.039028395,0.8600671,
v;1565693403579;0.0343983527219456,-1.0669894048036,0.070376708026844
q;1565693403605;-0.006950846,-0.49730876,0.044671062,0.86639494,
v;1565693403605;0.0323919294678008,-1.04079260385835,0.0844636449928314
q;1565693403630;-0.010403005,-0.48639184,0.050514176,0.87221736,
v;1565693403630;0.0309969663778138,-1.01586775048202,0.0984447026836307
q;1565693403658;-0.0152944345,-0.4746611,0.056481253,0.8782214,
v;1565693403658;0.0267583010718402,-0.989482528020289,0.114013010639304
q;1565693403685;-0.025364792,-0.46393707,0.061480917,0.8833681,
v;1565693403685;0.0122339619294547,-0.966381647110678,0.132553617127815
q;1565693403709;-0.0351638,-0.45779875,0.06409011,0.8860453,
v;1565693403709;-0.00363270293939568,-0.954065392338112,0.146291575759402
q;1565693403736;-0.044125084,-0.44926822,0.06785825,0.8897226,
v;1565693403736;-0.017545958815017,-0.936621126849591,0.161118911301412
q;1565693403761;-0.049519334,-0.4430901,0.069692515,0.89239115,
v;1565693403761;-0.0266242492743696,-0.923976610636481,0.169133906250227
q;1565693403791;-0.048095696,-0.4420681,0.07034099,0.89292485,
v;1565693403791;-0.0237028880944114,-0.921413402517211,0.168992032596293
q;1565693403815;-0.048320603,-0.43988323,0.07603435,0.8935248,
v;1565693403815;-0.0194600715383866,-0.916689150363863,0.179382263766112
q;1565693403839;-0.048351858,-0.43805593,0.079644665,0.89410615,
v;1565693403839;-0.0166865259669082,-0.912685466589563,0.18587744429277
q;1565693403863;-0.0491179,-0.4367839,0.08188192,0.8944846,
v;1565693403863;-0.0163417288936373,-0.910062462323084,0.190568709996231
q;1565693403886;-0.050067693,-0.43804365,0.08288581,0.8937231,
v;1565693403886;-0.0168789035522346,-0.913082692588809,0.193245461627428
q;1565693403911;-0.05217934,-0.44065553,0.08325696,0.89228266,
v;1565693403911;-0.0197434435669561,-0.919373856922148,0.195851309358903
q;1565693403935;-0.05305896,-0.44641048,0.08259229,0.8894273,
v;1565693403935;-0.0206455140374152,-0.932370748024541,0.195577687157557
q;1565693403959;-0.05152204,-0.45618603,0.08282826,0.8845221,
v;1565693403959;-0.015575205547918,-0.95384682756682,0.194787032427418
q;1565693403983;-0.04964788,-0.4637574,0.0841376,0.8805595,
v;1565693403983;-0.00939709384294171,-0.970419712834259,0.195476564394184
q;1565693404007;-0.046529848,-0.47115114,0.08248762,0.8769534,
v;1565693404007;-0.00388075415324189,-0.986386402456896,0.189657145626111
q;1565693404034;-0.04399046,-0.47793698,0.08132949,0.873514,
v;1565693404034;0.000888176434974486,-1.00121163936765,0.185191033308778
q;1565693404058;-0.04373665,-0.48209882,0.08219735,0.87115526,
v;1565693404058;0.00305167021623748,-1.0106169987177,0.18646358358414
q;1565693404082;-0.044075698,-0.4875844,0.08281167,0.8680213,
v;1565693404082;0.00423808019407153,-1.02319329394152,0.187850365081185
q;1565693404106;-0.044323403,-0.4952619,0.08239628,0.8636909,
v;1565693404106;0.00505205820603074,-1.04082498327642,0.187329310932178
q;1565693404130;-0.043957252,-0.504747,0.08139832,0.85829633,
v;1565693404130;0.00671446996564291,-1.06259416149561,0.185162736566519
q;1565693404156;-0.043753754,-0.5166709,0.08093474,0.8512264,
v;1565693404156;0.0091446763598758,-1.09021706170305,0.184045064962592
q;1565693404180;-0.042566475,-0.5273963,0.081887916,0.844592,
v;1565693404180;0.0144726645504719,-1.11505448583624,0.184283030103467
q;1565693404205;-0.03979458,-0.53847826,0.08126134,0.83776736,
v;1565693404205;0.0208392377689711,-1.14064796472955,0.180022903019981
q;1565693404230;-0.037970673,-0.54934883,0.079860084,0.830901,
v;1565693404230;0.024644841758664,-1.16617823030432,0.175380610117
q;1565693404255;-0.038080323,-0.5603257,0.078652635,0.82364964,
v;1565693404255;0.0254152328721068,-1.19255221492407,0.173158875053361
q;1565693404278;-0.037626833,-0.5732469,0.07825139,0.81476927,
v;1565693404278;0.028404178213238,-1.22379266016021,0.171561822597634
q;1565693404303;-0.03726909,-0.5865336,0.07796863,0.8053013,
v;1565693404303;0.0314419295276006,-1.25630624345759,0.170199877883695
q;1565693404327;-0.03905066,-0.60044384,0.0767733,0.79501456,
v;1565693404327;0.0301089725775255,-1.29115640983526,0.169859483616256
q;1565693404357;-0.040343113,-0.61874485,0.07413993,0.7810445,
v;1565693404357;0.0287318196306231,-1.33753691066024,0.166575054221564
q;1565693404384;-0.039428618,-0.63446224,0.07343883,0.7684464,
v;1565693404384;0.0325965422368842,-1.37769037900441,0.163716500932894
q;1565693404411;-0.03895258,-0.64979815,0.071879335,0.7556973,
v;1565693404411;0.034548271039262,-1.41761682294072,0.160038039719593
q;1565693404439;-0.039811343,-0.6655997,0.06864209,0.7420784,
v;1565693404439;0.0322956474070236,-1.45972610321643,0.155580144118685
q;1565693404466;-0.03955897,-0.6807698,0.06685561,0.7283666,
v;1565693404466;0.0334059084405358,-1.50072480208961,0.151920029261595
q;1565693404493;-0.03978445,-0.6961069,0.06707544,0.71369,
v;1565693404493;0.0366039984148429,-1.54306944518096,0.151814392674954
q;1565693404521;-0.039629437,-0.7105744,0.063520856,0.69962764,
v;1565693404521;0.0348279298443354,-1.5837775010764,0.145805396760264
q;1565693404546;-0.038604498,-0.72538084,0.058927484,0.6847334,
v;1565693404546;0.0326279462283348,-1.62618946175775,0.137208068019942
q;1565693404571;-0.037592437,-0.73803055,0.057537653,0.671258,
v;1565693404571;0.0344674674165321,-1.66318706073137,0.133206422240872
q;1565693404595;-0.0368809,-0.7485215,0.056627672,0.6596581,
v;1565693404595;0.036124347476491,-1.69448118194974,0.13037595519156
q;1565693404620;-0.036703616,-0.760812,0.053792782,0.6456968,
v;1565693404620;0.0344603933073712,-1.73195235274127,0.125722135671998
q;1565693404644;-0.03582726,-0.77302855,0.05189692,0.6312289,
v;1565693404644;0.0350123507569034,-1.76994481745373,0.121279903262338
q;1565693404669;-0.035379965,-0.7846839,0.05144466,0.6167437,
v;1565693404669;0.0371033643774677,-1.80711199596208,0.119345574759291
q;1565693404693;-0.03489608,-0.7957035,0.04953549,0.602648,
v;1565693404693;0.0367793113384319,-1.84305270720009,0.115573901808304
q;1565693404718;-0.034156516,-0.80747944,0.046246506,0.5870872,
v;1565693404718;0.0345873945208373,-1.88237622420201,0.109748522284836
q;1565693404743;-0.03294096,-0.81907576,0.044368275,0.57101774,
v;1565693404743;0.0350694000489467,-1.92213181042569,0.104889023297277
q;1565693404767;-0.032078926,-0.8289927,0.043681014,0.55662733,
v;1565693404767;0.036718720146273,-1.95710305372344,0.102060247702331
q;1565693404791;-0.03147449,-0.8378975,0.04228885,0.54327613,
v;1565693404791;0.0366769875801246,-1.98930572405637,0.0989215104422289
q;1565693404815;-0.03131598,-0.846744,0.0389849,0.52964526,
v;1565693404815;0.0328536494387401,-2.02210942435529,0.0945211853136634
q;1565693404840;-0.030407386,-0.85658747,0.034651697,0.51393825,
v;1565693404840;0.0281130844617576,-2.05954219524156,0.0878584971115925
q;1565693404864;-0.030248657,-0.86474633,0.031344455,0.5003162,
v;1565693404864;0.0239445065927472,-2.09156266933283,0.0838011511812992
q;1565693404888;0.030667828,0.8726247,-0.028682444,-0.486583,
v;1565693404888;0.0202145073465398,-2.12343618405243,0.0815427648860981
q;1565693404916;0.031073773,0.87993264,-0.025592541,-0.4733899,
v;1565693404916;0.0156200389164113,-2.15383269920304,0.0790079555947793
q;1565693404941;0.031161232,0.88626486,-0.02260859,-0.46157598,
v;1565693404941;0.0113080863034121,-2.18084763747262,0.0761839138891318
q;1565693404965;0.02964155,0.89167327,-0.020072132,-0.4512619,
v;1565693404965;0.00904348607793874,-2.20426483294169,0.0710393710231985
q;1565693404990;0.028561762,0.8967524,-0.01799087,-0.44124338,
v;1565693404990;0.00706139357779855,-2.22682720786295,0.0671544981788986
q;1565693405015;0.027389131,0.9010916,-0.01549638,-0.43248543,
v;1565693405015;0.00423652817407063,-2.24648915629105,0.0628059946765558
q;1565693405043;0.026826043,0.90546054,-0.0131534105,-0.4233776,
v;1565693405043;0.001104697167357,-2.26680158917092,0.059753153089206
q;1565693405067;0.026453964,0.9089213,-0.01196185,-0.41595578,
v;1565693405067;-0.000262597957631864,-2.28322738442432,0.058072982062771
q;1565693405092;0.025948867,0.91181505,-0.01140015,-0.40962186,
v;1565693405092;-0.00046878966352074,-2.29716605907027,0.0566910038097326
q;1565693405118;0.02542229,0.91370857,-0.010832636,-0.40542942,
v;1565693405118;-0.000818143973034638,-2.30637929737665,0.055269019387441
q;1565693405143;0.024329,0.91541713,-0.009705813,-0.40165332,
v;1565693405143;-0.00177391321335539,-2.3146950895476,0.0523631188488679
q;1565693405169;0.023562443,0.91676766,-0.008751789,-0.3986293,
v;1565693405169;-0.00273864949747469,-2.32134315989416,0.0502012819827027
q;1565693405194;0.022890601,0.9178197,-0.008703293,-0.39624152,
v;1565693405194;-0.00216430721704637,-2.32654743644907,0.0489357445336859
q;1565693405219;0.023194652,0.9183352,-0.0078754965,-0.3950448,
v;1565693405219;-0.00386117160809867,-2.32919553170884,0.0488430606433221
q;1565693405244;0.021882217,0.91843116,-0.006130233,-0.39492768,
v;1565693405244;-0.00602342879891374,-2.3295281111911,0.045052673637349
q;1565693405269;0.021876745,0.9184108,-0.0059256456,-0.3949784,
v;1565693405269;-0.00639737327939525,-2.32942665340004,0.0448806653546902
q;1565693405295;0.020864839,0.9181293,-0.005037359,-0.39569917,
v;1565693405295;-0.00726256900768456,-2.32788963636857,0.042313538657821
q;1565693405321;0.020482551,0.9177604,-0.00454963,-0.39657998,
v;1565693405321;-0.00789508085405862,-2.32598856662345,0.0412176867511162
q;1565693405347;0.020524358,0.9169115,-0.0039741206,-0.3985428,
v;1565693405347;-0.00907196088725964,-2.32173305309564,0.0408187675193347
q;1565693405376;0.020282976,0.9160321,-0.0032983697,-0.4005782,
v;1565693405376;-0.0102071882289836,-2.31731557981136,0.0398148160860712
q;1565693405405;0.020267747,0.9151737,-0.0031630707,-0.40253726,
v;1565693405405;-0.0105277229244323,-2.31304244773641,0.0396561157593401
q;1565693405433;0.020173552,0.9143842,-0.0029702645,-0.40433377,
v;1565693405433;-0.0108819855801764,-2.30912217698008,0.0393071587624312
q;1565693405461;0.0207552,0.91360706,-0.0029753954,-0.4060572,
v;1565693405461;-0.0114191604769405,-2.30535680813841,0.0403541378476249
q;1565693405488;0.021410573,0.9129262,-0.0026143428,-0.4075544,
v;1565693405488;-0.0126788820837519,-2.30209781316422,0.0412385210475835
q;1565693405515;0.021972176,0.9124252,-0.0026785624,-0.4086446,
v;1565693405515;-0.0130700185902176,-2.29971278490192,0.0423013207674669
q;1565693405541;0.021822093,0.91202223,-0.0033666787,-0.409546,
v;1565693405541;-0.0117335994081896,-2.29771083826377,0.0425778810874804
q;1565693405568;0.022155799,0.9117492,-0.0037484237,-0.41013235,
v;1565693405568;-0.0113386181558067,-2.29641385646454,0.043492268732275
q;1565693405596;0.02259799,0.9115349,-0.0042470554,-0.4105794,
v;1565693405596;-0.0108140706845845,-2.29541746512992,0.0447027199891671
q;1565693405625;0.022578979,0.9113868,-0.004293248,-0.41090858,
v;1565693405625;-0.0107303792014743,-2.29469346120785,0.0447020907273213
q;1565693405653;0.023057451,0.9115407,-0.0048183836,-0.4105347,
v;1565693405653;-0.0101476360959675,-2.29549552546488,0.0460104374674037
q;1565693405681;0.022955885,0.91165644,-0.005408949,-0.41027588,
v;1565693405681;-0.00897440592604433,-2.29603703739676,0.0463125015079422
q;1565693405709;0.02297336,0.9117365,-0.0051775225,-0.4101,
v;1565693405709;-0.00940181589665381,-2.2964328286159,0.0461563317500375
q;1565693405733;0.023310978,0.91197294,-0.005188603,-0.40955463,
v;1565693405733;-0.00963065574709279,-2.29763015823823,0.0467872320113824
q;1565693405757;0.02361077,0.91202545,-0.0055433405,-0.40941587,
v;1565693405757;-0.00922204336969822,-2.29792075112828,0.0476263366938289
q;1565693405782;0.02445449,0.91194254,-0.0060688783,-0.40954366,
v;1565693405782;-0.00896154604113875,-2.29762227014547,0.0495954405809263
q;1565693405805;0.025016613,0.91176414,-0.0057110284,-0.40991178,
v;1565693405805;-0.0100951584026514,-2.29683593312255,0.0503243388435498
q;1565693405831;0.025398606,0.91150737,-0.0054032938,-0.41046318,
v;1565693405831;-0.0110003227822235,-2.29564433945071,0.0507626077909014
q;1565693405855;0.025876254,0.9112212,-0.0048714834,-0.41107503,
v;1565693405855;-0.0123964833775649,-2.29433122755847,0.0511893569910677
q;1565693405880;0.026018303,0.9107163,-0.0046846345,-0.41218552,
v;1565693405880;-0.0129163486462784,-2.29190444470892,0.0512792085189306
q;1565693405904;0.02628709,0.91041803,-0.004460696,-0.41282934,
v;1565693405904;-0.0135823855128792,-2.29050396303152,0.0515751107522369
q;1565693405929;0.026344802,0.90996516,-0.004263089,-0.41382506,
v;1565693405929;-0.0140462154815795,-2.28832692082813,0.0515018929277583
q;1565693405958;0.026198085,0.9096252,-0.003583583,-0.41458765,
v;1565693405958;-0.015203955934789,-2.28668001194687,0.0506598140206416
q;1565693405986;0.026337905,0.9093306,-0.0031442645,-0.41522795,
v;1565693405986;-0.0161548194189562,-2.2852928889615,0.0505390023870406
q;1565693406013;0.026567955,0.90902084,-0.002958153,-0.4158925,
v;1565693406013;-0.0167215602431482,-2.28384252845493,0.050791129639577
q;1565693406041;0.026641738,0.908841,-0.0028229053,-0.41628143,
v;1565693406041;-0.0170506035884665,-2.28299362533671,0.0508056895033925
q;1565693406065;0.026731795,0.9087927,-0.0025361876,-0.4163831,
v;1565693406065;-0.0176525145607051,-2.28278316682965,0.0507290270550061
q;1565693406097;0.026572622,0.90887713,-0.002513005,-0.41620898,
v;1565693406097;-0.0175524035165641,-2.28316492873803,0.0504234957387444
