q;1567358697619;-0.13887866,-0.170387,-0.06783073,0.97318035,
v;1567358697619;-0.297805399837414,-0.33333510082068,-0.0887129266938396
q;1567358697643;-0.13892582,-0.17106746,-0.068057634,0.9730384,
v;1567358697643;-0.298037936719018,-0.334695709173545,-0.0889473708554565
q;1567358697668;-0.1393989,-0.17277645,-0.06994038,0.97253513,
v;1567358697668;-0.299778671050038,-0.337723730205261,-0.0921011476852541
q;1567358697693;-0.13890012,-0.17761126,-0.072716564,0.97153145,
v;1567358697693;-0.300211476310176,-0.347046044485788,-0.0964068976773318
q;1567358697719;-0.1373891,-0.18664387,-0.07842409,0.9696071,
v;1567358697719;-0.300189926413051,-0.364335064078645,-0.105710764028291
q;1567358697744;-0.13511693,-0.20490941,-0.08990761,0.96523166,
v;1567358697744;-0.302265863128756,-0.399443012237209,-0.124120997885119
q;1567358697773;-0.13362004,-0.23546492,-0.1002226,0.95742226,
v;1567358697773;-0.307901416176103,-0.461201007691046,-0.135767041095641
q;1567358697805;-0.13315798,-0.26762068,-0.111222275,0.9477751,
v;1567358697805;-0.317232549515337,-0.526782272668892,-0.147418339210372
q;1567358697830;-0.1311156,-0.30640516,-0.121104866,0.93501776,
v;1567358697830;-0.325101679557914,-0.607904739753907,-0.154816300917964
q;1567358697855;-0.12965119,-0.34485194,-0.123306386,0.9214463,
v;1567358697855;-0.32993138135168,-0.691846353305134,-0.146196861728909
q;1567358697879;-0.1269102,-0.3833816,-0.13199209,0.9052571,
v;1567358697879;-0.337341280840569,-0.775499838807265,-0.150694522744502
q;1567358697904;-0.124217995,-0.4243919,-0.135898,0.8865625,
v;1567358697904;-0.342244277116445,-0.867923548388736,-0.144375101880778
q;1567358697928;-0.120582364,-0.4634924,-0.13792264,0.86695564,
v;1567358697928;-0.343655729368605,-0.958334896733308,-0.13569340493648
q;1567358697953;-0.117884114,-0.50057477,-0.1417844,0.8458283,
v;1567358697953;-0.348370692852863,-1.04585628970726,-0.129982670951783
q;1567358697978;-0.11718062,-0.5352726,-0.14548658,0.8237631,
v;1567358697978;-0.356299028858018,-1.13042374190125,-0.122205904577784
q;1567358698003;-0.119126424,-0.5663339,-0.14834957,0.8019148,
v;1567358698003;-0.367291892154311,-1.20922637580971,-0.110582476564854
q;1567358698028;-0.12394695,-0.5910066,-0.14721294,0.7833752,
v;1567358698028;-0.377073955931736,-1.27536632740771,-0.0906207426928878
q;1567358698052;-0.12893292,-0.6065769,-0.14355752,0.77125347,
v;1567358698052;-0.382280448310106,-1.31930977941754,-0.0701392612074198
q;1567358698077;-0.12706184,-0.6139244,-0.1422584,0.7659731,
v;1567358698077;-0.378281173269963,-1.33853616351206,-0.0666795874963875
q;1567358698106;-0.123696536,-0.6137949,-0.13943622,0.7671457,
v;1567358698106;-0.369293886363475,-1.33715815073321,-0.0666248261513129
q;1567358698135;-0.121527605,-0.6017936,-0.13809104,0.77717847,
v;1567358698135;-0.363023052395772,-1.30434292453762,-0.0732058022927372
q;1567358698161;-0.11969204,-0.5844988,-0.13624147,0.79086864,
v;1567358698161;-0.356063454887361,-1.25839151132379,-0.0807239541286062
q;1567358698195;-0.12060358,-0.5500889,-0.13535017,0.81519157,
v;1567358698195;-0.352813418767329,-1.17046989872976,-0.0939005615492488
q;1567358698225;-0.12433246,-0.507838,-0.13736695,0.841292,
v;1567358698225;-0.356205155307508,-1.06598323083845,-0.11210720163174
q;1567358698254;-0.1265128,-0.4635486,-0.13992436,0.86575884,
v;1567358698254;-0.35627185303508,-0.959049641121973,-0.133765346209764
q;1567358698282;-0.12655096,-0.4129828,-0.14317425,0.89046687,
v;1567358698282;-0.350785820454088,-0.839937379030423,-0.160907093242085
q;1567358698308;-0.12579203,-0.3612156,-0.14657499,0.91225845,
v;1567358698308;-0.342029824718797,-0.721381238584684,-0.188522635382049
q;1567358698334;-0.122926034,-0.30852753,-0.1491866,0.9313664,
v;1567358698334;-0.326821817749693,-0.604192062232654,-0.214987289980849
q;1567358698360;-0.11921947,-0.2556662,-0.15019089,0.947557,
v;1567358698360;-0.307557815672177,-0.490193982999762,-0.236889647745177
q;1567358698384;-0.11510729,-0.20663847,-0.15110214,0.95980155,
v;1567358698384;-0.287345269030912,-0.386932420014955,-0.25562688576447
q;1567358698411;-0.111831576,-0.15281639,-0.15105633,0.97021794,
v;1567358698411;-0.266306324877441,-0.275829272514492,-0.271728420879378
q;1567358698435;-0.109249935,-0.106045745,-0.1514566,0.9766676,
v;1567358698435;-0.248060613608972,-0.180524375175815,-0.285132424359823
q;1567358698460;-0.10603753,-0.06009833,-0.15222089,0.98080224,
v;1567358698460;-0.228277593077149,-0.0880004305029321,-0.297849426248472
q;1567358698484;-0.10289141,-0.017546179,-0.15239693,0.9827923,
v;1567358698484;-0.209110376918359,-0.00319748870644708,-0.307344504398257
q;1567358698508;-0.10043384,0.026235273,-0.15454127,0.9825181,
v;1567358698508;-0.190395503684468,0.0842151314212193,-0.320071703408115
q;1567358698532;-0.098386705,0.070741184,-0.15736017,0.98007834,
v;1567358698532;-0.171428077546244,0.173013332176994,-0.333303093621404
q;1567358698560;-0.09472163,0.1220224,-0.16032003,0.974903,
v;1567358698560;-0.14608254837581,0.274618673774686,-0.346197575052987
q;1567358698585;-0.09225164,0.16245078,-0.16435729,0.9685484,
v;1567358698585;-0.125630628541454,0.355168124824152,-0.35876259649201
q;1567358698611;-0.0896398,0.20081007,-0.16739917,0.9610503,
v;1567358698611;-0.105260102490049,0.431576870402704,-0.368000274997998
q;1567358698635;-0.08837983,0.23268387,-0.17115434,0.9532856,
v;1567358698635;-0.0889700599908611,0.49583163328972,-0.377831902488899
q;1567358698662;-0.08774815,0.2590186,-0.17459647,0.9458994,
v;1567358698662;-0.0756264469505214,0.549363589768543,-0.386377358576673
q;1567358698688;-0.08891267,0.27202916,-0.17570387,0.94192505,
v;1567358698688;-0.0719670966089276,0.576529630219483,-0.390183353039873
q;1567358698712;-0.092167184,0.2754495,-0.17503236,0.94074255,
v;1567358698712;-0.0770622822871712,0.584949536233513,-0.39112316495771
q;1567358698738;-0.095848285,0.26825285,-0.17013648,0.9433489,
v;1567358698738;-0.0896777082087741,0.571506980484131,-0.383233995278917
q;1567358698764;-0.09949504,0.252607,-0.16360182,0.94843286,
v;1567358698764;-0.106274738004126,0.540564522623446,-0.371102332820247
q;1567358698792;-0.10381663,0.23179018,-0.15733649,0.95432734,
v;1567358698792;-0.125541499918276,0.499337685205139,-0.358844166721539
q;1567358698816;-0.10415216,0.20960273,-0.15197572,0.9602721,
v;1567358698816;-0.136745552312535,0.453706540361244,-0.345533861523824
q;1567358698841;-0.10222821,0.18316951,-0.14588927,0.9668064,
v;1567358698841;-0.144729580943058,0.398530193384117,-0.328812829129246
q;1567358698865;-0.10394954,0.15368015,-0.1382222,0.9728677,
v;1567358698865;-0.160461994259123,0.33844687830073,-0.30973840626366
q;1567358698889;-0.10730109,0.11920823,-0.1294179,0.978533,
v;1567358698889;-0.180112197827121,0.268581830437342,-0.287386487143016
q;1567358698913;-0.10980901,0.081977814,-0.12136611,0.9831032,
v;1567358698913;-0.197285816201661,0.192746484702414,-0.264794827026962
q;1567358698938;-0.11409945,0.04312083,-0.10866811,0.98656636,
v;1567358698938;-0.217471775006154,0.112770495036288,-0.231734777217622
q;1567358698966;-0.1232369,-0.002503307,-0.095726736,0.98774636,
v;1567358698966;-0.246419165615092,0.0192309431248284,-0.195606724865599
q;1567358698992;-0.13039859,-0.048071515,-0.085674815,0.9865826,
v;1567358698992;-0.268758797019647,-0.075280292508807,-0.163063179936419
q;1567358699016;-0.13375859,-0.09082244,-0.069450356,0.9843966,
v;1567358699016;-0.279586578539128,-0.167486596226723,-0.117247621600218
q;1567358699041;-0.13670768,-0.13055594,-0.05687229,0.98032224,
v;1567358699041;-0.28680083705553,-0.253364695253312,-0.0791213040283481
q;1567358699065;-0.1385232,-0.1701051,-0.043480195,0.9746718,
v;1567358699065;-0.288820438872124,-0.339859502561515,-0.0392669223578756
q;1567358699091;-0.13967083,-0.19323131,-0.030707743,0.9706754,
v;1567358699091;-0.286938756894628,-0.392151220383721,-0.0058772727428278
q;1567358699115;-0.13964297,-0.20881179,-0.026495483,0.967572,
v;1567358699115;-0.285142701929877,-0.426154619628917,0.0073421502244897
q;1567358699140;-0.13714379,-0.22440057,-0.023516104,0.9645118,
v;1567358699140;-0.27870168341823,-0.45954286765384,0.0168376414578539
q;1567358699164;-0.13478062,-0.23242599,-0.021609599,0.9629877,
v;1567358699164;-0.273008181653905,-0.47666017975764,0.0218441721453991
q;1567358699188;-0.13304946,-0.23596364,-0.021245351,0.96237606,
v;1567358699188;-0.269358881860906,-0.483968903108209,0.0227187173914442
q;1567358699213;-0.13141753,-0.23757696,-0.024059998,0.9621371,
v;1567358699213;-0.267494179340227,-0.48642005710266,0.0167416719594783
q;1567358699237;-0.13259079,-0.23761337,-0.027242796,0.96188223,
v;1567358699237;-0.271337202471655,-0.485864326766276,0.0110048091153235
q;1567358699262;-0.13418038,-0.23471063,-0.030261993,0.96228415,
v;1567358699262;-0.275933173948427,-0.479162162410896,0.00493245794952253
q;1567358699287;-0.13404585,-0.22972207,-0.03540782,0.96333057,
v;1567358699287;-0.278099688090333,-0.467223694332064,-0.00689734705868491
q;1567358699313;-0.13281225,-0.22585997,-0.037606124,0.96433085,
v;1567358699313;-0.276652877177687,-0.458320104915944,-0.013031423461968
q;1567358699338;-0.13203774,-0.22241265,-0.03799223,0.9652229,
v;1567358699338;-0.275254230203535,-0.450843747113994,-0.0151802166765384
q;1567358699362;-0.13237418,-0.21821135,-0.039353784,0.96608084,
v;1567358699362;-0.276451076001379,-0.441648334256043,-0.0189888790562272
q;1567358699387;-0.13190165,-0.21397495,-0.04144225,0.9670053,
v;1567358699387;-0.276337976697996,-0.432107494460427,-0.0246396548906407
q;1567358699413;-0.13131753,-0.20990898,-0.043659512,0.967878,
v;1567358699413;-0.276019246099575,-0.422893274090952,-0.0305454846307648
q;1567358699442;-0.13202289,-0.20534076,-0.046831854,0.9686134,
v;1567358699442;-0.278580609527183,-0.412478461389004,-0.0379774947440571
q;1567358699471;-0.13156646,-0.20102568,-0.050531153,0.96939445,
v;1567358699471;-0.279001306457372,-0.402361620929,-0.0469029881869222
q;1567358699498;-0.13070017,-0.19793281,-0.05313552,0.9700086,
v;1567358699498;-0.278168594015292,-0.395098334546622,-0.0534220973640818
q;1567358699525;-0.12961225,-0.19549133,-0.05459968,0.97056824,
v;1567358699525;-0.276450444176652,-0.389515656522783,-0.0575239698483646
q;1567358699554;-0.12911887,-0.19355364,-0.055552773,0.9709682,
v;1567358699554;-0.275725927675212,-0.385167740620223,-0.0602062093052414
q;1567358699581;-0.12855753,-0.19206627,-0.056571394,0.97127914,
v;1567358699581;-0.274911132566181,-0.3817486802216,-0.0629124385224338
q;1567358699605;-0.12835996,-0.19135389,-0.057382192,0.97139835,
v;1567358699605;-0.274782827234092,-0.380028506847633,-0.0648335714533159
q;1567358699630;-0.1283902,-0.19139375,-0.057337753,0.9713891,
v;1567358699630;-0.274828478947956,-0.380125215638803,-0.0647207056542231
q;1567358699654;-0.12883501,-0.19202936,-0.057407603,0.97120064,
v;1567358699654;-0.275779618514559,-0.381456691630183,-0.0645090236864303
q;1567358699681;-0.12929219,-0.19274102,-0.05708659,0.97101784,
v;1567358699681;-0.276609804964714,-0.383055087453434,-0.0634783956315585
q;1567358699707;-0.12995583,-0.19352055,-0.056656916,0.9707993,
v;1567358699707;-0.277810349977605,-0.384836070770298,-0.0621272344690818
q;1567358699734;-0.13069478,-0.19446315,-0.056897677,0.9704976,
v;1567358699734;-0.279429106898503,-0.386782356189512,-0.0620525816112803
q;1567358699761;-0.13133541,-0.19519234,-0.056431107,0.970292,
v;1567358699761;-0.280563578602028,-0.388471864019471,-0.0606449292575086
q;1567358699788;-0.13156416,-0.19527194,-0.056661453,0.97023153,
v;1567358699788;-0.281112005279911,-0.388586586457641,-0.0609985586307798
q;1567358699815;-0.13181402,-0.19504994,-0.05730351,0.9702046,
v;1567358699815;-0.281843860011067,-0.387954620251844,-0.062267060132926
q;1567358699842;-0.13186982,-0.19418344,-0.056376595,0.97042507,
v;1567358699842;-0.281538974903062,-0.386392288583846,-0.0606272807866994
q;1567358699869;-0.13114314,-0.19251515,-0.056354463,0.97085714,
v;1567358699869;-0.279984428501473,-0.38286065883269,-0.0613564084676278
q;1567358699898;-0.13088848,-0.19129601,-0.05673371,0.9711104,
v;1567358699898;-0.279546928148006,-0.380185941415476,-0.0625811236799516
q;1567358699926;-0.13153425,-0.18996686,-0.05710518,0.9712622,
v;1567358699926;-0.280883542103748,-0.377320925032073,-0.0634826997197504
q;1567358699950;-0.1319024,-0.18879911,-0.057406403,0.97142226,
v;1567358699950;-0.281651454797513,-0.374801613115164,-0.0643017969574637
q;1567358699974;-0.13290612,-0.18947603,-0.057502054,0.97114795,
v;1567358699974;-0.283724874259862,-0.37623732283162,-0.0639182203057746
q;1567358699999;-0.13570455,-0.1916634,-0.056607064,0.970384,
v;1567358699999;-0.28907951272758,-0.381214463551076,-0.06038262691371
q;1567358700026;-0.13864098,-0.19398257,-0.05563446,0.96956396,
v;1567358700026;-0.294672859914382,-0.386532973997201,-0.0565612700511261
q;1567358700053;-0.13824724,-0.19563903,-0.05525039,0.9693093,
v;1567358700053;-0.29383704536012,-0.390112555982895,-0.0554187376117543
q;1567358700081;-0.1378099,-0.19661883,-0.054978326,0.9691888,
v;1567358700081;-0.292918012660227,-0.392230219212916,-0.0547342586636729
q;1567358700110;-0.13814785,-0.19577293,-0.05609599,0.9692479,
v;1567358700110;-0.293979392733513,-0.390144827723487,-0.0571313927639538
q;1567358700137;-0.13681686,-0.19564201,-0.05691123,0.96941555,
v;1567358700137;-0.291650313749691,-0.389560541892161,-0.0593465361404216
q;1567358700168;-0.13647659,-0.1947702,-0.057045132,0.9696312,
v;1567358700168;-0.290973879067107,-0.387667899225283,-0.0600197838177772
q;1567358700196;-0.13612379,-0.19364321,-0.05680548,0.9699205,
v;1567358700196;-0.29011090762983,-0.385345214474662,-0.0600172128591803
q;1567358700223;-0.13443814,-0.19326513,-0.056481287,0.9702499,
v;1567358700223;-0.28661705670293,-0.38455682113547,-0.0601250130408184
q;1567358700251;-0.13372211,-0.19259077,-0.056436624,0.9704855,
v;1567358700251;-0.285137167785411,-0.383116517685324,-0.0605133388671186
q;1567358700280;-0.13390185,-0.19106425,-0.056660436,0.9707494,
v;1567358700280;-0.285483951981649,-0.379853548178248,-0.0613588626423072
q;1567358700309;-0.13341767,-0.1901433,-0.056828327,0.970987,
v;1567358700309;-0.284528247809088,-0.377849334130405,-0.06215977860071
q;1567358700338;-0.1336016,-0.18968755,-0.057299025,0.9710232,
v;1567358700338;-0.285042596901942,-0.376768024868898,-0.0631819912174291
q;1567358700367;-0.13266157,-0.18875019,-0.057329323,0.9713329,
v;1567358700367;-0.283126399417085,-0.374751222695149,-0.0638767648628586
q;1567358700397;-0.13100208,-0.18807705,-0.05738962,0.9716851,
v;1567358700397;-0.27980982959952,-0.373255766318027,-0.064816773869714
q;1567358700427;-0.13049594,-0.18731983,-0.057519883,0.97189176,
v;1567358700427;-0.278803020296234,-0.371612782947847,-0.065491150030271
q;1567358700457;-0.13018306,-0.18639712,-0.058176324,0.972072,
v;1567358700457;-0.278363397566246,-0.369487059772195,-0.06720734203324
q;1567358700485;-0.12928846,-0.18577461,-0.05812234,0.9723138,
v;1567358700485;-0.276523855223663,-0.368167211337702,-0.067607192638975
q;1567358700516;-0.12942018,-0.18507172,-0.058235295,0.97242355,
v;1567358700516;-0.276778182274901,-0.366668130060816,-0.0679928494937794
q;1567358700544;-0.12990908,-0.18420951,-0.058359407,0.9725146,
v;1567358700544;-0.277734499318691,-0.364843472121586,-0.0683189178914342
