q;1567273977945;-0.0115908375,0.57156044,0.044731416,0.81925786,
v;1567273977945;-0.0701827865494049,1.21618764429836,0.0602279849475084
q;1567273977969;-0.011071308,0.5708641,0.044900864,0.81974113,
v;1567273977969;-0.0694716641997456,1.21447965079885,0.0611593012597023
q;1567273977990;-0.010659925,0.57018304,0.045305643,0.8201982,
v;1567273977990;-0.0692067530273488,1.2128044657682,0.0623525565646246
q;1567273978012;-0.010185619,0.569388,0.045889363,0.82072395,
v;1567273978012;-0.0690316820491283,1.21084785198873,0.0639215221158653
q;1567273978033;-0.00989367,0.56816643,0.04626744,0.8215524,
v;1567273978033;-0.0688860167727689,1.20786081378965,0.0649794718653951
q;1567273978057;-0.009693282,0.5662505,0.046359725,0.8228713,
v;1567273978057;-0.0685086596420778,1.20319735268361,0.065518973185585
q;1567273978081;-0.009518107,0.5633611,0.046221882,0.82486194,
v;1567273978081;-0.0678334782954866,1.19618711232339,0.0657274463723017
q;1567273978106;-0.009738644,0.5587448,0.045502905,0.82803315,
v;1567273978106;-0.0670270398529402,1.18503599461811,0.0646631456864875
q;1567273978127;-0.009974343,0.5531365,0.045204982,0.83180344,
v;1567273978127;-0.0666517753614903,1.17152809238296,0.0643561860677691
q;1567273978151;-0.010625196,0.5446948,0.045045447,0.8373564,
v;1567273978151;-0.0669161211895331,1.15129958477696,0.0640502428195821
q;1567273978176;-0.011525358,0.5336407,0.04442745,0.84446496,
v;1567273978176;-0.066932076673671,1.12502393552368,0.0629163338004404
q;1567273978200;-0.012904044,0.5188058,0.04447944,0.8536367,
v;1567273978200;-0.0682360546410197,1.09006899202958,0.0627362266613697
q;1567273978221;-0.013535801,0.5043436,0.044936407,0.8622268,
v;1567273978221;-0.068722720631252,1.05633020833128,0.0640321503292883
q;1567273978244;-0.014308585,0.4869393,0.04450247,0.872184,
v;1567273978244;-0.068352653451054,1.01619968513302,0.063886391172405
q;1567273978265;-0.016264455,0.46626103,0.043596953,0.88342255,
v;1567273978265;-0.0694477037707086,0.96910607779318,0.0620513925567156
q;1567273978287;-0.018235233,0.443866,0.042734504,0.89488786,
v;1567273978287;-0.0706324796134507,0.918750313293043,0.0604847737160366
q;1567273978308;-0.02012519,0.42176348,0.041319747,0.90554035,
v;1567273978308;-0.0713632203675345,0.869690697173143,0.0580374705585735
q;1567273978330;-0.022749363,0.39488903,0.0380414,0.917659,
v;1567273978330;-0.0718584042347762,0.810870070857923,0.0520087202935583
q;1567273978351;-0.024914987,0.3623425,0.03596391,0.9310176,
v;1567273978351;-0.0725186342149748,0.740525212820619,0.0490591173852255
q;1567273978374;-0.026487751,0.32443544,0.03537666,0.9448749,
v;1567273978374;-0.0730751258434443,0.659679104327422,0.0498194147252696
q;1567273978397;-0.029063463,0.28675896,0.034720656,0.9569321,
v;1567273978397;-0.0756084568917996,0.580409193360316,0.0499455996581706
q;1567273978418;-0.030363835,0.25287545,0.03442434,0.9664094,
v;1567273978418;-0.0761715699791867,0.509896813798314,0.0513508738216696
q;1567273978440;-0.032792095,0.21713978,0.034056973,0.97499496,
v;1567273978440;-0.0788160771844454,0.436200038115217,0.0523561929685629
q;1567273978461;-0.03489028,0.18394563,0.032136053,0.9817912,
v;1567273978461;-0.0804191664496719,0.368389846385387,0.0504503378407706
q;1567273978483;-0.035991862,0.15341507,0.030936776,0.98702145,
v;1567273978483;-0.0806291490419814,0.306371209423981,0.050211287199294
q;1567273978504;-0.036584713,0.12728724,0.029836446,0.9907418,
v;1567273978504;-0.0801734685832464,0.253548112019716,0.0499882139902988
q;1567273978525;-0.03708841,0.10728384,0.028547373,0.9931262,
v;1567273978525;-0.0798772008547179,0.213262975282931,0.0489197414818959
q;1567273978547;-0.038178988,0.09159845,0.02743483,0.9946856,
v;1567273978547;-0.0810669190174274,0.181720451990165,0.0477587277492147
q;1567273978570;-0.038884606,0.08016236,0.024880707,0.9957123,
v;1567273978570;-0.0815149970576683,0.158895522241469,0.0434718826180982
q;1567273978594;-0.038274195,0.07932683,0.02251065,0.99585927,
v;1567273978594;-0.0798877683807665,0.157422970556508,0.0388963670869623
q;1567273978616;-0.038223073,0.08753768,0.022920271,0.99516374,
v;1567273978616;-0.0801750744545472,0.173907596476326,0.0390623080925563
q;1567273978638;-0.039465547,0.10165386,0.020325692,0.9938289,
v;1567273978638;-0.0826705076464674,0.202517166114218,0.0324935418881377
q;1567273978662;-0.03890475,0.117687486,0.016389713,0.9921529,
v;1567273978662;-0.0811456722345582,0.235181443003939,0.023444282137596
q;1567273978686;-0.036733467,0.1398316,0.015633436,0.98937017,
v;1567273978686;-0.0771345553888658,0.28000830052764,0.0207246131311056
q;1567273978707;-0.034138422,0.16023257,0.0153889265,0.9863688,
v;1567273978707;-0.0723408423139185,0.321375837843106,0.0194702903924597
q;1567273978728;-0.031868458,0.18427975,0.0134108,0.98226553,
v;1567273978728;-0.0676007291834076,0.370407523508374,0.0146344573313592
q;1567273978749;-0.030197298,0.21279393,0.009640319,0.97658277,
v;1567273978749;-0.0631250393691788,0.428896871350681,0.00598950060286217
q;1567273978770;-0.029116223,0.24561515,0.006277258,0.96890974,
v;1567273978770;-0.0595407368465605,0.496597207675857,-0.00214237610786768
q;1567273978791;-0.028905988,0.28673324,0.0033354138,0.95756847,
v;1567273978791;-0.0573030286605697,0.582176367915186,-0.0102057693239741
q;1567273978813;-0.029831275,0.32959864,-0.0011021248,0.9436491,
v;1567273978813;-0.0556026401960096,0.672673867109489,-0.0217801123798973
q;1567273978833;-0.031695478,0.37021127,-0.0058195856,0.9283885,
v;1567273978833;-0.0545695613806149,0.759824150126349,-0.0343315569672723
q;1567273978857;-0.0334665,0.41579494,-0.010811334,0.9087782,
v;1567273978857;-0.0518598979497657,0.859433317102001,-0.0475624624854799
q;1567273978886;-0.035406724,0.47433516,-0.014739982,0.87950855,
v;1567273978886;-0.0483164462908064,0.990651919533733,-0.0596220447028696
q;1567273978914;-0.038608856,0.5305243,-0.018177861,0.84659487,
v;1567273978914;-0.0461008527551166,1.12123736510035,-0.0718826350370747
q;1567273978944;-0.04143024,0.58968025,-0.021075102,0.8062981,
v;1567273978944;-0.0419674229613188,1.26464953868233,-0.0830151462708534
q;1567273978967;-0.04341293,0.6338194,-0.021613063,0.77195936,
v;1567273978967;-0.0396388576093153,1.37665088167501,-0.0885860393491192
q;1567273978993;-0.047827516,0.6777631,-0.024171773,0.7333249,
v;1567273978993;-0.037389456130279,1.49396770435303,-0.100522320714606
q;1567273979021;-0.052517686,0.72278386,-0.027040109,0.68854505,
v;1567273979021;-0.0332393972114056,1.62119471413906,-0.113460353885721
q;1567273979053;-0.059505798,0.76837313,-0.031158376,0.6364676,
v;1567273979053;-0.0278681141630952,1.75987022684781,-0.131537821373018
q;1567273979084;-0.07193613,0.80514586,-0.03853901,0.5874352,
v;1567273979084;-0.0224584690243071,1.88277954285599,-0.161863003820329
q;1567273979110;-0.08866947,0.8309468,-0.047727983,0.54716283,
v;1567273979110;-0.0177153733922085,1.97875023441585,-0.20097061496886
q;1567273979133;-0.1024969,0.8504061,-0.05751907,0.51283103,
v;1567273979133;-0.00729811039461863,2.05714895543743,-0.235500107363287
q;1567273979158;-0.1143783,0.8725661,-0.06758895,0.4700828,
v;1567273979158;0.010417298376074,2.15188911913239,-0.266300696102512
q;1567273979180;-0.12283276,0.893481,-0.07469713,0.4254693,
v;1567273979180;0.0289618446308235,2.24856361630716,-0.287107071452831
q;1567273979203;-0.1261519,0.91381323,-0.08111547,0.37742734,
v;1567273979203;0.0530473030108622,2.35030014296832,-0.296526399764969
q;1567273979228;-0.123947226,0.9330362,-0.08706964,0.32634246,
v;1567273979228;0.0816705279477219,2.45659452562755,-0.293273103640755
q;1567273979251;-0.120162256,0.94841754,-0.091878995,0.2786099,
v;1567273979251;0.10752961344409,2.55472424330604,-0.284571588179248
q;1567273979274;-0.11551782,0.9590105,-0.09361058,0.24122936,
v;1567273979274;0.124133027643293,2.63172035641466,-0.272143988106622
q;1567273979298;-0.109513305,0.9656003,-0.094205156,0.2162137,
v;1567273979298;0.134982025514236,2.68353388138711,-0.257376607610392
q;1567273979323;-0.105923645,0.9685385,-0.093004204,0.20509407,
v;1567273979323;0.137137124496896,2.70711384292212,-0.248177455914448
q;1567273979348;-0.103727326,0.9693358,-0.08831766,0.2045209,
v;1567273979348;0.129148849219098,2.71001489111647,-0.24155319349574
q;1567273979371;-0.09944877,0.9699386,-0.08071481,0.2069158,
v;1567273979371;0.115679603096007,2.70786745799784,-0.229862370567651
q;1567273979392;-0.09746375,0.96874076,-0.07713568,0.214691,
v;1567273979392;0.107808490396798,2.69320562491717,-0.225148398429889
q;1567273979415;-0.09817679,0.9666805,-0.07632119,0.22375247,
v;1567273979415;0.103808155019298,2.67482424888632,-0.227125179022811
q;1567273979442;-0.09448151,0.9644315,-0.0720079,0.23613569,
v;1567273979442;0.0944126602206322,2.65096614701174,-0.218962023202826
q;1567273979470;-0.09079555,0.9610901,-0.06667387,0.25222343,
v;1567273979470;0.0824510503775813,2.61958653228111,-0.210417686871696
q;1567273979497;-0.087800145,0.95555925,-0.059025858,0.2751611,
v;1567273979497;0.0645318198299132,2.5743022415517,-0.202069818929433
q;1567273979525;-0.085164756,0.9460197,-0.049553666,0.30876872,
v;1567273979525;0.0411766980906161,2.50663202960589,-0.193096722561739
q;1567273979552;-0.08194804,0.9299417,-0.04174592,0.3560201,
v;1567273979552;0.0192934417673863,2.40856553773041,-0.183195449457496
q;1567273979578;-0.07647761,0.9108263,-0.032837577,0.40431216,
v;1567273979578;-0.00202299924158752,2.30622907252953,-0.166639396027924
q;1567273979602;-0.07057984,0.89075977,-0.022488069,0.44839692,
v;1567273979602;-0.0232347218964041,2.21059022712461,-0.146469061906042
q;1567273979626;-0.06503286,0.8693325,-0.012209814,0.48977825,
v;1567273979626;-0.0424873661788685,2.11812279657617,-0.125472463015247
q;1567273979649;-0.06163389,0.8463977,-0.006712913,0.52893037,
v;1567273979649;-0.0538625245304425,2.02752566457524,-0.111829676232036
q;1567273979670;-0.05920387,0.8234154,-0.0035743199,0.564331,
v;1567273979670;-0.0609726304681583,1.94304581242694,-0.101898228415482
q;1567273979691;-0.054095086,0.79940367,0.002331448,0.59834945,
v;1567273979691;-0.0685166624606815,1.85939883725944,-0.0839931498466954
q;1567273979714;-0.04710123,0.77443284,0.011007462,0.63080436,
v;1567273979714;-0.076547134903627,1.77677823182701,-0.0592745445049339
q;1567273979737;-0.04109605,0.74866503,0.016509052,0.6614675,
v;1567273979737;-0.0791695802924871,1.69588954938742,-0.0398292010925549
q;1567273979763;-0.038093083,0.7205826,0.018040728,0.6920868,
v;1567273979763;-0.0788086614176762,1.61231782770746,-0.0300246133054573
q;1567273979786;-0.034769066,0.6952799,0.019576753,0.7176307,
v;1567273979786;-0.0772020104953847,1.53994561356475,-0.0203126032112548
q;1567273979810;-0.028713144,0.6710383,0.023458004,0.74049497,
v;1567273979810;-0.0740740373293182,1.47260345746722,-0.00380461300624984
q;1567273979836;-0.021497194,0.6486907,0.030787922,0.7601252,
v;1567273979836;-0.0726887886907014,1.41223935862048,0.0189665094340629
q;1567273979861;-0.018016981,0.62824947,0.036442704,0.7769491,
v;1567273979861;-0.0738538930664334,1.35867936788194,0.0340894451865443
q;1567273979882;-0.016418343,0.61203074,0.040476903,0.7896268,
v;1567273979882;-0.075546786151592,1.31706910978012,0.0439657595890996
q;1567273979903;-0.014095948,0.59944385,0.043071967,0.7991328,
v;1567273979903;-0.0742356861527564,1.28521775921682,0.0521080134224429
q;1567273979923;-0.010841362,0.5897402,0.045407698,0.8062426,
v;1567273979923;-0.0710989119228298,1.26091212317356,0.0606222579959352
q;1567273979944;-0.008228618,0.5821378,0.04839543,0.8116069,
v;1567273979944;-0.0697589890487775,1.24202432705321,0.0691991342476527
q;1567273979965;-0.0076681064,0.5751628,0.050451204,0.8164457,
v;1567273979965;-0.0706151689910794,1.22483305042691,0.0738113084867308
q;1567273979986;-0.008452619,0.5709516,0.05148504,0.8193242,
v;1567273979986;-0.0727058411345462,1.21449830673773,0.0749819574196797
q;1567273980010;-0.00939006,0.56863844,0.051952586,0.8208917,
v;1567273980010;-0.0745700104090263,1.20883584302592,0.0748937287805703
q;1567273980037;-0.010458702,0.56837535,0.052308097,0.82103837,
v;1567273980037;-0.0767104687740374,1.20817820879832,0.0742915686287928
q;1567273980059;-0.012381726,0.57026345,0.0517718,0.8197353,
v;1567273980059;-0.0794301025939396,1.21280100452947,0.0710401856769427
q;1567273980080;-0.016381864,0.57342386,0.050044715,0.8175649,
v;1567273980080;-0.0842798805846084,1.22063320479477,0.0633089452370429
q;1567273980101;-0.019639954,0.5775292,0.048899066,0.8146675,
v;1567273980101;-0.0885972026677853,1.23082880668089,0.0572433183862061
q;1567273980122;-0.021877034,0.5817269,0.04867492,0.8116317,
v;1567273980122;-0.0922740982728562,1.2412570748243,0.0538140952105806
q;1567273980143;-0.023070026,0.58586884,0.048298303,0.80863637,
v;1567273980143;-0.0940420207809435,1.25156407035398,0.0513287523265539
q;1567273980166;-0.024144636,0.5903145,0.047634903,0.8054048,
v;1567273980166;-0.0952756372013391,1.26267704379296,0.0484635809657692
q;1567273980192;-0.025985125,0.59443593,0.047439925,0.80232173,
v;1567273980192;-0.0982548688670691,1.27306061871157,0.0454660572190682
q;1567273980223;-0.029590182,0.59871787,0.04641426,0.7990663,
v;1567273980223;-0.10304941486372,1.28406029203748,0.0389602840266742
q;1567273980252;-0.029165845,0.6009363,0.04585582,0.7974473,
v;1567273980252;-0.101805067090752,1.28961939047165,0.0382891244082541
q;1567273980283;-0.027196346,0.6014182,0.046419244,0.7971209,
v;1567273980283;-0.0993556931242888,1.29067054918943,0.0415073052419416
q;1567273980306;-0.027069267,0.6018689,0.04706391,0.7967472,
v;1567273980306;-0.0999536849372351,1.2917730605091,0.0426374427810838
q;1567273980330;-0.027239617,0.60266423,0.04829062,0.79606646,
v;1567273980330;-0.101750632685833,1.29374318456633,0.044295913870851
q;1567273980353;-0.02584726,0.6033956,0.049578846,0.7954795,
v;1567273980353;-0.10112551569506,1.29544990821085,0.0479489053258944
q;1567273980375;-0.023566863,0.60464716,0.05178345,0.79445887,
v;1567273980375;-0.100234998778858,1.2983968180529,0.0540780256412035
q;1567273980396;-0.022175057,0.6071279,0.05302536,0.7925227,
v;1567273980396;-0.0996999116718262,1.30454720889967,0.0574380648705531
q;1567273980417;-0.022037612,0.6097293,0.053633634,0.7904859,
v;1567273980417;-0.100413497004229,1.31110471778437,0.0582454633278717
q;1567273980438;-0.021653526,0.6125952,0.053921793,0.788258,
v;1567273980438;-0.100370032145603,1.31834992550759,0.0588085729348517
q;1567273980460;-0.020841202,0.6147755,0.05350674,0.78660905,
v;1567273980460;-0.0987373766256606,1.32387076254259,0.058873034460913
q;1567273980481;-0.020215705,0.61611485,0.052872814,0.7856197,
v;1567273980481;-0.0970675221796095,1.32727383164905,0.0584738733761861
q;1567273980502;-0.020423694,0.61703134,0.05278985,0.78490037,
v;1567273980502;-0.0973608569784879,1.32962370121915,0.0579722864763558
q;1567273980523;-0.020936059,0.617582,0.053044584,0.78443635,
v;1567273980523;-0.0985240901146756,1.3310462122011,0.0576722291953068
q;1567273980543;-0.021218715,0.617588,0.05371604,0.7843784,
v;1567273980543;-0.0998013598144978,1.33105515499035,0.0583820608589444
q;1567273980564;-0.020337319,0.6170083,0.05406742,0.7848336,
v;1567273980564;-0.0988035938413108,1.32952260054937,0.0601003804779096
q;1567273980586;-0.01975369,0.6160048,0.054476682,0.7856082,
v;1567273980586;-0.0983114058360111,1.32692450538909,0.0615940891409305
q;1567273980608;-0.020151477,0.61473,0.054068394,0.7866242,
v;1567273980608;-0.0983366173518937,1.32370620857343,0.0606173676136112
q;1567273980632;-0.019652518,0.61340696,0.053219892,0.7877267,
v;1567273980632;-0.096401776406825,1.32034410388985,0.0600502099040998
q;1567273980655;-0.01888055,0.61234546,0.052884787,0.7885936,
v;1567273980655;-0.0946871053622796,1.31762535695329,0.0605947117249778
q;1567273980679;-0.019027716,0.6117297,0.05252772,0.7890916,
v;1567273980679;-0.0944350535892294,1.31607870881709,0.0599214102229056
q;1567273980704;-0.019748237,0.61171234,0.052352156,0.78909904,
v;1567273980704;-0.0953600102635619,1.3160696998478,0.0587622254093906
q;1567273980728;-0.020548778,0.61175776,0.052495472,0.7890339,
v;1567273980728;-0.0968075272488189,1.31621574879084,0.058003616164528
q;1567273980751;-0.02181911,0.6117334,0.052460358,0.789021,
v;1567273980751;-0.0987755188980463,1.31621537421078,0.0563943179887047
q;1567273980775;-0.022865055,0.6117818,0.05217947,0.78897244,
v;1567273980775;-0.100091738712303,1.3164012541707,0.0546601303479017
q;1567273980796;-0.022877967,0.6115423,0.051423334,0.7892074,
v;1567273980796;-0.0991684732044038,1.3158180006454,0.0534737429476422
q;1567273980817;-0.0230398,0.61088175,0.050470922,0.78977555,
v;1567273980817;-0.0982138902876912,1.31418073700283,0.0518451720878724
q;1567273980839;-0.023402134,0.6097403,0.04975466,0.7906918,
v;1567273980839;-0.0978386104670812,1.3113295468331,0.0504050500494233
q;1567273980861;-0.024095614,0.6086915,0.049482644,0.7914957,
v;1567273980861;-0.0985418837999368,1.30872155056277,0.0492557826306401
q;1567273980885;-0.025159245,0.60769314,0.049057815,0.7922559,
v;1567273980885;-0.0996541775033448,1.30627294014936,0.0474073585661984
q;1567273980910;-0.025446758,0.60659,0.049048208,0.79309225,
v;1567273980910;-0.100034312929967,1.30350234241779,0.0471812964177242
q;1567273980938;-0.025885873,0.6052858,0.048414573,0.79411274,
v;1567273980938;-0.0998879342886274,1.30025802801682,0.0458007881104019
q;1567273980970;-0.026568605,0.6039695,0.047525704,0.79514545,
v;1567273980970;-0.0998256760970466,1.2970128211908,0.0437179432610444
q;1567273981002;-0.02736523,0.60317874,0.04679994,0.79576147,
v;1567273981002;-0.100177319769783,1.29509911782704,0.0416919697956731
q;1567273981027;-0.028706934,0.6028651,0.045755606,0.7960126,
v;1567273981027;-0.101042926439827,1.29444126779189,0.0384367221238957
q;1567273981054;-0.029822582,0.60223615,0.045082614,0.7964859,
v;1567273981054;-0.101983984693474,1.29296630182427,0.0360901717115413
q;1567273981078;-0.02997862,0.6012565,0.044679623,0.7972425,
v;1567273981078;-0.101703526973961,1.29052835990697,0.0353814802510165
q;1567273981102;-0.030106837,0.5993825,0.04428883,0.7986694,
v;1567273981102;-0.101356168949565,1.28584465472846,0.0348390541240351
q;1567273981127;-0.03009918,0.59791946,0.044469982,0.79975545,
v;1567273981127;-0.101497076670801,1.28216797976947,0.0353255585950964
q;1567273981153;-0.030017745,0.5969692,0.044813853,0.8004489,
v;1567273981153;-0.101735727896773,1.27976842202547,0.0360975049268714
