q;1566402611621;0.013319519,0.9775201,0.20043765,0.06404588,
v;1566402611621;-0.400802689443097,2.99932447876476,0.056195428153139
q;1566402611647;0.013192871,0.9773683,0.2004489,0.06631279,
v;1566402611647;-0.400713140460738,2.99454338162624,0.0569097362438749
q;1566402611671;0.012980588,0.97709745,0.20098567,0.06867935,
v;1566402611671;-0.401698470291333,2.9895176801588,0.0575870495620158
q;1566402611695;0.012940628,0.97671777,0.2015326,0.07238524,
v;1566402611695;-0.402595370254562,2.98155354555322,0.0592214142673955
q;1566402611716;0.013119252,0.97635233,0.20172691,0.07661735,
v;1566402611716;-0.402698878288308,2.9724139961281,0.061483489118696
q;1566402611737;0.013016642,0.9759597,0.2013158,0.0824932,
v;1566402611737;-0.401505596521707,2.95997028345942,0.0637296966583513
q;1566402611759;0.013042434,0.97553295,0.20076954,0.08863896,
v;1566402611759;-0.399982764909721,2.9469186290349,0.0663180567215645
q;1566402611781;0.013119203,0.9747818,0.20068152,0.096722744,
v;1566402611781;-0.399224058780652,2.92963304447018,0.0699509432744561
q;1566402611802;0.013757629,0.9736999,0.20085287,0.10666484,
v;1566402611802;-0.398684042419969,2.90808320813309,0.0756380180984802
q;1566402611823;0.014140055,0.97237486,0.20095494,0.11791629,
v;1566402611823;-0.397888198744277,2.88383358301652,0.0813263128035988
q;1566402611846;0.015323493,0.97063583,0.20100634,0.13125439,
v;1566402611846;-0.396492530128643,2.85476765310161,0.0895723469994541
q;1566402611870;0.018206565,0.96866184,0.20092906,0.14488038,
v;1566402611870;-0.394112716508137,2.82439184737985,0.101429710002945
q;1566402611899;0.025358189,0.96554583,0.20037587,0.1640969,
v;1566402611899;-0.38830675262052,2.78043738058184,0.124279398276477
q;1566402611920;0.028972475,0.96247417,0.2001526,0.1809504,
v;1566402611920;-0.384179155847878,2.74289717353144,0.138730651614406
q;1566402611943;0.031009177,0.95857465,0.20002028,0.20041215,
v;1566402611943;-0.380128185949374,2.70029463642317,0.150927332491292
q;1566402611964;0.031883337,0.9533405,0.19961017,0.22423476,
v;1566402611964;-0.375023304181808,2.64872132799295,0.162248342763454
q;1566402611986;0.034680136,0.94660616,0.19715503,0.2527134,
v;1566402611986;-0.363692969392284,2.5870469898227,0.177809148866421
q;1566402612011;0.039564446,0.9368958,0.19275907,0.28897226,
v;1566402612011;-0.345135586682432,2.50853308135653,0.198466908742568
q;1566402612032;0.04198305,0.9271306,0.18979332,0.32038242,
v;1566402612032;-0.331038297531552,2.44052954944231,0.212507649770222
q;1566402612054;0.04488226,0.915035,0.18738498,0.35437748,
v;1566402612054;-0.31636824789068,2.36605368235999,0.228146337442132
q;1566402612076;0.04936011,0.9015014,0.18555193,0.38785213,
v;1566402612076;-0.300776359131997,2.2914923602237,0.24636292621292
q;1566402612099;0.053400286,0.8846886,0.18429981,0.4248623,
v;1566402612099;-0.284544550903636,2.20803124952077,0.264688596833297
q;1566402612121;0.05738858,0.86642087,0.18297495,0.46102244,
v;1566402612121;-0.267324363464679,2.12546722320216,0.28174453168644
q;1566402612143;0.062075105,0.8468643,0.18208048,0.4957966,
v;1566402612143;-0.249419706933641,2.04449527829885,0.299257537139352
q;1566402612165;0.064307466,0.82671386,0.18055114,0.52897084,
v;1566402612165;-0.232586052820544,1.96661567480413,0.310535091366383
q;1566402612187;0.067907184,0.8058986,0.17936175,0.56013006,
v;1566402612187;-0.214665948875885,1.89168196442677,0.32327734597624
q;1566402612209;0.07003174,0.7850874,0.1773719,0.5892984,
v;1566402612209;-0.197242150865709,1.82071879881623,0.331349832051545
q;1566402612231;0.069211625,0.7636429,0.17462501,0.6177098,
v;1566402612231;-0.182203361108385,1.75060552350765,0.332970187127601
q;1566402612253;0.06860964,0.7434564,0.1756747,0.6416414,
v;1566402612253;-0.174044740726557,1.68769380373098,0.338931790877294
q;1566402612276;0.06773114,0.7257188,0.17833324,0.6610158,
v;1566402612276;-0.17011618945512,1.63426505311055,0.345813993164161
q;1566402612298;0.06423648,0.71362346,0.18072376,0.6737612,
v;1566402612298;-0.172227516782787,1.59797119745297,0.347176781908247
q;1566402612318;0.05989432,0.7043203,0.18224275,0.6834714,
v;1566402612318;-0.175745727953761,1.57009434278977,0.345537238144481
q;1566402612339;0.055056628,0.6990222,0.18315916,0.68904966,
v;1566402612339;-0.181180764783097,1.55384459212423,0.341461225447724
q;1566402612361;0.050412003,0.6965228,0.18323553,0.69190997,
v;1566402612361;-0.186574882492531,1.54572948382803,0.335784255893257
q;1566402612382;0.045034148,0.69900286,0.18161234,0.69020575,
v;1566402612382;-0.192923969873443,1.55170719122656,0.325293374429341
q;1566402612406;0.04059719,0.7027579,0.18036218,0.6869881,
v;1566402612406;-0.199033823446682,1.56164921548447,0.31625906421292
q;1566402612429;0.037548456,0.70865,0.1810018,0.68091387,
v;1566402612429;-0.206871711709484,1.57814244111611,0.311241030301531
q;1566402612450;0.035236165,0.71511686,0.18145561,0.6741217,
v;1566402612450;-0.213638425906283,1.59665442528115,0.306691120846031
q;1566402612471;0.034171514,0.7227391,0.18076159,0.6661876,
v;1566402612471;-0.217467699010958,1.6189886044771,0.301797851583822
q;1566402612495;0.032694243,0.73249036,0.17645535,0.65669817,
v;1566402612495;-0.217268539117593,1.64790585583498,0.290451864699427
q;1566402612519;0.030796254,0.74698603,0.16914898,0.6422243,
v;1566402612519;-0.214795512889722,1.69173644824096,0.272836609198175
q;1566402612542;0.029516144,0.76478565,0.16629124,0.62175494,
v;1566402612542;-0.219406809333793,1.74746372545645,0.261075565548295
q;1566402612563;0.027435647,0.7845613,0.16691065,0.5965332,
v;1566402612563;-0.231225648233206,1.81206759227988,0.25144839828106
q;1566402612585;0.022212015,0.80470806,0.16764955,0.5690741,
v;1566402612585;-0.247042500455692,1.88112100037944,0.235832078169175
q;1566402612608;0.015462703,0.82627714,0.16943474,0.5369532,
v;1566402612608;-0.266539388002418,1.95988062343495,0.21680015091224
q;1566402612632;0.0070883837,0.8494695,0.172833,0.49847788,
v;1566402612632;-0.290640497513322,2.05183788380931,0.193627189063363
q;1566402612654;0.00010966375,0.8680044,0.17645788,0.46414536,
v;1566402612654;-0.311230900240234,2.1322807903048,0.173134615964761
q;1566402612676;-0.009617604,0.88577163,0.17925505,0.42799973,
v;1566402612676;-0.331847977945243,2.21708025294088,0.144780902313514
q;1566402612699;-0.020108458,0.9030148,0.18169363,0.38877693,
v;1566402612699;-0.350938740072399,2.30862047581969,0.112006656176252
q;1566402612721;-0.02686491,0.91737705,0.18597692,0.3508707,
v;1566402612721;-0.368347358556259,2.39473487463536,0.0871669797035001
q;1566402612743;-0.03423495,0.93149716,0.190579,0.30792972,
v;1566402612743;-0.385617660274466,2.49175938603007,0.0578698821673147
q;1566402612765;-0.040406555,0.94414395,0.1940442,0.2632611,
v;1566402612765;-0.398120219874189,2.59207257078232,0.0280679201829238
q;1566402612786;-0.043691587,0.95348436,0.19819634,0.22288308,
v;1566402612786;-0.408714948568884,2.68119020055025,0.00548232321428766
q;1566402612807;-0.050637573,0.9606024,0.20231652,0.18370324,
v;1566402612807;-0.419491442142872,2.76903125484921,-0.0251344141621784
q;1566402612829;-0.055968873,0.9658335,0.20554158,0.14760019,
v;1566402612829;-0.426360556925134,2.8495820454085,-0.0521251669409359
q;1566402612850;-0.05685506,0.97028536,0.20837185,0.10906415,
v;1566402612850;-0.429880313557167,2.93332520241997,-0.0714340608406002
q;1566402612871;-0.056333993,0.9729995,0.21198662,0.07183379,
v;1566402612871;-0.434127634501667,3.01348723939276,-0.0873763865078225
q;1566402612892;-0.05584547,0.9743526,0.21522641,0.03458181,
v;1566402612892;-0.437057396277454,3.09372574736782,-0.103873674747128
q;1566402612913;-0.058124743,0.9744133,0.21705703,-0.005148695,
v;1566402612913;-0.436100306016265,-3.10267456272711,-0.127785066435348
q;1566402612940;-0.06293785,0.9725088,0.21753252,-0.054268856,
v;1566402612940;-0.429342920517577,-2.99486107003699,-0.161300572979075
q;1566402612962;-0.06614262,0.96985424,0.21827935,-0.085802734,
v;1566402612962;-0.424700460259211,-2.92556659212508,-0.182935001224919
q;1566402612990;-0.07023118,0.96159405,0.22139569,-0.14624827,
v;1566402612990;-0.417244814586147,-2.79289609998196,-0.220356188198144
q;1566402613020;-0.0710895,0.95195866,0.22284044,-0.19764404,
v;1566402613020;-0.40734061216459,-2.68115760967408,-0.245813890831676
q;1566402613052;-0.07241455,0.94156605,0.22113542,-0.24353361,
v;1566402613052;-0.391046857161156,-2.58217269672837,-0.267170573533685
q;1566402613081;-0.073964536,0.9316356,0.21827784,-0.28096116,
v;1566402613081;-0.37379230108548,-2.50180989924243,-0.28357634750631
q;1566402613109;-0.072424255,0.92303747,0.21561734,-0.31026715,
v;1566402613109;-0.360886784684641,-2.43979066688969,-0.289962313103551
q;1566402613137;-0.06928346,0.91501075,0.21299988,-0.33553874,
v;1566402613137;-0.350427960177161,-2.38671411788511,-0.291284582354234
q;1566402613164;-0.06598542,0.9085527,0.2100334,-0.35505474,
v;1566402613164;-0.341388678218362,-2.34625436011787,-0.289555997349763
q;1566402613188;-0.06423257,0.9036185,0.2067324,-0.36960715,
v;1566402613188;-0.332209808706679,-2.31637426219657,-0.28843888617527
q;1566402613212;-0.062129796,0.89948374,0.20516312,-0.3807585,
v;1566402613212;-0.327597137155794,-2.29296849452515,-0.286981239986337
q;1566402613235;-0.060564224,0.89577436,0.20551082,-0.38946828,
v;1566402613235;-0.326792523566704,-2.27361019209821,-0.287538088449472
q;1566402613257;-0.059774954,0.8923183,0.20634265,-0.39701104,
v;1566402613257;-0.326557128410235,-2.25630385485659,-0.289643983150445
q;1566402613278;-0.058053713,0.8899616,0.20637515,-0.4025016,
v;1566402613278;-0.326361264232723,-2.24429811093434,-0.288464003462369
q;1566402613300;-0.057060614,0.8884864,0.20623676,-0.40595868,
v;1566402613300;-0.325886349218866,-2.23679776450695,-0.287732188930789
q;1566402613322;-0.056332044,0.88857085,0.20556632,-0.4062156,
v;1566402613322;-0.325259372110048,-2.23681250084687,-0.285772892249547
q;1566402613343;-0.055476427,0.88976955,0.20484692,-0.40406722,
v;1566402613343;-0.325413584710302,-2.2423310738273,-0.282652189459818
q;1566402613364;-0.054361824,0.89169157,0.20585802,-0.39944154,
v;1566402613364;-0.32963212453639,-2.25242609451708,-0.279920132499516
q;1566402613385;-0.052925114,0.8944391,0.2074251,-0.3926226,
v;1566402613385;-0.335772943916965,-2.26720510526854,-0.276291671167883
q;1566402613406;-0.051952872,0.8984095,0.20997879,-0.38219136,
v;1566402613406;-0.344346913886797,-2.28938575273261,-0.273066579708524
q;1566402613427;-0.050571088,0.90395164,0.21200506,-0.3679237,
v;1566402613427;-0.353381190834148,-2.32058237125794,-0.266884229641916
q;1566402613451;-0.04738971,0.91142905,0.21320198,-0.34870645,
v;1566402613451;-0.363541783850174,-2.3637962972319,-0.254242742121186
q;1566402613474;-0.04321399,0.91970974,0.21432598,-0.32608423,
v;1566402613474;-0.374763637096322,-2.41484057188184,-0.237855044193164
q;1566402613502;-0.036594644,0.93036395,0.21469945,-0.2949371,
v;1566402613502;-0.387538951892817,-2.48587574776298,-0.211919138847295
q;1566402613525;-0.0295273,0.9394695,0.21501271,-0.26513144,
v;1566402613525;-0.398827938749494,-2.5539841221994,-0.1849817148707
q;1566402613549;-0.02167204,0.94821435,0.21548079,-0.23235299,
v;1566402613549;-0.409960201753169,-2.62877265147726,-0.154610489355463
q;1566402613573;-0.015698146,0.9561177,0.21595998,-0.19736731,
v;1566402613573;-0.418915224735113,-2.70753190966085,-0.126512970296369
q;1566402613596;-0.010770378,0.96282166,0.2156054,-0.16239694,
v;1566402613596;-0.424297796338401,-2.78589738139525,-0.0997642538919622
q;1566402613618;-0.0047634956,0.968228,0.21412289,-0.12908612,
v;1566402613618;-0.426195630809437,-2.86116379604501,-0.0709014437426025
q;1566402613641;0.00090263574,0.9725487,0.21169472,-0.09661037,
v;1566402613641;-0.424583455062352,-2.93430332045046,-0.0429759680899123
q;1566402613663;0.0037412008,0.9754588,0.20955534,-0.06747364,
v;1566402613663;-0.421719675300313,-2.99854781057067,-0.0229968340037598
q;1566402613685;0.0060034823,0.97740227,0.20738432,-0.040502746,
v;1566402613685;-0.417943828877153,-3.05758670866255,-0.00554056178988011
q;1566402613707;0.00858753,0.9785575,0.20525669,-0.014869858,
v;1566402613707;-0.413663303267119,-3.11365628906121,0.0116886363901057
q;1566402613729;0.009174986,0.9789326,0.20387396,0.00649888,
v;1566402613729;-0.410467978562072,3.1236350988079,0.0224825593572671
q;1566402613751;0.0083332565,0.9786159,0.20374563,0.027005509,
v;1566402613751;-0.409692547958772,3.08022717361923,0.0297834401524753
q;1566402613773;0.006228502,0.9777136,0.20493636,0.045149025,
v;1566402613773;-0.41170857053905,3.04230837397688,0.0334888531588792
q;1566402613795;0.005742134,0.97649956,0.20637895,0.061832964,
v;1566402613795;-0.414079943797276,3.00668725140694,0.0401385249701639
q;1566402613818;0.005063418,0.9747014,0.20954734,0.07759829,
v;1566402613818;-0.419940743809844,2.9728039924503,0.0464421266634239
q;1566402613840;-0.000874457,0.97252536,0.21228495,0.09554523,
v;1566402613840;-0.425824831929081,2.93650211896684,0.0426887481463264
q;1566402613864;-0.0047444664,0.9704589,0.21307069,0.11308348,
v;1566402613864;-0.427531482160027,2.90028412008696,0.0428496744807112
q;1566402613887;-0.0035646292,0.96909374,0.2116066,0.12675692,
v;1566402613887;-0.423591248277968,2.87043984532518,0.0512898428782213
q;1566402613909;-0.0013551563,0.9679854,0.20980804,0.13777901,
v;1566402613909;-0.418680922110743,2.84597488152074,0.0604452654509815
q;1566402613931;0.00024251387,0.9670838,0.20877817,0.14546655,
v;1566402613931;-0.415602720723665,2.8288735629409,0.0669549659460899
q;1566402613954;-0.00048516007,0.9662365,0.20795947,0.15211733,
v;1566402613954;-0.413725910524333,2.81498756660103,0.0681270940549563
q;1566402613977;-0.0005429709,0.9657527,0.2068558,0.15662701,
v;1566402613977;-0.411203923923665,2.80550858837574,0.0696032737073308
q;1566402614004;0.00044601303,0.9656155,0.20604609,0.1585291,
v;1566402614004;-0.409097194956937,2.80116220061048,0.0722059170725121
q;1566402614029;0.00060238416,0.9658985,0.20535173,0.1577037,
v;1566402614029;-0.407709762071775,2.8030396983068,0.0718820270504029
q;1566402614054;-0.0017574219,0.9665454,0.20501833,0.15412484,
v;1566402614054;-0.408094217435101,2.81184090952556,0.0651959287850292
q;1566402614075;-0.003760344,0.96699685,0.20553364,0.1505288,
v;1566402614075;-0.410025642406024,2.82034762560205,0.0595754719617612
q;1566402614096;-0.005281061,0.96755064,0.20650268,0.14551473,
v;1566402614096;-0.412761620825013,2.83163177914041,0.0544789925370097
q;1566402614119;-0.0065414035,0.968071,0.2078029,0.14004917,
v;1566402614119;-0.4160692181105,2.84373356748567,0.0498084163638053
q;1566402614142;-0.0074692853,0.96857244,0.20919256,0.13435087,
v;1566402614142;-0.419433701158366,2.85619855971624,0.0457187788643819
q;1566402614164;-0.008360404,0.96894,0.2105444,0.12944648,
v;1566402614164;-0.422645095909362,2.8669588708889,0.0420153228709974
q;1566402614186;-0.009686384,0.96945983,0.21174291,0.123364806,
v;1566402614186;-0.425682433276409,2.88050814607481,0.0367492680132439
q;1566402614208;-0.010546256,0.9699035,0.21248174,0.118438005,
v;1566402614208;-0.427582016419576,2.89143997404225,0.032835652677888
q;1566402614228;-0.010958847,0.97010195,0.21385485,0.11422884,
v;1566402614228;-0.430610498312007,2.90053093806617,0.0303711800073791
q;1566402614250;-0.010830661,0.9702365,0.21543233,0.11005812,
v;1566402614250;-0.433913263638028,2.90927383136802,0.0291044611295526
q;1566402614271;-0.010823367,0.97045016,0.21656035,0.10588178,
v;1566402614271;-0.436327662928516,2.91816041739853,0.0274250937218045
q;1566402614292;-0.011954921,0.97064036,0.21692188,0.103243865,
v;1566402614292;-0.437388004940563,2.92435980005185,0.0238291400430226
q;1566402614314;-0.012776727,0.97096616,0.21648571,0.10097217,
v;1566402614314;-0.436732350224823,2.92972414221258,0.0208664500009433
