q;1565696003894;0.08813717,0.6083752,-0.076762356,0.78499615,
v;1565696003894;0.233902288855454,1.31702174221278,-0.0136474109919148
q;1565696003918;0.08805634,0.60756886,-0.076571226,0.7856481,
v;1565696003918;0.233523872719592,1.31493195259138,-0.0136874301132999
q;1565696003942;0.088512935,0.60627633,-0.07629524,0.7866216,
v;1565696003942;0.233891046427884,1.31174486743697,-0.0130603414688296
q;1565696003964;0.08904614,0.60475403,-0.075571015,0.7878023,
v;1565696003964;0.233830282608726,1.30802715924276,-0.011686304203176
q;1565696003987;0.08971887,0.6022171,-0.075021744,0.78971946,
v;1565696003987;0.234199310929724,1.30173450014858,-0.010724768075903
q;1565696004010;0.09055378,0.59801555,-0.074592,0.7928515,
v;1565696004010;0.234961714782335,1.29123226652058,-0.0102576426283134
q;1565696004033;0.09133133,0.593741,-0.07405818,0.7960186,
v;1565696004033;0.235516883074057,1.28057927966292,-0.00971747788946609
q;1565696004056;0.09193957,0.58864486,-0.0732688,0.7997975,
v;1565696004056;0.235495339310684,1.26786144963745,-0.00921537701664355
q;1565696004078;0.09235373,0.5828266,-0.07301704,0.80402267,
v;1565696004078;0.235800626430692,1.25328062192675,-0.010040292934692
q;1565696004101;0.092864335,0.5760386,-0.0729563,0.80884683,
v;1565696004101;0.236475149603182,1.23634955483306,-0.0113501754083839
q;1565696004124;0.0937024,0.5674305,-0.07273332,0.81483275,
v;1565696004124;0.237471433837331,1.21508364729911,-0.0125441425353112
q;1565696004149;0.09495377,0.55719894,-0.072127715,0.82177293,
v;1565696004149;0.238700166422035,1.19010602140719,-0.0131007484420836
q;1565696004175;0.096495286,0.546344,-0.07081733,0.8289643,
v;1565696004175;0.239650923928993,1.16396354510319,-0.0123233284405619
q;1565696004200;0.09778841,0.5356146,-0.069727115,0.8358784,
v;1565696004200;0.240483418106246,1.13826392322858,-0.0121632933465916
q;1565696004226;0.09909868,0.52219963,-0.0689215,0.84423745,
v;1565696004226;0.241652253080554,1.10627953320238,-0.0132592747212026
q;1565696004258;0.10077985,0.503791,-0.067863554,0.8552383,
v;1565696004258;0.243148468918801,1.06285080020734,-0.0149761280139567
q;1565696004282;0.10172098,0.48902032,-0.06670245,0.86374927,
v;1565696004282;0.243355442949383,1.02834749763108,-0.0162197388569178
q;1565696004305;0.102775976,0.47321773,-0.065275915,0.87249136,
v;1565696004305;0.243521531555391,0.9918433857297,-0.0171410798541572
q;1565696004328;0.103183284,0.4563185,-0.064693905,0.8814427,
v;1565696004328;0.243336695537769,0.952901633624417,-0.0204839160303746
q;1565696004353;0.10391032,0.43684903,-0.06374643,0.89123625,
v;1565696004353;0.243305850771917,0.908613140771295,-0.0235353109031352
q;1565696004376;0.104119934,0.41779152,-0.06275491,0.90037274,
v;1565696004376;0.242294196397933,0.865642449246863,-0.0267904267161066
q;1565696004400;0.10392457,0.3964182,-0.06259856,0.91001856,
v;1565696004400;0.241106217707829,0.817720093286578,-0.0324816162635449
q;1565696004423;0.10371979,0.37383586,-0.061618213,0.9196152,
v;1565696004423;0.239106649213725,0.767791681724051,-0.0368378705452175
q;1565696004446;0.102999315,0.349196,-0.06134022,0.92934966,
v;1565696004446;0.236482288157746,0.713698400827615,-0.0432973230055283
q;1565696004468;0.10185058,0.32566607,-0.06147933,0.93797034,
v;1565696004468;0.2332175001726,0.662459220867912,-0.0503775792222394
q;1565696004493;0.09969603,0.29873842,-0.060925327,0.94715583,
v;1565696004493;0.227206626722096,0.604514762667766,-0.0573500422418795
q;1565696004516;0.09673919,0.27335927,-0.06084065,0.95509934,
v;1565696004516;0.219819822096359,0.550347966053754,-0.0649357121154837
q;1565696004541;0.091800824,0.24289122,-0.06238443,0.9636829,
v;1565696004541;0.208751871173216,0.485692476531859,-0.077398253650757
q;1565696004564;0.087974645,0.21836911,-0.06237824,0.9698888,
v;1565696004564;0.19920917463597,0.434477836763313,-0.0843440531070954
q;1565696004588;0.084629655,0.19397236,-0.06106431,0.97544026,
v;1565696004588;0.189931800153012,0.384204305264988,-0.0879913435367168
q;1565696004611;0.0814178,0.16937035,-0.06026479,0.9803331,
v;1565696004611;0.181034501973939,0.333782849481736,-0.0922151004108995
q;1565696004634;0.079028696,0.14725204,-0.060610004,0.984072,
v;1565696004634;0.174270514222874,0.28852995553972,-0.0976467210500046
q;1565696004659;0.07778639,0.12517016,-0.0607063,0.98721653,
v;1565696004659;0.169593053301259,0.24355640221465,-0.102025532481771
q;1565696004685;0.07750676,0.103598244,-0.06122356,0.9897029,
v;1565696004685;0.166876076250406,0.19965128872946,-0.106811069099544
q;1565696004717;0.07756182,0.08139974,-0.0624145,0.9916969,
v;1565696004717;0.164740835694425,0.154462225935529,-0.112931137777925
q;1565696004743;0.0776196,0.0664466,-0.06257873,0.99279606,
v;1565696004743;0.163160111079926,0.124185204960612,-0.11573252419107
q;1565696004768;0.07763917,0.05387853,-0.062292833,0.99357384,
v;1565696004768;0.161696683854743,0.09883993714762,-0.117212573342349
q;1565696004793;0.07795896,0.042609785,-0.063370265,0.9940277,
v;1565696004793;0.161082835894122,0.0758843025318047,-0.121201705333707
q;1565696004821;0.078668475,0.03489643,-0.06429664,0.994213,
v;1565696004821;0.161616537282324,0.0600915041374699,-0.124293977605694
q;1565696004845;0.07922459,0.030896218,-0.06559581,0.9942163,
v;1565696004845;0.162297645458956,0.0517442192519021,-0.127554677931393
q;1565696004872;0.079308055,0.029696912,-0.06725817,0.99413514,
v;1565696004872;0.162393390687795,0.0490418928131952,-0.131112425404392
q;1565696004898;0.07884438,0.032398168,-0.06840277,0.99400955,
v;1565696004898;0.161882503703137,0.0543589555291221,-0.133002777244711
q;1565696004924;0.077725664,0.038384676,-0.070215404,0.9937581,
v;1565696004924;0.160560383470553,0.0662754157509276,-0.13574441153517
q;1565696004952;0.07778643,0.048632614,-0.07007043,0.9933148,
v;1565696004952;0.162056641320052,0.0869614706382091,-0.133784486165379
q;1565696004978;0.07819651,0.061122358,-0.069457866,0.99263537,
v;1565696004978;0.164472629645794,0.112228510307954,-0.130458875592887
q;1565696005002;0.0784874,0.076463416,-0.06942728,0.9915508,
v;1565696005002;0.167041522431659,0.143211990107849,-0.127800142108703
q;1565696005027;0.07874624,0.0940569,-0.069436885,0.99001557,
v;1565696005027;0.169796768450773,0.178808859030415,-0.124787449529029
q;1565696005051;0.07891135,0.11332657,-0.069119975,0.9880043,
v;1565696005051;0.172449232654369,0.217954389686816,-0.120776648163894
q;1565696005077;0.07747546,0.13697387,-0.07069068,0.98500687,
v;1565696005077;0.172852738791602,0.265926256594216,-0.120111566543857
q;1565696005101;0.07608648,0.15625696,-0.071049385,0.98221517,
v;1565696005101;0.172525104509521,0.305328815508443,-0.117810743004614
q;1565696005124;0.07503619,0.17932682,-0.07006444,0.97841835,
v;1565696005124;0.172821436536388,0.352820550139433,-0.112093565710097
q;1565696005147;0.07419958,0.2030014,-0.07013459,0.97384083,
v;1565696005147;0.173866665099955,0.401573561692611,-0.108316161068966
q;1565696005170;0.07287021,0.22806816,-0.07100622,0.9683145,
v;1565696005170;0.174393712064406,0.453348487404757,-0.106078784921706
q;1565696005193;0.071425244,0.25688392,-0.07050972,0.9612167,
v;1565696005193;0.174418917845039,0.513493199252797,-0.100546544916268
q;1565696005216;0.06979966,0.2854711,-0.07098873,0.9532024,
v;1565696005216;0.17448082478964,0.57347115954568,-0.0971062934283051
q;1565696005240;0.06757304,0.31422126,-0.07159174,0.9442317,
v;1565696005240;0.173469191436417,0.634300237379694,-0.0942851863963039
q;1565696005263;0.065603174,0.3415286,-0.070455275,0.93492806,
v;1565696005263;0.171634924846058,0.692873104266675,-0.0883416990723386
q;1565696005285;0.06359881,0.3723581,-0.069713175,0.92327935,
v;1565696005285;0.170175652303832,0.759641324686523,-0.0826530426452074
q;1565696005308;0.061741386,0.40258148,-0.0694487,0.91065526,
v;1565696005308;0.16917355187644,0.825880428431563,-0.0779666423372454
q;1565696005332;0.05997992,0.43196005,-0.068645194,0.8972741,
v;1565696005332;0.167726128326533,0.891244009135961,-0.0724483968323454
q;1565696005359;0.058735847,0.4662898,-0.06766723,0.8800825,
v;1565696005359;0.167268767675443,0.968969271291941,-0.0652865523816351
q;1565696005383;0.059038565,0.49598277,-0.06776325,0.86366874,
v;1565696005383;0.170016219734838,1.03751634492024,-0.0593762446017244
q;1565696005406;0.05966139,0.5214832,-0.06814625,0.8484409,
v;1565696005406;0.17317688131621,1.09751495279805,-0.0542489512724424
q;1565696005430;0.059679586,0.548861,-0.06752994,0.83104134,
v;1565696005430;0.174201224842445,1.16322696458415,-0.0474646630775218
q;1565696005458;0.059035603,0.57894737,-0.06734643,0.8104315,
v;1565696005458;0.174553765826333,1.23698284610173,-0.0414437790863331
q;1565696005487;0.058497652,0.6082155,-0.06863316,0.78863263,
v;1565696005487;0.176671452995917,1.31055982853034,-0.0376897990605289
q;1565696005514;0.058671836,0.63306904,-0.06993366,0.76869404,
v;1565696005514;0.179712845899479,1.37484677205661,-0.0337788557324057
q;1565696005538;0.060205333,0.6556879,-0.07030574,0.7493369,
v;1565696005538;0.183452684283001,1.43521582267962,-0.0268675780108196
q;1565696005562;0.06159969,0.674839,-0.07185891,0.73187023,
v;1565696005562;0.188262469566811,1.48763725042138,-0.0224414175595864
q;1565696005585;0.06411699,0.6921895,-0.073642604,0.71508,
v;1565696005585;0.194877982872084,1.53661741873493,-0.0168787714338476
q;1565696005608;0.067239985,0.70882696,-0.074215755,0.69823724,
v;1565696005608;0.200450855596267,1.58499484066045,-0.00848742387561699
q;1565696005632;0.069536276,0.7245722,-0.07528929,0.681536,
v;1565696005632;0.205327716884623,1.63179501387273,-0.00189645578487553
q;1565696005656;0.07090381,0.7387651,-0.07685382,0.6658019,
v;1565696005656;0.209498736896655,1.67485765940211,0.00247786204627206
q;1565696005679;0.07297843,0.7522817,-0.07755277,0.6501783,
v;1565696005679;0.213192342942171,1.71712625271323,0.00916196649144544
q;1565696005703;0.07531423,0.7634795,-0.077535905,0.63672215,
v;1565696005703;0.215977811454556,1.75316534827616,0.0166517003942371
q;1565696005728;0.07764362,0.77498466,-0.07777879,0.622351,
v;1565696005728;0.218942927865331,1.79104779006262,0.0241116982475206
q;1565696005752;0.08029213,0.785984,-0.07794266,0.6080356,
v;1565696005752;0.221982914759202,1.82831784805174,0.0322290887844834
q;1565696005775;0.08370791,0.7978362,-0.07768419,0.5919591,
v;1565696005775;0.224954322798656,1.86974937888567,0.0426868360400458
q;1565696005798;0.086178325,0.8104452,-0.07767743,0.57421094,
v;1565696005798;0.226815440904572,1.9146641311649,0.051829244898735
q;1565696005821;0.08758582,0.82128435,-0.07686489,0.55849135,
v;1565696005821;0.226006837504549,1.95397044655212,0.0595579006817149
q;1565696005843;0.088469036,0.8322313,-0.07528332,0.5421226,
v;1565696005843;0.223073899650461,1.9944089633056,0.0673461599902416
q;1565696005866;0.09291221,0.8442592,-0.07023996,0.52312535,
v;1565696005866;0.217522253951722,2.04148383764359,0.0855121709540788
q;1565696005888;0.09706137,0.8557738,-0.06543453,0.5039333,
v;1565696005888;0.211390066228971,2.08811084213568,0.102636645213682
q;1565696005914;0.0982649,0.86724496,-0.062161013,0.48411384,
v;1565696005914;0.204380350913842,2.13491078075335,0.112836239027244
q;1565696005950;0.10251318,0.87989134,-0.057224005,0.460443,
v;1565696005950;0.196364266969368,2.19025313574963,0.130577135556779
q;1565696005980;0.10434038,0.88723487,-0.05375345,0.4461367,
v;1565696005980;0.189618265231136,2.22310842230386,0.140148174611521
q;1565696006008;0.10966361,0.89104253,-0.048736453,0.4377692,
v;1565696006008;0.183902048363456,2.24268079660105,0.156011414593022
q;1565696006034;0.11248189,0.8929134,-0.045420416,0.4335787,
v;1565696006034;0.17961674720262,2.2523865811184,0.164872904007412
q;1565696006062;0.11535566,0.8924745,-0.042240273,0.43404856,
v;1565696006062;0.176450855004945,2.25158766704148,0.172762612761965
q;1565696006088;0.11815752,0.89153033,-0.04015864,0.4354305,
v;1565696006088;0.175402084887001,2.24874743569408,0.179408348181473
q;1565696006115;0.12093915,0.891031,-0.03953042,0.43574622,
v;1565696006115;0.176762263775644,2.24835550238398,0.184989963965577
q;1565696006138;0.12277311,0.89127195,-0.039599538,0.43473315,
v;1565696006138;0.178277864460248,2.25086283397049,0.188502357008171
q;1565696006163;0.1246091,0.8918444,-0.039825667,0.4330128,
v;1565696006163;0.179920408001774,2.25496623892798,0.192032671237551
q;1565696006187;0.12682581,0.89293605,-0.040536348,0.43004334,
v;1565696006187;0.182485053974011,2.26194546492562,0.196120315820434
q;1565696006210;0.12842114,0.8938264,-0.041818753,0.42759046,
v;1565696006210;0.185645234471888,2.26772312302587,0.19849917251523
q;1565696006233;0.13002431,0.89509207,-0.04293008,0.42433578,
v;1565696006233;0.188311673017144,2.27528130498131,0.201222419438896
q;1565696006256;0.13278182,0.8957575,-0.04292405,0.42207226,
v;1565696006256;0.190129563344879,2.28071237247035,0.206818170399134
q;1565696006279;0.1342625,0.8958909,-0.043608945,0.42124978,
v;1565696006279;0.192439378940542,2.28280310462052,0.209184143246925
q;1565696006303;0.13660917,0.8960485,-0.045008376,0.4200111,
v;1565696006303;0.196679684211186,2.28600193413914,0.21267794701762
q;1565696006326;0.13963427,0.895985,-0.045860868,0.4190584,
v;1565696006326;0.200552846896427,2.28863387071176,0.2178340280457
q;1565696006349;0.14182407,0.8959684,-0.046440233,0.41829407,
v;1565696006349;0.203263074238481,2.29071054125599,0.221623502451771
q;1565696006372;0.14379355,0.8953879,-0.04726658,0.41877195,
v;1565696006372;0.206542642605303,2.29001110497467,0.224528113100498
q;1565696006395;0.14615731,0.8950787,-0.04906416,0.41840744,
v;1565696006395;0.211717317187394,2.29133274022192,0.227584367385763
q;1565696006418;0.1494997,0.8954729,-0.050613616,0.4161929,
v;1565696006418;0.216781600461973,2.2969309926245,0.233128948172895
q;1565696006441;0.15170759,0.8965179,-0.05166892,0.4130022,
v;1565696006441;0.219718972207155,2.3044899693204,0.237206003204203
q;1565696006465;0.15371394,0.8973048,-0.05138848,0.41057938,
v;1565696006465;0.220221529606844,2.31019206088486,0.241790200387613
q;1565696006488;0.15493086,0.89758795,-0.05096469,0.4095546,
v;1565696006488;0.220170362281205,2.31263587835799,0.244663505663202
q;1565696006515;0.15728927,0.89695954,-0.049638007,0.41019472,
v;1565696006515;0.219851832072891,2.31148344522433,0.249992424118732
q;1565696006538;0.15965737,0.8957584,-0.04842614,0.41204536,
v;1565696006538;0.220101218015291,2.30764559680541,0.254958964673086
q;1565696006562;0.15975764,0.893988,-0.048104133,0.41587126,
v;1565696006562;0.22067290242815,2.29911398180246,0.254474743777355
q;1565696006589;0.15973824,0.891725,-0.047059342,0.42082727,
v;1565696006589;0.220146303951131,2.28794958748682,0.254068068110166
q;1565696006618;0.15751955,0.889004,-0.04623383,0.4274599,
v;1565696006618;0.218607732586065,2.27266678925707,0.248973520012686
q;1565696006646;0.15183805,0.8857633,-0.04551309,0.43623075,
v;1565696006646;0.214747262014043,2.25199851987019,0.236875944379325
q;1565696006673;0.14771968,0.8830061,-0.04337618,0.44339338,
v;1565696006673;0.209119557814841,2.23505056683594,0.229368533365379
q;1565696006702;0.14453907,0.87899363,-0.041902766,0.45246318,
v;1565696006702;0.205913802619445,2.21393717651236,0.222680121801609
q;1565696006729;0.13882664,0.8746453,-0.043168694,0.46244922,
v;1565696006729;0.205355428682424,2.19045454532258,0.208790334468202
q;1565696006755;0.13303421,0.86936176,-0.04377622,0.47391522,
v;1565696006755;0.203612601960943,2.16338896827278,0.195055662478924
q;1565696006783;0.12763956,0.8619664,-0.04308448,0.48873907,
v;1565696006783;0.200377843042335,2.12838681662056,0.182573249281171
q;1565696006809;0.12105036,0.85409236,-0.044193186,0.50390464,
v;1565696006809;0.198792546265431,2.09215985578836,0.166262366296248
q;1565696006836;0.11499287,0.84640485,-0.04574194,0.5179605,
v;1565696006836;0.197844083083305,2.05825954918199,0.150776773935723
q;1565696006863;0.11044904,0.8374736,-0.046177078,0.53320426,
v;1565696006863;0.196387921227234,2.02138230416491,0.138859102790108
q;1565696006887;0.10689585,0.828241,-0.046406265,0.5481211,
v;1565696006887;0.195293928476065,1.98501013970951,0.12900147639094
q;1565696006914;0.103379115,0.81973237,-0.047265112,0.56135345,
v;1565696006914;0.19478329276109,1.95232299323823,0.118945833093347
q;1565696006941;0.10017722,0.809639,-0.048062168,0.57631534,
v;1565696006941;0.19451769524065,1.91501976932869,0.109086239468692
q;1565696006969;0.09779487,0.7979045,-0.04860132,0.59280896,
v;1565696006969;0.194734208738966,1.87346071386658,0.100504888982508
q;1565696006997;0.09626817,0.7838861,-0.049381968,0.6114053,
v;1565696006997;0.196397557005414,1.82589509587931,0.0924480973246947
q;1565696007024;0.09502559,0.7680484,-0.050426416,0.6312915,
v;1565696007024;0.198743326705556,1.77402166083227,0.0840524900867304
q;1565696007051;0.09526892,0.7504125,-0.05174092,0.6520182,
v;1565696007051;0.203285443080236,1.7187615478191,0.0771740642919809
q;1565696007077;0.09593286,0.7345298,-0.052358974,0.66971743,
v;1565696007077;0.206886985537494,1.670559929283,0.0724055948440727
q;1565696007102;0.09724671,0.7198766,-0.05172807,0.68530643,
v;1565696007102;0.209287751145892,1.62741998418903,0.0707127472842505
q;1565696007129;0.09840233,0.70180213,-0.05150581,0.70366037,
v;1565696007129;0.212370172586249,1.57531638549178,0.0671916690357569
q;1565696007157;0.09938755,0.6843875,-0.051959112,0.7204416,
v;1565696007157;0.216001931640284,1.52627566780527,0.0626685233636821
q;1565696007180;0.09993957,0.66989625,-0.052386552,0.7338303,
v;1565696007180;0.218601357820883,1.48618194042067,0.0584357379041258
q;1565696007203;0.100801125,0.65460396,-0.052009452,0.7474142,
v;1565696007203;0.220555367243921,1.44475208263259,0.0555992015878558
q;1565696007226;0.10155671,0.64194757,-0.05133156,0.7582576,
v;1565696007226;0.2217290123542,1.41104425689869,0.0538877580170307
q;1565696007253;0.10341696,0.62813425,-0.050647136,0.769537,
v;1565696007253;0.224678296449648,1.37516033930654,0.0533349559928398
q;1565696007281;0.1044236,0.61432445,-0.050417025,0.7804866,
v;1565696007281;0.226888912053609,1.33945990085771,0.0509269735418005
q;1565696007309;0.10642543,0.6030575,-0.0493961,0.78902173,
v;1565696007309;0.229531494982939,1.31116564631577,0.0517930314189651
q;1565696007337;0.1087863,0.59378195,-0.048185617,0.79578054,
v;1565696007337;0.23245125450658,1.28838520747593,0.0539775791862528
q;1565696007364;0.11075562,0.5847795,-0.04671345,0.80223686,
v;1565696007364;0.234481409473582,1.26638197476304,0.0561499685583642
q;1565696007391;0.11177704,0.5780173,-0.04566981,0.8070416,
v;1565696007391;0.235380821454217,1.24980899675516,0.0571081565463977
q;1565696007418;0.11238153,0.57364017,-0.044325687,0.8101497,
v;1565696007418;0.235105634091632,1.23918049057728,0.0587616653850385
q;1565696007445;0.11246756,0.5707043,-0.042914376,0.81228447,
v;1565696007445;0.233818854646196,1.23201423173909,0.0603313711266929
q;1565696007473;0.11224691,0.56827086,-0.041300967,0.81410265,
v;1565696007473;0.231770750880891,1.22603212804026,0.0620239878189548
q;1565696007500;0.11233488,0.56732327,-0.040052827,0.8148135,
v;1565696007500;0.23054666117759,1.2238289756967,0.0639228826212995
q;1565696007527;0.111947015,0.5679648,-0.03997191,0.8144238,
v;1565696007527;0.229766229109244,1.22529544062943,0.0637738613548897
q;1565696007552;0.11099575,0.56935674,-0.0398125,0.81358945,
v;1565696007552;0.227912985683767,1.22844057735004,0.0632880701051937
q;1565696007577;0.10975593,0.57149637,-0.039834887,0.8122553,
v;1565696007577;0.2257430880682,1.23333622586641,0.0623596031776359
q;1565696007602;0.10849545,0.5739756,-0.03931768,0.81070024,
v;1565696007602;0.22289030883859,1.2391327549242,0.0623803514435396
q;1565696007625;0.107472375,0.57682633,-0.038945805,0.808829,
v;1565696007625;0.220567570732925,1.24593787795701,0.0625396925716912
q;1565696007648;0.10645495,0.5796567,-0.0387726,0.80694616,
v;1565696007648;0.21849066712444,1.25269182867648,0.0623619106650556
q;1565696007670;0.105311364,0.58277464,-0.03820886,0.8048748,
v;1565696007670;0.215728639646009,1.26017400952816,0.0627331852375588
q;1565696007694;0.10465944,0.58609194,-0.03743965,0.8025839,
v;1565696007694;0.21350040214424,1.26835894684751,0.0640809839454878
q;1565696007721;0.10388039,0.5892973,-0.0366047,0.80037344,
v;1565696007721;0.210990269785306,1.27624231606707,0.0653322511086129
q;1565696007745;0.10311836,0.59184885,-0.03623278,0.7986043,
v;1565696007745;0.209110838132025,1.28246008672563,0.0656662947016701
q;1565696007767;0.102157615,0.59418213,-0.03633866,0.79698867,
v;1565696007767;0.207506452976376,1.28803518111705,0.0649146307685233
q;1565696007789;0.101603195,0.5960049,-0.03613612,0.7957067,
v;1565696007789;0.206225958926812,1.29248612707858,0.0650272288596508
q;1565696007812;0.10126877,0.59770787,-0.035407316,0.7945038,
v;1565696007812;0.204669233326827,1.29675064393597,0.0662254145891107
q;1565696007837;0.10116109,0.59943724,-0.034817483,0.79323965,
v;1565696007837;0.203636240273494,1.3011536565528,0.0674868247014451
q;1565696007861;0.10116705,0.6008086,-0.034718104,0.7922051,
v;1565696007861;0.203407733845564,1.30465480827333,0.0680097825341676
q;1565696007885;0.101467334,0.60172397,-0.034652427,0.79147446,
v;1565696007885;0.203726334226242,1.3070949093522,0.0687320317071251
q;1565696007912;0.101764254,0.6026931,-0.03429552,0.79071426,
v;1565696007912;0.20367756740516,1.30969350687445,0.06993063165478
q;1565696007937;0.10193383,0.60295093,-0.034664292,0.7904797,
v;1565696007937;0.204374769038034,1.31038510165007,0.0696234195084789
q;1565696007959;0.101956464,0.6032142,-0.035210166,0.7902517,
v;1565696007959;0.205055075873658,1.31102846000068,0.0688490303239421
q;1565696007982;0.10206337,0.6035727,-0.03559079,0.78994703,
v;1565696007982;0.20565925905236,1.31195557247174,0.0684709293686929
