q;1565692151125;0.077952236,-0.4374587,-0.02959588,0.89536446,
v;1565692151125;0.113943771806493,-0.915926362725079,-0.122295644155826
q;1565692151143;0.07814946,-0.43860537,-0.029311419,0.8947954,
v;1565692151143;0.114392583711317,-0.918512203360115,-0.122108294694652
q;1565692151162;0.07894763,-0.44007236,-0.029243559,0.89400697,
v;1565692151162;0.115678720102533,-0.921977671031522,-0.122901724792568
q;1565692151182;0.0798649,-0.441725,-0.029346488,0.89310664,
v;1565692151182;0.116996317844823,-0.925906268832083,-0.124140822891806
q;1565692151200;0.08046834,-0.44374755,-0.029028067,0.8920596,
v;1565692151200;0.118077027235515,-0.93055934161849,-0.12438920310879
q;1565692151219;0.080688685,-0.44632486,-0.028356679,0.8907746,
v;1565692151219;0.118716944621419,-0.936340975086707,-0.123729667410619
q;1565692151238;0.081299655,-0.44962096,-0.027678948,0.8890811,
v;1565692151238;0.119961418396752,-0.943844473965881,-0.123525098659273
q;1565692151259;0.08179087,-0.45460707,-0.027040591,0.8865165,
v;1565692151259;0.120725263812702,-0.955147257515599,-0.123519878557354
q;1565692151278;0.082445785,-0.46056557,-0.0261773,0.8834007,
v;1565692151278;0.121853933980425,-0.968709362665981,-0.123419393821293
q;1565692151298;0.08256452,-0.4671864,-0.024892744,0.8799434,
v;1565692151298;0.122350132092248,-0.983657631633309,-0.122169126691165
q;1565692151317;0.081798755,-0.4747011,-0.022166802,0.8760574,
v;1565692151317;0.122582364108996,-1.00037395146036,-0.117650719978973
q;1565692151338;0.07994505,-0.48430914,-0.017558228,0.87105983,
v;1565692151338;0.122573320299089,-1.02157472937984,-0.109057427037178
q;1565692151359;0.07728599,-0.49593908,-0.012062688,0.86482704,
v;1565692151359;0.122015845128233,-1.04736046214855,-0.0984118195183071
q;1565692151381;0.0743794,-0.50879985,-0.0059841387,0.8576448,
v;1565692151381;0.12179363846697,-1.07617631175016,-0.0867030397716587
q;1565692151402;0.07134342,-0.5234855,0.0007479872,0.8490421,
v;1565692151402;0.122234417085264,-1.10954737568965,-0.0740439473174854
q;1565692151429;0.06735574,-0.54385924,0.010065942,0.8364084,
v;1565692151429;0.123939788948866,-1.15660723650203,-0.0568924625473792
q;1565692151451;0.06375719,-0.5605303,0.017821854,0.8254836,
v;1565692151451;0.125570143148093,-1.19569563458231,-0.0423988095007609
q;1565692151471;0.061194334,-0.5765202,0.024597585,0.81441677,
v;1565692151471;0.128389830884465,-1.23398476405481,-0.0307520846917801
q;1565692151490;0.05899513,-0.59228903,0.030684855,0.80297685,
v;1565692151490;0.131470459260759,-1.27242552482213,-0.0207867496997641
q;1565692151508;0.057668943,-0.60836136,0.03593925,0.7907459,
v;1565692151508;0.13534388836793,-1.31245440089244,-0.0134529131348886
q;1565692151528;0.056941517,-0.6251242,0.040620793,0.77738494,
v;1565692151528;0.139771692234651,-1.35508515430571,-0.00811427503524369
q;1565692151547;0.05724127,-0.6419684,0.044284523,0.76330787,
v;1565692151547;0.144748892203237,-1.3989637878802,-0.0059509924783519
q;1565692151568;0.058062594,-0.6611194,0.04796109,0.74649155,
v;1565692151568;0.150671932056656,-1.45003849424721,-0.00522675817239893
q;1565692151588;0.058742095,-0.67798,0.051069424,0.73094773,
v;1565692151588;0.15575185617649,-1.4960376538582,-0.00505498296131065
q;1565692151611;0.05993109,-0.69677585,0.054687563,0.71268576,
v;1565692151611;0.162346216811262,-1.54868038238447,-0.00564118429874052
q;1565692151633;0.06051801,-0.7136266,0.058406487,0.69545907,
v;1565692151633;0.168330259692692,-1.59702065554973,-0.00520953659715544
q;1565692151656;0.06068387,-0.72903967,0.06192991,0.6789575,
v;1565692151656;0.173572496028659,-1.64229336581276,-0.00445327241535918
q;1565692151678;0.06117906,-0.74302703,0.0656882,0.6632141,
v;1565692151678;0.179731949026481,-1.68453366178825,-0.00384668267544149
q;1565692151699;0.062008582,-0.75563335,0.069178775,0.64837295,
v;1565692151699;0.186028059891081,-1.72367211593206,-0.00407452259511561
q;1565692151721;0.06378567,-0.7671924,0.072929785,0.6340571,
v;1565692151721;0.194004562471316,-1.7607856141674,-0.00549151407474179
q;1565692151743;0.06715109,-0.7785153,0.076263554,0.6193453,
v;1565692151743;0.203322103585865,-1.79860438624735,-0.0103017366483497
q;1565692151766;0.07097544,-0.78889763,0.07964454,0.6051941,
v;1565692151766;0.213181671706244,-1.83453872303301,-0.0159455251652315
q;1565692151787;0.07374472,-0.7981138,0.08358297,0.59210634,
v;1565692151787;0.222580170932274,-1.86716849042345,-0.0192083446856666
q;1565692151809;0.07660257,-0.8065198,0.089358345,0.5793729,
v;1565692151809;0.235060122754118,-1.8981370919864,-0.0205869193505495
q;1565692151830;0.080730654,-0.81474483,0.09570533,0.5661396,
v;1565692151830;0.249955132129539,-1.93005349589541,-0.0239305000211905
q;1565692151852;0.08561751,-0.8230053,0.101897776,0.55222166,
v;1565692151852;0.265388831190314,-1.96355177544381,-0.029421122873862
q;1565692151876;0.08928644,-0.8326874,0.109753214,0.5353634,
v;1565692151876;0.282108711200421,-2.00341928294229,-0.032468625369758
q;1565692151899;0.09198805,-0.8407479,0.11567135,0.5208658,
v;1565692151899;0.294569320090876,-2.03758562900638,-0.0357250670245632
q;1565692151923;0.0944858,-0.84838194,0.11965496,0.50695497,
v;1565692151923;0.303462526023688,-2.07060465723802,-0.0408794890372209
q;1565692151949;-0.09807133,0.8558627,-0.122729056,-0.49276635,
v;1565692151949;0.311756506534312,-2.10454259520668,-0.049313820487959
q;1565692151972;-0.10147609,0.8615442,-0.12429771,-0.4816579,
v;1565692151972;0.317223146030011,-2.1313290481721,-0.0580412344592529
q;1565692151992;-0.103518166,0.8660004,-0.12523499,-0.47290957,
v;1565692151992;0.320263386617941,-2.15229231452417,-0.0641473751260791
q;1565692152012;-0.10507079,0.86965966,-0.12531185,-0.46577805,
v;1565692152012;0.321338317696863,-2.16946260757842,-0.0696343518886794
q;1565692152034;-0.10645999,0.8728106,-0.1249181,-0.459634,
v;1565692152034;0.321431370741567,-2.18431957559442,-0.0749085552365359
q;1565692152054;-0.10748173,0.875524,-0.124226674,-0.4543932,
v;1565692152054;0.320672450762563,-2.1969896177118,-0.0794389274042256
q;1565692152074;-0.1079052,0.87748563,-0.12308193,-0.4508063,
v;1565692152074;0.318659615210325,-2.20571049377198,-0.0826484677914636
q;1565692152093;-0.108241014,0.8793326,-0.12180102,-0.44746247,
v;1565692152093;0.316323731101588,-2.21384050121009,-0.0857090447844025
q;1565692152112;-0.108287916,0.88068676,-0.120525226,-0.4451273,
v;1565692152112;0.313819412134657,-2.2195301708964,-0.0878344147003196
q;1565692152131;-0.10840679,0.88200694,-0.11939401,-0.44278306,
v;1565692152131;0.311633715993627,-2.22521101157138,-0.0899476151851628
q;1565692152150;-0.10795091,0.88266236,-0.11811328,-0.44193095,
v;1565692152150;0.308806688974223,-2.22731719170018,-0.0905749952995857
q;1565692152168;-0.10781498,0.88344646,-0.11592966,-0.44097456,
v;1565692152168;0.304611541081524,-2.22988419397643,-0.0926448806458752
q;1565692152188;-0.10749639,0.8840193,-0.11334799,-0.4405753,
v;1565692152188;0.299585432794087,-2.23117167087033,-0.0945258374240463
q;1565692152207;-0.106846444,0.8846373,-0.11141131,-0.43998662,
v;1565692152207;0.295417419280605,-2.23270513443425,-0.0952663981731977
q;1565692152226;-0.10633072,0.8850956,-0.109378815,-0.4396997,
v;1565692152226;0.291227848068931,-2.2335759369368,-0.0962323992365495
q;1565692152245;-0.105719335,0.88537014,-0.10768668,-0.43971214,
v;1565692152245;0.287605916501605,-2.23367747693729,-0.0966115027287938
q;1565692152264;-0.105186425,0.8856676,-0.10565955,-0.43973255,
v;1565692152264;0.283446491315676,-2.23382018354819,-0.0974322775742021
q;1565692152285;-0.10459396,0.8859916,-0.10377554,-0.43967,
v;1565692152285;0.279486558317,-2.23411366478893,-0.0980398672593059
q;1565692152304;-0.10398119,0.8863404,-0.10231263,-0.43945512,
v;1565692152304;0.27625832719812,-2.23468830110298,-0.0982805118065389
q;1565692152324;-0.10340418,0.88651586,-0.10096282,-0.4395496,
v;1565692152324;0.273302483985184,-2.23454133370326,-0.0983869775936539
q;1565692152343;-0.103079855,0.8865395,-0.099423945,-0.4399285,
v;1565692152343;0.270260034091313,-2.23381293699231,-0.0990408700584494
q;1565692152363;-0.1027936,0.88637257,-0.09788025,-0.44067743,
v;1565692152363;0.267285578102236,-2.2322405640343,-0.099657339498758
q;1565692152383;-0.10241108,0.8860854,-0.09664991,-0.44161463,
v;1565692152383;0.264816957406736,-2.2301758731204,-0.0997632383729093
q;1565692152407;-0.10316791,0.8854081,-0.095214725,-0.44310614,
v;1565692152407;0.26305994743257,-2.2270751396227,-0.101990177443944
q;1565692152428;-0.10369755,0.8849022,-0.093969986,-0.44425738,
v;1565692152428;0.261412476829922,-2.22468273198519,-0.103734578183741
q;1565692152447;-0.104444586,0.884228,-0.09355067,-0.4455114,
v;1565692152447;0.261471950539661,-2.22199222344071,-0.105109346167197
q;1565692152467;-0.10525838,0.88352394,-0.09292863,-0.44684505,
v;1565692152467;0.261238999313692,-2.21915224131031,-0.106765518767216
q;1565692152486;-0.106419064,0.8825982,-0.09294343,-0.4483937,
v;1565692152486;0.262503067904674,-2.21580377420554,-0.108419124720503
q;1565692152505;-0.10812117,0.8815469,-0.09351091,-0.449934,
v;1565692152505;0.265263215790161,-2.21250608167421,-0.110564707630499
q;1565692152525;-0.11017412,0.88042134,-0.094475485,-0.45143586,
v;1565692152525;0.269064345433878,-2.20931214805406,-0.112997354983017
q;1565692152544;-0.11240743,0.8792581,-0.09578766,-0.45287356,
v;1565692152544;0.273659806890823,-2.20625588916706,-0.115453914294481
q;1565692152563;-0.1147245,0.8778356,-0.09695702,-0.45479926,
v;1565692152563;0.278150685294961,-2.20210089024826,-0.118026196846868
q;1565692152583;-0.116935484,0.8764403,-0.09825697,-0.45664442,
v;1565692152583;0.282782392749063,-2.19808920583656,-0.120293041918464
q;1565692152602;-0.11863952,0.87517756,-0.09915035,-0.45843002,
v;1565692152602;0.286215964678367,-2.19416130876093,-0.122007861008949
q;1565692152622;-0.12016411,0.8736547,-0.09985229,-0.46077925,
v;1565692152622;0.289226670998307,-2.18890322390251,-0.123367986450423
q;1565692152642;-0.12090224,0.8718144,-0.10045876,-0.4639293,
v;1565692152642;0.291451662784275,-2.18162066977555,-0.123085346053197
q;1565692152662;-0.12144438,0.8702746,-0.100404724,-0.46668223,
v;1565692152662;0.292253845043278,-2.17529919275043,-0.123187363596662
q;1565692152682;-0.12147584,0.86853355,-0.10006393,-0.46997905,
v;1565692152682;0.292137650242901,-2.16763033541311,-0.122436066046714
q;1565692152703;-0.12087317,0.8664527,-0.099357285,-0.47410703,
v;1565692152703;0.290874828864957,-2.15792370284181,-0.120595430767153
q;1565692152723;-0.120428555,0.86445767,-0.09808464,-0.47811016,
v;1565692152723;0.288731298770903,-2.14860444639274,-0.119646353210815
q;1565692152743;-0.11988974,0.8618428,-0.09652451,-0.48325604,
v;1565692152743;0.286141571148284,-2.13659545449559,-0.118441411082942
q;1565692152762;-0.1185739,0.85907054,-0.09517057,-0.48875415,
v;1565692152762;0.283193575658753,-2.12355515279035,-0.115545788584731
q;1565692152783;-0.11619935,0.8554885,-0.094480485,-0.495692,
v;1565692152783;0.280516621103967,-2.10678021940846,-0.10964468308951
q;1565692152803;0.11395956,-0.8519246,0.09334704,0.5025177,
v;1565692152803;0.277115846295663,-2.09031860814596,-0.104523516871746
q;1565692152822;0.11228248,-0.8482961,0.09139442,0.50934595,
v;1565692152822;0.272811803402847,-2.07403227874996,-0.10130830021993
q;1565692152841;0.11058599,-0.8443394,0.08873134,0.5167093,
v;1565692152841;0.26729177338599,-2.05652703948496,-0.0987072392456165
q;1565692152860;0.10929713,-0.8398445,0.086053304,0.52470005,
v;1565692152860;0.262234397074215,-2.03750764247226,-0.0967334912147277
q;1565692152882;0.107455835,-0.83374596,0.0829776,0.53519684,
v;1565692152882;0.256177362691279,-2.0123038420409,-0.09354784404553
q;1565692152903;0.1050366,-0.8277438,0.07970058,0.54539466,
v;1565692152903;0.249083784947648,-1.98764402478043,-0.089839900179492
q;1565692152922;0.10341396,-0.8223893,0.076701246,0.5541644,
v;1565692152922;0.24316244769252,-1.96640992402119,-0.0877744192373021
q;1565692152941;0.10252191,-0.81676143,0.073462985,0.56302154,
v;1565692152941;0.237679041064616,-1.9449609459041,-0.0873117631326064
q;1565692152959;0.10118449,-0.81032544,0.07052152,0.5728534,
v;1565692152959;0.232302230334007,-1.92084452634544,-0.0855883917226134
q;1565692152978;0.09994125,-0.8033349,0.067568,0.5831803,
v;1565692152978;0.227073381670999,-1.89531822464546,-0.0840169716361896
q;1565692152998;0.09879479,-0.7961273,0.063959844,0.5935739,
v;1565692152998;0.22091694287283,-1.86953069064298,-0.0835006337451516
q;1565692153017;0.09739247,-0.7883011,0.058901586,0.6046707,
v;1565692153017;0.212234835940444,-1.84192283388364,-0.084306262431143
q;1565692153039;0.09532616,-0.7788127,0.051154662,0.6178567,
v;1565692153039;0.198782154552576,-1.80895981038803,-0.0870928907945351
q;1565692153062;0.09351579,-0.7678704,0.04088741,0.63242227,
v;1565692153062;0.182079817558101,-1.7722025030179,-0.0935810362021416
q;1565692153086;0.093627654,-0.7543212,0.026541252,0.6492526,
v;1565692153086;0.162329231959905,-1.72906137602106,-0.108421561584048
q;1565692153106;0.09560986,-0.7416945,0.0137412725,0.66374636,
v;1565692153106;0.147843038734389,-1.69089578920799,-0.125275643785633
q;1565692153126;0.09840213,-0.7305189,0.0037479738,0.6757553,
v;1565692153126;0.138913793164895,-1.65843326398044,-0.140514878424768
q;1565692153145;0.10196318,-0.7157987,-0.007923903,0.6907772,
v;1565692153145;0.129888760566313,-1.61672778017328,-0.15891865452713
q;1565692153164;0.104600675,-0.7012969,-0.018042915,0.7049225,
v;1565692153164;0.122469779329525,-1.57635527883014,-0.17433079565276
q;1565692153183;0.10591413,-0.68610305,-0.02718462,0.7192398,
v;1565692153183;0.115307763858718,-1.53445747132252,-0.186757252227441
q;1565692153202;0.105931215,-0.6715384,-0.034758594,0.73253447,
v;1565692153202;0.10872716653757,-1.49464400229875,-0.195589772786424
q;1565692153221;0.10588334,-0.6576493,-0.041495755,0.7446908,
v;1565692153221;0.103305035891033,-1.45737773783845,-0.203551648695834
q;1565692153240;0.105485804,-0.64428276,-0.047543522,0.7559842,
v;1565692153240;0.0983869129747033,-1.42198576469314,-0.210367735656186
q;1565692153259;0.10484092,-0.6320287,-0.052822977,0.7660012,
v;1565692153259;0.0939835630599244,-1.38992159981608,-0.216073451547074
q;1565692153277;0.10374125,-0.61972904,-0.057772465,0.7757809,
v;1565692153277;0.0894737453689433,-1.35800188563709,-0.220888776138465
q;1565692153296;0.10242828,-0.6074066,-0.062416587,0.78528327,
v;1565692153296;0.0851487908525053,-1.32636135415634,-0.225167388488112
q;1565692153315;0.10141863,-0.595327,-0.06630744,0.79429424,
v;1565692153315;0.0822559751789223,-1.29582630524677,-0.228849081183677
q;1565692153339;0.10082646,-0.5800383,-0.069735005,0.8053115,
v;1565692153339;0.0815859475045193,-1.25791322947351,-0.232127444440509
q;1565692153360;0.10088311,-0.56642187,-0.07229026,0.8147165,
v;1565692153360;0.0825825351658381,-1.22480067281718,-0.235028351619852
q;1565692153378;0.101262584,-0.5529569,-0.074977845,0.82362795,
v;1565692153378;0.0839850519218993,-1.1925722577433,-0.238585432226354
q;1565692153397;0.10235553,-0.53859633,-0.07711602,0.83276075,
v;1565692153397;0.0875182057215009,-1.15883520765314,-0.241966267528925
q;1565692153416;0.10383802,-0.5247336,-0.078287385,0.84127486,
v;1565692153416;0.0926852346563414,-1.12675927611311,-0.244153057806862
q;1565692153434;0.10530995,-0.51082146,-0.0783556,0.84960675,
v;1565692153434;0.0990545492587541,-1.0948402203379,-0.244341991554039
q;1565692153454;0.10651506,-0.49628946,-0.07833842,0.85802937,
v;1565692153454;0.105223097814957,-1.06168856842776,-0.243904709241442
q;1565692153474;0.10738516,-0.48124757,-0.07870547,0.86641484,
v;1565692153474;0.110551609840916,-1.02757785384794,-0.243615957863716
q;1565692153493;0.10771697,-0.4668151,-0.07903261,0.8742051,
v;1565692153493;0.114798198579803,-0.994948984675925,-0.242706950725887
q;1565692153513;0.10762793,-0.45199955,-0.07891117,0.8819783,
v;1565692153513;0.118794581599399,-0.96153919831652,-0.24048119387429
q;1565692153534;0.10785742,-0.43631256,-0.07955668,0.88975775,
v;1565692153534;0.122819340347221,-0.926645230533786,-0.239771156363861
q;1565692153557;0.10883192,-0.41893518,-0.07962542,0.89794695,
v;1565692153557;0.129093059645334,-0.888541673515977,-0.238402739288427
q;1565692153576;0.10924146,-0.4044467,-0.079322845,0.9045425,
v;1565692153576;0.133862789552217,-0.856829855283266,-0.236148254014137
q;1565692153596;0.1096539,-0.39040515,-0.07949775,0.9106261,
v;1565692153596;0.138073034398325,-0.826345422948074,-0.234768828783336
q;1565692153614;0.10985268,-0.37705815,-0.07953707,0.916206,
v;1565692153614;0.141789789231853,-0.797456498564937,-0.233006250660295
q;1565692153633;0.11016086,-0.36180642,-0.079536475,0.92229855,
v;1565692153633;0.146168722247119,-0.764661897238368,-0.230913755315351
q;1565692153653;0.11046561,-0.34577554,-0.07923875,0.92841685,
v;1565692153653;0.150890551027863,-0.730355137455091,-0.228066763889118
q;1565692153671;0.110589296,-0.33089486,-0.07856327,0.9338664,
v;1565692153671;0.155180963728254,-0.698575851619468,-0.224477368159042
q;1565692153690;0.11057181,-0.31600386,-0.077679634,0.93908536,
v;1565692153690;0.159250877312888,-0.666850174037501,-0.220321353526039
q;1565692153708;0.110050544,-0.29896942,-0.07651903,0.9448021,
v;1565692153708;0.162918016877814,-0.630542392401134,-0.214867075127672
q;1565692153727;0.10827384,-0.28153682,-0.07431498,0.95052147,
v;1565692153727;0.16473245399381,-0.593025140220783,-0.206481676026739
q;1565692153746;0.10449838,-0.26048175,-0.07187345,0.9571121,
v;1565692153746;0.163314898767053,-0.547516774873351,-0.195861145783054
q;1565692153764;0.09988663,-0.23660035,-0.07120351,0.96383244,
v;1565692153764;0.159530208291529,-0.496509642603185,-0.188001651121976
q;1565692153783;0.0945036,-0.21001235,-0.07134067,0.97050214,
v;1565692153783;0.154075936950352,-0.440251776641438,-0.181293774568891
q;1565692153805;0.08852636,-0.17869364,-0.06954607,0.9774431,
v;1565692153805;0.148752049137448,-0.374360397721239,-0.170286056930111
q;1565692153823;0.08378413,-0.14968129,-0.06880104,0.98277265,
v;1565692153823;0.144588308286393,-0.31409735175839,-0.162720995639122
q;1565692153842;0.08020531,-0.12304245,-0.06912366,0.98673683,
v;1565692153842;0.141746969243631,-0.259380197527368,-0.158394479438869
q;1565692153860;0.07712931,-0.09617697,-0.069817536,0.98991245,
v;1565692153860;0.139727070533923,-0.204587764558946,-0.155191241833436
q;1565692153879;0.07475251,-0.070360735,-0.07008133,0.99224496,
v;1565692153879;0.138930152432253,-0.152154489534731,-0.151630767579938
q;1565692153897;0.07310115,-0.0440561,-0.07063605,0.993844,
v;1565692153897;0.139530689850137,-0.099019427338157,-0.148833525356503
q;1565692153916;0.07218149,-0.019794244,-0.071272396,0.99464476,
v;1565692153916;0.141237414572365,-0.0501861575392719,-0.146618449579595
q;1565692153935;0.07157632,0.0064158365,-0.071834005,0.99482435,
v;1565692153935;0.143828861579352,0.00250793167669208,-0.143984567947107
q;1565692153953;0.07158256,0.029283466,-0.07242689,0.9943706,
v;1565692153953;0.147131272844532,0.0484099682152697,-0.141848620443285
q;1565692153975;0.071289286,0.05368151,-0.07219988,0.9933898,
v;1565692153975;0.149948991231103,0.0976076343827943,-0.13776785644686
q;1565692153994;0.071320295,0.07302336,-0.07113827,0.99223,
v;1565692153994;0.152512336196689,0.136773419068736,-0.132679451118777
q;1565692154014;0.07122917,0.09167653,-0.06967049,0.9907915,
v;1565692154014;0.154535154494923,0.174698040176219,-0.126845189259906
q;1565692154033;0.07129468,0.10788116,-0.06804858,0.98926646,
v;1565692154033;0.156377755739128,0.207751458823072,-0.121021975625659
q;1565692154053;0.07175272,0.12145858,-0.06543911,0.9878345,
v;1565692154053;0.158316421846244,0.23566648305472,-0.113516266403212
q;1565692154072;0.072214246,0.13281193,-0.06292875,0.98650193,
v;1565692154072;0.159874555962786,0.259106745706673,-0.106534280375937
q;1565692154091;0.07276203,0.14393644,-0.059821624,0.9850936,
v;1565692154091;0.161274039308992,0.282221626100261,-0.0983461720077382
q;1565692154110;0.07383568,0.1523984,-0.057040535,0.9839052,
v;1565692154110;0.163406627767095,0.29987733663404,-0.0910775267933573
q;1565692154128;0.075300656,0.1592752,-0.05447504,0.9828498,
v;1565692154128;0.166134701261264,0.314288205434185,-0.0843545873256869
q;1565692154147;0.0769286,0.16547874,-0.052429665,0.9818095,
v;1565692154147;0.169216864055903,0.327273002712423,-0.0786958496966113
q;1565692154166;0.07903483,0.17057289,-0.05078033,0.98085666,
v;1565692154166;0.173232308799109,0.337946745323427,-0.0738250451704948
q;1565692154186;0.08137119,0.17504025,-0.049122136,0.9799626,
v;1565692154186;0.17761047735489,0.347370886392435,-0.0689272695010915
q;1565692154205;0.083613314,0.17854606,-0.047863666,0.97920334,
v;1565692154205;0.181841086818451,0.354785602120412,-0.0649954834251204
q;1565692154224;0.08616901,0.18257083,-0.046381176,0.9783106,
v;1565692154224;0.186617113037782,0.363341259040353,-0.0603707112507128
q;1565692154246;0.08857257,0.1868238,-0.04490008,0.9773616,
v;1565692154246;0.191072172943679,0.372405127374651,-0.055714533651918
q;1565692154264;0.09119062,0.19091046,-0.042789355,0.9764254,
v;1565692154264;0.19566567012845,0.381287929190061,-0.0497113906879271
q;1565692154283;0.0941992,0.1955517,-0.04076182,0.9753074,
v;1565692154283;0.201039946572374,0.391363502757641,-0.0435597973086435
q;1565692154301;0.097279295,0.20190388,-0.038221516,0.97381246,
v;1565692154301;0.206359213030527,0.4051530560557,-0.0359288977783157
q;1565692154320;0.09958027,0.2088402,-0.035227004,0.9722287,
v;1565692154320;0.209880702803748,0.420282839703465,-0.0275118010062652
q;1565692154339;0.100828536,0.21634486,-0.03355614,0.9705166,
v;1565692154339;0.211811165380822,0.436323553499493,-0.021999495761376
q;1565692154358;0.1014687,0.22402516,-0.032875396,0.9687291,
v;1565692154358;0.212926485666626,0.452529828004471,-0.0186539476320409
q;1565692154376;0.10134721,0.23126109,-0.032488894,0.967053,
v;1565692154376;0.212641952989084,0.467720534030748,-0.0163301496323807
q;1565692154397;0.10106985,0.23907669,-0.032533437,0.96517813,
v;1565692154397;0.212246778330643,0.484052298633977,-0.0148070308289264
q;1565692154416;0.100888,0.24595423,-0.033187836,0.96344525,
v;1565692154416;0.212317071782509,0.498334069744219,-0.01465116547806
q;1565692154435;0.10081721,0.25134075,-0.034003954,0.962033,
v;1565692154435;0.212671665868112,0.509485431977566,-0.0150873760727305
q;1565692154453;0.10089278,0.2560334,-0.034227595,0.9607789,
v;1565692154453;0.213005190600264,0.51932302129965,-0.0144331372611762
q;1565692154472;0.10093453,0.26065728,-0.034150332,0.9595331,
v;1565692154472;0.213112606229511,0.52908460922922,-0.0132174990989346
q;1565692154493;0.10093498,0.26391894,-0.03380327,0.9586534,
v;1565692154493;0.212972293715999,0.536032043786607,-0.011800817221379
q;1565692154514;0.10060696,0.26596326,-0.032901544,0.95815414,
v;1565692154514;0.211876855464414,0.540487219895725,-0.00975222191733042
q;1565692154534;0.10068783,0.26645672,-0.032275114,0.9580298,
v;1565692154534;0.211701508606699,0.541658105260944,-0.00837010394038269
q;1565692154555;0.10065569,0.26571214,-0.031225748,0.9582747,
v;1565692154555;0.21106943703854,0.540284234545306,-0.00649908725931594
q;1565692154573;0.1008466,0.26453346,-0.029851941,0.9586245,
v;1565692154573;0.210697184870003,0.538080989823908,-0.00396673717957612
q;1565692154593;0.101396106,0.26123226,-0.028134113,0.9595234,
v;1565692154593;0.210841612122708,0.531509702379866,-0.00103779366089318
q;1565692154614;0.10194917,0.25656235,-0.027175782,0.9607516,
v;1565692154614;0.211411539903608,0.521918363457656,9.64321921935947e-05
q;1565692154635;0.10236015,0.2516567,-0.026487246,0.9620238,
v;1565692154635;0.211858477028154,0.511775901747897,0.000569240235858666
q;1565692154656;0.10249641,0.24704048,-0.025443891,0.9632332,
v;1565692154656;0.211602813005411,0.502294135769117,0.00166178962276127
q;1565692154675;0.10226718,0.2427641,-0.024760975,0.96436197,
v;1565692154675;0.210825619360111,0.493427982691899,0.00193945831776867
q;1565692154697;0.1016967,0.2377359,-0.024695106,0.9656757,
v;1565692154697;0.209687127245068,0.482842625208234,0.00067374311667891
q;1565692154719;0.100973815,0.23206417,-0.024617266,0.96713215,
v;1565692154719;0.208237314924122,0.470916774100971,-0.000768082731093468
q;1565692154738;0.1007411,0.22701082,-0.024748463,0.9683516,
v;1565692154738;0.207834971874154,0.460310126617457,-0.00223999469509256
q;1565692154757;0.09988397,0.22214465,-0.024932152,0.9695635,
v;1565692154757;0.206223401000752,0.450041869377276,-0.00405516492090245
q;1565692154776;0.09810383,0.21613543,-0.025540859,0.9710864,
v;1565692154776;0.202965825565286,0.437253812010809,-0.0073482363262875
q;1565692154797;0.09557918,0.20846102,-0.026107913,0.972999,
v;1565692154797;0.19817650753931,0.420999458081865,-0.0111758503080492
q;1565692154817;0.09199711,0.1994418,-0.025638182,0.9752447,
v;1565692154817;0.190821999650505,0.402148349371602,-0.0135573557122852
q;1565692154837;0.087487824,0.19039994,-0.023700358,0.9775132,
v;1565692154837;0.181053648289393,0.383540970193632,-0.0132362050894173
q;1565692154862;0.0795535,0.17777638,-0.018523585,0.9806751,
v;1565692154862;0.163343784313401,0.357996704361559,-0.00815440275352351
q;1565692154883;0.07131394,0.16462833,-0.011769758,0.9837039,
v;1565692154883;0.144683125237679,0.331661574879111,0.000328104157799286
q;1565692154904;0.065679364,0.14880049,-0.0046393643,0.98667276,
v;1565692154904;0.131366265556683,0.300054268599266,0.0104816762641626
q;1565692154924;0.06337119,0.13492732,0.00026870487,0.98882693,
v;1565692154924;0.125583608648911,0.272346276388243,0.017773312744106
q;1565692154943;0.06276278,0.122891344,0.004577943,0.99042296,
v;1565692154943;0.123512011867883,0.248423882470809,0.024684738472983
q;1565692154965;0.06240919,0.10854468,0.01110027,0.9920685,
v;1565692154965;0.12171896462615,0.220142471620618,0.0358456547538305
q;1565692154986;0.06206784,0.094321094,0.01670348,0.9934647,
v;1565692154986;0.120464581699039,0.192044366703162,0.0452404288072168
q;1565692155007;0.061859384,0.08229864,0.021176167,0.99446064,
v;1565692155007;0.119834509966781,0.168300080768826,0.0527017879071936
q;1565692155029;0.06214507,0.07165282,0.025761338,0.9951584,
v;1565692155029;0.120286489708389,0.147408230059545,0.060654146396532
q;1565692155051;0.06269307,0.060815837,0.029368514,0.9957452,
v;1565692155051;0.121579809266708,0.126058218010501,0.0666535735555203
q;1565692155073;0.063171536,0.050758418,0.032156825,0.9961922,
v;1565692155073;0.122906729574781,0.106192102034066,0.0710772848599076
q;1565692155098;0.063453875,0.03908577,0.035916883,0.9965721,
v;1565692155098;0.123982436485365,0.0831955170587757,0.0772166489164631
q;1565692155119;0.06405504,0.029460942,0.03827497,0.9967768,
v;1565692155119;0.125773259439788,0.0641861005240724,0.080802918536572
q;1565692155142;0.064768024,0.019135784,0.040470164,0.99689573,
v;1565692155142;0.127933774110342,0.0437666421250874,0.083951698838442
q;1565692155165;0.06494522,0.008370463,0.042717688,0.99693894,
v;1565692155165;0.129136321730489,0.0224269025220206,0.0870954516795685
q;1565692155190;0.06549151,-0.0031371778,0.043693364,0.99689114,
v;1565692155190;0.131226262314991,-0.000536372393307488,0.0875679401642545
q;1565692155213;0.066339545,-0.01362696,0.043777503,0.99674314,
v;1565692155213;0.133839299913938,-0.0215511866276686,0.0863402637174099
q;1565692155236;0.06717454,-0.024660645,0.044045273,0.9964635,
v;1565692155236;0.136469529767792,-0.0436489808101487,0.0853622027423244
q;1565692155258;0.06801883,-0.036013767,0.043708585,0.99607533,
v;1565692155258;0.139100115935913,-0.06648955373037,0.083071824556164
q;1565692155279;0.0687001,-0.047675546,0.043528464,0.9955464,
v;1565692155279;0.141409576797018,-0.0899636990445042,0.0810149565793165
q;1565692155299;0.06915098,-0.059506413,0.04311765,0.994896,
v;1565692155299;0.143216705217072,-0.11385101640645,0.0784480669269899
q;1565692155317;0.069752194,-0.07274952,0.042153873,0.9940147,
v;1565692155317;0.145313629094455,-0.140689095228197,0.07450772426763
q;1565692155336;0.07005679,-0.08592606,0.040920507,0.9929926,
v;1565692155336;0.146689531393193,-0.167486663990133,0.0700369122835983
q;1565692155355;0.070117556,-0.09944436,0.040199276,0.99175525,
v;1565692155355;0.147609541073759,-0.194950705133183,0.066562537145601
q;1565692155373;0.06996858,-0.11339855,0.03957332,0.99029243,
v;1565692155373;0.148094566135861,-0.223333962255042,0.0632436001341499
q;1565692155392;0.070088215,-0.12807104,0.039097246,0.9885125,
v;1565692155392;0.149132788939443,-0.253196279028043,0.0600458581668971
q;1565692155410;0.070721194,-0.14202893,0.03825913,0.9865914,
v;1565692155410;0.15098666985341,-0.281711767517387,0.0560702903176345
q;1565692155429;0.071714565,-0.1580707,0.036706064,0.98413587,
v;1565692155429;0.153358486841452,-0.314660553020467,0.0501853763091803
q;1565692155449;0.07221316,-0.17634192,0.035489656,0.9810348,
v;1565692155449;0.154821639002507,-0.3522344798607,0.0447143065221337
q;1565692155469;0.0723043,-0.19550624,0.034307458,0.97743154,
v;1565692155469;0.15538416853328,-0.391772231831338,0.0392776877863786
q;1565692155488;0.07215749,-0.21338026,0.033079665,0.97373915,
v;1565692155488;0.155265328017092,-0.428801555533143,0.0340439894226542
q;1565692155507;0.0718091,-0.23150435,0.031726606,0.96966106,
v;1565692155507;0.154565375440024,-0.466504301876657,0.0286249849530848
q;1565692155527;0.071095385,-0.25090745,0.030038599,0.9649293,
v;1565692155527;0.152872600929653,-0.507058528244361,0.0225584995012785
q;1565692155547;0.070666306,-0.2678995,0.028219333,0.9604373,
v;1565692155547;0.151439185960225,-0.542787279190898,0.0165328268894999
q;1565692155568;0.06975981,-0.28772864,0.025877157,0.95481735,
v;1565692155568;0.148653838810198,-0.584680883951062,0.00937566318107577
q;1565692155588;0.067649394,-0.30564937,0.024010438,0.94943434,
v;1565692155588;0.143628175755048,-0.622593438765354,0.00428279143017847
q;1565692155607;0.06488375,-0.32154667,0.022798615,0.944393,
v;1565692155607;0.137647407693844,-0.656244036509372,0.00134814914546448
q;1565692155626;0.06155072,-0.33675933,0.022803722,0.9393001,
v;1565692155626;0.131365427454004,-0.688400501622089,0.00139554274965775
q;1565692155644;0.05858127,-0.3516009,0.023269191,0.9340255,
v;1565692155644;0.126129899288462,-0.719913521429732,0.00229178858849667
q;1565692155667;0.05464541,-0.36795628,0.023671448,0.9279341,
v;1565692155667;0.119116278772694,-0.754804405986114,0.00374337813334411
q;1565692155686;0.05100777,-0.37904787,0.024233887,0.92365235,
v;1565692155686;0.112837796092893,-0.778497295412019,0.0061376706001369
q;1565692155707;0.047150407,-0.3901107,0.0256075,0.9192033,
v;1565692155707;0.106864421510122,-0.802172680987565,0.0103484576045762
q;1565692155727;0.04424423,-0.3994099,0.027071534,0.915304,
v;1565692155727;0.102800085898412,-0.822185681268621,0.0142901250621949
q;1565692155747;0.042714983,-0.4064842,0.028184174,0.91222346,
v;1565692155747;0.101015771672331,-0.837524682161452,0.0167809266916298
q;1565692155769;0.041865643,-0.413457,0.02949953,0.9090821,
v;1565692155769;0.100682202470861,-0.852725527670175,0.0191136558027939
q;1565692155790;0.04150387,-0.4195257,0.03071367,0.9062739,
v;1565692155790;0.101170596197564,-0.866019312506123,0.0209547902534777
q;1565692155809;0.041817788,-0.42367846,0.031591866,0.9042952,
v;1565692155809;0.102580647319745,-0.875172364665711,0.0218185709855515
q;1565692155831;0.04231519,-0.42755917,0.03264529,0.90240616,
v;1565692155831;0.104476524929952,-0.883740668980225,0.0228607599529994
q;1565692155852;0.04334477,-0.43053007,0.033378538,0.90091676,
v;1565692155852;0.107045304298573,-0.890361286108366,0.0229535019414731
q;1565692155874;0.0441405,-0.43273094,0.033888727,0.89980394,
v;1565692155874;0.108980587808134,-0.895279535933942,0.0229224833151091
q;1565692155895;0.04514473,-0.4348302,0.034208015,0.8987294,
v;1565692155895;0.111123708511951,-0.900008559548186,0.0223667224315837
q;1565692155914;0.046446558,-0.43624786,0.034090802,0.89798015,
v;1565692155914;0.113403162850038,-0.903280056209259,0.0208366409280149
q;1565692155934;0.047818445,-0.4370853,0.033757184,0.8975134,
v;1565692155934;0.115602238467191,-0.905285648380969,0.0189209807206449
q;1565692155953;0.04913282,-0.437722,0.03331875,0.89714843,
v;1565692155953;0.117598429497454,-0.906853424851487,0.0168881350391797
q;1565692155972;0.049970906,-0.43807533,0.032817084,0.89694816,
v;1565692155972;0.118673693853036,-0.907757055166947,0.0151958641853382
q;1565692155991;0.05054138,-0.43823567,0.032418806,0.8968524,
v;1565692155991;0.119353639701546,-0.908199172898931,0.0139513991919641
q;1565692156009;0.051418748,-0.4386241,0.031738415,0.8966369,
v;1565692156009;0.120340610160342,-0.909204912594135,0.0118949691724115
q;1565692156028;0.052733026,-0.43852785,0.03099198,0.89663374,
v;1565692156028;0.122048893105417,-0.909176850663001,0.0093971489278125
q;1565692156047;0.054527093,-0.4381594,0.03024958,0.8967319,
v;1565692156047;0.124622976867843,-0.908594595143715,0.00651901334866044
q;1565692156065;0.05657122,-0.43816772,0.029789438,0.89661664,
v;1565692156065;0.127899351020215,-0.908869583077621,0.00387571300583436
q;1565692156084;0.05960316,-0.4384848,0.029556597,0.89627284,
v;1565692156084;0.133154751809651,-0.90994350889762,0.000717744420701041
q;1565692156104;0.06380292,-0.43929157,0.02927788,0.8955975,
v;1565692156104;0.140468002626309,-0.912296062888167,-0.00364973330381681
q;1565692156126;0.06839283,-0.44042236,0.029061778,0.89471,
v;1565692156126;0.148527910505937,-0.915479153119982,-0.00833156229041865
q;1565692156148;0.0724478,-0.44149032,0.028977277,0.89386684,
v;1565692156148;0.155732470074757,-0.918489418340565,-0.0123157006339325
q;1565692156167;0.075402714,-0.4426276,0.029432999,0.89304477,
v;1565692156167;0.161431961427811,-0.921467353154251,-0.0143679713732519
q;1565692156186;0.078144446,-0.4436201,0.029660514,0.8923088,
v;1565692156186;0.166542772520997,-0.924134007397145,-0.0166310860289135
q;1565692156207;0.08069957,-0.44471067,0.030003276,0.89152664,
v;1565692156207;0.171415411278703,-0.926999068199866,-0.018551412111924
q;1565692156227;0.08316993,-0.44591376,0.030349776,0.8906866,
v;1565692156227;0.176132724779345,-0.930123352839217,-0.0204263760200947
q;1565692156248;0.08519101,-0.44703972,0.030559275,0.8899237,
v;1565692156248;0.179918528012479,-0.933024397997586,-0.0221357723739524
q;1565692156268;0.08721124,-0.448057,0.030984633,0.88920134,
v;1565692156268;0.183897227018207,-0.935666682587319,-0.0234454966088122
q;1565692156288;0.089313336,-0.44892368,0.031180188,0.8885485,
v;1565692156288;0.187815757666818,-0.938025860073012,-0.0252257626427829
