q;1565693744502;0.034133084,0.9802648,0.09492964,0.17001261,
v;1565693744502;-0.175404311626662,2.78925773204359,0.100914383438977
q;1565693744531;0.034406304,0.98018706,0.09614312,0.16972344,
v;1565693744531;-0.177731608150794,2.7896006790859,0.101862613665133
q;1565693744555;0.034632005,0.9801594,0.09735161,0.16914769,
v;1565693744555;-0.180096327706584,2.79053815253906,0.102661084347609
q;1565693744580;0.03457871,0.9801299,0.09934505,0.1681674,
v;1565693744580;-0.184151132108474,2.79221833797531,0.103119564404305
q;1565693744605;0.03474352,0.9800897,0.101809874,0.1668888,
v;1565693744605;-0.189093885214063,2.79438674772255,0.104126146436131
q;1565693744630;0.034917712,0.9799717,0.105560236,0.16520657,
v;1565693744630;-0.196619224819824,2.79714855454952,0.105540773015806
q;1565693744654;0.03491941,0.97982335,0.109973766,0.16319495,
v;1565693744654;-0.205556917895296,2.80048880412953,0.106770296578768
q;1565693744678;0.034923647,0.97968066,0.11661875,0.15939322,
v;1565693744678;-0.219114195103448,2.80708511085492,0.108403522887544
q;1565693744702;0.034828506,0.97951216,0.12601441,0.15317738,
v;1565693744702;-0.238448608256093,2.81813232167262,0.110168578861394
q;1565693744728;0.033972204,0.9791863,0.13817328,0.14473534,
v;1565693744728;-0.263810192366674,2.83340952134972,0.110570062831087
q;1565693744758;0.032128114,0.9787133,0.15048769,0.13579983,
v;1565693744758;-0.289885623380699,2.84999511804548,0.108491288294402
q;1565693744789;0.032069996,0.9778592,0.16468956,0.1250609,
v;1565693744789;-0.319471659958164,2.86950257421263,0.109670067270459
q;1565693744822;0.032809768,0.97681534,0.18074735,0.10993551,
v;1565693744822;-0.353197454639115,2.89763596648386,0.110897985569442
q;1565693744853;0.033436753,0.97558564,0.19595236,0.09336689,
v;1565693744853;-0.385575930375458,2.92924871870445,0.110122870550684
q;1565693744882;0.032582693,0.9742708,0.20944619,0.07659722,
v;1565693744882;-0.414927001036651,2.96263287837286,0.104627400786153
q;1565693744912;0.031706505,0.9726482,0.22319002,0.056003775,
v;1565693744912;-0.445178926611945,3.00477563051876,0.0961862386237387
q;1565693744940;0.029426066,0.97146565,0.23264894,0.035540067,
v;1565693744940;-0.466686170395853,3.0488080206821,0.0826295443718707
q;1565693744972;0.02537959,0.970584,0.23890053,0.015784437,
v;1565693744972;-0.481314644254001,3.09332565342778,0.0641331882093629
q;1565693744997;0.02297047,0.97004133,0.2418376,-0.0026234763,
v;1565693744997;-0.488504076090124,3.13477466286306,0.0490501751196064
q;1565693745023;0.020843422,0.9694396,0.24339922,-0.0225639,
v;1565693745023;-0.492536379280412,-3.10344839831695,0.0334049105006191
q;1565693745049;0.017195372,0.9690347,0.24333207,-0.03828382,
v;1565693745049;-0.492591700967525,-3.06681232337148,0.0166779858453347
q;1565693745074;0.01200473,0.9689638,0.24131596,-0.052266262,
v;1565693745074;-0.488053734535668,-3.03326355256164,-0.00222029627938699
q;1565693745102;0.007370138,0.96884084,0.23780955,-0.06884651,
v;1565693745102;-0.480039289670246,-2.99461465371666,-0.0208179826135716
q;1565693745129;0.0023542265,0.96901,0.23197582,-0.08486016,
v;1565693745129;-0.466735484404933,-2.95762185017361,-0.0389872959850393
q;1565693745157;-0.0031544347,0.969225,0.22558235,-0.098516695,
v;1565693745157;-0.451881080891135,-2.92606960244133,-0.056232871169901
q;1565693745184;-0.0092991935,0.96973526,0.21627785,-0.11292007,
v;1565693745184;-0.430543081092563,-2.89363430143058,-0.0736627760654629
q;1565693745212;-0.013808554,0.9698905,0.20603493,-0.12911774,
v;1565693745212;-0.407262025905027,-2.8588741233596,-0.0872270322431686
q;1565693745237;-0.01769236,0.9697513,0.19523008,-0.14544652,
v;1565693745237;-0.382782094487606,-2.82476981590067,-0.098371808854293
q;1565693745264;-0.022002997,0.96955806,0.18417773,-0.15984897,
v;1565693745264;-0.357686069987711,-2.79514187319303,-0.10862233869784
q;1565693745296;-0.026435904,0.96928936,0.171414,-0.1743461,
v;1565693745296;-0.328983848784257,-2.76611926622911,-0.117580751368457
q;1565693745321;-0.029330343,0.96911496,0.16115303,-0.18435189,
v;1565693745321;-0.306304713343542,-2.74673734555442,-0.122246831472548
q;1565693745345;-0.031808093,0.9691139,0.15161438,-0.19188455,
v;1565693745345;-0.28551979745268,-2.73262739174808,-0.125219449793843
q;1565693745369;-0.033657502,0.9691577,0.14274105,-0.19805424,
v;1565693745369;-0.266488122484309,-2.72144162267134,-0.126573401115861
q;1565693745393;-0.035666715,0.96935403,0.13413222,-0.20270467,
v;1565693745393;-0.248121680327998,-2.71335219424362,-0.127775646458565
q;1565693745416;-0.03673013,0.96954256,0.12759006,-0.2058128,
v;1565693745416;-0.234430319195031,-2.70820436203703,-0.127567827069562
q;1565693745440;-0.03738455,0.96982026,0.12118696,-0.20824215,
v;1565693745440;-0.221290728884457,-2.70451011167385,-0.126395282832039
q;1565693745464;-0.038404927,0.97034836,0.11536607,-0.20890146,
v;1565693745464;-0.209371189949798,-2.70426005121797,-0.12580427633097
q;1565693745488;-0.039866693,0.97108376,0.10990456,-0.2081537,
v;1565693745488;-0.198150406692974,-2.70674107935347,-0.125973283168854
q;1565693745514;-0.04062791,0.9716491,0.10486809,-0.2079665,
v;1565693745514;-0.187996917636068,-2.70807751440551,-0.125094601191875
q;1565693745550;-0.0417805,0.9724993,0.098666824,-0.2067955,
v;1565693745550;-0.175526727302724,-2.71159691574098,-0.124295448379614
q;1565693745575;-0.042853046,0.9731174,0.09548653,-0.20515478,
v;1565693745575;-0.169060373718526,-2.71545580268367,-0.124676754240312
q;1565693745601;-0.043810546,0.9736497,0.092530586,-0.20377696,
v;1565693745601;-0.163051105368727,-2.71873818135502,-0.125002381167072
q;1565693745626;-0.045039516,0.97407097,0.09077076,-0.20228171,
v;1565693745626;-0.159285694198453,-2.72197923725239,-0.126398032418418
q;1565693745652;-0.046413276,0.9745135,0.088534206,-0.20082575,
v;1565693745652;-0.154527853578305,-2.72521262644541,-0.127888685133577
q;1565693745677;-0.0471432,0.97498405,0.08612093,-0.19941625,
v;1565693745677;-0.149689210839634,-2.72847710674904,-0.128053286035751
q;1565693745705;-0.04803437,0.97544825,0.084022276,-0.19782227,
v;1565693745705;-0.145426284851695,-2.73203230379088,-0.128662107625496
q;1565693745734;-0.049397018,0.97604215,0.08216507,-0.19532174,
v;1565693745734;-0.141568928280789,-2.73733440585824,-0.130190631550976
q;1565693745762;-0.050135493,0.9766079,0.07969284,-0.1933196,
v;1565693745762;-0.136698303527654,-2.74181159890814,-0.13031862734698
q;1565693745786;-0.050308406,0.9769881,0.077798,-0.19212206,
v;1565693745786;-0.133077172673036,-2.74459822063321,-0.129701770894205
q;1565693745811;-0.051310316,0.97732157,0.0765752,-0.19064663,
v;1565693745811;-0.13048285863854,-2.74772089704242,-0.130975330459171
q;1565693745835;-0.05276044,0.97755617,0.07557437,-0.18944354,
v;1565693745835;-0.128116325943142,-2.75019088509395,-0.133269894141348
q;1565693745859;-0.053748738,0.9778757,0.07436281,-0.18799044,
v;1565693745859;-0.125556298312508,-2.75326953529411,-0.134539560192668
q;1565693745884;-0.05415331,0.97817826,0.07343897,-0.18665864,
v;1565693745884;-0.123772222136373,-2.7561156591759,-0.13479510890687
q;1565693745908;-0.05398455,0.9784724,0.0728218,-0.18540306,
v;1565693745908;-0.1227988339651,-2.75881482507152,-0.134055161644589
q;1565693745933;-0.053234767,0.9786938,0.07281969,-0.1844502,
v;1565693745933;-0.123209527042057,-2.76084937445637,-0.132452376438692
q;1565693745958;-0.052534856,0.97890985,0.07263637,-0.18357456,
v;1565693745958;-0.123232459489425,-2.76275323358055,-0.130885272440157
q;1565693745983;-0.051584493,0.9790166,0.072470725,-0.18334016,
v;1565693745983;-0.123297228126264,-2.76337350615832,-0.128910390536311
q;1565693746007;-0.050819125,0.97904956,0.07281913,-0.18323964,
v;1565693746007;-0.124282619424667,-2.76360695662486,-0.12752185976168
q;1565693746032;-0.050169565,0.9789796,0.07377247,-0.18341091,
v;1565693746032;-0.126376318827462,-2.76316508646718,-0.12663673141261
q;1565693746055;-0.049132884,0.9788591,0.07551988,-0.18362321,
v;1565693746055;-0.130170062041824,-2.76254689377423,-0.125307773291881
q;1565693746079;-0.04746512,0.9786371,0.07856812,-0.18396634,
v;1565693746079;-0.136741121164953,-2.76151341443748,-0.123269736367588
q;1565693746105;-0.045203105,0.9783575,0.08270169,-0.18421143,
v;1565693746105;-0.145684568246373,-2.76057517703473,-0.120483291603393
q;1565693746135;-0.04153454,0.9779098,0.08959931,-0.1842263,
v;1565693746135;-0.160626402941826,-2.75983512514021,-0.115996968747971
q;1565693746162;-0.037154894,0.97727585,0.09836897,-0.18405156,
v;1565693746162;-0.179553637968405,-2.75930352938986,-0.110836086433308
q;1565693746189;-0.03135973,0.9762834,0.11082228,-0.18331888,
v;1565693746189;-0.206351570452,-2.75956575875625,-0.104260266770663
q;1565693746217;-0.024824087,0.9748509,0.12728848,-0.18123779,
v;1565693746217;-0.241517598555682,-2.76212008009533,-0.0975189192198855
q;1565693746244;-0.01792665,0.97291696,0.14626454,-0.17809533,
v;1565693746244;-0.281941689746902,-2.76661841938995,-0.0906799804406839
q;1565693746272;-0.008873056,0.9701789,0.16774169,-0.1747483,
v;1565693746272;-0.328240317787222,-2.77188524396293,-0.0802055136922372
q;1565693746300;0.0014570459,0.9671541,0.18726149,-0.17188378,
v;1565693746300;-0.371187505692159,-2.77740770473297,-0.0661026736714312
q;1565693746329;0.01188048,0.9639906,0.20317335,-0.17117693,
v;1565693746329;-0.406918930350864,-2.77962655957273,-0.050821801147833
q;1565693746359;0.020761967,0.9603186,0.21706328,-0.17389816,
v;1565693746359;-0.43799076303823,-2.77455068737688,-0.0393402947332354
q;1565693746389;0.027059061,0.9560241,0.22961664,-0.18044925,
v;1565693746389;-0.465426144350813,-2.76022409387745,-0.0348425612034071
q;1565693746420;0.032011956,0.95044947,0.2430733,-0.19114502,
v;1565693746420;-0.494163771385489,-2.73547481406871,-0.0364395269673302
q;1565693746449;0.035254512,0.9450419,0.25422767,-0.20253706,
v;1565693746449;-0.517595797754102,-2.70827171881067,-0.0418379767520491
q;1565693746478;0.037299793,0.9395981,0.26290947,-0.21596923,
v;1565693746478;-0.535382078221995,-2.67586541323582,-0.0505603231999464
q;1565693746507;0.039433196,0.9341038,0.26987654,-0.2303515,
v;1565693746507;-0.549607291239544,-2.64127220618229,-0.0594483662426282
q;1565693746533;0.04080299,0.92939067,0.2742554,-0.2436228,
v;1565693746533;-0.558201907825424,-2.60931908625163,-0.0681797807878147
q;1565693746559;0.041234512,0.92500716,0.27737957,-0.2563633,
v;1565693746559;-0.563677296551595,-2.57825081912963,-0.0780821005522623
q;1565693746584;0.04038472,0.9218779,0.2771416,-0.26777384,
v;1565693746584;-0.561680637194373,-2.55096327884923,-0.0875009932097036
q;1565693746609;0.041460473,0.9187232,0.27443665,-0.28091493,
v;1565693746609;-0.555721500173414,-2.52186942783071,-0.0919523257011327
q;1565693746634;0.042916637,0.9160413,0.2688871,-0.29449308,
v;1565693746634;-0.544395045418734,-2.49341937573456,-0.0933552742714533
q;1565693746659;0.044359744,0.9141338,0.26194638,-0.3062282,
v;1565693746659;-0.530629628176174,-2.47006221952561,-0.0921073431983585
q;1565693746683;0.04562264,0.9131476,0.2538085,-0.3156916,
v;1565693746683;-0.514769936834822,-2.45257311895211,-0.0884995368453692
q;1565693746707;0.048334636,0.9118055,0.2435219,-0.3270651,
v;1565693746707;-0.495766901338831,-2.43227794334656,-0.0809787882957173
q;1565693746736;0.051563945,0.9102506,0.23100664,-0.33973664,
v;1565693746736;-0.473028353118181,-2.4100461038087,-0.0709324530863269
q;1565693746760;0.05477934,0.9088892,0.21922787,-0.35051236,
v;1565693746760;-0.452159860586278,-2.39159648055577,-0.0601887758381029
q;1565693746784;0.05705075,0.90813345,0.20725337,-0.35928395,
v;1565693746784;-0.430606786134589,-2.37721726993873,-0.0498782776520036
q;1565693746809;0.05913342,0.9077043,0.1943235,-0.36717105,
v;1565693746809;-0.407375215265111,-2.36486955693604,-0.0385087506744414
q;1565693746833;0.062340777,0.90750504,0.18188821,-0.37345,
v;1565693746833;-0.386221845825624,-2.35601596944326,-0.0245109427075535
q;1565693746857;0.065545276,0.9076022,0.17019394,-0.3781483,
v;1565693746857;-0.366669652330221,-2.35011224463113,-0.0104326996913004
q;1565693746882;0.06779208,0.9084212,0.15630579,-0.38176396,
v;1565693746882;-0.342395107766353,-2.34661364208302,0.00405933223708098
q;1565693746906;0.0700537,0.90918696,0.14318116,-0.38466966,
v;1565693746906;-0.319668585642962,-2.34401184403824,0.0181493222690973
q;1565693746931;0.072953135,0.90914834,0.13001622,-0.3888739,
v;1565693746931;-0.297517003983492,-2.33816784144522,0.0329854728643374
q;1565693746955;0.07418653,0.9092618,0.118070155,-0.39217177,
v;1565693746955;-0.276407300303945,-2.33330890988789,0.0439856387758846
q;1565693746979;0.07438868,0.9097041,0.1066032,-0.39438632,
v;1565693746979;-0.255397972196536,-2.33024839499766,0.0530008914272302
q;1565693747004;0.07527019,0.9098362,0.095170945,-0.39683118,
v;1565693747004;-0.235078223763159,-2.32649468361972,0.0632130262919845
q;1565693747029;0.07643696,0.90976804,0.08461956,-0.3991478,
v;1565693747029;-0.216679165019329,-2.32267491510892,0.0733066341944121
q;1565693747054;0.0769823,0.9098259,0.07545015,-0.40074652,
v;1565693747054;-0.200331058130327,-2.31997725453021,0.0813224114791308
q;1565693747079;0.077156685,0.9101361,0.06723657,-0.40147036,
v;1565693747079;-0.185401434685968,-2.31891324611695,0.0880805804078275
q;1565693747104;0.07755337,0.91047376,0.059631757,-0.40182966,
v;1565693747104;-0.171756014647436,-2.31850273431247,0.0948323333410469
q;1565693747133;0.0779965,0.91090024,0.051925216,-0.40184715,
v;1565693747133;-0.15793852574595,-2.31870933136794,0.101802701490434
q;1565693747162;0.078870825,0.91113305,0.045172654,-0.40196437,
v;1565693747162;-0.14624385450682,-2.31859596705272,0.108781358246336
q;1565693747190;0.07867225,0.91138464,0.040559474,-0.401925,
v;1565693747190;-0.137605102966637,-2.31862822454736,0.112089522393463
q;1565693747219;0.07905999,0.91159356,0.03662886,-0.40175235,
v;1565693747219;-0.130677947131711,-2.31897793329142,0.115955822724047
q;1565693747248;0.079521306,0.91158855,0.032626744,-0.40201762,
v;1565693747248;-0.123737782217736,-2.31833051965396,0.119950727015519
q;1565693747274;0.08038426,0.9113751,0.029353315,-0.40258187,
v;1565693747274;-0.118503415944672,-2.31705120522348,0.124072209237244
q;1565693747303;0.08065534,0.91133726,0.027329918,-0.4027557,
v;1565693747303;-0.11503588975297,-2.31660588749972,0.126159896106261
q;1565693747333;0.08099346,0.9113513,0.02602488,-0.4027425,
v;1565693747333;-0.1129144175051,-2.31660149347507,0.127823916225253
q;1565693747357;0.08124387,0.9113005,0.025240688,-0.4028571,
v;1565693747357;-0.111695145901994,-2.31633188767462,0.128895980880006
q;1565693747382;0.081719205,0.9113562,0.024491863,-0.40268105,
v;1565693747382;-0.110681013589365,-2.31671774728283,0.130390539582581
q;1565693747407;0.081976116,0.9113245,0.023822311,-0.4027408,
v;1565693747407;-0.109669673081901,-2.31657123077443,0.131390046898208
q;1565693747438;0.08247962,0.9110942,0.023790214,-0.40316078,
v;1565693747438;-0.110077515841795,-2.31569023239787,0.132294777633591
q;1565693747471;0.0830801,0.9106413,0.024029337,-0.4040454,
v;1565693747471;-0.111129071210559,-2.31381339258199,0.133105787410808
q;1565693747504;0.0831321,0.91028345,0.02456825,-0.40480804,
v;1565693747504;-0.112268924490492,-2.31217470526122,0.132678459823662
q;1565693747532;0.083274424,0.91004854,0.025173454,-0.40526944,
v;1565693747532;-0.113559201910772,-2.31120675047236,0.132400249495641
q;1565693747561;0.08347253,0.9098021,0.02584249,-0.40573972,
v;1565693747561;-0.115012741015044,-2.31022647058274,0.132171478754177
