q;1567274048338;0,-5.55111512312578e-17,0,1,
v;1567274048338;0,-1.11022302462516e-16,0
q;1567274048366;4.89628700019416e-05,-3.66006231740999e-05,-0.000430956802391254,0.999999889025827,
v;1567274048366;9.78941827179557e-05,-7.32434404049787e-05,-0.000861917204125363
q;1567274048398;0.000346190912012889,-0.000167613114031801,-0.00148365036957966,0.999998851439136,
v;1567274048398;0.000691883725467097,-0.00033625318240417,-0.00296741844852953
q;1567274048431;0.000776163184330905,7.2702388885912e-05,-0.0036435107002327,0.999993047722107,
v;1567274048431;0.00155284598439197,0.000139748018087107,-0.00728693115515648
q;1567274048464;0.00105308485428838,0.000397861886950595,-0.00634132706321717,0.999979296498166,
v;1567274048464;0.00211117361645943,0.000782353211964159,-0.0126819217861773
q;1567274048489;0.00194628927173145,0.00015382413465629,-0.00924166427082192,0.999955415574383,
v;1567274048489;0.00389525802757651,0.000271662713257392,-0.0184830982777362
q;1567274048519;0.00391983431261255,-0.000246496596610408,-0.0157225095010332,0.99986867973839,
v;1567274048519;0.0078309680652742,-0.000616206650716786,-0.0314489699908576
q;1567274048545;0.00533243024159034,0.000288816608841125,-0.0219649362151944,0.999744494655589,
v;1567274048545;0.0106750259774864,0.000343252213460183,-0.0439322007079631
q;1567274048570;0.00629270204201895,0.000611450345852954,-0.0270884890492251,0.999613062990061,
v;1567274048570;0.0126139953629335,0.000881578173928346,-0.0541791299499489
q;1567274048595;0.00733550649197603,1.27848241364489e-05,-0.0323766414865224,0.999448839527078,
v;1567274048595;0.0146642803257197,-0.000449490916112923,-0.0647696414516575
q;1567274048620;0.00887366284828998,-0.000401930675464358,-0.0371186802811463,0.999271384996928,
v;1567274048620;0.0177054815062545,-0.0014622626669301,-0.0742702948538427
q;1567274048645;0.00893636198363704,-0.000201075882906314,-0.0423771740508231,0.999061756477679,
v;1567274048645;0.0178398592166669,-0.00115935472705846,-0.0847934716811338
q;1567274048670;0.0095882489094013,-3.82708573185638e-06,-0.0478098142601797,0.998810456029792,
v;1567274048670;0.0191544918452527,-0.000924639614526864,-0.0956693519712383
q;1567274048698;0.0110083648188431,0.000390540762505986,-0.0544351866407428,0.998456583328771,
v;1567274048698;0.0220270481458709,-0.000418710381621583,-0.108935443480594
q;1567274048726;0.0117634200773072,0.000556748027239565,-0.0612594522509271,0.998052406849726,
v;1567274048726;0.0235514087453647,-0.000330005447504345,-0.122608064051217
q;1567274048752;0.0123488342992591,-0.000153836267466448,-0.0672097933813315,0.997662449135145,
v;1567274048752;0.0246217456006196,-0.0019674761489267,-0.134555492134948
q;1567274048780;0.0123220542850451,-0.00102453394459044,-0.074117951228472,0.997172856276063,
v;1567274048780;0.0244249919247845,-0.00387101000814822,-0.148430605994621
q;1567274048808;0.0124464852194584,-0.00118708171293775,-0.0823559412536814,0.996524547630457,
v;1567274048808;0.0246134147841725,-0.00441734849853076,-0.164965931594754
q;1567274048839;0.0124090621951668,-7.77029080866571e-05,-0.0920495517363033,0.995677146602988,
v;1567274048839;0.0246990454106773,-0.00243997787262236,-0.184404461352568
q;1567274048870;0.0125008841657678,0.00101983194799748,-0.101367203187523,0.994769996585461,
v;1567274048870;0.025080393310127,-0.000505521890089899,-0.203105582038973
q;1567274048900;0.0129500848897034,0.00297654363074076,-0.111300549294901,0.993697952109083,
v;1567274048900;0.0264025949727459,0.00303392956017813,-0.223042992445198
q;1567274048928;0.014077336913515,0.00524986476716732,-0.12139281084799,0.992490836927057,
v;1567274048928;0.0292220061971685,0.00700615880820291,-0.243311138525982
q;1567274048957;0.0137821561641816,0.008172385242796,-0.132061923971633,0.991111982800624,
v;1567274048957;0.0294821128486295,0.0125650926136379,-0.264746651084666
q;1567274048985;0.0151243484784924,0.0105621758246705,-0.14279626258374,0.989580194473533,
v;1567274048985;0.0329559551078965,0.0165946112020792,-0.286347754935482
q;1567274049013;0.0177652102338784,0.0128185203028209,-0.154195185438028,0.987797527626053,
v;1567274049013;0.039059901090985,0.0198620400534511,-0.309312651571812
q;1567274049041;0.0174025258520851,0.0149863823158823,-0.163501507861343,0.986275725897681,
v;1567274049041;0.0392380377062681,0.0238913923240072,-0.328096413139777
q;1567274049070;0.015348152521665,0.017630123901338,-0.17214536738417,0.984794211456168,
v;1567274049070;0.03630740821242,0.0294635388052021,-0.345574834579244
q;1567274049098;0.0153655078799642,0.0204800534918666,-0.18094315096065,0.983160230512462,
v;1567274049098;0.037633846240108,0.0347413639211979,-0.363357489429341
q;1567274049129;0.0156965531267366,0.0250180845526507,-0.191205406956857,0.981105594373278,
v;1567274049129;0.0403781093744884,0.0431367597610294,-0.384079015725509
q;1567274049153;0.0148961099694107,0.0298356818811903,-0.198828404530625,0.979466863004347,
v;1567274049153;0.041056387578671,0.0525911213856479,-0.399470452188409
q;1567274049179;0.0135583284403338,0.0348574495808766,-0.206295265772417,0.977774714451496,
v;1567274049179;0.04090724318216,0.0626648226258154,-0.414587442866661
q;1567274049204;0.0133033301539751,0.0407053255124918,-0.214185091818995,0.975853909935452,
v;1567274049204;0.0434147983302735,0.0738829056685283,-0.430512872766852
q;1567274049228;0.012832904940296,0.0468579494874841,-0.222254260389353,0.973777539615702,
v;1567274049228;0.0458375967749445,0.0857491045152974,-0.446824116373275
q;1567274049252;0.0128033143832758,0.0537256456955821,-0.228880998696217,0.971886413565679,
v;1567274049252;0.0495005061863688,0.0988513759735019,-0.460125836443083
q;1567274049276;0.0121269558391582,0.061029163234626,-0.23562023564141,0.969851297920854,
v;1567274049276;0.0523059468483585,0.113058712797902,-0.473694258809128
q;1567274049301;0.0120016316781288,0.0681843980669632,-0.242608201112997,0.967650834774103,
v;1567274049301;0.0563407683276734,0.126672943111319,-0.487735892788997
q;1567274049326;0.011699359453818,0.0764737517957144,-0.249549067966935,0.965266917110704,
v;1567274049326;0.0607913526197613,0.142540646749549,-0.501637329484215
q;1567274049350;0.010711191586701,0.0849698063805815,-0.255977993375659,0.962881477521199,
v;1567274049350;0.0641720519409391,0.159145170229207,-0.514552874476781
q;1567274049375;0.0101216200767637,0.0950069496836288,-0.260600713552921,0.960707347685749,
v;1567274049375;0.0690203742804704,0.178644116591532,-0.523586350487638
q;1567274049399;0.00938436681026467,0.104822348181046,-0.264231524946065,0.958700119095881,
v;1567274049399;0.0734543615200113,0.197845310515427,-0.53058124498008
q;1567274049423;0.00820325512135284,0.113321991257138,-0.2668530147078,0.957016323922174,
v;1567274049423;0.0762558105728521,0.214791038237416,-0.53563754204302
q;1567274049448;0.00666133104361166,0.121115358021548,-0.268900197831547,0.955499542998302,
v;1567274049448;0.0779445845757703,0.230601169769447,-0.539625177468628
q;1567274049473;0.00456194798733339,0.130617000431949,-0.269357905803645,0.954130297528431,
v;1567274049473;0.0791534560470835,0.250170154024918,-0.540335832570456
q;1567274049499;0.00376906510249572,0.141326312630903,-0.268823450147357,0.952757406013239,
v;1567274049499;0.083261832519039,0.271526247306439,-0.538628021862027
q;1567274049526;0.00279197409234683,0.151829162005205,-0.266854442701434,0.951697858932346,
v;1567274049526;0.0864544629493407,0.292742025941263,-0.534002626527943
q;1567274049554;-0.000115093258423932,0.162477514213441,-0.263458260971355,0.950889473293214,
v;1567274049554;0.0854973279804677,0.315392865286834,-0.52696656755869
q;1567274049586;-0.00245769039001333,0.173517785016442,-0.258013627849759,0.950428629014902,
v;1567274049586;0.0849703981637586,0.338740734631129,-0.515625263241323
q;1567274049618;-0.0047586369175588,0.183647140561623,-0.250775304097271,0.95045400249477,
v;1567274049618;0.0831584154355328,0.360456932396441,-0.500777481163183
q;1567274049647;-0.00827285831307187,0.192171508505328,-0.243379878639732,0.950667065607039,
v;1567274049647;0.0778906248216645,0.379582346151306,-0.486283034798078
q;1567274049675;-0.0113192623760753,0.198779775152227,-0.235738733322702,0.951202248239941,
v;1567274049675;0.0722492089527388,0.394665486527389,-0.471423895186954
q;1567274049705;-0.0138537975005981,0.20545479799221,-0.22737524697499,0.951786129444495,
v;1567274049705;0.0671093278807497,0.409656891734997,-0.455049968555883
q;1567274049735;-0.0153632383852584,0.213014710449319,-0.218812160204916,0.952108215380745,
v;1567274049735;0.0640091874666662,0.425960465619545,-0.437945069255331
q;1567274049763;-0.0171967349241702,0.219523324130009,-0.209310737893016,0.952734439343178,
v;1567274049763;0.0591638444606294,0.440331711950675,-0.419274114885437
q;1567274049791;-0.0182225874817954,0.223951379130276,-0.19906218813921,0.953880565212441,
v;1567274049791;0.0544230206693697,0.450199146231299,-0.399003430350384
q;1567274049816;-0.0192425927881369,0.227455932871462,-0.190520812300061,0.954775059542428,
v;1567274049816;0.0499462464597635,0.458074799214623,-0.382270352506295
q;1567274049845;-0.0206164720623173,0.231104168790483,-0.180139343205999,0.955884819581509,
v;1567274049845;0.043862023838749,0.466404907465758,-0.362117010376902
q;1567274049872;-0.0218368988744614,0.234195287682221,-0.169915470673701,0.956976710595674,
v;1567274049872;0.037800999526128,0.473479186949003,-0.342325212890645
q;1567274049897;-0.0228863682465662,0.236408911922006,-0.160947356884258,0.95795770583243,
v;1567274049897;0.0322560265743777,0.478610270526289,-0.325042144373392
q;1567274049924;-0.0243437786174345,0.238301440138697,-0.150809677776602,0.959101764759237,
v;1567274049924;0.025182666319854,0.483183444926684,-0.305721610614639
q;1567274049947;-0.0256876124217581,0.239412180666383,-0.141635508857933,0.960188170776504,
v;1567274049947;0.0184897023968424,0.486028373219472,-0.288319963459335
q;1567274049972;-0.0270396197107051,0.24046297052111,-0.132856169953754,0.961142983558046,
v;1567274049972;0.011916379051377,0.488675330004172,-0.271742769075909
q;1567274049997;-0.0275909041753973,0.241931767960043,-0.125179852100058,0.961788837311274,
v;1567274049997;0.00749678879066951,0.491893192863787,-0.256969305662626
q;1567274050026;-0.0285505127139469,0.243920902010915,-0.116469913898314,0.962352433348067,
v;1567274050026;0.00186758322886433,0.496245325255275,-0.24040784199316
q;1567274050054;-0.0301051508598536,0.245955668986449,-0.108490061871309,0.962719795290277,
v;1567274050054;-0.00459817405742253,0.500780193631871,-0.22561158537544
q;1567274050079;-0.0311788415498778,0.247299046052262,-0.101122147926848,0.96314349486932,
v;1567274050079;-0.0100447443115768,0.503733938223406,-0.211801904377697
q;1567274050103;-0.0320927036889267,0.248317771271112,-0.0934908528355156,0.963622250957729,
v;1567274050103;-0.0154202174193157,0.505937178527639,-0.197421354043958
q;1567274050128;-0.0326133805768008,0.249304568314382,-0.0861593005986734,0.964033306081076,
v;1567274050128;-0.0199222735380492,0.507955869630337,-0.183445563246404
q;1567274050153;-0.0334171760513143,0.250512569964351,-0.0786741279503722,0.964332500697233,
v;1567274050153;-0.0250354371050125,0.510445561374153,-0.169339866872214
q;1567274050178;-0.0345905806540127,0.251891479912345,-0.071517169667845,0.964489243341765,
v;1567274050178;-0.0307001767731462,0.513320254283274,-0.156087508771696
q;1567274050204;-0.0357804164371643,0.253213099415025,-0.0635344074654892,0.964658619112303,
v;1567274050204;-0.0368646350359779,0.516006108339546,-0.141263182520186
q;1567274050229;-0.0363152231572664,0.254109436825611,-0.0553382408372443,0.964907861108208,
v;1567274050229;-0.0419700707125479,0.517650004332598,-0.125689760169882
q;1567274050254;-0.0366587920514752,0.254180267774192,-0.0477068705459962,0.965283704604513,
v;1567274050254;-0.0465367743432913,0.517541979468582,-0.111085556146027
q;1567274050279;-0.0374321016961801,0.253668400871563,-0.039896652136272,0.965742968263092,
v;1567274050279;-0.0520820807275407,0.516239386097582,-0.0963298352155999
q;1567274050307;-0.0381352998870614,0.253140933779637,-0.0322284136420986,0.966140124708424,
v;1567274050307;-0.0574029448589349,0.514854651819953,-0.0818073503199894
q;1567274050331;-0.0384738420821984,0.252242934766242,-0.0263795398881013,0.966538888328843,
v;1567274050331;-0.0611028387170618,0.512721393971117,-0.0705934623492945
q;1567274050358;-0.0392164180142041,0.251071419242143,-0.0213135694071777,0.966938984249844,
v;1567274050358;-0.0651834602434701,0.510083429888002,-0.0610776829588779
q;1567274050383;-0.0391150323428852,0.249394676544047,-0.0172255009735941,0.96745833758709,
v;1567274050383;-0.0671428689930914,0.506361204514648,-0.0529841879089145
q;1567274050408;-0.0387040817618733,0.247465429939568,-0.0130033398593548,0.968036045925969,
v;1567274050408;-0.0685518172636028,0.502077647499229,-0.0444502524858207
q;1567274050433;-0.0387796124604545,0.245536359726159,-0.0102592513644898,0.968557101769949,
v;1567274050433;-0.0701399958359035,0.497923257985614,-0.0390227792644388
q;1567274050459;-0.0380773235931999,0.243460492758609,-0.00780884737677618,0.969131651624689,
v;1567274050459;-0.0700588843376857,0.493427291872278,-0.033765480958287
q;1567274050484;-0.037991751591492,0.241678545105294,-0.00608940518038532,0.969593216053194,
v;1567274050484;-0.0707888384197702,0.489631040051592,-0.0302524439526065
q;1567274050509;-0.0375665525764249,0.239910324009919,-0.00485809349258927,0.970055822068521,
v;1567274050509;-0.0706109544972663,0.485874116622166,-0.0275225010276173
q;1567274050534;-0.0369927956483236,0.238263718140428,-0.00406624027726184,0.970487181567505,
v;1567274050534;-0.0699213531921463,0.482390425484919,-0.0255858539498616
q;1567274050559;-0.0367609100749298,0.236819175622108,-0.00365309950425626,0.970851134774661,
v;1567274050559;-0.0697049275678296,0.479370754731997,-0.0245667314399502
q;1567274050583;-0.0366983856556644,0.236267382296345,-0.00423975844038571,0.970985582406842,
v;1567274050583;-0.0693192752023972,0.478266582850962,-0.025639129289047
q;1567274050610;-0.0364495529872938,0.23602821874845,-0.00562633887734084,0.97104609643134,
v;1567274050610;-0.068185265357554,0.47784576826239,-0.0282023789554841
q;1567274050639;-0.035957273808669,0.236779296843193,-0.00874309396529913,0.97085845538203,
v;1567274050639;-0.0657257903658186,0.479553769009243,-0.0340846688551129
q;1567274050665;-0.0356315028237453,0.23736688921048,-0.0122362208883692,0.97068929909466,
v;1567274050665;-0.0634077700554716,0.480948932842094,-0.0407638000377014
q;1567274050690;-0.0352255502333972,0.238252499251118,-0.0166810573448609,0.970420881408367,
v;1567274050690;-0.0604554310911708,0.482995462116483,-0.0492703498559333
q;1567274050715;-0.0350069292209806,0.239464602963482,-0.022125451589527,0.97002149234954,
v;1567274050715;-0.0573498546553745,0.485768731772073,-0.059824141303506
q;1567274050741;-0.0347984141591464,0.241180557622312,-0.0285401315411033,0.969436143776568,
v;1567274050741;-0.0537288781392454,0.489611703237586,-0.0722882383016169
q;1567274050769;-0.035732971014457,0.243123547605011,-0.0351549252778803,0.96869928029719,
v;1567274050769;-0.0521586729414347,0.494037494566029,-0.0857054531966839
q;1567274050797;-0.0367919457772874,0.245133500220769,-0.0419593673927844,0.967881908893735,
v;1567274050797;-0.0506709047135074,0.498628958274894,-0.0995532285600308
q;1567274050825;-0.0363460961292465,0.24781806144562,-0.049418344060853,0.966862441804001,
v;1567274050825;-0.0458058504989854,0.504433102157226,-0.113941559643349
q;1567274050849;-0.0362044863518355,0.250938171737914,-0.0558092691721722,0.965714550825967,
v;1567274050849;-0.0419293313012149,0.511103803426404,-0.126409012211671
q;1567274050874;-0.0364803098332792,0.254041118729029,-0.0619404694621539,0.96451836275208,
v;1567274050874;-0.0389108232053509,0.51777556723309,-0.138568006174046
q;1567274050902;-0.0370160594695574,0.256292958755926,-0.0702697284779536,0.963330647939191,
v;1567274050902;-0.0353054699750454,0.522794240653543,-0.155076953523512
q;1567274050931;-0.0358894713344439,0.257922772807728,-0.0810030478726156,0.962094768283673,
v;1567274050931;-0.0272764659697051,0.526249058385717,-0.175340605127349
q;1567274050956;-0.0343613152075175,0.258836551545046,-0.0917379726307452,0.96094069383721,
v;1567274050956;-0.018549154876922,0.528043516466402,-0.195371343746899
q;1567274050984;-0.0341448130993527,0.258760612813792,-0.103723692316884,0.959749170584989,
v;1567274050984;-0.0118619779036288,0.528002947902801,-0.218518274709505
q;1567274051009;-0.0345850123597739,0.257132488618515,-0.112774122127594,0.959150032186605,
v;1567274051009;-0.00834874707369857,0.524840893025144,-0.236322185195376
q;1567274051034;-0.03337926241678,0.254489703174407,-0.122571392095205,0.95869549426899,
v;1567274051034;-0.00161478327977771,0.519146872782924,-0.254753599785912
q;1567274051059;-0.0309827813305254,0.253076835214467,-0.132379700437306,0.957845405908718,
v;1567274051059;0.00765111639582961,0.515574073609466,-0.272654170057347
q;1567274051087;-0.0316215627319382,0.254023721698652,-0.140669535434954,0.956391240614675,
v;1567274051087;0.010981847354447,0.517625769893431,-0.289165708163901
q;1567274051112;-0.0331480055514327,0.254338114621205,-0.147949935374781,0.955156692647158,
v;1567274051112;0.0119358199440772,0.518651341862994,-0.304182889695089
q;1567274051138;-0.0317819279803452,0.254103187984693,-0.156815381205883,0.953850306586083,
v;1567274051138;0.0190653280609819,0.517616779353675,-0.320842196143179
q;1567274051162;-0.0310343129548631,0.255141768985967,-0.165972165401991,0.952046655685743,
v;1567274051162;0.025603433281976,0.519306346094045,-0.33839293259977
q;1567274051192;-0.0318294833570307,0.25752521608168,-0.175481213724702,0.949670451470029,
v;1567274051192;0.0299311041738427,0.524203154634545,-0.357410056687498
q;1567274051220;-0.0315302977363271,0.257682116940037,-0.184274867306096,0.947970746089604,
v;1567274051220;0.035196342392349,0.52415388505672,-0.374546531969188
q;1567274051244;-0.0313159992009829,0.257896369040859,-0.192788312393946,0.946224846866591,
v;1567274051244;0.0401856734456715,0.524216326935761,-0.391204926352133
q;1567274051269;-0.0326135563998413,0.260064090406798,-0.200968504870013,0.943882839107102,
v;1567274051269;0.0429758580611358,0.528819538549457,-0.40793101025989
q;1567274051293;-0.0332241534079948,0.262158948564291,-0.208908515147283,0.941555146815669,
v;1567274051293;0.0469870156621202,0.532996688898804,-0.4238487856741
q;1567274051321;-0.0324095825518144,0.264853009238119,-0.217403635371308,0.938902655435245,
v;1567274051321;0.0543278488237801,0.537732700453018,-0.440108717107151
q;1567274051348;-0.0319055475139356,0.268286542764256,-0.224746058168541,0.936212419233482,
v;1567274051348;0.0608895643405545,0.544098486805901,-0.454210333045042
q;1567274051376;-0.0333503935369701,0.273226910602234,-0.230433070453655,0.933346353435592,
v;1567274051376;0.0637091845278213,0.554441816963494,-0.465963357588728
q;1567274051403;-0.0339833990982493,0.276886712609177,-0.235604564300589,0.930950837733435,
v;1567274051403;0.0672484743288648,0.561850709605288,-0.476338161356225
q;1567274051428;-0.0337329032844812,0.280411702653111,-0.240921934210885,0.928540778925179,
v;1567274051428;0.0725334913271345,0.568557575856648,-0.486527644671434
q;1567274051454;-0.0344556599975315,0.285050045719539,-0.245703160681635,0.925845163906199,
v;1567274051454;0.076348333672735,0.577997370883822,-0.496096182404307
q;1567274051483;-0.0350218871703062,0.292200706687531,-0.250755985505423,0.922232991050989,
v;1567274051483;0.0820374625395934,0.592451192726318,-0.505914457942398
q;1567274051511;-0.0342198990031175,0.3002432740808,-0.256602581488197,0.918062131364108,
v;1567274051511;0.0913815400540779,0.608002632768066,-0.516411741902704
q;1567274051538;-0.0330133959297018,0.310034570067082,-0.261808556738664,0.913370198575674,
v;1567274051538;0.102210374354488,0.626978958440908,-0.525150605704143
q;1567274051567;-0.0326368057421996,0.321051718144828,-0.265818954030856,0.908405692862965,
v;1567274051567;0.111619978453391,0.649015798976646,-0.531763983546985
q;1567274051593;-0.0322939938523306,0.331734878372764,-0.270649410933866,0.903137806437263,
v;1567274051593;0.121534817036166,0.67035980666614,-0.539941200355256
q;1567274051621;-0.0301513782183878,0.344082596747521,-0.276427447866668,0.896819890936868,
v;1567274051621;0.136571188178716,0.69422090340637,-0.548508940587482
q;1567274051648;-0.0310240430066956,0.354954768420284,-0.277488025614559,0.892213572875935,
v;1567274051648;0.142109083778598,0.717142598481865,-0.54971937669382
q;1567274051675;-0.0330899876406012,0.362254970056835,-0.27602321335214,0.889655891279116,
v;1567274051675;0.141576642196051,0.73357660327175,-0.547215345270853
q;1567274051701;-0.0346963152101575,0.368992271238481,-0.273944012479332,0.887465792167814,
v;1567274051701;0.141050097630794,0.748725790648941,-0.543308978014871
q;1567274051725;-0.0362012982773997,0.376629044448874,-0.271613712819057,0.884910220741802,
v;1567274051725;0.140992089331648,0.765793192943082,-0.538754770636824
q;1567274051750;-0.0367089675833237,0.384405286013672,-0.26842333866457,0.882515719757657,
v;1567274051750;0.142051470660546,0.782844137892478,-0.531823255959835
q;1567274051774;-0.0366156844527756,0.391473405856882,-0.26482437209553,0.880497521397082,
v;1567274051774;0.143353849455079,0.798230092614473,-0.523775338082626
q;1567274051799;-0.0370203365058763,0.39908297028868,-0.259126074649787,0.878758204148339,
v;1567274051799;0.142240921017475,0.815301363237088,-0.511991604385335
q;1567274051826;-0.0377365808736053,0.406931701578349,-0.251390939075133,0.877374171570389,
v;1567274051826;0.138825169275172,0.833303488386386,-0.496582709248191
q;1567274051850;-0.0385765562931338,0.414071503150173,-0.24331327606165,0.876273512225387,
v;1567274051850;0.13429426012422,0.849902509582403,-0.480846044261676
q;1567274051874;-0.0390613945400226,0.421214028146283,-0.235984892558442,0.874850890101081,
v;1567274051874;0.130827386206909,0.866312731958684,-0.4663759109869
q;1567274051899;-0.0391414687908275,0.428553973367403,-0.228102420461744,0.873371978568314,
v;1567274051899;0.127483302282612,0.88308542550475,-0.450615004525349
q;1567274051923;-0.0401367300918217,0.43474818768197,-0.219416851068256,0.872490224446388,
v;1567274051923;0.121039681732615,0.897806597575163,-0.434388748069295
q;1567274051948;-0.0416700397623345,0.439650704215213,-0.210720633805215,0.872105318217224,
v;1567274051948;0.112844965449129,0.909873093094125,-0.418914267437716
q;1567274051972;-0.0429748795022137,0.443680171978728,-0.202466396023257,0.871956704553239,
v;1567274051972;0.104908509930191,0.919857599054114,-0.404306006106635
q;1567274051998;-0.0442875337048446,0.447329263348187,-0.193763122822094,0.872004016851548,
v;1567274051998;0.0962626159989113,0.928991889006876,-0.38904257309007
q;1567274052023;-0.0456059605407719,0.449401391629292,-0.18574644725967,0.872614879934128,
v;1567274052023;0.0874680328740143,0.934539984069849,-0.375311451895806
q;1567274052047;-0.0474000533739239,0.451228394976302,-0.177586082229737,0.873275091160999,
v;1567274052047;0.0775549162356068,0.93965574206478,-0.361848455684199
q;1567274052075;-0.0496126479751813,0.45265653823287,-0.168328640845449,0.87424618180017,
v;1567274052075;0.0656900174101198,0.944008385768358,-0.346884537088233
q;1567274052103;-0.0520355164411089,0.453626563053772,-0.159516828653564,0.875254069346308,
v;1567274052103;0.053659293101491,0.947307804714113,-0.33303780906553
q;1567274052136;-0.0546238521554174,0.455258447904847,-0.149475063087219,0.876021221562979,
v;1567274052136;0.0404072579636479,0.952085580413726,-0.317168105860189
q;1567274052167;-0.0567533650335107,0.45754368331493,-0.140857589105263,0.876123356181812,
v;1567274052167;0.0294553621393465,0.958051489961079,-0.303520028514649
q;1567274052196;-0.059037365469552,0.459797280428259,-0.13262224951253,0.876077787336823,
v;1567274052196;0.0185171084618435,0.963925431060748,-0.290795490634343
q;1567274052224;-0.0617764968375018,0.461528508380684,-0.123791707751341,0.876270853083876,
v;1567274052224;0.00600095330518315,0.968713323014232,-0.277527185110261
q;1567274052249;-0.063083143208109,0.462811641872125,-0.11604332061577,0.876561468111118,
v;1567274052249;-0.0031801111223027,0.971992756377411,-0.264918648587361
q;1567274052274;-0.0644317357062088,0.464167328008925,-0.108697519903531,0.876688137873723,
v;1567274052274;-0.0120656947966946,0.975401954958472,-0.253114150497881
q;1567274052300;-0.0654205660725246,0.465517558066263,-0.101558464236443,0.876755161305074,
v;1567274052300;-0.0201625074464107,0.978653259023775,-0.241378351262955
q;1567274052324;-0.0667188946086661,0.466213196269377,-0.0940643247226446,0.877123590166515,
v;1567274052324;-0.0293375820387906,0.980475955432845,-0.229325109988558
q;1567274052349;-0.0675260435700332,0.465925243923432,-0.0868392023436354,0.877959514489546,
v;1567274052349;-0.0376580117903964,0.9799034104744,-0.217264877924516
q;1567274052377;-0.0676883299747066,0.465738549851339,-0.0786805468897811,0.878814719565224,
v;1567274052377;-0.0456977771796885,0.9793118983279,-0.202941963457194
q;1567274052402;-0.0679807444850279,0.46583739203819,-0.0715583543860789,0.879348389980836,
v;1567274052402;-0.0529130895651365,0.979390568682108,-0.190602524406379
q;1567274052426;-0.0678906055430267,0.465642801149674,-0.0651954254048053,0.879952871737588,
v;1567274052426;-0.0587993815942482,0.978702278825376,-0.179229464324918
q;1567274052451;-0.0680592394451273,0.465722174178283,-0.0588230251762477,0.880346883559266,
v;1567274052451;-0.0650870495711207,0.978673905820879,-0.168107681712233
q;1567274052476;-0.0684862338261631,0.466402492529203,-0.0533350401684869,0.880303213317518,
v;1567274052476;-0.0708854607529869,0.980080860748839,-0.158850784424152
q;1567274052500;-0.0684847028372836,0.467259726614449,-0.0490373673474601,0.8800985999096,
v;1567274052500;-0.0747899122276611,0.981821000408167,-0.151313853605783
q;1567274052524;-0.068374137935485,0.46858158001327,-0.0456195376428611,0.879588107135016,
v;1567274052524;-0.0776070863820092,0.984622596560076,-0.145276743191739
q;1567274052551;-0.0684475663282048,0.469862588285849,-0.0417469246061665,0.879091245427356,
v;1567274052551;-0.0812018845815958,0.987350021566217,-0.138619421481425
q;1567274052578;-0.0680725156311102,0.471157361640782,-0.0386841635445434,0.878567278020182,
v;1567274052578;-0.0832560618992532,0.990042710751337,-0.132969728847901
q;1567274052604;-0.0674095670010987,0.472433825686069,-0.0367080218384337,0.878017499431019,
v;1567274052604;-0.0837873377501947,0.99268704704964,-0.128962018239137
q;1567274052628;-0.0667104972465129,0.473053564957418,-0.0356266846135087,0.877781735761592,
v;1567274052628;-0.083504865416386,0.993881549543293,-0.126436179136678
q;1567274052656;-0.0656916252154512,0.472938604794436,-0.0351610952439035,0.877939386315935,
v;1567274052656;-0.0821809246461993,0.993369679463819,-0.124616603414252
q;1567274052680;-0.0639876937007557,0.472198320092993,-0.0359539185291897,0.878431368174162,
v;1567274052680;-0.0785435669616079,0.991354774033857,-0.124297901406916
q;1567274052705;-0.0622004024499773,0.471321117781199,-0.0371820698229158,0.878979641102567,
v;1567274052705;-0.0743649078594333,0.989038236827488,-0.124663592802407
q;1567274052730;-0.0603115883288877,0.469996671391845,-0.0365792822802181,0.87984522719647,
v;1567274052730;-0.0718071379763381,0.985610009598132,-0.121673483596913
q;1567274052755;-0.0593346891221315,0.468127604308365,-0.0360027523015386,0.880931182731977,
v;1567274052755;-0.0708911543536177,0.981148237302687,-0.119568616142301
q;1567274052779;-0.0582467488125242,0.466153285079838,-0.0357039142549315,0.882062255896677,
v;1567274052779;-0.0695235171500253,0.976447232775512,-0.117846593120401
q;1567274052803;-0.0569454695404064,0.464890864204895,-0.0354557714382261,0.882823059463837,
v;1567274052803;-0.067630963788608,0.973325251709819,-0.116074439856121
q;1567274052827;-0.0566757014879952,0.463895114667692,-0.0347896602910281,0.883390585695773,
v;1567274052827;-0.0679082367941928,0.970993877821826,-0.114562789544735
q;1567274052852;-0.0566006275689288,0.463036913992102,-0.0340621598953029,0.883873827633473,
v;1567274052852;-0.0685652623549619,0.96900918307806,-0.113136128318332
q;1567274052876;-0.0561639980455783,0.462212362996625,-0.0332771895484505,0.884362986671691,
v;1567274052876;-0.0686303287970589,0.9670296337691,-0.111268473434117
q;1567274052902;-0.0554227107202891,0.461385339229864,-0.0325503567354783,0.884868557224112,
v;1567274052902;-0.0680997374369076,0.964991764328412,-0.109217682913735
q;1567274052926;-0.0546595457629567,0.461142553413786,-0.0313739562203972,0.885085046239553,
v;1567274052926;-0.0678730610095229,0.964251211373665,-0.106394044612688
q;1567274052951;-0.0544528058062203,0.460592604785967,-0.0306130212519529,0.885410674606078,
v;1567274052951;-0.0682789692430815,0.962939542220047,-0.104806844297089
q;1567274052975;-0.0537592412478769,0.460358937688368,-0.0303395682852652,0.885584120341094,
v;1567274052975;-0.0673333454466593,0.962275367795052,-0.103653546347169
q;1567274053000;-0.0534948223349602,0.460371077761611,-0.0304946755372922,0.885588433316022,
v;1567274053000;-0.0667205500546139,0.962262018574709,-0.103682345865289
q;1567274053024;-0.0528985305417714,0.460268617274473,-0.0309747017952245,0.885660875952739,
v;1567274053024;-0.065233206870616,0.96194506796996,-0.103969176593592
q;1567274053049;-0.0525077149082751,0.459950163451844,-0.031418083139952,0.885833918603648,
v;1567274053049;-0.0641687528762008,0.961176334555858,-0.104368054124855
q;1567274053077;-0.0523405901748422,0.459074662221944,-0.0316390203551533,0.886289914877866,
v;1567274053077;-0.0637717453340509,0.959183061789155,-0.104541602307383
q;1567274053104;-0.0521905494096325,0.457880213024537,-0.0323310738598246,0.886891520024897,
v;1567274053104;-0.0630088772652545,0.956495277923484,-0.10554727080466
