q;1567274730067;0,0,1.73472347597681e-18,1,
v;1567274730067;0,0,3.46944695195361e-18
q;1567274730095;-0.00119879329730344,-0.000527838444373402,-0.00127526162052686,0.999998267248425,
v;1567274730095;-0.00239893100532682,-0.00105262073258695,-0.00254926337974966
q;1567274730123;-0.00189832530555795,-0.00118257481685866,-0.00259782488029307,0.999994059758602,
v;1567274730123;-0.00380278146808246,-0.0023552917584384,-0.00519118992457608
q;1567274730151;-0.00228547052179166,-0.0018157453511658,-0.00213231322069224,0.999993425989855,
v;1567274730151;-0.00457867046783414,-0.00362176603236134,-0.0042563562078812
q;1567274730180;-0.00273115951924956,-0.00238046132950384,-0.00206601370240371,0.999991257281677,
v;1567274730180;-0.00547213472422714,-0.00474968478048549,-0.00411906175900417
q;1567274730210;-0.00435942394747945,-0.00257079027276449,-0.00181539793788603,0.999985510143679,
v;1567274730210;-0.0087281663943153,-0.00512589555879473,-0.00360847421496716
q;1567274730238;-0.00580501828747118,-0.00281392193541027,-0.00203131845201695,0.999977117958861,
v;1567274730238;-0.0116214644510766,-0.00560453921718156,-0.00403015726533455
q;1567274730268;-0.00740273849818748,-0.00293107256989986,-0.00181356601252874,0.999966651516993,
v;1567274730268;-0.014816156707495,-0.00583577257497399,-0.00358401618197294
q;1567274730297;-0.00656481446447327,-0.00252861475379396,-0.00135773979285018,0.999974312613208,
v;1567274730297;-0.0131365358871205,-0.00503972915615793,-0.00268244472486498
q;1567274730328;-0.00491832498708544,-0.00212840636251804,-0.0021658213448193,0.999983229778955,
v;1567274730328;-0.00984586358449192,-0.00423565487814383,-0.00431085595751832
q;1567274730357;-0.00528671558892981,-0.00211309517153849,-0.00324481642947867,0.999978491536059,
v;1567274730357;-0.0105871147500002,-0.00419203781251408,-0.00646755815808983
q;1567274730385;-0.00595497092118195,-0.00287743917889832,-0.00238576469381913,0.999975287706581,
v;1567274730385;-0.0119236598423827,-0.00572676021520206,-0.00473749582851278
q;1567274730412;-0.00681338087048315,-0.00352790846679785,-0.00210264998130709,0.999968302495992,
v;1567274730412;-0.0136415888166121,-0.00702765270104421,-0.00415749150667826
q;1567274730437;-0.00759147002362187,-0.00402896373180037,-0.00223727012018761,0.999960561129551,
v;1567274730437;-0.0152009544144138,-0.00802465455109332,-0.00441371651037253
q;1567274730460;-0.00803135020534823,-0.00421861093031251,-0.00181369801099519,0.999957207716873,
v;1567274730460;-0.016078008315119,-0.0084089138490881,-0.00355994614957178
q;1567274730485;-0.00701983278525526,-0.00385948873580882,-0.00157381891297029,0.9999666251901,
v;1567274730485;-0.0140518076968083,-0.00769745989885246,-0.00309365719868141
q;1567274730509;-0.00651916090556018,-0.00326584413806766,-0.00104971423014799,0.9999728485439,
v;1567274730509;-0.0130451942035488,-0.00651842521197157,-0.00205696680315692
q;1567274730533;-0.00610289779537753,-0.00268736025583563,-0.000678579327032407,0.99997752711917,
v;1567274730533;-0.0122094718101049,-0.00536674289424003,-0.00132442588766142
q;1567274730558;-0.00516971926367439,-0.00192235005837554,-0.000577221183025086,0.999984587736806,
v;1567274730558;-0.0103416827557533,-0.00383888743021892,-0.0011346094695818
q;1567274730582;-0.00555328848366843,-0.0013044623035641,-0.000238426718181705,0.999983717311823,
v;1567274730582;-0.0111072465435455,-0.00260639774814688,-0.000462386099613914
q;1567274730606;-0.007591218486815,-0.00129827339996361,-0.000684392392281452,0.999970064786065,
v;1567274730606;-0.015184343028783,-0.00258637936822339,-0.00134918879929758
q;1567274730630;-0.00924356302717277,-0.00143697146661695,-0.00073539326571246,0.999955930826811,
v;1567274730630;-0.0184894782735847,-0.00286071384322143,-0.00144440363007983
q;1567274730660;-0.010777026490769,-0.00162023649674201,-0.00156647132266833,0.999939323727887,
v;1567274730660;-0.0215594914150232,-0.00320726342306399,-0.00309855493828168
q;1567274730684;-0.0113638672729318,-0.00201013864556771,-0.00187091918826783,0.999931648839492,
v;1567274730684;-0.0227356613583802,-0.00397851946343902,-0.00369686057002688
q;1567274730710;-0.0120189876797932,-0.0021988210434519,-0.00276904547208325,0.999921523557151,
v;1567274730710;-0.0240505847477737,-0.00433200109470916,-0.00548641532345359
q;1567274730738;-0.0138903445741359,-0.00241957437174833,-0.00256245013135704,0.999897281566204,
v;1567274730738;-0.027793813933958,-0.00476932514109122,-0.00505913192455096
q;1567274730765;-0.0135336872873867,-0.0027246449702138,-0.00263843015108437,0.999901166332336,
v;1567274730765;-0.0270823874783064,-0.00537933455570827,-0.005204521798611
q;1567274730792;-0.0124741264722862,-0.0036545896738652,-0.00271282894283702,0.999911812101966,
v;1567274730792;-0.0249684756107134,-0.00724317540815204,-0.00533569220533819
q;1567274730818;-0.0103946127019791,-0.00482567388842556,-0.00210386074485356,0.999932110817422,
v;1567274730818;-0.0208096210004872,-0.00960918327324692,-0.00410801479650797
q;1567274730843;-0.00799394737800695,-0.00671732626070956,-0.00149219801908922,0.999944358062137,
v;1567274730843;-0.0160077359690373,-0.0134121683235298,-0.00287720667533725
q;1567274730869;-0.00662361980724776,-0.00878972565117125,-0.00114038431540087,0.999938785927562,
v;1567274730869;-0.0132668652069787,-0.0175657173305178,-0.00216438157682196
q;1567274730899;-0.00455042727771828,-0.0119809334541027,-0.00147618216413362,0.999916780794463,
v;1567274730899;-0.00913559634437582,-0.0239497270966703,-0.00284320437738609
q;1567274730924;-0.000958107167650841,-0.015433795953203,-0.00140619433999651,0.999879418146525,
v;1567274730924;-0.00195939036140538,-0.0308661353959596,-0.00278248402759424
q;1567274730951;0.00275526979735424,-0.0196145447543882,-0.00231506774120468,0.999801126214135,
v;1567274730951;0.00541865221004924,-0.0392446941266471,-0.0047373886640859
q;1567274730978;0.00498753380346813,-0.0236056979127537,-0.00180639580974725,0.999707276164253,
v;1567274730978;0.00988702628006135,-0.0472354659295938,-0.00384740003971007
q;1567274731001;0.00764542532371088,-0.0268097734727918,-0.00120689545008351,0.999610597794519,
v;1567274731001;0.0152207708664683,-0.053649065172655,-0.00282312596947606
q;1567274731025;0.011833323283219,-0.0305583158168649,2.28547873670879e-05,0.999462920787853,
v;1567274731025;0.0236575392203673,-0.0611384449827264,-0.000677717530246841
q;1567274731049;0.0170124208552575,-0.0343171571469058,0.00225397982181294,0.999263644389122,
v;1567274731049;0.0341611315420118,-0.0686008706668246,0.00333895860724413
q;1567274731073;0.024489287015246,-0.0380684539812539,0.00418271115737309,0.998966231683279,
v;1567274731073;0.0492663274420939,-0.0760186799982991,0.00650016844854087
q;1567274731098;0.0341685512506063,-0.0415362145817247,0.00664272127702135,0.998530430167933,
v;1567274731098;0.0688428687655562,-0.0827868132106274,0.0104524029595224
q;1567274731125;0.047615988496308,-0.0452952161097193,0.00857113269112844,0.997801325187968,
v;1567274731125;0.0959461959256763,-0.0901107937490717,0.0128504774729758
q;1567274731153;0.0576048881765031,-0.0487662184960452,0.00929785520608375,0.997104329301577,
v;1567274731153;0.116043274550656,-0.0969819947782697,0.0130113905918084
q;1567274731178;0.0646921090146906,-0.0514965063308215,0.0112982969939821,0.996511599962369,
v;1567274731178;0.130466326165634,-0.102217013155403,0.0159915151529811
q;1567274731203;0.0722531947681727,-0.0529504497405191,0.0126415588250362,0.995899554659852,
v;1567274731203;0.145768276811875,-0.10494331546006,0.0177165755568221
q;1567274731231;0.0813170699528494,-0.0531320725553568,0.0153151130476906,0.995153151785995,
v;1567274731231;0.164210319289726,-0.104858388567603,0.0221402983535629
q;1567274731258;0.0903699142334508,-0.0542195905184454,0.0199159107145019,0.99423172933099,
v;1567274731258;0.182874549500196,-0.106180722287009,0.0303124457922895
q;1567274731283;0.0999453340361835,-0.056036139025833,0.0233391142741759,0.993139533882172,
v;1567274731283;0.202516455030592,-0.109079091982324,0.0358980748166886
q;1567274731307;0.111658882377785,-0.0576916997605188,0.0262741665674086,0.991722554046797,
v;1567274731307;0.226430797939045,-0.111636293034197,0.0402682824363972
q;1567274731331;0.124205533387195,-0.0585788265343612,0.0309303934859184,0.990042783791211,
v;1567274731331;0.252227211132826,-0.112081091371362,0.0482375960338903
q;1567274731356;0.13991454647449,-0.0599029550157568,0.035564338843261,0.987709819597947,
v;1567274731356;0.284472052218195,-0.113161147260965,0.0557606572715488
q;1567274731381;0.149059979234722,-0.0602552795710301,0.0361909636535941,0.98632679991392,
v;1567274731381;0.303021180850885,-0.113475873804329,0.0560086716062359
q;1567274731405;0.154661397715361,-0.0579774398890043,0.0378316453482015,0.985539002711396,
v;1567274731405;0.314390016174562,-0.108072994323303,0.059589690209128
q;1567274731429;0.162431128055483,-0.0537168549810603,0.0403623109695648,0.984429507805197,
v;1567274731429;0.33010278294151,-0.0980936441617264,0.0656036325652209
q;1567274731451;0.168782486914843,-0.0472006901956925,0.0413608958196158,0.983653308341464,
v;1567274731451;0.342615187279982,-0.083862969462232,0.0695301594649608
q;1567274731474;0.173092601690814,-0.0401373147497376,0.0427013115594786,0.983160435651415,
v;1567274731474;0.350942940371276,-0.0683566655134554,0.074686969864828
q;1567274731501;0.177069191914971,-0.0297826258370937,0.0446294437154135,0.982734772552393,
v;1567274731501;0.358299751976238,-0.0456454266020355,0.0824972836394252
q;1567274731527;0.18115633582912,-0.0173240366426556,0.0462132693984818,0.982215097981307,
v;1567274731527;0.365557675669207,-0.0185124110474997,0.0906087828192022
q;1567274731554;0.183611856376442,-0.00483136800959186,0.0485594879528305,0.981786804878245,
v;1567274731554;0.369344928269017,0.00894904784440117,0.100511792608871
q;1567274731580;0.183782637227595,0.00416035171654014,0.0492412905371803,0.981723953099109,
v;1567274731580;0.368737319112919,0.0281646317302857,0.105484618207008
q;1567274731603;0.183493220204785,0.0122561385997306,0.0489589773046497,0.981724532215341,
v;1567274731603;0.367281423424586,0.0450503493416419,0.108026918170761
q;1567274731628;0.181923603697252,0.0190381926935702,0.0500864091022474,0.981851617805207,
v;1567274731628;0.363274421318209,0.0595268378011472,0.112871932782821
q;1567274731652;0.175372253554222,0.0213197364310712,0.0500215308028017,0.982999381180641,
v;1567274731652;0.349734872358499,0.0633330780966189,0.112878351505149
q;1567274731677;0.166511817461407,0.023327333734178,0.0482678362522056,0.984581051911536,
v;1567274731677;0.331685203025917,0.0656314173909131,0.10895824361409
q;1567274731701;0.156976494143318,0.025770978676413,0.0476769958887831,0.986114134172641,
v;1567274731701;0.312182223915919,0.0691914427387686,0.107514449342352
q;1567274731726;0.14155756342101,0.0247305119951492,0.0453913680082866,0.988579514773375,
v;1567274731726;0.281333230688348,0.0643183337899908,0.100877711544451
q;1567274731751;0.129147387426737,0.0227880648831729,0.0414862502396011,0.990495061160555,
v;1567274731751;0.256760839121862,0.0577840072027462,0.0911811793614748
q;1567274731776;0.121197437284133,0.0226656497001316,0.0397708606824899,0.991572348520582,
v;1567274731776;0.240871637114398,0.0562419885111751,0.0869830528774327
q;1567274731800;0.111861928284195,0.0226909021752937,0.0390762660407689,0.992695840105735,
v;1567274731800;0.222138818940626,0.0551756761946326,0.0848421396610086
q;1567274731829;0.102071109797844,0.0222417801458913,0.0360726862280429,0.993874009839721,
v;1567274731829;0.202671641142261,0.0526770504062758,0.0779158539919307
q;1567274731853;0.0966135256760406,0.0233226339823221,0.0355515716234402,0.994413374764329,
v;1567274731853;0.191660499748161,0.0542741565077047,0.0766905157414383
q;1567274731879;0.0944474603726091,0.0240298193561836,0.0359492225974585,0.994590295406241,
v;1567274731879;0.187237456516336,0.0555899919943288,0.0774789058559878
q;1567274731903;0.0949288071484527,0.0250019520708878,0.0352258636360197,0.994546353515593,
v;1567274731903;0.188169241901258,0.0574645056295369,0.0762324604289165
q;1567274731927;0.0958363248753935,0.025908629018735,0.0358329136793776,0.9944144436698,
v;1567274731927;0.189884312435122,0.0594999369294867,0.0777049412526994
q;1567274731952;0.0982894109770154,0.0260068673753372,0.0365800880206303,0.994145233294034,
v;1567274731952;0.194754041220803,0.060071142911207,0.0794277070996772
q;1567274731977;0.100338975543829,0.0257586322517753,0.0359195855329747,0.993971010553317,
v;1567274731977;0.19892698149267,0.0596254250687935,0.0781954124582782
q;1567274732001;0.102428306964345,0.0255350467311743,0.036631667910749,0.993737631872876,
v;1567274732001;0.203096289720586,0.0595120811030905,0.0797576320174938
q;1567274732026;0.10589934529715,0.0245210538698798,0.0378282575459773,0.99335444484256,
v;1567274732026;0.21007780328339,0.058035967281889,0.0822461243629874
q;1567274732050;0.11012178100332,0.0229988772992601,0.0379102535528853,0.992928480650082,
v;1567274732050;0.218681096264337,0.0553682075790379,0.082403179919538
q;1567274732074;0.116046823970768,0.0216380107224507,0.0385615637339913,0.992258973913836,
v;1567274732074;0.23066834116117,0.0533279728660329,0.0838650985608226
q;1567274732099;0.123440247558533,0.0208162646476632,0.039233380752622,0.991357608257986,
v;1567274732099;0.245574338832672,0.0525590342988603,0.0855972040885785
q;1567274732123;0.132665065653382,0.0213135921847581,0.040663266514902,0.990097063474106,
v;1567274732123;0.264026082178153,0.0549241743897493,0.0893887474069248
q;1567274732147;0.143623271955261,0.0230535783477444,0.0432172146169578,0.98841951311238,
v;1567274732147;0.285802476062646,0.0604757244224439,0.0960954095178764
q;1567274732172;0.152760009801981,0.0273512912807619,0.0444324654274106,0.986884995430454,
v;1567274732172;0.303731053007461,0.0708602045481013,0.100834265449307
q;1567274732197;0.162973175494338,0.0339927214589689,0.0468282771479169,0.984932108165458,
v;1567274732197;0.323462488855972,0.0868309735241441,0.109193479738382
q;1567274732221;0.177666077631679,0.0428267959914826,0.0499016278297169,0.981891283218405,
v;1567274732221;0.351837465131918,0.108693402719574,0.120895894023526
q;1567274732249;0.189896657160681,0.0560444965476252,0.0501092167161609,0.978921475724616,
v;1567274732249;0.374891041373155,0.138812797283101,0.128656848956902
q;1567274732274;0.195852819365203,0.0663548976688481,0.0518818872174674,0.977009203567889,
v;1567274732274;0.385275849667121,0.162560234387598,0.137881668922756
q;1567274732299;0.204667868996249,0.0762133440435709,0.0533650069339042,0.974399678911749,
v;1567274732299;0.401416202673519,0.186154366864946,0.147402597243901
q;1567274732323;0.216078905036456,0.0859346929029212,0.0552604540732984,0.971015587181695,
v;1567274732323;0.422601410050755,0.210727007361605,0.1590589895061
q;1567274732348;0.227202761406782,0.0957578147850729,0.058463185272291,0.967363068926638,
v;1567274732348;0.442697530222417,0.236632573964233,0.174212379535916
q;1567274732374;0.235897371755259,0.104321167593843,0.0615736491771313,0.964198144108591,
v;1567274732374;0.457890330879154,0.259567126733505,0.188357051410334
q;1567274732404;0.247929080367626,0.116700604083716,0.0632162504845175,0.959643603238662,
v;1567274732404;0.479225841782058,0.291868038701997,0.203344304380265
q;1567274732430;0.258829133425393,0.129313434598714,0.0655940390080181,0.954978011384455,
v;1567274732430;0.497679570554719,0.325437138631256,0.220542444529023
q;1567274732454;0.26333412464188,0.13971673870962,0.0663990435002685,0.952221340060654,
v;1567274732454;0.504021248590692,0.350966856265079,0.230480419861639
q;1567274732479;0.261470071205233,0.151778046654411,0.0617732754801128,0.951199655950039,
v;1567274732479;0.499137937306348,0.37433977869497,0.226170768449061
q;1567274732504;0.257609104481828,0.163405494243713,0.0611758541154955,0.950365026416203,
v;1567274732504;0.488897041315192,0.397922746452325,0.229067106784936
q;1567274732529;0.252435519127385,0.172752011710372,0.0620118185662075,0.950046051495844,
v;1567274732529;0.475997628932562,0.416454847892082,0.232786836690435
q;1567274732555;0.243001526162592,0.18362402314416,0.0575746901268635,0.950745832932554,
v;1567274732555;0.456624751788868,0.433656218013575,0.223253273205907
q;1567274732580;0.235185579525386,0.191709511668398,0.0574252327379605,0.951124374693636,
v;1567274732580;0.439363548047938,0.447592248639332,0.22216192298501
q;1567274732605;0.227443742490981,0.202303721591365,0.0549424843373404,0.950959423026809,
v;1567274732605;0.422837175655604,0.466016618076033,0.217204969381408
q;1567274732631;0.218074395319117,0.214231683096445,0.0530262738506417,0.950650634389704,
v;1567274732631;0.402701656702343,0.486883250292248,0.212747595840034
q;1567274732655;0.209836451887942,0.22301014465818,0.0543526601961239,0.950410910636461,
v;1567274732655;0.38398615875867,0.502705458289632,0.21400085479872
q;1567274732681;0.202149711720393,0.232301464836569,0.0545745410835857,0.949838481368918,
v;1567274732681;0.366835909570182,0.51943354870277,0.213290395126622
q;1567274732709;0.190656598243919,0.242985345220014,0.0545077101342349,0.949545681123703,
v;1567274732709;0.342226332571526,0.537421086654901,0.209780055643171
q;1567274732737;0.176060936994565,0.251170024125824,0.0540855131298364,0.950258292232173,
v;1567274732737;0.312498840628218,0.548798446780941,0.202343939620128
q;1567274732764;0.162080267335103,0.256417500849309,0.0544370731591496,0.951323640081847,
v;1567274732764;0.28427783429583,0.55466204612674,0.195749122227406
q;1567274732788;0.149344779099199,0.259419096178774,0.0526177550307218,0.952695776283274,
v;1567274732788;0.260185879576202,0.555978987838395,0.184987269409474
q;1567274732812;0.135946949268937,0.2608350631322,0.0500778442879612,0.954450450441156,
v;1567274732812;0.235557512889789,0.553950909736472,0.172090213670578
q;1567274732836;0.122929267185326,0.259975494183403,0.0489677342763794,0.95650578217158,
v;1567274732836;0.211272513103799,0.547973899382169,0.161882953293201
q;1567274732860;0.11005931702882,0.258141289191494,0.0463089767048494,0.958699887747223,
v;1567274732860;0.188228716648991,0.540117030312768,0.148781022641363
q;1567274732885;0.0981676172743946,0.252942479555765,0.0442438458203785,0.961470555375669,
v;1567274732885;0.167165720797498,0.526001002708557,0.137073459333779
q;1567274732909;0.0869686436847707,0.247012303871683,0.0405426753604427,0.964249740438578,
v;1567274732909;0.148232154036111,0.510685084110668,0.122802911376465
q;1567274732935;0.0732161103120145,0.240549410483237,0.0365045207420874,0.967182903125429,
v;1567274732935;0.124384949695848,0.494192041969931,0.106864613054641
q;1567274732960;0.0627468670279418,0.233324416961705,0.0358948819790715,0.969708198890693,
v;1567274732960;0.105135576819638,0.477494424174494,0.0996096167470148
q;1567274732984;0.0538948947441901,0.226709512268619,0.0327554868475542,0.971918289946118,
v;1567274732984;0.0900324893209247,0.462317406767705,0.0885823936627741
q;1567274733013;0.0425898639192258,0.21999773809548,0.0296154667554624,0.974120069833737,
v;1567274733013;0.0700017680251937,0.446919394018852,0.0767002343163167
q;1567274733039;0.0317456081538431,0.21338027473639,0.0281508505444452,0.976047398408271,
v;1567274733039;0.0499775667586059,0.432177231214204,0.0686404278022664
q;1567274733063;0.0240409143896947,0.209160900379535,0.0249435147016333,0.977267359715188,
v;1567274733063;0.0365625315758597,0.422767413205099,0.0588831560209422
q;1567274733088;0.0173859369886908,0.205719666659837,0.0250417404752327,0.978135993001977,
v;1567274733088;0.0237106860906501,0.415259913636326,0.0561870576934911
q;1567274733112;0.0114065989015585,0.202096592947843,0.0240864573460462,0.979002900344732,
v;1567274733112;0.0125989381928262,0.407469459313075,0.0517991630604205
q;1567274733139;0.00475202927218079,0.19897184573871,0.0203327278662201,0.979782744798874,
v;1567274733139;0.00122063208554631,0.400731392953487,0.0417465077065794
q;1567274733170;-0.000347924664655516,0.194830083633501,0.0209019835194019,0.98061416861119,
v;1567274733170;-0.008827144738433,0.3920748306286,0.0408709596156848
q;1567274733198;-0.00568360753200011,0.188380861458105,0.018450740727001,0.981906242992224,
v;1567274733198;-0.0181140628814379,0.378789040482987,0.0341046341538164
q;1567274733227;-0.0116792721650676,0.180586108211518,0.0145907376343429,0.983381536979312,
v;1567274733227;-0.0282438852306526,0.362882883665766,0.0244905101123706
q;1567274733252;-0.015362912153908,0.173005311917361,0.0143384612385938,0.98469667413402,
v;1567274733252;-0.0352241604849092,0.347433898611836,0.0229385786513791
q;1567274733278;-0.019611911780023,0.163642082537166,0.0123221392456885,0.986247805039215,
v;1567274733278;-0.042730253106028,0.328469184478284,0.0179039957776261
q;1567274733303;-0.0237079358108738,0.155420374658715,0.0079436830611739,0.987531854032461,
v;1567274733303;-0.0493138889875218,0.311998910924632,0.00833011059082726
q;1567274733328;-0.0277719565792462,0.148938585615957,0.00792813844067853,0.988424554375935,
v;1567274733328;-0.0572939193578122,0.298902905707943,0.00741233181725314
q;1567274733353;-0.0328138078026205,0.141949713376418,0.00728673540472978,0.989302968669013,
v;1567274733353;-0.0670445107995209,0.28485226953224,0.00511326661997271
q;1567274733378;-0.0380304446530233,0.137497544179171,0.00349834018996739,0.989765551168797,
v;1567274733378;-0.0763185392924103,0.276207004975022,-0.0035434340613929
q;1567274733403;-0.0409160849180723,0.136183957367814,0.00463493672656152,0.989827418910404,
v;1567274733403;-0.0823551959547161,0.273531682802826,-0.00197535009537329
q;1567274733428;-0.0434732675268579,0.135327437236174,0.00489987628763832,0.989834521644328,
v;1567274733428;-0.0875004700445514,0.271840431108285,-0.0020740546065271
q;1567274733453;-0.0447821505359865,0.13631095201879,0.00412126349236802,0.989644786942389,
v;1567274733453;-0.0898813616254046,0.273934916618717,-0.00406785279851085
q;1567274733478;-0.0450686773554169,0.138000877244427,0.00374893354337172,0.989399012364033,
v;1567274733478;-0.0903393513927818,0.277398652348726,-0.00504123025379212
q;1567274733501;-0.0443313467554847,0.140222071361072,0.00347279052893551,0.989121014899102,
v;1567274733501;-0.0887886710273833,0.281899921876316,-0.00558447320423136
q;1567274733525;-0.0439767544053304,0.141647689650262,0.00294781867526827,0.988935418109433,
v;1567274733525;-0.0879287024540241,0.28482247589197,-0.00665376070232533
q;1567274733549;-0.0440083526401328,0.142639794364581,0.00180885452961716,0.988794096023013,
v;1567274733549;-0.0876586467526263,0.286931174169812,-0.00901223994712972
q;1567274733574;-0.0435788910086271,0.143164816388567,0.00159017478394657,0.988737655230435,
v;1567274733574;-0.0867402245899886,0.287998931045853,-0.00936875556596989
q;1567274733603;-0.0424583017419434,0.143699760176305,0.00149032405722409,0.988708976486493,
v;1567274733603;-0.0844866013639924,0.289053010180684,-0.00928876693513626
q;1567274733627;-0.0416347364334887,0.143864828361471,0.00104809225006308,0.988720563016451,
v;1567274733627;-0.082726132642795,0.289395472658929,-0.00994116824336545
q;1567274733652;-0.0398264593254375,0.143958654287038,0.00129605140578179,0.988781059123846,
v;1567274733652;-0.0792152736692624,0.289506377359206,-0.00893183244471429
q;1567274733677;-0.0379496515945809,0.144326816745169,0.000968019727562767,0.988801581481727,
v;1567274733677;-0.075400197203785,0.290217620865758,-0.0090658280514487
q;1567274733700;-0.0368367153414622,0.144540727312619,0.00178421073720466,0.988811301509008,
v;1567274733700;-0.0734308763527072,0.290558748968578,-0.00713961635775205
q;1567274733723;-0.0355768032749724,0.144391318542323,0.00262227174603093,0.988877372413248,
v;1567274733723;-0.0711795483386462,0.290163104347889,-0.00510069068537413
q;1567274733750;-0.0337097713076612,0.143907464778541,0.00310443751205791,0.989011955643788,
v;1567274733750;-0.0676237656545301,0.289105251653139,-0.00356969032834965
q;1567274733775;-0.0328442684267462,0.143450302800449,0.00326090113976499,0.989106942619947,
v;1567274733775;-0.0659563529631808,0.288150096059163,-0.00297876180178739
q;1567274733799;-0.0321568748190561,0.142640543120287,0.00388229114576221,0.989244395332815,
v;1567274733799;-0.0647748479509373,0.286457224966154,-0.00149581618277367
q;1567274733823;-0.0307936967590727,0.141875032856545,0.0041699881761406,0.98939663001024,
v;1567274733823;-0.06215761131873,0.2848643296205,-0.000487109688918661
