q;1566402868322;0.05399231,0.9562506,0.19667432,-0.20973507,
v;1566402868322;-0.41019486465045,-2.71447920718227,0.0226413855863291
q;1566402868345;0.05397488,0.956378,0.19751734,-0.2083621,
v;1566402868345;-0.41183886652205,-2.71733663415586,0.0228422671198729
q;1566402868376;0.05469424,0.95627123,0.19967383,-0.20660189,
v;1566402868376;-0.416415140867277,-2.72114046264935,0.0241663668224174
q;1566402868400;0.05579763,0.9557548,0.20327447,-0.20518015,
v;1566402868400;-0.424053427592644,-2.72414486835071,0.0255033166006679
q;1566402868427;0.05811869,0.95458555,0.20908621,-0.2041365,
v;1566402868427;-0.436653839058844,-2.72651014793153,0.0282481438255021
q;1566402868456;0.06168925,0.9528337,0.21705075,-0.20295651,
v;1566402868456;-0.454114807921608,-2.72943423994686,0.0327833466186672
q;1566402868483;0.06698939,0.950556,0.22604902,-0.20213261,
v;1566402868483;-0.47442382717625,-2.7323211509933,0.0404475748079319
q;1566402868507;0.073013335,0.9477974,0.23585053,-0.20180093,
v;1566402868507;-0.49672098051184,-2.73449918683688,0.049174102610698
q;1566402868532;0.08014457,0.94458085,0.2462515,-0.2017526,
v;1566402868532;-0.520769356573486,-2.73673627347107,0.0600315453392998
q;1566402868556;0.0864502,0.94086516,0.2570929,-0.20298368,
v;1566402868556;-0.545534947430588,-2.73572423027067,0.0682575261353501
q;1566402868581;0.091934405,0.9360965,0.27050295,-0.20518182,
v;1566402868581;-0.575387892957209,-2.73162237735456,0.0729081227659826
q;1566402868607;0.09545619,0.9312029,0.28395453,-0.20765142,
v;1566402868607;-0.604659267936082,-2.72550576367314,0.0728142235253915
q;1566402868632;0.098363966,0.92621076,0.29666597,-0.21082589,
v;1566402868632;-0.632329885082585,-2.71716928090032,0.0708726828780269
q;1566402868657;0.10237511,0.9214874,0.3070961,-0.21464476,
v;1566402868657;-0.655958292396905,-2.70832528339912,0.0717893508468864
q;1566402868682;0.107687645,0.9166444,0.31682125,-0.21861088,
v;1566402868682;-0.678862631650711,-2.70011790837398,0.0757532275151368
q;1566402868707;0.11291126,0.91147447,0.32709485,-0.2224281,
v;1566402868707;-0.702996294133518,-2.69192623867888,0.0791501475379571
q;1566402868731;0.11824638,0.9068535,0.3357875,-0.22556892,
v;1566402868731;-0.723971894185561,-2.68589735237757,0.0841615890998928
q;1566402868754;0.12329269,0.9027847,0.34275958,-0.22868021,
v;1566402868754;-0.741324478564371,-2.68017975165203,0.0893965295793297
q;1566402868778;0.12756483,0.8995844,0.34707308,-0.23241197,
v;1566402868778;-0.752873216046983,-2.67295047731951,0.0935724673210552
q;1566402868802;0.13137276,0.8963017,0.3508783,-0.2372107,
v;1566402868802;-0.763302814801757,-2.66257330139582,0.0956887485493768
q;1566402868841;0.1337463,0.8929113,0.35356534,-0.2445669,
v;1566402868841;-0.770960974174236,-2.64427075695754,0.0920185422915098
q;1566402868864;0.13337633,0.8926643,0.35157338,-0.24851029,
v;1566402868864;-0.76698113056906,-2.63414117675982,0.0881426772410164
q;1566402868889;0.1321972,0.89319146,0.34805343,-0.25217393,
v;1566402868889;-0.759322316457563,-2.62466043355241,0.0836693399373268
q;1566402868913;0.12828502,0.8949212,0.34330776,-0.2545562,
v;1566402868913;-0.7474602809417,-2.61669596926215,0.0748262914364207
q;1566402868940;0.12496305,0.8970808,0.3363161,-0.25791815,
v;1566402868940;-0.731337769312462,-2.60779897697392,0.0681989046816529
q;1566402868970;0.122976266,0.8992756,0.3271992,-0.26290864,
v;1566402868970;-0.711733695718166,-2.59687513900841,0.064929563478888
q;1566402868997;0.12089256,0.9016534,0.31775087,-0.26728353,
v;1566402868997;-0.691414516097403,-2.587754943908,0.0625416391553476
q;1566402869024;0.11848046,0.90465736,0.30652547,-0.27129248,
v;1566402869024;-0.667324638138531,-2.58011544177788,0.0612139575312189
q;1566402869048;0.11566827,0.9077959,0.29511678,-0.2746517,
v;1566402869048;-0.642687081935169,-2.57394275305291,0.059871391133637
q;1566402869073;0.11272831,0.9107511,0.2839259,-0.27786836,
v;1566402869073;-0.618506410689861,-2.56799901082178,0.0583910596780688
q;1566402869102;0.1095285,0.9140303,0.27140012,-0.28088096,
v;1566402869102;-0.591569871222278,-2.56286081051606,0.0575723670896308
q;1566402869127;0.10707143,0.9166519,0.26074073,-0.2833713,
v;1566402869127;-0.568892024150459,-2.55880796609263,0.0576243778036514
q;1566402869151;0.105617814,0.9187952,0.25104746,-0.2857191,
v;1566402869151;-0.548814806992836,-2.55532781294304,0.0593732867316958
q;1566402869176;0.10423435,0.9208363,0.24170783,-0.28770313,
v;1566402869176;-0.529525387443792,-2.55256741370098,0.0613159028019426
q;1566402869201;0.103405245,0.9225332,0.23323597,-0.2895528,
v;1566402869201;-0.512340318186511,-2.55009456078288,0.0639735387805345
q;1566402869225;0.10337602,0.92363536,0.22632895,-0.29152426,
v;1566402869225;-0.498790871010117,-2.54726226737486,0.0672395809912624
q;1566402869249;0.10314725,0.9243496,0.22202392,-0.2926496,
v;1566402869249;-0.490228451543769,-2.54560163324799,0.0689006518932805
q;1566402869276;0.10381798,0.924283,0.22027324,-0.29394293,
v;1566402869276;-0.487278347475607,-2.54335734508212,0.0706995864773976
q;1566402869301;0.105551265,0.923454,0.22080724,-0.2955264,
v;1566402869301;-0.489514011213874,-2.54040416133661,0.0730737971551045
q;1566402869329;0.107680514,0.9219409,0.22396024,-0.29710546,
v;1566402869329;-0.497171233668207,-2.53702131921587,0.0745575027925444
q;1566402869359;0.111668035,0.9192952,0.23033568,-0.29895166,
v;1566402869359;-0.51238764665049,-2.53311822418824,0.0776308848220074
q;1566402869384;0.11553762,0.9166601,0.23730132,-0.30012244,
v;1566402869384;-0.528687148482423,-2.53055784710442,0.0804352387731384
q;1566402869411;0.11949363,0.9140321,0.24366423,-0.30148703,
v;1566402869411;-0.54390967386967,-2.52772813730904,0.0836777060710336
q;1566402869437;0.12405893,0.9117254,0.24860446,-0.3025922,
v;1566402869437;-0.556710791234736,-2.52624323009744,0.0893579971526677
q;1566402869467;0.13011293,0.9087271,0.2541212,-0.30448002,
v;1566402869467;-0.571729391347865,-2.52360961685601,0.0973330319547885
q;1566402869497;0.13705839,0.9049749,0.26089686,-0.30686855,
v;1566402869497;-0.589960305123578,-2.51999212661063,0.106035731679436
q;1566402869525;0.1451537,0.90047544,0.26870966,-0.30962795,
v;1566402869525;-0.611162829867079,-2.5159411023564,0.116277484618394
q;1566402869549;0.15261348,0.8960949,0.27579162,-0.31250924,
v;1566402869549;-0.630634302906414,-2.51148241950137,0.125553409056473
q;1566402869576;0.16124882,0.8905453,0.28360945,-0.31700712,
v;1566402869576;-0.652743490164623,-2.5035830193719,0.135590768654033
q;1566402869600;0.16857308,0.885426,0.28976384,-0.321933,
v;1566402869600;-0.670869583203654,-2.49420143501683,0.143414066189301
q;1566402869623;0.17537108,0.88036954,0.29532078,-0.3270783,
v;1566402869623;-0.687624105134998,-2.4840014822313,0.15015369073455
q;1566402869648;0.18163438,0.8748706,0.3015269,-0.33270404,
v;1566402869648;-0.705553160631338,-2.47178846439331,0.15453787424886
q;1566402869673;0.18587802,0.8702422,0.30625424,-0.33813637,
v;1566402869673;-0.719136131924505,-2.4588871927936,0.155342594589386
q;1566402869698;0.18902577,0.86652184,0.30840734,-0.34393913,
v;1566402869698;-0.726838060894764,-2.44498721281178,0.155105862879158
q;1566402869724;0.19021183,0.8634879,0.31016442,-0.34929374,
v;1566402869724;-0.73222507311675,-2.43076511007625,0.150923168959601
q;1566402869753;0.1848961,0.8613128,0.31325024,-0.35472244,
v;1566402869753;-0.735268717199826,-2.41044813893711,0.130176431031777
q;1566402869782;0.17769034,0.8586674,0.3155825,-0.3626627,
v;1566402869782;-0.735346455130595,-2.38204244586065,0.103005630498899
q;1566402869811;0.17332171,0.8559225,0.31499186,-0.37166703,
v;1566402869811;-0.731589398094822,-2.35452296059584,0.0841667841237698
q;1566402869838;0.1687519,0.8547127,0.31111494,-0.37973204,
v;1566402869838;-0.720803835803269,-2.33162730921977,0.0695220749901441
q;1566402869867;0.16424085,0.8544638,0.30586427,-0.38647586,
v;1566402869867;-0.707124145830171,-2.31356210867583,0.0582484929461212
q;1566402869894;0.16227761,0.85457706,0.30009922,-0.3915411,
v;1566402869894;-0.694488538801391,-2.30230276108282,0.0551504532453489
q;1566402869922;0.16079594,0.8553316,0.29185942,-0.39669967,
v;1566402869922;-0.677501838906444,-2.29274624624149,0.05586827019785
q;1566402869948;0.15931085,0.8564451,0.28424138,-0.40041074,
v;1566402869948;-0.661693501175218,-2.28664437781454,0.0573928440884129
q;1566402869974;0.15798552,0.8574752,0.27792096,-0.40315858,
v;1566402869974;-0.64851944538501,-2.28236662628032,0.0588119766988709
q;1566402869999;0.1576098,0.85883695,0.27138007,-0.4048594,
v;1566402869999;-0.635726299900439,-2.28143811490747,0.0634008042550441
q;1566402870026;0.15757076,0.860449,0.26457292,-0.40595585,
v;1566402870026;-0.622707436466679,-2.28228413432444,0.0694306220122002
q;1566402870050;0.15307811,0.864291,0.25580555,-0.40513173,
v;1566402870050;-0.601905917247762,-2.28654491360564,0.0696196129528027
q;1566402870076;0.14431009,0.87085575,0.24104446,-0.40333918,
v;1566402870076;-0.565978198152548,-2.29374233238966,0.0674644920733223
q;1566402870101;0.13742796,0.87648886,0.22610714,-0.40218952,
v;1566402870101;-0.531590445981799,-2.29985545456984,0.0685364428567303
q;1566402870125;0.13304459,0.8807368,0.21476786,-0.40059528,
v;1566402870125;-0.506251091884379,-2.30629269222095,0.071277803700137
q;1566402870149;0.13126743,0.88365614,0.2076538,-0.39849797,
v;1566402870149;-0.491114232185402,-2.31320403649993,0.0754750245160311
q;1566402870177;0.1309697,0.8862524,0.20120944,-0.39612925,
v;1566402870177;-0.478453128303904,-2.32094484229235,0.0820271391909208
q;1566402870201;0.13004626,0.8882784,0.19588462,-0.39456138,
v;1566402870201;-0.467462659138275,-2.32600232511321,0.0857511939555236
q;1566402870225;0.12849101,0.8900582,0.19079348,-0.39355344,
v;1566402870225;-0.456457164374,-2.32931819411933,0.0876258730496154
q;1566402870249;0.12739348,0.8923628,0.18382318,-0.39200595,
v;1566402870249;-0.442225506747274,-2.33451617247021,0.0922337335851793
q;1566402870273;0.126251,0.89492965,0.17720073,-0.3895658,
v;1566402870273;-0.428525982026906,-2.3415418096408,0.0967989038214986
q;1566402870299;0.12546018,0.8973385,0.17194223,-0.38662544,
v;1566402870299;-0.417627451983444,-2.34937853209379,0.101047793722243
q;1566402870325;0.125466,0.89929724,0.16772419,-0.38391575,
v;1566402870325;-0.409340662544315,-2.35660539943481,0.105800377023104
q;1566402870349;0.12576656,0.9007005,0.16484262,-0.38176996,
v;1566402870349;-0.403865134946703,-2.36226926817344,0.109721624415516
q;1566402870376;0.12692115,0.9015832,0.16283002,-0.38016462,
v;1566402870376;-0.400752665197817,-2.36675832351889,0.114344598897693
q;1566402870410;0.12842377,0.90214175,0.16235922,-0.37853283,
v;1566402870410;-0.400813273470186,-2.37111356179026,0.118437997155631
q;1566402870441;0.1297742,0.90191555,0.16390118,-0.37794632,
v;1566402870441;-0.404702607131631,-2.37263785812486,0.120172301801483
q;1566402870471;0.13066164,0.90137094,0.16674565,-0.3776954,
v;1566402870471;-0.410753174996684,-2.3729865931469,0.119820370321596
