q;1565710703656;6.93889390390723e-18,0,0,1,
v;1565710703656;1.38777878078145e-17,0,0
q;1565710703686;9.80730561203139e-05,0.000246804560208924,0.00150296072015414,0.999998839419763,
v;1565710703686;0.000195404010721738,0.000493903376956765,0.00300597094575883
q;1565710703711;-5.5949528721462e-05,0.000538163446782203,0.00324952736832562,0.999994585939761,
v;1565710703711;-0.000115396005568696,0.00107595766198326,0.00649900512338566
q;1565710703734;-8.62737050490864e-06,0.00109637505717713,0.00559358024034477,0.999983733011345,
v;1565710703734;-2.95197840430941e-05,0.00219261968695598,0.0111871929373796
q;1565710703757;-0.000181503951752524,0.00188036613381432,0.0086421388383669,0.999960872418707,
v;1565710703757;-0.000395494480584835,0.00375745709002509,0.0172837806637556
q;1565710703781;0.000148962596652147,0.00281679418151193,0.0132296424250278,0.999908488974649,
v;1565710703781;0.000223367572109189,0.00563704426597102,0.0264607911372746
q;1565710703806;0.000999394705029216,0.00417826614056643,0.0204767944858292,0.999781121663438,
v;1565710703806;0.00182723794101864,0.00839574466648489,0.0409645010186942
q;1565710703831;0.00230016053318274,0.00556601974121368,0.0296783755935944,0.999541422321945,
v;1565710703831;0.00426784356901666,0.011263805391735,0.0593905855366616
q;1565710703857;0.00361707135210979,0.00745668084414813,0.041737459452152,0.999094206299156,
v;1565710703857;0.00660519226363826,0.0152027052264015,0.0835522498835817
q;1565710703881;0.00446087236348255,0.00951235309956006,0.0541479672907707,0.998477710011929,
v;1565710703881;0.00787809556658405,0.0194806760260288,0.108431656355881
q;1565710703906;0.00495397219679766,0.0115554721463172,0.0657697133340771,0.997755589548036,
v;1565710703906;0.00836580430077332,0.0237137687341535,0.131744058019237
q;1565710703931;0.00505764049310165,0.0131532095541577,0.0754510375202622,0.997049894940775,
v;1565710703931;0.00810068182500365,0.0269961854909459,0.151169995512472
q;1565710703955;0.00599438194163488,0.014710791369301,0.0847100720159139,0.996279019651604,
v;1565710703955;0.00945199027554523,0.0303336810673097,0.169788249455306
q;1565710703979;0.00699845865861677,0.0165293808085751,0.0939699128301569,0.995413329470118,
v;1565710703979;0.0108264006158401,0.0342311115511416,0.188433287039482
q;1565710704003;0.00761193624070204,0.0180205414313024,0.101990915868487,0.994592960441446,
v;1565710704003;0.0114659445828765,0.0374100878956987,0.204590881772731
q;1565710704028;0.00853698037645645,0.0200619880335434,0.11137960178896,0.993538714149387,
v;1565710704028;0.0124949736611148,0.0417818306406498,0.223536728250499
q;1565710704054;0.00948065920058801,0.02264079789167,0.120837532439206,0.992368718631301,
v;1565710704054;0.0133452990687435,0.0472490623711107,0.242655806833086
q;1565710704077;0.0107313342737459,0.0248228997050939,0.129541397298407,0.991205169325542,
v;1565710704077;0.0148432668313145,0.0520186615698665,0.260294685808335
q;1565710704102;0.0122454570228012,0.0275796180678937,0.138410276525788,0.989915275404774,
v;1565710704102;0.0166100885588389,0.0580333347510237,0.278321616638348
q;1565710704129;0.0142304702375226,0.0307620120177873,0.148812139436821,0.988284512330241,
v;1565710704129;0.0189731233361434,0.0650962462570489,0.299524683965296
q;1565710704153;0.0161298926198984,0.0334383282455608,0.157457107484612,0.986827821070306,
v;1565710704153;0.0213062606705809,0.0711514323830822,0.317208570144499
q;1565710704177;0.0186096284469072,0.0362601909454888,0.166875820929379,0.985135186853698,
v;1565710704177;0.024566572313098,0.077755138239036,0.336557522753675
q;1565710704201;0.0212958618753636,0.03908509215806,0.175240815356429,0.983518999269429,
v;1565710704201;0.0281948981356414,0.0844796563646626,0.353845649211064
q;1565710704235;0.0259800466626606,0.0434243173586753,0.184995587752288,0.981435652868631,
v;1565710704235;0.0349359801500062,0.0950497021098063,0.374279446990151
q;1565710704264;0.0298491534155543,0.0469650747338927,0.192340978187515,0.979749063619666,
v;1565710704264;0.0404337599381171,0.10378127508021,0.389802906787125
q;1565710704292;0.0334693941985304,0.0507911398438592,0.198978755569094,0.978114254294987,
v;1565710704292;0.0452765351267303,0.113034614926051,0.40394687611602
q;1565710704318;0.0366570085693164,0.054414373196194,0.202923962509212,0.976993981594721,
v;1565710704318;0.0495636832486185,0.12165105372074,0.412600276649034
q;1565710704342;0.0393542412051524,0.0577070978704122,0.2052400971752,0.976216028598149,
v;1565710704342;0.0531739157244341,0.129366196083459,0.417890059987757
q;1565710704367;0.0418198839113718,0.0608814001991326,0.205955896526763,0.975769775913306,
v;1565710704367;0.0565655510639612,0.136681674225989,0.419906660514472
q;1565710704390;0.0437624053270375,0.0634579989156769,0.205723796805252,0.975569403789357,
v;1565710704390;0.0593116554211133,0.142553447438406,0.419897306001516
q;1565710704414;0.0458893000344464,0.0655026399145245,0.20506299065422,0.975475684306621,
v;1565710704414;0.0627045410635069,0.14743511804628,0.419035177426861
q;1565710704438;0.0487245847531529,0.0676856328027037,0.203588582885932,0.975497959330695,
v;1565710704438;0.067552788307098,0.152835478043876,0.416672060384767
q;1565710704463;0.0511887652950171,0.0694438662984032,0.201423438128336,0.975697618488978,
v;1565710704463;0.0719763989201142,0.157185443420675,0.41283201183799
q;1565710704488;0.053596296379898,0.0710613362243841,0.198668870709616,0.976016544233855,
v;1565710704488;0.0764608730962702,0.161175704211802,0.407792882389263
q;1565710704512;0.056209925489803,0.0727794170681962,0.195466980006561,0.976389385967984,
v;1565710704512;0.0814034774758745,0.165394712179185,0.401914491771105
q;1565710704537;0.058743992048023,0.0745613250188812,0.191626817798573,0.976866906403176,
v;1565710704537;0.0863013122829111,0.169627391959412,0.394751833236588
q;1565710704563;0.0611513523611129,0.0764204042332919,0.186430224425838,0.977580834423977,
v;1565710704563;0.0911929772493974,0.173807512050046,0.384836436572424
q;1565710704589;0.0635503767075989,0.0783282966050352,0.180767289209729,0.978340039349272,
v;1565710704589;0.0961775756257543,0.177995750046923,0.374006396857971
q;1565710704615;0.0661740107098989,0.0801617200517057,0.173707791524737,0.979296119839874,
v;1565710704615;0.10193491106741,0.181935233840842,0.36041499684548
q;1565710704640;0.0680048018541631,0.0813133053569469,0.165918970810883,0.98042558911014,
v;1565710704640;0.106566041164389,0.184086208892657,0.345132136578944
q;1565710704663;0.069575973401245,0.0818678886409675,0.157719197787423,0.981621927315635,
v;1565710704663;0.110998113276617,0.184855696437174,0.328920071640143
q;1565710704687;0.0709309262067831,0.0822165017152387,0.149433781591716,0.98279129999627,
v;1565710704687;0.115102739662052,0.185074681630926,0.312482688898253
q;1565710704711;0.0725843062553337,0.0824323843030799,0.13940747169679,0.984124989535303,
v;1565710704711;0.120169693467671,0.184861824686894,0.29259244479032
q;1565710704734;0.0740626334559238,0.0820633923070078,0.12940325722668,0.985411141252519,
v;1565710704734;0.125051415730974,0.183349528531138,0.272654990318167
q;1565710704758;0.075496485379949,0.0812988636944534,0.119091175042172,0.98666512502473,
v;1565710704758;0.129981243089038,0.180914539236572,0.252045664807621
q;1565710704785;0.0767805801618,0.080672314655185,0.105915637732214,0.988118729954784,
v;1565710704785;0.135057955941904,0.178249231784215,0.225650139713975
q;1565710704809;0.0783929128923767,0.0801031675959608,0.0942895101902846,0.989215573117546,
v;1565710704809;0.140450510968465,0.175890464112616,0.202464825212216
q;1565710704833;0.0798500295320113,0.0796774282970386,0.0828899729390131,0.990153900443097,
v;1565710704833;0.14543082142511,0.173720487508728,0.179725203835167
q;1565710704856;0.0809149425998113,0.0795172066000222,0.0712035031370482,0.990989381079289,
v;1565710704856;0.149605337960002,0.171879778977262,0.156368063123846
q;1565710704881;0.0820386255005412,0.0798459838272251,0.0591878587743756,0.991660760041018,
v;1565710704881;0.153863521329221,0.170911781906598,0.132436252447739
q;1565710704906;0.0833954911562756,0.0804292646471515,0.0469157415877704,0.992156837701319,
v;1565710704906;0.158600084701622,0.170373015149196,0.108074453371956
q;1565710704931;0.0847245329360132,0.0814394556133459,0.0344972768505887,0.992471305183791,
v;1565710704931;0.163278994000314,0.170582074621601,0.0834809273995847
q;1565710704956;0.0862693731897011,0.0825278895083292,0.0218755419539405,0.992606737205985,
v;1565710704956;0.168447917937386,0.170846148074669,0.0585282146706743
q;1565710704981;0.0876015994418715,0.0842323644597197,0.0115979329878358,0.992520261062251,
v;1565710704981;0.172797525593844,0.17265156064567,0.0383606961369345
q;1565710705006;0.0887126525859727,0.086216157896967,0.0032688850447154,0.992313575003757,
v;1565710705006;0.176411471814413,0.17528982748197,0.0221296811367772
q;1565710705031;0.0895263360326013,0.0884278092432326,-0.00267417412564971,0.992047595529464,
v;1565710705031;0.179056985929282,0.178763827288492,0.0106986697837049
q;1565710705055;0.0902517543281422,0.0909228006423033,-0.00643471006657118,0.991739033844365,
v;1565710705055;0.181171983721283,0.183186140888863,0.00370949925067002
q;1565710705079;0.0910163173812415,0.0935383462358368,-0.0094403554075607,0.991401783113907,
v;1565710705079;0.183257561463917,0.187984161372552,-0.00172014290769888
q;1565710705104;0.091919619552482,0.0958474662766078,-0.0110102376706631,0.991081641647955,
v;1565710705104;0.185370095961802,0.192422735596538,-0.00427684688554744
q;1565710705131;0.0934873469479559,0.098568298848329,-0.0114086620946585,0.990663631713717,
v;1565710705131;0.188594084821761,0.197939787110073,-0.00424988390378
q;1565710705157;0.0951672210836538,0.100778045547891,-0.0123783816538042,0.990269524673394,
v;1565710705157;0.192157711772529,0.202314522187546,-0.00543438426097342
q;1565710705184;0.0961842287937725,0.102972823987211,-0.013300314248945,0.989933458756299,
v;1565710705184;0.194393113176146,0.206646028784796,-0.00664941817050092
q;1565710705210;0.0978073323618609,0.104955223020624,-0.0128386773663505,0.989572293183315,
v;1565710705210;0.197552295668412,0.210839263483146,-0.00497561424045126
q;1565710705236;0.0989425748824006,0.106769829761247,-0.0115072634751176,0.989281634187688,
v;1565710705236;0.199542981458769,0.214853503068136,-0.00167288035499553
q;1565710705267;0.0990783335226831,0.108401737389768,-0.00862402863153758,0.989119932497967,
v;1565710705267;0.199184916207131,0.218767579503584,0.00450930180456358
q;1565710705295;0.0991250552560191,0.109972259689153,-0.00451649716466901,0.988969138937836,
v;1565710705295;0.198354762019682,0.222793989674771,0.013126410786796
q;1565710705323;0.0991589236426164,0.11162230120422,0.00124172980670685,0.988790366771879,
v;1565710705323;0.197091088649936,0.227303380376988,0.0250804426391806
q;1565710705352;0.0988787208694979,0.113492009394914,0.00775715045233679,0.988575961467278,
v;1565710705352;0.194970408209427,0.232373786559153,0.0385201244575346
q;1565710705376;0.0984129080788855,0.11525919440763,0.0153513419323614,0.988329227308624,
v;1565710705376;0.192170552524392,0.237402495455729,0.0540511489834486
q;1565710705399;0.0981253697078576,0.117667252274344,0.0243101666726979,0.987894152057717,
v;1565710705399;0.189282172542432,0.243984511144466,0.0724808823377216
q;1565710705422;0.0986726924436555,0.120717979136971,0.0342221545374868,0.987177631441963,
v;1565710705422;0.187651857907713,0.252136285407535,0.0931575269637487
q;1565710705445;0.0986913074211936,0.123891678830066,0.0443509971512288,0.986379146010815,
v;1565710705445;0.184753929224443,0.260481144221992,0.114133664445914
q;1565710705469;0.0984210951481538,0.127448220545354,0.0555788024456518,0.985383798308077,
v;1565710705469;0.1807813715822,0.269711452901299,0.13728106548168
q;1565710705492;0.0991814177740251,0.131077118170472,0.0686710499905744,0.984005145382284,
v;1565710705492;0.178128140979056,0.279577129725528,0.164477553210648
q;1565710705515;0.100357784146464,0.134684393926039,0.0812539737348798,0.982438941761396,
v;1565710705515;0.176214039692006,0.289388684125067,0.190779002658458
q;1565710705539;0.100643847813357,0.138016912977588,0.0923713746492588,0.980963613086345,
v;1565710705539;0.172817218055242,0.298145431816261,0.21379234052833
q;1565710705564;0.100662619072497,0.141233910506983,0.10236063685159,0.979511322251497,
v;1565710705564;0.169091386946337,0.306359288539456,0.234414377880259
q;1565710705588;0.101455144496628,0.143794994188947,0.111626319113224,0.978043668783701,
v;1565710705588;0.167129476469183,0.313321717745464,0.25374007185565
q;1565710705611;0.102360147522277,0.145896516168043,0.121016276797431,0.976520150306638,
v;1565710705611;0.165354277920524,0.319402337056542,0.273288178307676
q;1565710705636;0.102669267050798,0.147304208507856,0.128955027802824,0.975259459886324,
v;1565710705636;0.162987782228272,0.323633751143081,0.289591783771719
q;1565710705660;0.102949333701681,0.1483431872914,0.135757671484734,0.974148734760236,
v;1565710705660;0.160993030765275,0.32691350127534,0.303545257466974
q;1565710705684;0.103934107491443,0.149198028648034,0.142599755468572,0.972935227828567,
v;1565710705684;0.160377733746191,0.330082876827042,0.317828482761125
q;1565710705708;0.104870185978998,0.149488430999418,0.148906261988699,0.971844855648473,
v;1565710705708;0.159997333900808,0.332020620535174,0.330939240677563
q;1565710705736;0.10612018609233,0.149840920194709,0.155061818471802,0.97069157164932,
v;1565710705736;0.160235535545534,0.334197231164421,0.343894112311759
q;1565710705763;0.10753500197581,0.15010917086869,0.160006262379189,0.96969142270396,
v;1565710705763;0.161212116084923,0.336100372661352,0.354474992543475
q;1565710705789;0.109459981516756,0.150587362391792,0.164556323537023,0.968639919778859,
v;1565710705789;0.163218138196783,0.33860246025347,0.364515051593732
q;1565710705818;0.11151321712984,0.151583664363426,0.170108893737166,0.967290117532504,
v;1565710705818;0.164906202711405,0.342395317221786,0.376735976762037
q;1565710705844;0.11317586696658,0.152577247091523,0.175396988582072,0.965995458840759,
v;1565710705844;0.165891408931753,0.345997327930852,0.388282253442105
q;1565710705868;0.114958772043646,0.153911902651527,0.180537403649824,0.964625273905343,
v;1565710705868;0.166985524095292,0.350340233495137,0.399655720146971
q;1565710705900;0.116779485495477,0.156191313627284,0.186615792881051,0.962881834193376,
v;1565710705900;0.167374543189699,0.356774830259834,0.413119224253203
q;1565710705923;0.117891104510925,0.157778443579844,0.188986400054005,0.962024814445969,
v;1565710705923;0.167981269611841,0.36088607314811,0.418667001079147
q;1565710705948;0.119080936184758,0.159573138674949,0.19051791179716,0.961279926742595,
v;1565710705948;0.168939604918078,0.36532080340277,0.422591140715659
q;1565710705971;0.120071696273211,0.161296524364336,0.191040301828288,0.960765236825688,
v;1565710705971;0.169909497019344,0.369352630041273,0.424377161645474
q;1565710705994;0.121245981155425,0.162434745757438,0.190486884634517,0.960535830805301,
v;1565710705994;0.171883950991388,0.372127571550514,0.423978790598593
q;1565710706018;0.122765825286962,0.163218810298647,0.189067787103577,0.960490323592724,
v;1565710706018;0.175003857280032,0.37421900045645,0.42193453872699
q;1565710706043;0.124045378698846,0.163643875124717,0.186365258429594,0.960781648278701,
v;1565710706043;0.178309347601995,0.37524276100427,0.417126047951992
q;1565710706067;0.125226873197132,0.163792963439571,0.182973102125121,0.961254888395192,
v;1565710706067;0.181810445855218,0.37552920461525,0.410832414775477
q;1565710706091;0.126416351657764,0.164010581777507,0.178295696351883,0.961940784573429,
v;1565710706091;0.185792372361586,0.375707452593025,0.401956730088312
q;1565710706114;0.127160919371271,0.164019938105982,0.1729848181293,0.962810353549338,
v;1565710706114;0.189245359546213,0.375110226968413,0.3915596101645
q;1565710706139;0.128276454620755,0.164070152435722,0.166585612781112,0.963781805832476,
v;1565710706139;0.193808594771226,0.374538494753277,0.379145311049125
q;1565710706163;0.129164052625852,0.164153607890705,0.159503824016109,0.964846541646942,
v;1565710706163;0.198175350006665,0.373758116305041,0.365257730208282
q;1565710706187;0.130419101765325,0.164437022022003,0.151505174420908,0.965917953386256,
v;1565710706187;0.203524346798568,0.373322627508188,0.349732714761208
q;1565710706211;0.132041671450404,0.164910930312879,0.142157411372534,0.967037115758528,
v;1565710706211;0.21003258852267,0.373097551549025,0.331698750531992
q;1565710706235;0.133314292675528,0.165316292489654,0.13162196637907,0.968283762826324,
v;1565710706235;0.216337168172791,0.37225674598858,0.311102274800383
q;1565710706259;0.134378932185308,0.165881131209269,0.120416880629148,0.969497553588007,
v;1565710706259;0.222440158295167,0.371429675989484,0.289104217362294
q;1565710706283;0.135571726832712,0.166757827854277,0.109168035495204,0.970512457267242,
v;1565710706283;0.228728015160246,0.371193968580724,0.267155171166842
q;1565710706308;0.136606070554154,0.168494647979203,0.0971613379595031,0.971343399961448,
v;1565710706308;0.234791775528653,0.372410034191305,0.243821154918933
q;1565710706332;0.137236866915756,0.170339849206165,0.0855773480971457,0.97202211203135,
v;1565710706332;0.23993560159231,0.373735624752567,0.22120477566217
q;1565710706357;0.137706986253514,0.1726082176723,0.0736914466196329,0.972529073958324,
v;1565710706357;0.244847727890411,0.375753912847675,0.198032641876897
q;1565710706381;0.137845562433456,0.17527544765866,0.0622351861531867,0.972832975938347,
v;1565710706381;0.248948299786172,0.378555354208228,0.175702100097682
q;1565710706406;0.137660111920478,0.178258330727759,0.0495688073991611,0.973044985988359,
v;1565710706406;0.252914559777533,0.381594936252716,0.150897769998653
q;1565710706429;0.137866015341271,0.18128913842318,0.0369460633839373,0.973017076716955,
v;1565710706429;0.257740288101652,0.38480834477306,0.126385318055456
q;1565710706457;0.137867574712702,0.184854748298737,0.0231881724361825,0.972771123318339,
v;1565710706457;0.262664211218592,0.388755269105037,0.0996620092774759
q;1565710706480;0.138342875063221,0.188125926304791,0.0127137754821968,0.972269624511172,
v;1565710706480;0.26740501334639,0.392983232872021,0.079687625932026
q;1565710706504;0.138924023100881,0.19131514538116,0.00240869179179511,0.9716443890672,
v;1565710706504;0.272404298736818,0.397060300869821,0.0600877695526216
q;1565710706529;0.139054824571025,0.194470953296478,-0.0069809194494952,0.970976829178652,
v;1565710706529;0.276253577039714,0.401195319968858,0.0421372985507408
q;1565710706553;0.139069045877103,0.197438212584477,-0.0154460503617403,0.970277920442145,
v;1565710706553;0.279599298895563,0.405142943369175,0.0259517730522583
q;1565710706577;0.139566444172039,0.200489923111185,-0.0224020792680368,0.969444751050902,
v;1565710706577;0.283363610962557,0.409729369789863,0.0130489154272972
q;1565710706600;0.139836458209129,0.2030817690875,-0.0273023114207026,0.968740543275629,
v;1565710706600;0.285898607058465,0.413869801118896,0.0040637214297966
q;1565710706625;0.140470287114372,0.205500701701279,-0.0304810996860499,0.968043688427811,
v;1565710706625;0.288474951184179,0.418164484723256,-0.00133578368351213
q;1565710706649;0.141260695048526,0.207605989762651,-0.0326242097498851,0.967409327494074,
v;1565710706649;0.290947247408037,0.422104046816702,-0.00466486528151397
q;1565710706673;0.141645929704988,0.209174793648403,-0.034014417343827,0.966967126558717,
v;1565710706673;0.292308777309539,0.425073007453232,-0.00681318884634006
q;1565710706698;0.142752585071728,0.210244989376343,-0.0346393839229064,0.966550049651733,
v;1565710706698;0.294770807054109,0.427293155494279,-0.00724804284372236
q;1565710706726;0.143820453774285,0.210835249541924,-0.0347785167743464,0.966257991760802,
v;1565710706726;0.296945126561543,0.428634090879582,-0.00686572858330518
q;1565710706751;0.144840879504235,0.211149603820269,-0.0344582913738259,0.966048451545356,
v;1565710706751;0.298825880345566,0.429520358211838,-0.00566150009355052
q;1565710706778;0.145562284667843,0.211202707373329,-0.034252345830438,0.965935711374474,
v;1565710706778;0.300163075101795,0.429784633261277,-0.00490412130461478
q;1565710706803;0.145907873901163,0.211043866640033,-0.0338463269813559,0.965932622601479,
v;1565710706803;0.300670266238814,0.429610938842004,-0.00397914044862017
q;1565710706829;0.145958528388808,0.21042390421392,-0.0333157192849742,0.966078707734056,
v;1565710706829;0.300539638989331,0.428458685527761,-0.00308308544441499
q;1565710706854;0.145866779599846,0.209559469984247,-0.0325862848723843,0.966305213063661,
v;1565710706854;0.300042897831869,0.426828150235237,-0.00192716330958851
q;1565710706877;0.145603007364363,0.208782100876129,-0.0320747296632496,0.966530400463451,
v;1565710706877;0.299301387850025,0.425296415879751,-0.00125980699250692
q;1565710706900;0.14565313764382,0.208293307463459,-0.0314110719045861,0.966650072146064,
v;1565710706900;0.29911714095399,0.42446103948753,-5.22001221192259e-05
q;1565710706927;0.145313143492913,0.207219725528931,-0.0301746924521809,0.966971407161743,
v;1565710706927;0.297920443258869,0.422502752966463,0.00195342115976195
q;1565710706951;0.144570289539382,0.206163605754691,-0.0289960644581841,0.967344463258952,
v;1565710706951;0.29595598400933,0.420510641512212,0.00367153179770697
q;1565710706974;0.143921183282334,0.205065614994933,-0.0281290148186481,0.967700093766925,
v;1565710706974;0.294312178755148,0.418352438567936,0.0047917239910145
q;1565710707003;0.143071505509313,0.203864270093793,-0.027096941750583,0.968109306778099,
v;1565710707003;0.292206516853342,0.415996710380885,0.0061285557344044
q;1565710707030;0.142361758540156,0.20284069787412,-0.0265963370779963,0.968442762806622,
v;1565710707030;0.290600990260264,0.413884432296658,0.00651256031943918
q;1565710707057;0.141496565101775,0.20156787175218,-0.0262126093675204,0.968845685914187,
v;1565710707057;0.288739271810839,0.411194632471903,0.00652033867985737
q;1565710707084;0.140452865666865,0.200411963995724,-0.0256935648217308,0.969251202488208,
v;1565710707084;0.286468919795817,0.408768785798976,0.00676559575176157
q;1565710707111;0.139433105258161,0.199315600334951,-0.0251782350016276,0.969637960070969,
v;1565710707111;0.284248403433194,0.406472583121696,0.00703728428908132
q;1565710707134;0.138489731693592,0.198198946472069,-0.0248025999632506,0.970011609044548,
v;1565710707134;0.282237163463266,0.404106847007559,0.00705875557214278
q;1565710707158;0.13754213589163,0.197230981332301,-0.0248312999831113,0.970342944246407,
v;1565710707158;0.280380266252989,0.401945251202529,0.00631190585284129
q;1565710707183;0.136836410001766,0.195872934346299,-0.0248326830819423,0.970717721765159,
v;1565710707183;0.278992408703066,0.399003839878752,0.00561103515297235
q;1565710707207;0.135935505711694,0.194787719222501,-0.0243948575509884,0.97107371804683,
v;1565710707207;0.277040741530667,0.396734272970074,0.0057999116893675
q;1565710707231;0.135003480854334,0.193595985879873,-0.0237613193712329,0.971457705103925,
v;1565710707231;0.274951787257755,0.394291770018779,0.00634437698907397
q;1565710707255;0.134009540538718,0.192588910192742,-0.0229954814547286,0.971813849759015,
v;1565710707255;0.272688953522575,0.392265919493385,0.00718852220981297
q;1565710707279;0.13293474132639,0.191762779216021,-0.0221024053871181,0.972145502463919,
v;1565710707279;0.270217093887344,0.390643813976151,0.00831207571916212
q;1565710707303;0.131949334099392,0.190833372802859,-0.0214715178188589,0.972476734493945,
v;1565710707303;0.268027913235777,0.38874670998217,0.00891810441336476
q;1565710707329;0.130932375992535,0.189957967944339,-0.0210004761098376,0.972795838425762,
v;1565710707329;0.265839485054615,0.386918290679986,0.00920854526842146
q;1565710707353;0.130167857510422,0.189142972210403,-0.0205786013259748,0.973066202909073,
v;1565710707353;0.264170341945543,0.385233769910318,0.0095224663708342
q;1565710707377;0.129500595107679,0.188647947147992,-0.0203795914195258,0.97325550025675,
v;1565710707377;0.262777255754607,0.38417321645964,0.00951780739753446
