q;1565710831153;-3.46944695195361e-18,0,0,1,
v;1565710831153;-6.93889390390723e-18,0,0
q;1565710831184;-0.00067466707997826,-0.000343457121828261,0.000672374003565082,0.999999422702743,
v;1565710831184;-0.00134887192674486,-0.000687821784279214,0.00134521229872962
q;1565710831215;-0.00129241195224399,-0.000642659645992805,0.00163061072868882,0.999997490821113,
v;1565710831215;-0.00258272443460319,-0.00128953556677434,0.0032628911085914
q;1565710831247;-0.00167863467489451,-0.000861235535585647,0.00339534573396694,0.999992337419033,
v;1565710831247;-0.00335140151339726,-0.00173386756881077,0.00679362124357889
q;1565710831273;-0.00277560804893184,-0.0008448700606008,0.00562275930974809,0.999979924290022,
v;1565710831273;-0.00554163201484747,-0.00172094662472669,0.0112503929860944
q;1565710831301;-0.00371095110918883,-0.000864005933280176,0.00970715942981633,0.999945546676995,
v;1565710831301;-0.00740479165288178,-0.00180001367867689,0.0194214275763274
q;1565710831329;-0.00509626570444375,-0.00108336991250768,0.0130847009619805,0.999900780578384,
v;1565710831329;-0.010163343936236,-0.00230001188282792,0.0261821909972809
q;1565710831356;-0.0070313081148075,-0.000848729495956324,0.0158224205930821,0.999849662022259,
v;1565710831356;-0.0140341048534406,-0.00191989867213068,0.0316604254541167
q;1565710831382;-0.00864914554808088,-4.93550502686513e-05,0.0195103773307546,0.999772214166142,
v;1565710831382;-0.0172932868549383,-0.000436249046284796,0.0390284617082099
q;1565710831409;-0.0112871686177133,0.00121113290673258,0.024473635377915,0.999635918799827,
v;1565710831409;-0.0226273307953606,0.00186938744135927,0.0489341578737392
q;1565710831433;-0.013463825805154,0.00222347842723242,0.02959629342356,0.999468658375491,
v;1565710831433;-0.0270482552679189,0.00364897814762762,0.0591573868730267
q;1565710831458;-0.0158238750142851,0.00323583700031405,0.0352651784344428,0.999247432947258,
v;1565710831458;-0.0318575461607373,0.00535348204237126,0.0704689067721534
q;1565710831482;-0.0185785933598198,0.00404850449330396,0.0406349701974442,0.99899313621166,
v;1565710831482;-0.0374575548502644,0.00658364086268826,0.0811837137020926
q;1565710831509;-0.0216427824948248,0.00539748709196702,0.0483163737216527,0.998582801907975,
v;1565710831509;-0.0437597594873379,0.0086967089634907,0.0965041287353948
q;1565710831532;-0.0243679996363958,0.00651689041732401,0.0552649987449042,0.998153021486773,
v;1565710831532;-0.0493863700335919,0.0103290900625545,0.110366457483652
q;1565710831556;-0.0271076047752495,0.007572457130882,0.0630751860927826,0.997611754490816,
v;1565710831556;-0.05506882778416,0.0117071239604742,0.125961822422834
q;1565710831580;-0.0298385192785021,0.00837643915069114,0.0718725986135841,0.996932194949069,
v;1565710831580;-0.0607353669979365,0.0124355888758149,0.14356074235767
q;1565710831604;-0.0330121378729402,0.00921822383080623,0.0806205322327067,0.996155300677291,
v;1565710831604;-0.0673075977143811,0.0130726246710407,0.161071221123961
q;1565710831629;-0.0360364059578478,0.0100571592144453,0.089103126153647,0.995319475221797,
v;1565710831629;-0.073594136160161,0.0136355905826226,0.178066275449112
q;1565710831652;-0.0392153146802083,0.0110364243110184,0.0957135751040752,0.994574930618427,
v;1565710831652;-0.0802037684113925,0.0144933219285956,0.191298895436377
q;1565710831675;-0.0413899516304641,0.0123253364336242,0.101837668757533,0.993863025533309,
v;1565710831675;-0.0848841516832586,0.0161280456095979,0.203535265303648
q;1565710831700;-0.0428888190963142,0.0141902818052481,0.106965020354646,0.993235877229402,
v;1565710831700;-0.0883480420577049,0.0190889918938727,0.213716166937123
q;1565710831724;-0.044030966936811,0.0160917249402742,0.111439109289595,0.992664906657045,
v;1565710831724;-0.0911285622275077,0.0222278915145832,0.222575429213812
q;1565710831748;-0.0450907078914152,0.0180156192179032,0.115669318286472,0.992100205300501,
v;1565710831748;-0.093774084453349,0.0254298325622369,0.230939403317943
q;1565710831772;-0.046328336046365,0.0197943536870457,0.119477859597617,0.991557808853481,
v;1565710831772;-0.0967553140728653,0.0283202970236391,0.238462706748944
q;1565710831797;-0.0470231604178144,0.0213072971775136,0.123162967173593,0.991042727186061,
v;1565710831797;-0.0986122080369634,0.0308043628810895,0.245764220361897
q;1565710831822;-0.0477692650715085,0.022822905995482,0.127261256174689,0.990455336525421,
v;1565710831822;-0.100605215628001,0.0332258713509709,0.253902042913429
q;1565710831846;-0.048620111786803,0.0243930009187392,0.131136892348562,0.989870731273578,
v;1565710831846;-0.102834042344749,0.0357364073279435,0.261584367694163
q;1565710831871;-0.0491558506200329,0.026046827587217,0.135317079420302,0.989239350529679,
v;1565710831871;-0.104493017201667,0.0384489795683741,0.269879694354247
q;1565710831896;-0.0500112732912128,0.0280151652870582,0.139707198328598,0.988532216987464,
v;1565710831896;-0.1069068750915,0.041663763660333,0.278566675103228
q;1565710831921;-0.0507996087954113,0.0300908058393722,0.14432791484916,0.987766830630845,
v;1565710831921;-0.109259477228357,0.0450656795266631,0.287712480081638
q;1565710831946;-0.0516274482509304,0.0321084827316904,0.149591400175966,0.986876874455766,
v;1565710831946;-0.111738548868407,0.0482476785779392,0.298171913989636
q;1565710831971;-0.0524514990598514,0.0338683512342327,0.15578450187528,0.985815790284672,
v;1565710831971;-0.114215525659069,0.0507862342544042,0.310555713941705
q;1565710831995;-0.0537496655737037,0.0355486261050438,0.16293732661692,0.984529602783161,
v;1565710831995;-0.117692183119184,0.0528719092804006,0.324906386997566
q;1565710832019;-0.0550616073350854,0.036811654111273,0.170775296839016,0.983081236342621,
v;1565710832019;-0.121129097351619,0.0539930218148111,0.340720924575291
q;1565710832044;-0.0567861137090493,0.0379002534816023,0.179052699068029,0.981467775167707,
v;1565710832044;-0.125367912363018,0.0545149754160208,0.357475761414774
q;1565710832072;-0.0591793191737735,0.0386674906280672,0.186743165061545,0.979861922517953,
v;1565710832072;-0.130789461506502,0.0541637900316821,0.37309744719339
q;1565710832098;-0.0611362113817878,0.0394117648213867,0.192438296221436,0.978609584053044,
v;1565710832098;-0.135237484107901,0.0541279747489315,0.384667803842333
q;1565710832122;-0.0623466297048354,0.0406019949396031,0.1968516997474,0.977606061403039,
v;1565710832122;-0.138326738380236,0.0553966342279077,0.393569089373847
q;1565710832146;-0.063342178704476,0.0418166778278014,0.200982144420479,0.976650041001376,
v;1565710832146;-0.141001851695109,0.0568133139354852,0.401894877343173
q;1565710832170;-0.0642702617868858,0.0429461089519166,0.20405592586808,0.97590269035046,
v;1565710832170;-0.143461453880717,0.0582236732150286,0.408064830397069
q;1565710832194;-0.065421797866898,0.0439081816028477,0.207300275562721,0.975099321999035,
v;1565710832194;-0.146311313720858,0.0591721381052712,0.414612919112387
q;1565710832218;-0.06625695341336,0.0443937836096515,0.209816856128591,0.974482412543192,
v;1565710832218;-0.148304644303479,0.0594049085028998,0.419732498216614
q;1565710832241;-0.0664994541152421,0.0449472550509006,0.212498179315895,0.973859305458021,
v;1565710832241;-0.149177324366719,0.0599843506060165,0.42518572069156
q;1565710832266;-0.0668761150240555,0.0456518575378329,0.21539666802334,0.973163731041577,
v;1565710832266;-0.150395657272357,0.0607665889122525,0.431069918519172
q;1565710832292;-0.0673271805991307,0.0466309824240249,0.218528100492775,0.972387671176546,
v;1565710832292;-0.151900074933039,0.0620143809215072,0.437400867143819
q;1565710832316;-0.0679578083908036,0.0475183541277673,0.221098339794905,0.971719665830731,
v;1565710832316;-0.153688648110186,0.0630832135452394,0.442589425970684
q;1565710832340;-0.0683423849737149,0.0484122489158393,0.223516080792064,0.971095267049241,
v;1565710832340;-0.154995613577511,0.0642889960023266,0.447463871903298
q;1565710832364;-0.0684345533319121,0.0496150395065138,0.225597928275988,0.970546492199349,
v;1565710832364;-0.155854128427738,0.0662813263257857,0.451599597995134
q;1565710832389;-0.0683902645913402,0.050744341802451,0.227589098453445,0.970026230589874,
v;1565710832389;-0.156415443977241,0.0682017487842237,0.455559742610928
q;1565710832418;-0.0682500329681758,0.0520820947894028,0.229566828721105,0.969499007431084,
v;1565710832418;-0.156892183685818,0.0705758844344716,0.459463425391996
q;1565710832446;-0.0679632501426394,0.0533684444331009,0.231053160460754,0.969096032896272,
v;1565710832446;-0.15703231293199,0.0729941936861168,0.462357880921761
q;1565710832473;-0.0675318579296094,0.0544866896014857,0.232141643216191,0.968803858816649,
v;1565710832473;-0.156789105794687,0.0752125153092387,0.464454041233146
q;1565710832502;-0.0670970358621338,0.0553435845906327,0.232969728019322,0.968586525944082,
v;1565710832502;-0.156402192504321,0.0769613528439542,0.466049671173191
q;1565710832531;-0.0663505452423404,0.0559895504202794,0.233457619868237,0.968483427121114,
v;1565710832531;-0.155284498919458,0.0784939048399557,0.466974352865605
q;1565710832562;-0.0649567160573715,0.056601220656293,0.233047062867872,0.968641249238549,
v;1565710832562;-0.152815079265936,0.0803991231438283,0.466050356993573
q;1565710832594;-0.0631657506923228,0.0572426204901845,0.231547034154715,0.969081620193399,
v;1565710832594;-0.149490418907527,0.0827095267657279,0.462877273977849
q;1565710832627;-0.0602926285350184,0.0577943269858003,0.229131369301863,0.969805814719422,
v;1565710832627;-0.143925649171194,0.0854551353739182,0.457857211085117
q;1565710832654;-0.0581897235514359,0.0580008206654116,0.226205949300691,0.970608364252525,
v;1565710832654;-0.139652621195592,0.0872251142625527,0.451833068718888
q;1565710832680;-0.0556841811267351,0.0581668035407327,0.223259626140814,0.971427232977477,
v;1565710832680;-0.134564597765524,0.0890674102479171,0.44580126618912
q;1565710832708;-0.0525987527920876,0.0584295085946394,0.220305098971488,0.97225768250356,
v;1565710832708;-0.128376044835792,0.0913188060714956,0.439783315982219
q;1565710832735;-0.0498345155505045,0.0590236975380892,0.217148422292617,0.973077155257239,
v;1565710832735;-0.122928835488261,0.0940738030743451,0.433324224970421
q;1565710832759;-0.0467021692705933,0.0596825066605794,0.213426589445152,0.974015301638271,
v;1565710832759;-0.116717750518487,0.0971409720708821,0.425742235218709
q;1565710832783;-0.0432126070476677,0.0606818716774091,0.209817380873489,0.974898395638944,
v;1565710832783;-0.109941370327477,0.100963782032031,0.4184119419684
q;1565710832807;-0.0395305191413681,0.0615919307544625,0.205647115534716,0.975885681517481,
v;1565710832807;-0.102667207560759,0.10469614153493,0.409995883245377
q;1565710832832;-0.0358593957085589,0.0631589375428024,0.201130325504385,0.976868282222825,
v;1565710832832;-0.0956117756241259,0.109690928228906,0.400857703482944
q;1565710832856;-0.0315197704825552,0.0646456950365263,0.196019912464304,0.977958820316656,
v;1565710832856;-0.0871038643480783,0.114770606911416,0.390625766752129
q;1565710832881;-0.0273112561886072,0.0661909672473611,0.190614014147903,0.979050050697556,
v;1565710832881;-0.0787935307034113,0.119854442004577,0.379844631191608
q;1565710832905;-0.0229083125103868,0.0680635946461999,0.185963138285693,0.979928706363821,
v;1565710832905;-0.07026948057659,0.125512961278279,0.370666501495203
q;1565710832929;-0.0190964458515264,0.0699849094078294,0.181571937709761,0.980698219250518,
v;1565710832929;-0.0629117835721875,0.130965811231118,0.362018117689256
q;1565710832958;-0.013524048597346,0.0724341731888444,0.174909025815272,0.981823305218487,
v;1565710832958;-0.0519185551060688,0.138128512778546,0.349003012708127
q;1565710832985;-0.00903276057878585,0.0750596558918304,0.169810132128673,0.982572574850316,
v;1565710832985;-0.0432559537541676,0.145079040918967,0.339119356977516
q;1565710833012;-0.00443201927445839,0.0778728459594387,0.165217750070133,0.983167919867042,
v;1565710833012;-0.034453607104194,0.152338264431786,0.33035179754784
q;1565710833041;2.80779245806356e-05,0.0814068954850751,0.16017019548907,0.983726663159724,
v;1565710833041;-0.026025612621325,0.160921149672471,0.320708183501494
q;1565710833069;0.00364506371991091,0.0842147078510657,0.156429683108841,0.984085447766976,
v;1565710833069;-0.0191744267176057,0.167705025466793,0.313669336405097
q;1565710833096;0.00694055478904001,0.0869769754613497,0.152073966767767,0.984510096109771,
v;1565710833096;-0.0127881233773674,0.174265241053236,0.305393652254082
q;1565710833123;0.0101410595015579,0.0889339222154653,0.148174140522378,0.984902104268079,
v;1565710833123;-0.00637955656316981,0.179148053546768,0.298078300692452
q;1565710833149;0.0137018278149599,0.0905245422284193,0.144306323840476,0.985288313401306,
v;1565710833149;0.000873973935244981,0.18336596669198,0.29093440092132
q;1565710833177;0.0176197522628706,0.0915913987816316,0.139178241813329,0.985865123782403,
v;1565710833177;0.00924647055335296,0.186586809160005,0.281358985672703
q;1565710833203;0.0210246472061988,0.0921169380143514,0.13486445714752,0.986348741318828,
v;1565710833203;0.0166294333728128,0.188530585927543,0.273348949545661
q;1565710833228;0.0246240508620028,0.09249615733982,0.130730920792723,0.986786389088886,
v;1565710833228;0.0244155665272332,0.190186964562852,0.265757786533535
q;1565710833252;0.0283290244634006,0.0923589994543007,0.12549523226118,0.987379514447264,
v;1565710833252;0.032767632212783,0.190753581523938,0.255977975722306
q;1565710833276;0.0318169647931097,0.0921114230624799,0.120607017679821,0.98790535960543,
v;1565710833276;0.0406569319963591,0.190985231275667,0.246859613726875
q;1565710833305;0.0363751255207849,0.091849504110271,0.115049142266934,0.988435235046312,
v;1565710833305;0.0507963400352882,0.191355414496921,0.236623645905142
q;1565710833331;0.0406508759801269,0.0914716562028002,0.109311135465609,0.9889546399895,
v;1565710833331;0.0604427998497408,0.191322136443166,0.225971698744256
q;1565710833360;0.0457431035679451,0.0914417438851526,0.103036374605488,0.989408625139268,
v;1565710833360;0.0717350989381027,0.192042030340628,0.214442891843229
q;1565710833384;0.0509068800109384,0.0911565419734305,0.0969492342161068,0.9897977999313,
v;1565710833384;0.0831958626627176,0.192164938151072,0.20329707152123
q;1565710833409;0.0558802632527232,0.0906712533577522,0.0913035299870383,0.990111012981768,
v;1565710833409;0.0942375379511401,0.191772342287916,0.19298129419216
q;1565710833433;0.0603475176991139,0.0903274477018484,0.0857515328671583,0.990376510853959,
v;1565710833433;0.104230719176134,0.191466624027003,0.182756658307971
q;1565710833457;0.0637916565095051,0.0900978004115627,0.0806383842012747,0.990611160157362,
v;1565710833457;0.112089339683796,0.191145970334759,0.173203752476703
q;1565710833483;0.0666331943847015,0.0902258067390029,0.0758334070231077,0.990791848357409,
v;1565710833483;0.118633065002812,0.191399592301692,0.164179678555826
q;1565710833508;0.0695371992361986,0.0907775834245936,0.0714274510871264,0.9908692836042,
v;1565710833508;0.12516306736121,0.19251482587254,0.15602319428695
q;1565710833532;0.071546742118322,0.0915264625648197,0.0675538372761259,0.990929009842133,
v;1565710833532;0.129793676289032,0.193892260094877,0.148773950472006
q;1565710833562;0.0741394381969706,0.0923986582737962,0.0630324337856673,0.990955433475136,
v;1565710833562;0.13570567689578,0.195501263026636,0.140372306397584
q;1565710833588;0.076481618552609,0.0932352952656443,0.0596214944619525,0.990910135631986,
v;1565710833588;0.140921123707542,0.19711071951831,0.134148472713577
q;1565710833614;0.0788826123412212,0.0938192166077744,0.056472723912717,0.990851276976196,
v;1565710833614;0.146246181252663,0.198229144311909,0.128433602638921
q;1565710833640;0.0811127473157916,0.0942694703775058,0.0534402961298796,0.990796656714011,
v;1565710833640;0.151232724434282,0.199041656874362,0.122898204745594
q;1565710833666;0.083141050879047,0.0941212061322011,0.0507136850408077,0.990785971896202,
v;1565710833666;0.155833453649739,0.198635540557562,0.117840658473316
q;1565710833692;0.0848472618428667,0.0940097630249713,0.0486279007873893,0.990756436665468,
v;1565710833692;0.159660411852097,0.198337326042626,0.114003371705644
q;1565710833721;0.0863213838464844,0.0938725256596781,0.0467674130936294,0.990731711794015,
v;1565710833721;0.162982920942342,0.197976312128991,0.110561659976555
q;1565710833746;0.0874736469547608,0.0938433494464712,0.0453573636522191,0.990698905295322,
v;1565710833746;0.165562452759321,0.197852324145426,0.107971847037307
q;1565710833771;0.0885421677055964,0.0937796067352896,0.0441925821189824,0.990662751229777,
v;1565710833771;0.167930305682891,0.197681471819861,0.105850584126929
q;1565710833796;0.0890714910881969,0.0940720444713646,0.0428036288828805,0.990648470837627,
v;1565710833796;0.169230430557159,0.19811492569014,0.103220083076752
q;1565710833821;0.0892836439390641,0.0943140580851293,0.0419633760585518,0.990642365018598,
v;1565710833821;0.16979555515165,0.198492895093871,0.101616389274221
q;1565710833847;0.0896552874486529,0.0948747285523907,0.0415333075655121,0.990573327852567,
v;1565710833847;0.170565175451783,0.19960831201738,0.100928979442268
q;1565710833871;0.089777255485747,0.0951316664942964,0.0416033427174942,0.990534697384606,
v;1565710833871;0.170768156618714,0.200158328089788,0.101141424080356
q;1565710833898;0.0898976989077804,0.0957766866662713,0.0416393296067393,0.990460093492436,
v;1565710833898;0.170935218933062,0.201489780091483,0.101352398690571
q;1565710833922;0.0899926846245371,0.0962192090819539,0.042221305128219,0.990384033167019,
v;1565710833922;0.170961220185703,0.202500262502564,0.102622124669257
q;1565710833946;0.0891421321647453,0.0966055775454773,0.0436677765326468,0.990360551941401,
v;1565710833946;0.168930937505742,0.203409367472681,0.105409761248326
q;1565710833971;0.0878911380085563,0.0971713087552217,0.0460371872187487,0.990309675951227,
v;1565710833971;0.165891747160513,0.204771562697307,0.109991767583318
q;1565710833995;0.0861795599984655,0.097672330898859,0.0498968367252125,0.990223985961131,
v;1565710833995;0.161629877805249,0.206160459820975,0.117449936642239
q;1565710834019;0.0831039610415416,0.0985960578727137,0.0552519237259136,0.990110928265229,
v;1565710834019;0.154280349395044,0.208387599169732,0.127657102972315
q;1565710834044;0.0793041463960742,0.0998274209982699,0.0624256993034951,0.989872805366897,
v;1565710834044;0.145046501041675,0.211305496671953,0.14137045192515
q;1565710834069;0.0750517190690077,0.101813935911413,0.0697605508861483,0.989512199862599,
v;1565710834069;0.134731239250036,0.21556773521569,0.155367129102473
q;1565710834094;0.0696247614428759,0.104667899744948,0.0782508641030125,0.988976171261893,
v;1565710834094;0.121633452687237,0.221349680715212,0.171450697342934
q;1565710834119;0.0647384422708399,0.107377085234864,0.086760748319191,0.98830747728272,
v;1565710834119;0.10954972947839,0.226762808598525,0.187612182494935
q;1565710834143;0.0591294276858965,0.110852420290559,0.0960017824375554,0.987420371240326,
v;1565710834143;0.0956328469801724,0.233440373593548,0.20506209771201
q;1565710834171;0.0529389129951058,0.114605084585417,0.106584780885316,0.986256899687088,
v;1565710834171;0.0800779764142893,0.24041746059808,0.224982172798814
q;1565710834199;0.0473045479211767,0.118175857921595,0.115852658614197,0.985076006467712,
v;1565710834199;0.065862783094933,0.246813054373301,0.242312398111461
q;1565710834227;0.0432056412048271,0.121090827749905,0.122649983665679,0.98408694698655,
v;1565710834227;0.0553609133053672,0.251965725151053,0.255001188494981
q;1565710834254;0.0395845438921554,0.1237832699275,0.12772307423415,0.983258630980415,
v;1565710834254;0.0462402056950998,0.256611992035382,0.264315586761639
q;1565710834280;0.0372395810467934,0.125319194021891,0.131711473502808,0.982629281621338,
v;1565710834280;0.040184268026253,0.259193719352664,0.271729047018709
q;1565710834306;0.0354190960648704,0.126052700330342,0.134626237068584,0.982207644448284,
v;1565710834306;0.0356453603635054,0.260247772739804,0.277097433873948
q;1565710834331;0.0340237058981889,0.126465840032405,0.136533300289869,0.98194053698832,
v;1565710834331;0.0322905261976729,0.260733151682415,0.28055103150848
q;1565710834356;0.0325150778280113,0.126641415756965,0.138467235774052,0.981698219133868,
v;1565710834356;0.0287725842373863,0.260701632024376,0.284020755169758
q;1565710834381;0.0314298745827247,0.126849859980881,0.140512142050016,0.981416120322057,
v;1565710834381;0.0260466250820444,0.260853252515189,0.28782962094461
q;1565710834404;0.0304777261985691,0.127316292867621,0.142727501238392,0.981066020805241,
v;1565710834404;0.0234604024382619,0.261554562661338,0.292022876648235
q;1565710834429;0.0292497501938075,0.128361691324066,0.145134763095905,0.980613895267191,
v;1565710834429;0.0201072905038307,0.263321967613783,0.296537401093769
q;1565710834457;0.0277685523020826,0.130046282135446,0.148231431209574,0.979971519715067,
v;1565710834457;0.0158715540995079,0.266284584883266,0.302371615000743
q;1565710834481;0.0258128944033951,0.131931684868355,0.152058997698335,0.979186257033496,
v;1565710834481;0.0104286524067538,0.269486006000265,0.309535037567574
q;1565710834505;0.0236330960528294,0.134126876303116,0.156461012614852,0.978249079066028,
v;1565710834505;0.00426686807501778,0.273202728951923,0.317779696601559
q;1565710834529;0.0206918617729251,0.136754834042708,0.161471629126768,0.977137078063428,
v;1565710834529;-0.00372648960748026,0.277488030531342,0.3270190484533
q;1565710834557;0.0167391335061233,0.140510251728246,0.16795363645732,0.975586036026807,
v;1565710834557;-0.0145379977708074,0.283598329667095,0.338895501930737
q;1565710834586;0.01221312034189,0.144114068476154,0.174606548453134,0.973958124478004,
v;1565710834586;-0.0265394999804603,0.289097728362585,0.35091815836307
q;1565710834614;0.0070587517521621,0.148524655391449,0.182464314974572,0.971903907570071,
v;1565710834614;-0.04049110567234,0.295813667343076,0.365123902668236
q;1565710834643;0.00171493544499777,0.15293430315265,0.190108798326006,0.969776610966742,
v;1565710834643;-0.0548496027982507,0.302307656991429,0.378801091527462
q;1565710834671;-0.00362231898291603,0.157185767429518,0.198234089347573,0.967462013353357,
v;1565710834671;-0.0693837236068693,0.30829711251349,0.393422328512771
q;1565710834699;-0.00923119971579632,0.161435089745518,0.206144641355944,0.965068784912333,
v;1565710834699;-0.0844758793299794,0.314023100793142,0.407505472262291
q;1565710834724;-0.0140608203117297,0.164755173210751,0.211994686156976,0.963180217747404,
v;1565710834724;-0.0970931292389505,0.318234158121419,0.417695946525921
q;1565710834749;-0.0185374734084104,0.168351140986067,0.217197994878882,0.961321602854254,
v;1565710834749;-0.108987644482435,0.323102929158535,0.426632913334723
q;1565710834774;-0.0226039189724315,0.172069372802767,0.221676401137561,0.95955238448567,
v;1565710834774;-0.119954190720728,0.328385476175351,0.434177321930093
q;1565710834802;-0.0256925129733237,0.176530773921669,0.226070478689819,0.957637058723844,
v;1565710834802;-0.129385696481462,0.33549879393658,0.441713512350973
q;1565710834831;-0.0277558218429878,0.180359451222429,0.229375880243822,0.956078801284645,
v;1565710834831;-0.136234747986378,0.34186946166493,0.447373578555135
q;1565710834861;-0.0282114083579157,0.182333469815586,0.231510577874328,0.955176039171503,
v;1565710834861;-0.138762864202858,0.345335590454069,0.451339721541963
q;1565710834886;-0.0278234813466705,0.183271509791488,0.23314668398801,0.954609787441097,
v;1565710834886;-0.139026854805019,0.347144751834225,0.45467137667751
q;1565710834912;-0.0265518481885038,0.183459416781412,0.234213399702739,0.954348790021748,
v;1565710834912;-0.137045337584653,0.34790332356485,0.457201897293653
q;1565710834936;-0.0248003147784931,0.183895505347578,0.235375703196345,0.954026031273535,
v;1565710834936;-0.134292646163602,0.349352285167736,0.46004148503068
q;1565710834961;-0.0228241064995124,0.184268921708203,0.236052279892869,0.953836038564151,
v;1565710834961;-0.130908687445601,0.350843488007146,0.461969990382924
q;1565710834984;-0.0206654871853638,0.184501430926156,0.236233690579519,0.953795426562239,
v;1565710834984;-0.126932783116281,0.352201251462027,0.462966859679827
q;1565710835009;-0.0181852008202736,0.184828144310902,0.236105314429665,0.953814454496397,
v;1565710835009;-0.122272878018959,0.353926787242301,0.463427250011868
q;1565710835032;-0.0152050137778283,0.185489027507148,0.235434230620511,0.953904223700726,
v;1565710835032;-0.116613304542128,0.356598615246462,0.462912006342951
q;1565710835060;-0.0115001877713151,0.186477521140219,0.234045981474455,0.954104958652948,
v;1565710835060;-0.109451803658264,0.360310502238407,0.461154755618051
q;1565710835084;-0.00872848056078245,0.187287136305649,0.23253933046217,0.954344092030928,
v;1565710835084;-0.103950305868705,0.363268565371041,0.458905081587945
q;1565710835107;-0.00551276420329752,0.187909899308011,0.230355963245609,0.954775051624864,
v;1565710835107;-0.0972524616560458,0.366098393710113,0.455468425820416
q;1565710835131;-0.00288145453577823,0.188325081381241,0.227616642560041,0.955361696159168,
v;1565710835131;-0.091364565717333,0.368296856083608,0.450753777607309
q;1565710835154;0.000319759156364008,0.188399817457037,0.224627067550443,0.956058553019034,
v;1565710835154;-0.0841271783472986,0.370053420798618,0.445776454474747
q;1565710835179;0.00366658728189358,0.18812174180698,0.220822150043598,0.956992274635386,
v;1565710835179;-0.076138646072994,0.371198242893623,0.439251085517637
q;1565710835203;0.00704683528022596,0.187335069996746,0.216942177619787,0.958014635758717,
v;1565710835203;-0.0678318188846013,0.371304548520529,0.432643283984271
q;1565710835228;0.0110741758880433,0.186558982342163,0.212238738660581,0.959180784238265,
v;1565710835228;-0.0579782894742894,0.37169863490739,0.424620315218334
q;1565710835252;0.0151939804044333,0.185868815196603,0.207455063904056,0.960304252363321,
v;1565710835252;-0.0479555446047251,0.372240600688283,0.416490245313878
q;1565710835276;0.0194523146408452,0.185292286107417,0.202398805079642,0.9614171303734,
v;1565710835276;-0.0376111643847057,0.373008109283467,0.407884884824925
q;1565710835301;0.0248514310295375,0.185001765182977,0.195654314398937,0.962743948795181,
v;1565710835301;-0.0245441215862217,0.374764621576628,0.396336479953641
q;1565710835328;0.0311830210488875,0.1851522871026,0.187712461672047,0.964111072250225,
v;1565710835328;-0.00938312915963274,0.377650832162307,0.38279537918692
q;1565710835352;0.0364801067325159,0.185671735396911,0.180609738924053,0.96518141886116,
v;1565710835352;0.00335160131625061,0.380724548397854,0.370617436362267
q;1565710835376;0.0416570220295278,0.186408727240814,0.174239164677726,0.966000556118225,
v;1565710835376;0.0155226344086051,0.384077044226455,0.359924058383887
q;1565710835400;0.0473828075389977,0.187374539140123,0.167207962228491,0.966792198649975,
v;1565710835400;0.0289616762010936,0.387968520463579,0.348204338596719
q;1565710835424;0.0533581524306165,0.188517573137141,0.16086534803113,0.967334596141572,
v;1565710835424;0.042591359428685,0.392211303072062,0.338041311085789
q;1565710835451;0.0596756319799746,0.189801336012951,0.154205364692876,0.967799008861914,
v;1565710835451;0.0570021304350825,0.396737483818437,0.327476915544673
q;1565710835476;0.0656599427734709,0.191005507788461,0.147841446943939,0.968167576366006,
v;1565710835476;0.0707215319902258,0.400893005395996,0.317438076634993
q;1565710835501;0.071754633869328,0.192621138180898,0.141534791432902,0.96835742237415,
v;1565710835501;0.0845437581945991,0.4058216301874,0.307668133823557
q;1565710835530;0.07876613098516,0.194507604995107,0.134515559871533,0.968435905464735,
v;1565710835530;0.100399889116716,0.41145234148431,0.297001578246232
q;1565710835558;0.0852169518974528,0.19647599370417,0.127767057792084,0.96840629479293,
v;1565710835558;0.115096898174928,0.416970723988395,0.286731037103456
q;1565710835587;0.092054285823026,0.19801089502715,0.120568822951568,0.968390769565056,
v;1565710835587;0.130914791143235,0.421580634605649,0.275783678942235
q;1565710835619;0.0987346363359736,0.199595285390442,0.113599099298025,0.968250109141721,
v;1565710835619;0.146374082403428,0.42615092313836,0.265303850501623
q;1565710835648;0.10533085200733,0.200879876781896,0.106840919227059,0.96805866478614,
v;1565710835648;0.161712406411788,0.430002685731791,0.255230245191346
q;1565710835676;0.110699796306198,0.201357460505959,0.100712900703183,0.968017305501323,
v;1565710835676;0.174646523697799,0.431792014952332,0.245730205621424
q;1565710835703;0.11639238571213,0.201632881221755,0.09470033281389,0.967899064544492,
v;1565710835703;0.188232349536351,0.433203060694151,0.236599347585297
q;1565710835729;0.121675659981797,0.201524894367477,0.0890423260758907,0.967808990094847,
v;1565710835729;0.200979391769471,0.433667687447081,0.227909035376571
q;1565710835755;0.127039210942687,0.201221298812768,0.0836121723496511,0.967667217816998,
v;1565710835755;0.213840273614175,0.433716902577878,0.219669149332912
q;1565710835782;0.13222884774078,0.200594172863998,0.0773846224338276,0.967620320352951,
v;1565710835782;0.226787892164041,0.432786832256523,0.209668983941528
q;1565710835810;0.13705492421801,0.199347657130725,0.0716111553240135,0.967650830262909,
v;1565710835810;0.238959262833218,0.430455054636613,0.20021869079622
q;1565710835839;0.141966359610506,0.198010646686212,0.0650560361904075,0.967680216601492,
v;1565710835839;0.251639852801207,0.427674725085224,0.189177542287135
q;1565710835864;0.145282774667553,0.196837016648099,0.0602830136449099,0.967736561831015,
v;1565710835864;0.260391680817476,0.42507701848526,0.180921381894301
q;1565710835889;0.14785776139246,0.195395948168536,0.056123755314033,0.967888652510457,
v;1565710835889;0.267464551099285,0.421792132765847,0.17342831824045
q;1565710835914;0.150035071249228,0.193830098504822,0.0525388160724629,0.968069703431371,
v;1565710835914;0.27351933039033,0.418231904956515,0.166830919055536
q;1565710835939;0.151629605018748,0.19240270254271,0.0502398098286928,0.968228033258792,
v;1565710835939;0.277852886602705,0.415100965076257,0.16255726062155
q;1565710835966;0.153251095207721,0.190462896945061,0.0475464321933438,0.968492200187282,
v;1565710835966;0.282474902545083,0.410777738014869,0.157331871361166
q;1565710835991;0.154515871059881,0.188744171774806,0.0453523302892809,0.968732980175382,
v;1565710835991;0.286137896294203,0.406931463478395,0.152988753901978
q;1565710836020;0.15567437808478,0.186449109017787,0.0429628982464522,0.969100751645208,
v;1565710836020;0.289744647097675,0.401775094535208,0.148008195581725
q;1565710836048;0.156516393149392,0.184649633029424,0.0408492144062859,0.969400980307223,
v;1565710836048;0.292522731898185,0.397632058099942,0.143570676622675
q;1565710836072;0.156659992440009,0.18371668290092,0.039308112125403,0.96961875517512,
v;1565710836072;0.293555891952883,0.395271462650118,0.140228176365751
q;1565710836096;0.156442143000578,0.183006487905103,0.0380062560130167,0.969840142967196,
v;1565710836096;0.293743039020293,0.393347984539421,0.137271890953304
q;1565710836120;0.155666232219105,0.182762529046629,0.0376754870549497,0.970023892702319,
v;1565710836120;0.292376408566061,0.3925348165043,0.136173764870167
q;1565710836148;0.154408803549933,0.182845643467756,0.0376403907214429,0.97021060842844,
v;1565710836148;0.289896823729938,0.392367291262453,0.135558025250812
q;1565710836176;0.153131234737129,0.183047280370459,0.0375374018311965,0.970379004493759,
v;1565710836176;0.287388116914652,0.392426130516823,0.134832787511198
q;1565710836203;0.152421142081663,0.18368296014708,0.0374830356992205,0.970372702503844,
v;1565710836203;0.285920438096181,0.393557630851421,0.13459302450017
q;1565710836234;0.152059544588137,0.184077999584886,0.0371066815518463,0.970369164791764,
v;1565710836234;0.285301461064457,0.394186133912984,0.133786701977064
q;1565710836261;0.151638792661016,0.184347454718927,0.0370413147267476,0.970386217382878,
v;1565710836261;0.28446026215904,0.394623313280229,0.133544587149776
q;1565710836289;0.151637003338761,0.184427570006223,0.0371913989147646,0.970365626982423,
v;1565710836289;0.284386278072202,0.39483243283624,0.133871119511485
q;1565710836317;0.15133045372694,0.184313790599162,0.0379072864192161,0.970407397287092,
v;1565710836317;0.283513612512292,0.394713291163673,0.135145414409254
q;1565710836342;0.15107924870532,0.184227270190825,0.0386565935526829,0.970433324466495,
v;1565710836342;0.282733312434785,0.394674013061739,0.136520323253358
q;1565710836366;0.150998743812956,0.18394529305576,0.0395134053714697,0.970464847763404,
v;1565710836366;0.282275003486438,0.394299260446935,0.138131917436896
q;1565710836390;0.150841315868857,0.183960953111562,0.0405820401561327,0.970442287342604,
v;1565710836390;0.281539183837495,0.394584990588399,0.140224688543279
q;1565710836416;0.15081812555229,0.184361826060168,0.0415793422302469,0.970327627009211,
v;1565710836416;0.281039692170811,0.395691753757382,0.142347408885124
q;1565710836441;0.150683996170701,0.1851366202106,0.0424721126550736,0.970162215861581,
v;1565710836441;0.280305827127049,0.397521571788842,0.144317422178442
q;1565710836465;0.150719870649086,0.18608137501625,0.0432286470667849,0.969942539405239,
v;1565710836465;0.279932873839401,0.399714746412472,0.146138924270495
q;1565710836491;0.150632192139603,0.187508749579016,0.0438632045839272,0.969652716755943,
v;1565710836491;0.279289094706478,0.402850393506548,0.147797433479263
q;1565710836515;0.150551580750782,0.188907182250343,0.0450248364476594,0.969340464427714,
v;1565710836515;0.278444557557847,0.406069715112724,0.150512227597218
q;1565710836540;0.150317549217602,0.190412246082014,0.0457868290575636,0.96904665087587,
v;1565710836540;0.277438175826705,0.409359779320652,0.152377071932445
q;1565710836565;0.150079733476472,0.191811900348499,0.0467775692808685,0.968760050367334,
v;1565710836565;0.27634121496386,0.412487965207559,0.154667246702658
q;1565710836591;0.14979195941634,0.192988958458637,0.0476218793007128,0.96852966131029,
v;1565710836591;0.275236889406653,0.415094944003986,0.156570865127718
q;1565710836617;0.149606990880643,0.193963806541627,0.0486402653696791,0.968312849579305,
v;1565710836617;0.274290306028901,0.417352656017209,0.158813306705058
q;1565710836642;0.149355732268006,0.194669709521627,0.0496341499217425,0.968159529456222,
v;1565710836642;0.273264063746042,0.419020252656768,0.160895186635444
