q;1565806586923;0,0,-1.0842021724855e-19,1,
v;1565806586923;0,0,-2.16840434497101e-19
q;1565806586949;0.000993568035208369,7.3185536708098e-06,0.000100599724768118,0.999999508549794,
v;1565806586949;0.00198713492911742,1.48370347840436e-05,0.000201214292244299
q;1565806586974;0.00219888367953765,8.1011351383109e-05,0.000361078280717524,0.999997531480742,
v;1565806586974;0.00439771217540794,0.000163611823930301,0.000722518097409249
q;1565806586998;0.00398989940476272,-2.91098957928837e-05,0.000561352405888085,0.999991899853573,
v;1565806586998;0.00797985154374226,-5.37415518315217e-05,0.001122499401394
q;1565806587023;0.00607326108529662,-0.00019087307728699,0.00105456535164165,0.999980944064995,
v;1565806587023;0.0121469919949131,-0.000368956806338192,0.00210692906265054
q;1565806587048;0.00941446717386975,-0.000552169868302643,0.00181070735516366,0.999953904083803,
v;1565806587048;0.0188311789915378,-0.00107038512628696,0.00361149918094048
q;1565806587074;0.0135703090086888,-0.00141322235684502,0.00234199524285545,0.999904143204249,
v;1565806587074;0.0271479705332742,-0.00276363245120745,0.00464691479479635
q;1565806587102;0.0195085619480854,-0.00274144847852487,0.00363850669204599,0.999799303868292,
v;1565806587102;0.0390391584218722,-0.00534392961657283,0.00717411715674135
q;1565806587129;0.026337422675434,-0.00417635495215471,0.00506851446396708,0.999631568071315,
v;1565806587129;0.0527221953909438,-0.00809398407076719,0.00992726196088274
q;1565806587157;0.0361705582842771,-0.00589888669685881,0.00786163192468782,0.999297265962379,
v;1565806587157;0.0724463853462626,-0.011250511304185,0.0153262832072233
q;1565806587185;0.0493981192725169,-0.00729253257946372,0.011801168240175,0.998682839596077,
v;1565806587185;0.0989998654698946,-0.0134662857281507,0.0229652312607176
q;1565806587213;0.0647035776217518,-0.00807428411934868,0.0165089760013551,0.99773530954342,
v;1565806587213;0.12974438916058,-0.0140945445255504,0.0321742350335567
q;1565806587241;0.0809059827545083,-0.0083964166502345,0.0203025989995269,0.996479567716554,
v;1565806587241;0.162294781050775,-0.0136280126809492,0.0396346854493283
q;1565806587265;0.0961561668088927,-0.00819504634020779,0.0252161529340296,0.995013070789625,
v;1565806587265;0.192961818542795,-0.011675938437078,0.0495441975688116
q;1565806587289;0.112092201347267,-0.00696809794909378,0.0293306884459105,0.993240385656753,
v;1565806587289;0.224970659214136,-0.00745442363270529,0.058201371461434
q;1565806587313;0.126688025449063,-0.00617370894060357,0.0329519165852484,0.991375901521245,
v;1565806587313;0.254330789712272,-0.00402106666822207,0.0659385563826352
q;1565806587337;0.14071035215127,-0.00523168788984429,0.0368675327968441,0.989350270063027,
v;1565806587337;0.282554133794957,2.43072613161508e-05,0.074497760782188
q;1565806587362;0.153985764238711,-0.00374744303406394,0.0390533256554375,0.987293845297208,
v;1565806587362;0.309257132649325,0.00485814655761335,0.0798278873625243
q;1565806587387;0.165059522027025,-0.00121473923661686,0.041332903704884,0.985416399596631,
v;1565806587387;0.331440152604362,0.0118985800943169,0.0858301780314151
q;1565806587412;0.177638398715267,0.00237755958810498,0.0439084365242014,0.983112946051484,
v;1565806587412;0.356576816686662,0.0216370821235793,0.0931651862870297
q;1565806587440;0.191624842790928,0.00663984752370203,0.0469997340139893,0.980319737580767,
v;1565806587440;0.384486405935891,0.0334812014595292,0.102330769709613
q;1565806587465;0.203291234144237,0.0111047838668891,0.0490427898088789,0.977826283482064,
v;1565806587465;0.407677023982811,0.0453914318655922,0.109610223811069
q;1565806587489;0.214212847777413,0.0166942527156469,0.0512110986356803,0.975300784132658,
v;1565806587489;0.429189616491216,0.0599763330671438,0.117995280235009
q;1565806587515;0.225093764077239,0.023747970770629,0.0541077001646668,0.972543657289615,
v;1565806587515;0.450323858711127,0.0784431953112701,0.129131705002317
q;1565806587539;0.235323286814572,0.0318555232064439,0.0571702620562639,0.969711152362033,
v;1565806587539;0.469845860433224,0.0996314516982661,0.141640235139298
q;1565806587564;0.246232367667486,0.0410691920057371,0.0603999067144209,0.966454751040757,
v;1565806587564;0.490405609970505,0.124025548171955,0.155903643021152
q;1565806587589;0.257060485940699,0.0511598102816786,0.062904170694551,0.962987861198233,
v;1565806587589;0.510548557818361,0.150569917897635,0.169821609645069
q;1565806587614;0.266769919405387,0.0619380127672535,0.0649820748487568,0.95957014779559,
v;1565806587614;0.528130198894648,0.178707278317271,0.183671734865885
q;1565806587642;0.275734125531414,0.0728706108959217,0.0675061229369013,0.95608761796237,
v;1565806587642;0.543825681760382,0.207828679480072,0.199118889539543
q;1565806587666;0.283500638398111,0.0829680591993477,0.0687114307281392,0.952902144142992,
v;1565806587666;0.557298054120926,0.234357269683172,0.211296826935587
q;1565806587697;0.289859302933775,0.0940207666194783,0.0684280558604367,0.949978563393274,
v;1565806587697;0.567888213707078,0.261934443993116,0.220656342819904
q;1565806587721;0.291602175430377,0.102918091985075,0.0680120508994426,0.948551718107862,
v;1565806587721;0.569487077715644,0.282682896013207,0.22640467710284
q;1565806587746;0.291738640951141,0.111110873271994,0.0670683184056047,0.947652269732156,
v;1565806587746;0.568097707827861,0.300770157709623,0.229728758189214
q;1565806587771;0.290689485141282,0.117752608443932,0.064954049684043,0.947319835216794,
v;1565806587771;0.565046173163544,0.314006254281601,0.228762017314015
q;1565806587798;0.286726902394522,0.123931310449655,0.0630454045179369,0.947868107400845,
v;1565806587798;0.556163701292815,0.32488819071622,0.226335039393257
q;1565806587822;0.280714210404359,0.128635103471253,0.0617403096912018,0.949126305529462,
v;1565806587822;0.543322096819498,0.331809833587747,0.223130792566717
q;1565806587847;0.273873906664255,0.134031138095865,0.0588940837550865,0.95055788082542,
v;1565806587847;0.529241455787685,0.339023229940065,0.216447257010599
q;1565806587870;0.265858150970949,0.138114368572797,0.0555339377612383,0.952449425460467,
v;1565806587870;0.513343824587826,0.342581635714337,0.207222859385376
q;1565806587894;0.257276364057139,0.141314752723364,0.0518068031371704,0.954544465591081,
v;1565806587894;0.496693649391653,0.343924232158387,0.196467264563964
q;1565806587920;0.248227937121654,0.14509812601915,0.0481178915389622,0.956563650569047,
v;1565806587920;0.47904063539499,0.346618365517425,0.185973858400026
q;1565806587945;0.239300302357624,0.1482588286895,0.0445457641606004,0.958525141185583,
v;1565806587945;0.46177969875226,0.348283767512696,0.175545644572789
q;1565806587970;0.229790462938481,0.151677803261346,0.041196968422436,0.960464956194847,
v;1565806587970;0.443290282320837,0.350637197392769,0.165525391074412
q;1565806587995;0.219186332263665,0.155742931955549,0.0375002548098255,0.962442367389892,
v;1565806587995;0.422703642458214,0.354099353017717,0.154628287633902
q;1565806588018;0.210294476511726,0.159194163382809,0.0341493964769539,0.963985105476935,
v;1565806588018;0.405598439583113,0.357200765630802,0.145027585674756
q;1565806588043;0.200442179683043,0.163258231181924,0.0312145294696786,0.965502617557057,
v;1565806588043;0.386407076213701,0.361690701593961,0.136150886942594
q;1565806588067;0.192078808008676,0.166501814279879,0.0286701881626416,0.966726939347288,
v;1565806588067;0.370228264384352,0.365199047515623,0.128425777201101
q;1565806588092;0.184049563735107,0.169771667029437,0.0262094163911592,0.967789421724006,
v;1565806588092;0.354736420835537,0.369032016264435,0.121036053941838
q;1565806588117;0.17505586801038,0.172785162844874,0.0233275400286436,0.968997693472692,
v;1565806588117;0.337570999512302,0.372066903475299,0.112260915557
q;1565806588142;0.165604858053558,0.175572613196227,0.0204796944667713,0.970221553586842,
v;1565806588142;0.319566943299831,0.374709118153362,0.103295000205597
q;1565806588170;0.154638525235869,0.178523028535583,0.0175992523717836,0.971548651245913,
v;1565806588170;0.298612044160782,0.377550676832101,0.0936871199047559
q;1565806588198;0.14348325888851,0.180657191419105,0.0146354032930513,0.972913815100292,
v;1565806588198;0.277451712030061,0.378872151226518,0.0836118034714268
q;1565806588226;0.13171884522411,0.182528175474769,0.0111985701905726,0.974273152114176,
v;1565806588226;0.255337685271594,0.379688652654352,0.0723111605724129
q;1565806588253;0.119977803220314,0.183709996860637,0.00790772380572333,0.975599053316179,
v;1565806588253;0.233305787987471,0.379425433378066,0.0612072146132462
q;1565806588285;0.105638934315097,0.184485371760585,0.00414080901194123,0.977132775223632,
v;1565806588285;0.206380636446065,0.378195394963129,0.0481089995445092
q;1565806588312;0.0911574515952108,0.184941851066195,-0.000253276129228944,0.978512548072604,
v;1565806588312;0.179452714429906,0.376637676487584,0.0337706078776963
q;1565806588340;0.0773954329378436,0.185157182383052,-0.00383764509822176,0.979648956596265,
v;1565806588340;0.153665889109826,0.375247362933836,0.0213952723821592
q;1565806588367;0.0660079093731823,0.185111427604709,-0.00766132419876061,0.980468231062639,
v;1565806588367;0.132662500037733,0.373835997049178,0.009497863812237
q;1565806588394;0.0540972183769492,0.184581752987975,-0.0113839416868748,0.981261197671273,
v;1565806588394;0.110594852264445,0.37173585680426,-0.00238509540838609
q;1565806588420;0.0439958744361221,0.184192283246003,-0.0144020622870757,0.981799467334342,
v;1565806588420;0.0918247362828134,0.370345279309486,-0.0121238456945129
q;1565806588446;0.0364583648224007,0.183892351237559,-0.0172636144976944,0.98211829223595,
v;1565806588446;0.0780413410218007,0.369391660249247,-0.0205650328221613
q;1565806588473;0.0298253040323489,0.183555450278634,-0.0193080552819026,0.98236705094977,
v;1565806588473;0.0657343189406199,0.368550866925879,-0.0270477066500013
q;1565806588501;0.0247969601299237,0.183455004737402,-0.0212088332850575,0.982486431966108,
v;1565806588501;0.0565372019436454,0.368275928978019,-0.0326344554923704
q;1565806588527;0.0204908027897841,0.183639421435635,-0.0227192345327826,0.982517444583486,
v;1565806588527;0.0486285999649894,0.368646060276642,-0.037170739964246
q;1565806588555;0.0173465925164946,0.184247946709219,-0.0245052074899162,0.982421134377119,
v;1565806588555;0.0431267539759753,0.369880613000726,-0.0418077596586188
q;1565806588583;0.0143614664726174,0.184835027510157,-0.0258039602371304,0.982325729398437,
v;1565806588583;0.0377632022450707,0.371113973316527,-0.0454347957787315
q;1565806588612;0.0124514456481133,0.186117576115226,-0.0262070798692652,0.982098964238111,
v;1565806588612;0.0342189777749837,0.373775533284221,-0.0468856395327977
q;1565806588640;0.0130631977699004,0.186922711131141,-0.0264766827535256,0.981930862290733,
v;1565806588640;0.035559994618421,0.375384624633579,-0.0471602097758393
q;1565806588668;0.0156351185493303,0.187586571617198,-0.0264948606354277,0.981766221275811,
v;1565806588668;0.0406514180679215,0.376650339377337,-0.0462122532556427
q;1565806588695;0.0195949854864364,0.187786501137418,-0.0262476113643517,0.981663518050855,
v;1565806588695;0.0483480926966935,0.376951589309745,-0.044239405145882
q;1565806588719;0.0243760235970674,0.187780097072401,-0.0255939562573343,0.981574962086322,
v;1565806588719;0.0574975356428942,0.376858083792735,-0.0411697531977182
q;1565806588743;0.0315738974698388,0.187429059125008,-0.0250347730863246,0.98145130525071,
v;1565806588743;0.0714216792126852,0.376061879615462,-0.0374091647267232
q;1565806588767;0.0414357830302956,0.187201330683509,-0.0239484582775083,0.981155050539538,
v;1565806588767;0.0903992961368368,0.375631844722443,-0.0316149702697916
q;1565806588791;0.0550758669789829,0.187068082365676,-0.0220730284449175,0.980553386620565,
v;1565806588791;0.116531536888782,0.375693319862857,-0.0228385576921057
q;1565806588816;0.0733283179251845,0.186932659616898,-0.0194730749272913,0.979438591809735,
v;1565806588816;0.151500359977807,0.376353965618265,-0.0108549936769523
q;1565806588841;0.0892908921644915,0.187131375660247,-0.0174036388470978,0.978113568189056,
v;1565806588841;0.182193091133875,0.378010463499735,-0.000637771606871048
q;1565806588866;0.103288871652899,0.187833124493929,-0.0155198633667001,0.976631585235256,
v;1565806588866;0.209101073441081,0.380925299095828,0.00867687237581075
q;1565806588896;0.119931469719239,0.188919225889926,-0.0131745274187816,0.974552440906193,
v;1565806588896;0.241064886503021,0.38540416855446,0.0202222644719227
q;1565806588922;0.135990983059266,0.190006323496645,-0.0107562185006627,0.972259386381818,
v;1565806588922;0.271860965893236,0.39035941016328,0.031940956417607
q;1565806588946;0.149590059738265,0.191207693255522,-0.00893225208190509,0.970042604681898,
v;1565806588946;0.29802547183222,0.395500712512401,0.0417271969820176
q;1565806588972;0.162464353782302,0.192262684007615,-0.00685979807040587,0.96777752992623,
v;1565806588972;0.322666387015224,0.400669017334553,0.0518943314114715
q;1565806588996;0.174951593911879,0.193046218936039,-0.00452070853265069,0.965455688305328,
v;1565806588996;0.346450588753578,0.405654388456664,0.0625747512160929
q;1565806589021;0.186823637695584,0.194097326076098,-0.00243882033050228,0.963024978001849,
v;1565806589021;0.369102364398454,0.411363908782159,0.0727887888620582
q;1565806589045;0.197069097625831,0.195769525404847,-0.000796044274298628,0.9606443123996,
v;1565806589045;0.388648763982449,0.418184786177895,0.081817015525798
q;1565806589071;0.206603030716743,0.197905041776336,0.000595151834691172,0.958200616392689,
v;1565806589071;0.406828561174235,0.426009066942204,0.0904082637369961
q;1565806589097;0.214982739211941,0.200214476520364,0.00241873646143592,0.95587174511049,
v;1565806589097;0.422479630209507,0.434324015008056,0.0996184711321703
q;1565806589122;0.22452020965918,0.202655198876325,0.00387422928943859,0.953156070752137,
v;1565806589122;0.44054814513267,0.44341666308879,0.108987223902215
q;1565806589147;0.235176588737804,0.205527746430436,0.00537543813603106,0.949958624255953,
v;1565806589147;0.460734853125641,0.454224899660058,0.119611132305346
q;1565806589172;0.24540669397095,0.208745229862738,0.00682434534301164,0.946654304918832,
v;1565806589172;0.480002629093436,0.466035090819376,0.130444439256213
q;1565806589197;0.256216828956632,0.213376823665987,0.0086690476786609,0.942734369226376,
v;1565806589197;0.499958676654495,0.481926827809639,0.143710135698689
q;1565806589228;0.270013029191633,0.219608539870315,0.0108201171105439,0.93741554876035,
v;1565806589228;0.525304466539389,0.503674191881406,0.161220894482263
q;1565806589256;0.282940537845225,0.225719931733749,0.0128728749556587,0.932110223612873,
v;1565806589256;0.548786384265986,0.525626213419435,0.178794423187617
q;1565806589283;0.293438688480592,0.231874593164005,0.0148120444391614,0.927312487723541,
v;1565806589283;0.567291338138925,0.547109591320874,0.195166652853882
q;1565806589310;0.30134978277318,0.238737431730195,0.0169089441188187,0.922987958541949,
v;1565806589310;0.580223468109031,0.569401660550498,0.210925638158152
q;1565806589335;0.308132478361222,0.245715878475081,0.0191584280694567,0.918863997692849,
v;1565806589335;0.590586918848455,0.591804014225669,0.226629097259773
q;1565806589360;0.315004283530334,0.253221842800032,0.0212611517945858,0.914439150250185,
v;1565806589360;0.600841656782053,0.615885780960976,0.242927323309228
q;1565806589384;0.321223194715607,0.260500232721836,0.0231220993022162,0.910176159445229,
v;1565806589384;0.609786878996164,0.639230610647157,0.258360472808924
q;1565806589408;0.327508712133908,0.268000016919808,0.0253588015107771,0.905688073925645,
v;1565806589408;0.618298064310414,0.663813320080792,0.275260902067328
q;1565806589432;0.333705234995293,0.275798565851293,0.02767597722883,0.901005000032966,
v;1565806589432;0.62620515106839,0.68952649864259,0.292897007763214
q;1565806589457;0.338737140341677,0.284032262470639,0.0293222064300802,0.896505962858976,
v;1565806589457;0.631929596273441,0.715209603547357,0.308505238498335
q;1565806589487;0.340851971722667,0.292537833541758,0.0300177530612061,0.892939282523215,
v;1565806589487;0.632493292110627,0.738404865225947,0.319107609715825
q;1565806589516;0.337696886047081,0.298350721535857,0.0293530194995664,0.892236541435318,
v;1565806589516;0.624998447878354,0.749055258747515,0.318417823922993
q;1565806589541;0.332146847813092,0.302312758012187,0.0282971553071746,0.893019982407542,
v;1565806589541;0.61397174036397,0.752664876582601,0.312595708889957
q;1565806589565;0.324336918771435,0.306520634965648,0.026716891025897,0.894503685880773,
v;1565806589565;0.599055366375737,0.754567506435219,0.303256174833258
q;1565806589591;0.315190130378479,0.311646125762397,0.0258167452422916,0.896027508061908,
v;1565806589591;0.580864288312133,0.758072345433713,0.294581678458783
q;1565806589615;0.307016716956277,0.316298164981281,0.0237960277023263,0.897290308780637,
v;1565806589615;0.565588744076046,0.760974693178507,0.28444196300578
q;1565806589642;0.297497809581841,0.321754146150834,0.022115562998043,0.898599035250543,
v;1565806589642;0.547355544964077,0.765088713777313,0.274164638119256
q;1565806589666;0.288348580521875,0.327872754603383,0.0202443964194645,0.899413532478617,
v;1565806589666;0.529861756315502,0.771263509179409,0.264404418071337
q;1565806589691;0.279415684540601,0.333686813836252,0.0180476772068236,0.900141266951591,
v;1565806589691;0.513217341770348,0.777002240077259,0.254071408799645
q;1565806589715;0.269289190226429,0.340146995983134,0.0154705278254619,0.900857375675488,
v;1565806589715;0.494575201777815,0.783480703929736,0.242165018261513
q;1565806589740;0.25951007878874,0.347457204869514,0.0127870722155339,0.900979736288705,
v;1565806589740;0.476577485528355,0.792468357969099,0.230930614391704
q;1565806589765;0.24942671155563,0.35519720548586,0.0104463973672018,0.900839696270772,
v;1565806589765;0.457789058494528,0.802678132483902,0.220289561842047
q;1565806589790;0.23938088162867,0.362763044657366,0.00763605178829573,0.900578388877379,
v;1565806589790;0.439649521181846,0.812633540421237,0.208638933285031
q;1565806589816;0.228541912227604,0.370008782683958,0.00523104658962774,0.900463658263186,
v;1565806589816;0.41995165176055,0.82182273032505,0.196804137030036
q;1565806589841;0.217851266513812,0.377188254987323,0.00294542556433498,0.900145081584586,
v;1565806589841;0.400602849075486,0.831328832473601,0.185289182660349
q;1565806589865;0.208763377899965,0.383182367933706,0.00110341407960732,0.899771097978316,
v;1565806589865;0.384216516055166,0.839451582834959,0.175613659527625
q;1565806589890;0.197820466816941,0.390635227227286,-0.00175691076906764,0.899037298614037,
v;1565806589890;0.365127699464581,0.849905201178647,0.162794732254403
q;1565806589914;0.187244889477566,0.39711890313266,-0.0038881478175036,0.898454656818604,
v;1565806589914;0.346438644504145,0.85888128336211,0.151258813053304
q;1565806589938;0.176222827141801,0.403406673150062,-0.00619710593316964,0.897869819379514,
v;1565806589938;0.32726059614222,0.867491275245308,0.138841328578825
q;1565806589963;0.165331515502037,0.409395821749708,-0.00904504082113821,0.897206056061581,
v;1565806589963;0.308971371494729,0.875714412196184,0.12539202638526
q;1565806589987;0.15451056989072,0.414473998939803,-0.0115647863391817,0.896774227029501,
v;1565806589987;0.290789636529361,0.882336022848514,0.112278797729025
q;1565806590012;0.144621943854076,0.41849952312051,-0.0142769665981791,0.896514873833818,
v;1565806590012;0.274703176852538,0.887225842858212,0.0993308804104463
q;1565806590036;0.134878616058995,0.421956692209514,-0.0177817423279404,0.896350436742169,
v;1565806590036;0.259713078417486,0.891042493610871,0.0848940742343112
q;1565806590060;0.124678976555702,0.425209237877356,-0.0211232126484008,0.896217686469131,
v;1565806590060;0.243852134573853,0.894614819937445,0.0703034165042247
q;1565806590089;0.113760395231451,0.427268928757177,-0.0249114861610041,0.896593110424055,
v;1565806590089;0.227231831862494,0.89557789154627,0.0539540888778319
q;1565806590114;0.105141508393768,0.427612562596897,-0.0282300129447808,0.897382720802721,
v;1565806590114;0.2144881777259,0.893687284603809,0.0401847905121045
q;1565806590138;0.0980578488230826,0.427458652214419,-0.0316496557421817,0.898143655741436,
v;1565806590138;0.204622865748661,0.891252565086596,0.0275578116346307
q;1565806590163;0.0920007433543837,0.426909277509414,-0.034033635223392,0.898958323628027,
v;1565806590163;0.195715288332617,0.888460343655918,0.0177011448807854
q;1565806590187;0.0864270436274334,0.426046847406857,-0.0356332756065516,0.899858194171322,
v;1565806590187;0.186994931089411,0.885290184853637,0.00968309976943418
q;1565806590211;0.0808551637668635,0.42490149822077,-0.0375299985003694,0.900840002518504,
v;1565806590211;0.178514866240367,0.881559389988934,0.0011115774271921
q;1565806590236;0.0755766212281039,0.423949785144679,-0.0387451119723929,0.901694811714582,
v;1565806590236;0.169963178546657,0.878499547752619,-0.00587584665267716
q;1565806590261;0.0707479665482096,0.422907407563612,-0.039442238584436,0.902545516769548,
v;1565806590261;0.161772027840653,0.875448143258631,-0.0115076542653019
q;1565806590286;0.0660409074259319,0.421862178889655,-0.0401115274168647,0.903361469017977,
v;1565806590286;0.153765918209461,0.872481974850689,-0.0169508952266495
q;1565806590310;0.0618078771911977,0.420518419670365,-0.0402595247100009,0.904280481211925,
v;1565806590310;0.146162929419506,0.869024691638883,-0.0210551489470381
q;1565806590335;0.0575936574310744,0.419129352175503,-0.0401793358633578,0.905206743305387,
v;1565806590335;0.138390328596292,0.86554587402218,-0.0247014773799443
q;1565806590359;0.0535968954495958,0.417308311175199,-0.0398892505329562,0.906305624255194,
v;1565806590359;0.130815347675159,0.861198047523179,-0.0278120287587755
q;1565806590384;0.0502436182619959,0.41582555150399,-0.0399944537193286,0.907174260349977,
v;1565806590384;0.124744140409342,0.857654863010813,-0.0310247321691301
q;1565806590409;0.0469643453946809,0.414200319941173,-0.0398087912839004,0.908101193258921,
v;1565806590409;0.118551888188725,0.853861811060524,-0.0336379329527128
q;1565806590433;0.0440930027650461,0.412949755415913,-0.0396322011736602,0.9088220700439,
v;1565806590433;0.113118690770769,0.850948734518728,-0.035857653179627
q;1565806590458;0.0408073872374509,0.411680328438293,-0.0397758683905057,0.909544904050748,
v;1565806590458;0.107187317481579,0.847973115933308,-0.0389902688922799
q;1565806590482;0.0377858222361622,0.410555204167843,-0.0401468031889132,0.910167524717723,
v;1565806590482;0.101924196870454,0.845340447330983,-0.0422862931249333
q;1565806590507;0.0350637270402615,0.40985067033802,-0.0404873512449752,0.910578796591786,
v;1565806590507;0.0971970777698148,0.84367285408469,-0.0452208396389579
q;1565806590531;0.0326743195509849,0.409591471888007,-0.0406290490284831,0.910777949565815,
v;1565806590531;0.0929344419500944,0.843027996327795,-0.0474644046643493
q;1565806590559;0.0302602836000459,0.409405093499251,-0.0411814631079929,0.910920365100976,
v;1565806590559;0.0889665345840825,0.842531192464116,-0.0504695794887888
q;1565806590587;0.028198697709462,0.409321504557511,-0.0416706159507963,0.911001796195847,
v;1565806590587;0.0855959709198232,0.842285913242803,-0.0530583975758019
q;1565806590616;0.0263927215026063,0.409673781873137,-0.0419485126654163,0.910884826177321,
v;1565806590616;0.0825455799377643,0.843025811542955,-0.0550106706300574
q;1565806590644;0.025288742247128,0.409913550123788,-0.0421634287585456,0.910798340895128,
v;1565806590644;0.0807202408620886,0.843533496404616,-0.0562852541074903
