q;1567358510067;0,0,0,1,
v;1567358510067;0,0,0
q;1567358510089;-0.000283686802599631,-0.000506989720670729,0.000258182709769499,0.999999838149162,
v;1567358510089;-0.000567111751808229,-0.0010141261001922,0.000516653094617375
q;1567358510113;1.83744773874644e-05,-0.00041333772122619,0.000414189540815655,0.999999863598636,
v;1567358510113;3.70913500927391e-05,-0.000826660203380705,0.000828363874215225
q;1567358510135;0.000347156118735092,-0.000723186792013669,0.0010583705400588,0.999999142515838,
v;1567358510135;0.000695842497453807,-0.00144563835768637,0.00211623923952821
q;1567358510160;-0.000153127896305671,-0.00125776236457467,0.000767989692610077,0.999998976851475,
v;1567358510160;-0.000304323586900067,-0.00251576012690783,0.00153636368624702
q;1567358510183;-0.001566723946334,-0.00125780479172169,-0.000789550239247209,0.999997705704032,
v;1567358510183;-0.00313543204112803,-0.00251314479607265,-0.00157516398382035
q;1567358510207;-0.00392298179539866,-0.000396931378799828,-0.003703738097747,0.999985410229021,
v;1567358510207;-0.00784886996743502,-0.000764815413630884,-0.00740454954921389
q;1567358510231;-0.00746851261698755,0.000948051343054115,-0.00865925373529606,0.999934207262864,
v;1567358510231;-0.0149201772134109,0.00202554826396367,-0.0173343264712588
q;1567358510255;-0.0140103952123481,0.00349440356504731,-0.0173484340961225,0.999745252358191,
v;1567358510255;-0.0278960252534621,0.00747612192600376,-0.0348065121422585
q;1567358510280;-0.023739206280969,0.0079117652121998,-0.0304479667211924,0.999223148105687,
v;1567358510280;-0.0469770110874846,0.0172767775617478,-0.061330323427649
q;1567358510303;-0.0369922048571762,0.0141294029583197,-0.0486833038534553,0.998029054085097,
v;1567358510303;-0.0725264241811196,0.0318941538273425,-0.0986388242211539
q;1567358510331;-0.0580631205843133,0.023475143336016,-0.0817794394589814,0.994680734447567,
v;1567358510331;-0.111902363371995,0.05658117010562,-0.167234480426508
q;1567358510355;-0.0785472229792649,0.0310967428731242,-0.116308852140431,0.989613960637811,
v;1567358510355;-0.148777454960099,0.0807985091835031,-0.240010532579585
q;1567358510378;-0.0987678763940911,0.0381705062382443,-0.145157193973471,0.983726239550494,
v;1567358510378;-0.18428089953167,0.105756729675413,-0.30278387922864
q;1567358510398;-0.116424638942077,0.045066192000156,-0.167740186664247,0.977894548893922,
v;1567358510398;-0.214217845503923,0.130543995235311,-0.35381339139451
q;1567358510418;-0.12967987038907,0.0503274308604509,-0.186267467145827,0.972602067598122,
v;1567358510418;-0.235680876843341,0.15093658787499,-0.396349450391053
q;1567358510439;-0.143126775966937,0.0557542348494475,-0.20641129094358,0.966333645663383,
v;1567358510439;-0.256399939664923,0.17334564948656,-0.4432807639382
q;1567358510461;-0.15675126361121,0.0614919673211866,-0.221593364476362,0.960491680676616,
v;1567358510461;-0.277408497104209,0.196310762106467,-0.480973695289569
q;1567358510483;-0.169305595935699,0.067933144429812,-0.236479010895585,0.954357640888098,
v;1567358510483;-0.29529976478926,0.221023970996772,-0.518797602923094
q;1567358510506;-0.178888194755534,0.0731765148250033,-0.251745466166329,0.948297752787512,
v;1567358510506;-0.307246082097283,0.242467454884747,-0.556696423892504
q;1567358510528;-0.186803114036118,0.0778518356577069,-0.262014645649084,0.943605925124655,
v;1567358510528;-0.317024169459624,0.260592130986366,-0.583588401745038
q;1567358510550;-0.192882030451357,0.0817712248090168,-0.2679583607465,0.940376727674929,
v;1567358510550;-0.324611899960181,0.274775193034312,-0.600452901641742
q;1567358510573;-0.196537067045355,0.0836972849310694,-0.275168340814356,0.937363514198446,
v;1567358510573;-0.328254972150723,0.283817587968177,-0.618382571059755
q;1567358510596;-0.196379029516911,0.0834945092740786,-0.278428820757018,0.936451548492149,
v;1567358510596;-0.327106536808017,0.284431071775954,-0.625247755069328
q;1567358510618;-0.191483235292888,0.0812792591467509,-0.271561277196982,0.939671494240415,
v;1567358510618;-0.321213342875105,0.274006192317773,-0.607324118891604
q;1567358510640;-0.18456412119354,0.0776930548464596,-0.26179731571647,0.944119749391476,
v;1567358510640;-0.312902606693525,0.2586321759509,-0.582012502036111
q;1567358510662;-0.17558777504355,0.0725830122005413,-0.249386857193628,0.949582518922822,
v;1567358510662;-0.301829673450198,0.238349097222641,-0.55007056775258
q;1567358510685;-0.165972577141072,0.0673354401471214,-0.23500045442855,0.95535023561967,
v;1567358510685;-0.289503230269353,0.217345920086272,-0.514195366067972
q;1567358510707;-0.154333717421597,0.061384678089431,-0.219643696877494,0.961337482002993,
v;1567358510707;-0.273152152463785,0.194192310258575,-0.476014025803771
q;1567358510730;-0.141991296210699,0.0553667083437354,-0.203401162595146,0.96716131654552,
v;1567358510730;-0.254884531444348,0.171198549374294,-0.436562836734092
q;1567358510753;-0.129201312018886,0.0499194026997855,-0.184227849185462,0.973075154557786,
v;1567358510753;-0.235215014629921,0.149409703261302,-0.391907203348383
q;1567358510777;-0.11438319719585,0.0439272030285164,-0.163750609655972,0.97886304523949,
v;1567358510777;-0.211109357120537,0.12659908781046,-0.344934264058753
q;1567358510800;-0.100850471119352,0.0379980972042391,-0.145745132501399,0.983434657312291,
v;1567358510800;-0.188396105544686,0.106209544518149,-0.304302218055484
q;1567358510823;-0.0880382310934692,0.0317811929561549,-0.125511025486384,0.987667089773263,
v;1567358510823;-0.166698116597236,0.0861777592200589,-0.260005491012519
q;1567358510846;-0.0770051484620056,0.0271917874755066,-0.105749538741967,0.991033793612091,
v;1567358510846;-0.147411671960456,0.0710116499469245,-0.217853770725469
q;1567358510871;-0.0651920738026939,0.0224683070286417,-0.0893082626394577,0.993614234329355,
v;1567358510871;-0.125870439474355,0.0567734415806762,-0.182861436591365
q;1567358510895;-0.0538924016588005,0.0175955733368808,-0.07304907829937,0.995715799325232,
v;1567358510895;-0.104944878513867,0.0431647682866716,-0.148731782988265
q;1567358510916;-0.0467312897643371,0.0147687952240261,-0.0603296083566903,0.996974711338312,
v;1567358510916;-0.0915255673423528,0.0352415603495912,-0.122492019528958
q;1567358510936;-0.0406587814038012,0.0125100096917757,-0.0516935033076005,0.997756592997078,
v;1567358510936;-0.0799268342019318,0.029265070047613,-0.104697149002579
q;1567358510956;-0.035100545033974,0.0108142311613953,-0.0438168391047433,0.99836426512722,
v;1567358510956;-0.0691937696923351,0.0247307676711868,-0.0885769671998925
q;1567358510977;-0.0301390558867917,0.00926835096932767,-0.0355091249350028,0.998871874103852,
v;1567358510977;-0.0595871441112938,0.020694415855002,-0.0716853084225628
q;1567358510998;-0.0251952543461665,0.00762536398107874,-0.0273846286363714,0.999278327273993,
v;1567358510998;-0.0499572851072928,0.0166411760206702,-0.0552108692171727
q;1567358511018;-0.0208993071858546,0.00641978733506226,-0.0207360646187489,0.99954595229738,
v;1567358511018;-0.0415253265797908,0.0137127341352209,-0.0417697793907343
q;1567358511038;-0.0184084121056396,0.00607562853827268,-0.0168895357087295,0.99966949986712,
v;1567358511038;-0.036607603017242,0.0127779686658901,-0.0340209442452272
q;1567358511058;-0.0155142985454688,0.00598506714910945,-0.0132209372008044,0.999774373796691,
v;1567358511058;-0.0308682417245141,0.0123838765442748,-0.0266374548828376
q;1567358511078;-0.0127942199974189,0.00599229280931565,-0.0100748974734749,0.999849461301094,
v;1567358511078;-0.025466597100344,0.0122448587465067,-0.0203080754890802
q;1567358511099;-0.00972807534061457,0.0060754775634775,-0.00786806356706695,0.99990329913107,
v;1567358511099;-0.019359874106599,0.0123054788515374,-0.0158564466096793
q;1567358511119;-0.00779632870100644,0.00653620220950382,-0.00680248131801214,0.999925186260311,
v;1567358511119;-0.0155031870914574,0.0131794604781091,-0.0137079381181017
q;1567358511139;-0.00554975954111865,0.0071090955786364,-0.00618998842975257,0.999940243902066,
v;1567358511139;-0.0110110678817978,0.0142873995934594,-0.0124592222385317
q;1567358511160;-0.00353801934108888,0.00750587917056765,-0.00637063551459057,0.999945366168463,
v;1567358511160;-0.00698007432998593,0.0150569527621636,-0.0127943475452076
q;1567358511181;-0.00163216259019616,0.00760777530873135,-0.00605221112588594,0.999951494056759,
v;1567358511181;-0.00317208443613311,0.0152352349783346,-0.0121290277760824
q;1567358511203;0.00111365837857402,0.00710244902060211,-0.00459820968989518,0.999963653272528,
v;1567358511203;0.00229255490949413,0.0141946540419581,-0.00918041879505072
q;1567358511223;0.0032852228873573,0.0062956354909416,-0.00351046563637263,0.999968692663702,
v;1567358511223;0.006614489527829,0.0125684172862115,-0.00697955568265838
q;1567358511243;0.00399307574636504,0.00620354172241761,-0.00346749940398956,0.999966817267153,
v;1567358511243;0.00802899430908875,0.0123796949926231,-0.00688550260188563
q;1567358511263;0.00369629099222668,0.00649790062227928,-0.00349606974772501,0.999966004897357,
v;1567358511263;0.00743783347877795,0.0129702368768367,-0.00694411341853759
q;1567358511284;0.00364632578143594,0.006333587434661,-0.00307606535351609,0.999968633651619,
v;1567358511284;0.00733145355445112,0.0126450216789308,-0.00610595112806559
q;1567358511305;0.00328260662347823,0.00547783316278512,-0.00313008869463356,0.999974784191773,
v;1567358511305;0.00659938780966953,0.0109352964311043,-0.00622423211703193
q;1567358511325;0.00196194071763363,0.00480768652845701,-0.00386873684910797,0.999979106002567,
v;1567358511325;0.0039610091555243,0.00960021446423931,-0.00771858443042035
