q;1567358565898;-0.09922305,-0.41257355,-0.06666288,0.903047,
v;1567358565898;-0.236408805324904,-0.852393803081493,-0.0396384355488411
q;1567358565918;-0.10060363,-0.41246247,-0.06745612,0.9028861,
v;1567358565918;-0.239599384193666,-0.852220651888934,-0.0399721620450107
q;1567358565939;-0.10292342,-0.41203862,-0.068485506,0.90274066,
v;1567358565939;-0.244698336736379,-0.85145422271352,-0.0400354680290362
q;1567358565961;-0.10658304,-0.41135055,-0.069867775,0.9025239,
v;1567358565961;-0.25254369844533,-0.850256931337518,-0.0396980065973707
q;1567358565987;-0.11285927,-0.4104081,-0.07258528,0.9019753,
v;1567358565987;-0.266308349108824,-0.848705318652739,-0.0397135547764006
q;1567358566009;-0.120610245,-0.40937197,-0.0759504,0.90116554,
v;1567358566009;-0.283339475658628,-0.847129790052109,-0.0397331689509138
q;1567358566030;-0.13259998,-0.4079024,-0.0812334,0.89968556,
v;1567358566030;-0.309798958977151,-0.845096217279021,-0.0399030052944064
q;1567358566051;-0.1472802,-0.4062381,-0.08794003,0.897522,
v;1567358566051;-0.342479495666088,-0.843049113479321,-0.0405606020831613
q;1567358566071;-0.16349815,-0.40422344,-0.09487412,0.8949138,
v;1567358566071;-0.378292449560815,-0.840761952079706,-0.0405027171398342
q;1567358566091;-0.18325035,-0.4016691,-0.10259631,0.8913783,
v;1567358566091;-0.421478825512495,-0.838361204056763,-0.0391254133069218
q;1567358566111;-0.20480216,-0.39905873,-0.11073835,0.88687384,
v;1567358566111;-0.468613360739295,-0.836820807185299,-0.0369573935461218
q;1567358566132;-0.22555241,-0.39668337,-0.11778351,0.8819838,
v;1567358566132;-0.513596217785045,-0.83662149426058,-0.0330956726333454
q;1567358566153;-0.24617286,-0.39419788,-0.12594347,0.876439,
v;1567358566153;-0.559549302517474,-0.836281370004612,-0.0314884758315427
q;1567358566173;-0.26638094,-0.39130548,-0.13345484,0.8706957,
v;1567358566173;-0.60445860996587,-0.835670678515957,-0.0290806419009361
q;1567358566194;-0.2844803,-0.38785613,-0.13930604,0.8655821,
v;1567358566194;-0.644180674630869,-0.83397238380461,-0.0256243350069461
q;1567358566219;-0.30407915,-0.38242176,-0.14659417,0.86011606,
v;1567358566219;-0.688278217990008,-0.827637859442373,-0.0253840485343992
q;1567358566243;-0.3232978,-0.37709415,-0.15523627,0.8539205,
v;1567358566243;-0.733156721640078,-0.820695564506278,-0.028657448186501
q;1567358566268;-0.3419287,-0.3710706,-0.16389146,0.8476621,
v;1567358566268;-0.777234364765046,-0.811413438075058,-0.0337997782247889
q;1567358566292;-0.35583916,-0.36608106,-0.1680723,0.84327626,
v;1567358566292;-0.808421071829039,-0.804929401222499,-0.0332083048791713
q;1567358566316;-0.36903277,-0.36178544,-0.17101489,0.8388564,
v;1567358566316;-0.8373509939344,-0.801136967183942,-0.0297198233816894
q;1567358566340;-0.38074166,-0.35823843,-0.1729488,0.8347393,
v;1567358566340;-0.862626950024334,-0.799500377289093,-0.0245114389115637
q;1567358566369;-0.39090312,-0.3551033,-0.17481913,0.8309842,
v;1567358566369;-0.884860021815468,-0.798016815526277,-0.020402327120763
q;1567358566393;-0.39295846,-0.35349932,-0.17495613,0.83066976,
v;1567358566393;-0.889141586143474,-0.794979696989439,-0.020380504921737
q;1567358566416;-0.3948833,-0.35160232,-0.17433311,0.83069307,
v;1567358566416;-0.892504216626825,-0.791685084788199,-0.0190474105455892
q;1567358566439;-0.39823735,-0.3497247,-0.17565538,0.8296052,
v;1567358566439;-0.900474222446251,-0.787859568074912,-0.0207702639770476
q;1567358566462;-0.3987979,-0.3489514,-0.17657135,0.8294672,
v;1567358566462;-0.902388185850711,-0.785020047290882,-0.0235574978735828
q;1567358566487;-0.39798716,-0.34829733,-0.17629534,0.8301898,
v;1567358566487;-0.900465451331956,-0.782426110865303,-0.0249226176785416
q;1567358566510;-0.39592472,-0.3484893,-0.17612493,0.83113104,
v;1567358566510;-0.896082832489017,-0.781117606192235,-0.0269208858825737
q;1567358566533;-0.39072117,-0.34982666,-0.17482117,0.83330417,
v;1567358566533;-0.884334517221537,-0.781487577035363,-0.0283864746174021
q;1567358566557;-0.38300034,-0.35217595,-0.1723391,0.8364102,
v;1567358566557;-0.866516660113598,-0.783814169900439,-0.0286151383988941
q;1567358566579;-0.37287742,-0.35585827,-0.1688711,0.8401249,
v;1567358566579;-0.843110361565488,-0.788948574003045,-0.0276104910814844
q;1567358566600;-0.36190093,-0.35964644,-0.16485266,0.8441006,
v;1567358566600;-0.817647567623451,-0.794155783313628,-0.0263090180515419
q;1567358566620;-0.34956187,-0.36392266,-0.16036537,0.84832174,
v;1567358566620;-0.789218572684003,-0.800052957521262,-0.0250677633325728
q;1567358566640;-0.33665556,-0.36814418,-0.15571868,0.85257524,
v;1567358566640;-0.759697624884634,-0.805517492747278,-0.0243432789479432
q;1567358566661;-0.32055667,-0.37335423,-0.15038691,0.8574578,
v;1567358566661;-0.72351449537029,-0.811965172262552,-0.0247375243969664
q;1567358566682;-0.30591345,-0.37851462,-0.14496435,0.8614691,
v;1567358566682;-0.690356668135113,-0.81949998353386,-0.0235803214540896
q;1567358566703;-0.29159698,-0.38379115,-0.1394219,0.865007,
v;1567358566703;-0.657935541529782,-0.827683073369177,-0.0219632441774097
q;1567358566724;-0.2760267,-0.3888919,-0.1341252,0.8686673,
v;1567358566724;-0.623488881697094,-0.83458199181232,-0.022581628555785
q;1567358566744;-0.25945568,-0.39389324,-0.12890668,0.87230384,
v;1567358566744;-0.587400735899696,-0.84084453495121,-0.0246256276801901
q;1567358566765;-0.2419856,-0.3983651,-0.12250111,0.8762087,
v;1567358566765;-0.548795647254151,-0.846203128109721,-0.0256439685668138
q;1567358566785;-0.22633761,-0.40224046,-0.1166343,0.8794148,
v;1567358566785;-0.51429291729382,-0.851009271206725,-0.0264842477197061
q;1567358566805;-0.21101813,-0.40553355,-0.11135908,0.88239056,
v;1567358566805;-0.481061542372098,-0.854570460325475,-0.0286270548542616
q;1567358566826;-0.19449292,-0.40847918,-0.10600009,0.8854836,
v;1567358566826;-0.445643079467163,-0.857191431747957,-0.0319559985774998
q;1567358566847;-0.17606401,-0.4111326,-0.10098806,0.8886917,
v;1567358566847;-0.40712636582936,-0.85880089817805,-0.0378230337582244
q;1567358566871;-0.15595952,-0.41309643,-0.09541038,0.89214617,
v;1567358566871;-0.36516642556964,-0.859099248677361,-0.04432341650974
q;1567358566892;-0.13886431,-0.4144825,-0.0903261,0.8948532,
v;1567358566892;-0.329324095159431,-0.859350457203832,-0.0492066425578065
q;1567358566912;-0.12566519,-0.41503912,-0.086697705,0.8969026,
v;1567358566912;-0.301952304125623,-0.858642197293066,-0.0536590955693561
q;1567358566932;-0.11315805,-0.41564032,-0.08414523,0.898531,
v;1567358566932;-0.276822320528236,-0.85824501571478,-0.0594449121826922
q;1567358566952;-0.101814635,-0.41573647,-0.08154002,0.90008235,
v;1567358566952;-0.253797314662793,-0.85719295815997,-0.0642296246209571
q;1567358566972;-0.09346092,-0.41539636,-0.07967434,0.90131176,
v;1567358566972;-0.236876722803684,-0.855643560677904,-0.0679236707808315
q;1567358566992;-0.08791259,-0.414665,-0.078941576,0.9022708,
v;1567358566992;-0.226030268330404,-0.853473434032767,-0.0714206430398462
q;1567358567013;-0.084084325,-0.414011,-0.078726985,0.9029545,
v;1567358567013;-0.218777386470469,-0.85163789816633,-0.074390258353809
q;1567358567034;-0.08044768,-0.41362888,-0.077445365,0.90357155,
v;1567358567034;-0.211010147694103,-0.850634135034349,-0.0751396162059363
q;1567358567057;-0.0768394,-0.41393203,-0.07580777,0.9038856,
v;1567358567057;-0.203059165742835,-0.851237802470832,-0.075041268477228
q;1567358567080;-0.07544057,-0.41419408,-0.0746489,0.90397984,
v;1567358567080;-0.19955356369831,-0.851875134363808,-0.0740028875049157
q;1567358567102;-0.074013256,-0.4145813,-0.07328979,0.9040315,
v;1567358567102;-0.195839221076472,-0.852817180451652,-0.0725937079085106
q;1567358567124;-0.07256895,-0.41522574,-0.07212146,0.9039468,
v;1567358567124;-0.192272809134676,-0.85430223918274,-0.0715002924240767
q;1567358567144;-0.073266536,-0.41546348,-0.07198432,0.9037922,
v;1567358567144;-0.193453546942337,-0.854909889895782,-0.0706133791110619
q;1567358567168;-0.07503459,-0.41528612,-0.07241644,0.90369415,
v;1567358567168;-0.197036183364865,-0.854603838397392,-0.0699728589580218
q;1567358567191;-0.075003214,-0.4153738,-0.07152154,0.9037277,
v;1567358567191;-0.19623839629144,-0.854926253360385,-0.0683267845342761
q;1567358567213;-0.07425793,-0.4157816,-0.06928176,0.9037762,
v;1567358567213;-0.193033836584866,-0.856089945232962,-0.0647267838354261
q;1567358567237;-0.07456122,-0.41629338,-0.06931522,0.9035131,
v;1567358567237;-0.193653126481362,-0.857255071618069,-0.0644236789106429
q;1567358567259;-0.07706597,-0.4164895,-0.070423104,0.9031267,
v;1567358567259;-0.199175947464528,-0.857768723751539,-0.0643227694637254
q;1567358567283;-0.079531394,-0.41677493,-0.07122397,0.9027185,
v;1567358567283;-0.204377496498952,-0.858532667408062,-0.0636641194455542
q;1567358567307;-0.08175014,-0.4167034,-0.071469545,0.9025338,
v;1567358567307;-0.208638107332005,-0.858567054397261,-0.0622658959312994
q;1567358567330;-0.08396841,-0.41668788,-0.07201101,0.9022943,
v;1567358567330;-0.213151031054941,-0.858691388413687,-0.0614002465320109
q;1567358567353;-0.084787056,-0.41686368,-0.07223573,0.90211856,
v;1567358567353;-0.214849978259398,-0.859142387486201,-0.061082587819372
