q;1566400531895;0.00911569,0.38822025,0.037156165,0.92077214,
v;1566400531895;-0.01206289710317,0.797560386671342,0.0755799433667544
q;1566400531914;0.009274627,0.38781866,0.037065044,0.92094344,
v;1566400531914;-0.0116664822517909,0.796701776182428,0.0755403235566045
q;1566400531932;0.008867382,0.38734314,0.03742955,0.9211328,
v;1566400531932;-0.0126604242437193,0.79563766170568,0.0759035522926771
q;1566400531951;0.008614719,0.38684523,0.038104374,0.9213168,
v;1566400531951;-0.0136076399098281,0.794533135924201,0.0769605934867172
q;1566400531969;0.008502622,0.3863179,0.038525213,0.92152154,
v;1566400531969;-0.0140957269016938,0.793377533015268,0.0776587995689722
q;1566400531989;0.0077869496,0.38559958,0.038940072,0.9218113,
v;1566400531989;-0.0156749964467414,0.7917642888733,0.0778843610682641
q;1566400532008;0.007174877,0.38499686,0.03968793,0.92203623,
v;1566400532008;-0.017329331116723,0.790405068881407,0.0788053913146672
q;1566400532027;0.007465649,0.3841753,0.039964803,0.9223646,
v;1566400532027;-0.0169356892206074,0.788643486875055,0.0795557647438906
q;1566400532045;0.008162711,0.38355207,0.0395604,0.92263544,
v;1566400532045;-0.0152851288935501,0.787350676687819,0.0793538195332713
q;1566400532064;0.0076018325,0.38290256,0.04010742,0.9228864,
v;1566400532064;-0.0166839859294539,0.785896903401405,0.0799469583720606
q;1566400532083;0.0063254996,0.38243058,0.04071217,0.9230652,
v;1566400532083;-0.0194626891746412,0.784774440820107,0.0800988802002962
q;1566400532101;0.0050542615,0.38196254,0.041330438,0.92323935,
v;1566400532101;-0.0222426059333542,0.783662025682596,0.0802829017533443
q;1566400532120;0.0030694366,0.38175046,0.04120837,0.9233412,
v;1566400532120;-0.0257972150895822,0.783071358548391,0.0785491474432288
q;1566400532138;0.00041169886,0.38192874,0.04152508,0.9232583,
v;1566400532138;-0.0309639818292554,0.783283898868773,0.0771045283441861
q;1566400532157;-0.0033310286,0.38245994,0.04269997,0.9229789,
v;1566400532157;-0.0388207442214825,0.784190818071139,0.0764062038070534
q;1566400532175;-0.009008076,0.38325703,0.043779235,0.9225597,
v;1566400532175;-0.0501994559406019,0.785610875107639,0.0740338879001045
q;1566400532194;-0.014274471,0.38464776,0.0441551,0.9218963,
v;1566400532194;-0.0603240644297262,0.788419779708983,0.0706185855674035
q;1566400532217;-0.01755405,0.38703853,0.044227462,0.92083496,
v;1566400532217;-0.0666134833113907,0.793518583892562,0.0680675962661497
q;1566400532236;-0.01739642,0.3888648,0.0445084,0.9200547,
v;1566400532236;-0.0666762090407178,0.797475903313055,0.0685766118011599
q;1566400532255;-0.01765281,0.39022747,0.045048576,0.91944635,
v;1566400532255;-0.0676716451343043,0.800405479578274,0.0692761088465606
q;1566400532274;-0.018896144,0.39171344,0.044705506,0.91880625,
v;1566400532274;-0.069803959402461,0.80363103700388,0.0675634528968903
q;1566400532293;-0.01984867,0.39306778,0.044335376,0.9182256,
v;1566400532293;-0.0713652913506697,0.806583645156816,0.066031941280112
q;1566400532311;-0.020025628,0.3938074,0.044592693,0.9178923,
v;1566400532311;-0.0719466582442682,0.808178512298873,0.0663101034717775
q;1566400532330;-0.020165754,0.39431843,0.045115642,0.9176442,
v;1566400532330;-0.0726537336790941,0.809261637366708,0.0671241009891178
q;1566400532351;-0.02109814,0.39457247,0.04568263,0.917486,
v;1566400532351;-0.074834541079519,0.809769868781868,0.0674164547458743
q;1566400532370;-0.022022055,0.39460725,0.046160936,0.9174254,
v;1566400532370;-0.0769138766377373,0.809805708073119,0.0675693202989259
q;1566400532388;-0.023168772,0.39424273,0.04683734,0.91751957,
v;1566400532388;-0.0795299765889326,0.808956938539417,0.0679469875286458
q;1566400532407;-0.024529245,0.3935497,0.047742255,0.9177351,
v;1566400532407;-0.082694816760215,0.807376025229438,0.0686106264362555
q;1566400532425;-0.026081625,0.39287296,0.04852805,0.91794103,
v;1566400532425;-0.0861199186680565,0.805837079749431,0.068907938368973
q;1566400532443;-0.027789472,0.3920959,0.04943986,0.91817445,
v;1566400532443;-0.0899226371065183,0.804071569322828,0.0693319875025805
q;1566400532462;-0.029406289,0.39169788,0.050144378,0.91825575,
v;1566400532462;-0.0934237219864059,0.803148836081728,0.0694121408020549
q;1566400532480;-0.030754559,0.39106742,0.05082628,0.9184428,
v;1566400532480;-0.0963948244396812,0.801723259547344,0.0696874948409718
q;1566400532499;-0.03263604,0.39041474,0.051710606,0.91860616,
v;1566400532499;-0.100505622499939,0.800235901863169,0.0699297699264757
q;1566400532517;-0.034759622,0.38973874,0.05248584,0.9187713,
v;1566400532517;-0.104976518360132,0.798710145000369,0.0697911539108526
q;1566400532536;-0.037100296,0.38912,0.053380977,0.9188905,
v;1566400532536;-0.109946808457283,0.79730593512457,0.069706600168664
q;1566400532554;-0.039455134,0.38850367,0.054233555,0.9190032,
v;1566400532554;-0.114911385855356,0.79591612045188,0.0695389670300837
q;1566400532573;-0.0421122,0.38783303,0.055539746,0.91909057,
v;1566400532573;-0.120783612545549,0.794377028632707,0.0699937684567655
q;1566400532592;-0.04505949,0.38717997,0.056763947,0.91915137,
v;1566400532592;-0.127130887686791,0.792894569751834,0.0700794993372619
q;1566400532611;-0.048800886,0.38621056,0.057950996,0.91929406,
v;1566400532611;-0.134896046360455,0.790754587277652,0.0695404563123788
q;1566400532632;-0.05281323,0.3852356,0.059305012,0.919395,
v;1566400532632;-0.143295131362793,0.788609241992551,0.0691212913308285
q;1566400532650;-0.056446947,0.38392746,0.06083624,0.91962624,
v;1566400532650;-0.151107994520145,0.785716165076943,0.0693959652066686
q;1566400532669;-0.060659297,0.38282695,0.062546484,0.9197021,
v;1566400532669;-0.160149631446639,0.783290526926043,0.0695495730678285
q;1566400532689;-0.06601163,0.3815848,0.0643998,0.91972184,
v;1566400532689;-0.171410802017321,0.780611931768061,0.0691494003833339
q;1566400532714;-0.07373258,0.38017476,0.067191646,0.9195194,
v;1566400532714;-0.187787969347313,0.777614876263535,0.0687677114732214
q;1566400532738;-0.08290377,0.3787068,0.07039079,0.9191046,
v;1566400532738;-0.20718857022793,0.774599113107998,0.0681087066186992
q;1566400532762;-0.09198012,0.3771858,0.07324132,0.9186437,
v;1566400532762;-0.226168326386733,0.771600114640036,0.0669314107822881
q;1566400532782;-0.10083705,0.37619188,0.07595055,0.9179015,
v;1566400532782;-0.244695512936851,0.769854635831948,0.0655606215603683
q;1566400532803;-0.110160686,0.37506044,0.078326434,0.91709286,
v;1566400532803;-0.263860578022902,0.76802702835487,0.0632615877367414
q;1566400532824;-0.120251246,0.374169,0.08099509,0.9159569,
v;1566400532824;-0.284733426220737,0.766897830287954,0.0608745407376103
q;1566400532846;-0.13035609,0.37319165,0.08391955,0.91470915,
v;1566400532846;-0.305858526394898,0.765653287645824,0.0589992106189202
q;1566400532864;-0.1380722,0.37269926,0.08645926,0.9135405,
v;1566400532864;-0.322264923661153,0.765279057297418,0.0580696010505047
q;1566400532883;-0.14504744,0.3725202,0.08897308,0.9122904,
v;1566400532883;-0.337298803741753,0.765541628175954,0.0575448713882738
q;1566400532902;-0.15237333,0.37219113,0.09149043,0.9109806,
v;1566400532902;-0.353008280487122,0.765596045991529,0.0567990669901485
q;1566400532920;-0.1596707,0.37194481,0.09406138,0.9095685,
v;1566400532920;-0.368733299238665,0.765881594879899,0.0561336995710266
q;1566400532938;-0.16755813,0.3717323,0.09610768,0.90802133,
v;1566400532938;-0.385200950722296,0.766623545479774,0.0539388213056794
q;1566400532957;-0.1756232,0.3711081,0.09810944,0.90653723,
v;1566400532957;-0.401974649178484,0.766584333196334,0.051669015900432
q;1566400532979;-0.18458223,0.37004897,0.10143284,0.90482295,
v;1566400532979;-0.421466119309172,0.765423957597014,0.0514737984419774
q;1566400532997;-0.19097793,0.36923784,0.103997305,0.903535,
v;1566400532997;-0.435550940140125,0.764443671612638,0.0517503192490508
q;1566400533016;-0.19696285,0.3684829,0.10593056,0.90233296,
v;1566400533016;-0.448394540477969,0.763745508079945,0.0510843914878648
q;1566400533037;-0.2034134,0.36787182,0.108626544,0.9008294,
v;1566400533037;-0.462741351969138,0.763270974066454,0.051482507445058
q;1566400533056;-0.2094774,0.3671747,0.1117092,0.8993459,
v;1566400533056;-0.476665428467123,0.762340597163312,0.0530346924350548
q;1566400533079;-0.21595839,0.36636525,0.11499446,0.89772755,
v;1566400533079;-0.491562026630323,0.761211125431585,0.054732714908507
q;1566400533099;-0.22105245,0.3659408,0.11739894,0.89634854,
v;1566400533099;-0.503166739796458,0.7609167006095,0.0555916254431707
q;1566400533120;-0.22575144,0.36580947,0.12011863,0.8948694,
v;1566400533120;-0.514290412301376,0.761055157504832,0.0572498992059503
q;1566400533138;-0.22989847,0.36610225,0.12227751,0.89340025,
v;1566400533138;-0.523962364554031,0.762282100151593,0.0579560931494247
q;1566400533157;-0.2336184,0.36649773,0.1244123,0.89197725,
v;1566400533157;-0.532812805975849,0.76362749704591,0.0588983772502204
q;1566400533176;-0.23577943,0.3667878,0.12533772,0.8911595,
v;1566400533176;-0.53771973201989,0.764714982841907,0.0587495967124004
q;1566400533195;-0.23659174,0.36704075,0.12567881,0.89079195,
v;1566400533195;-0.539569294604785,0.765479107833697,0.0585810766294205
q;1566400533213;-0.23701924,0.36740434,0.12563375,0.89053476,
v;1566400533213;-0.540383067238171,0.766551221054292,0.0578725002012746
q;1566400533234;-0.23636508,0.3678897,0.12530543,0.8905545,
v;1566400533234;-0.538896416221961,0.767633427162328,0.057437466444289
q;1566400533253;-0.23489587,0.368024,0.12449499,0.89100134,
v;1566400533253;-0.535439825590023,0.767776816796739,0.0569531651784149
q;1566400533272;-0.23251538,0.36783007,0.123641044,0.8918243,
v;1566400533272;-0.530174066965783,0.766797672243183,0.0573848969611084
q;1566400533290;-0.23038591,0.3676489,0.12279438,0.8925683,
v;1566400533290;-0.525401922718129,0.765952275036734,0.0575988278047622
q;1566400533309;-0.22761776,0.36740896,0.121820115,0.8935103,
v;1566400533309;-0.519300791129702,0.764797546026834,0.0581292511407089
q;1566400533328;-0.22415744,0.36742777,0.12075348,0.8945216,
v;1566400533328;-0.5118187096737,0.764072780061383,0.058885373949325
q;1566400533346;-0.22004442,0.36754978,0.119546324,0.89565414,
v;1566400533346;-0.50298826305789,0.763451284460361,0.0598313911239948
q;1566400533364;-0.21476293,0.3678166,0.11798671,0.8970323,
v;1566400533364;-0.491664083179353,0.762963204958461,0.0609408170098285
q;1566400533383;-0.20944068,0.3680617,0.11635285,0.89840263,
v;1566400533383;-0.48021985091308,0.762487599274299,0.0619288956956514
q;1566400533401;-0.20390555,0.36868802,0.11411006,0.8997058,
v;1566400533401;-0.467943743502941,0.763135521795024,0.0616368278309827
q;1566400533420;-0.19741131,0.36950937,0.11202561,0.90107816,
v;1566400533420;-0.453990243608479,0.763916840581789,0.0623489830902333
q;1566400533439;-0.18976955,0.37060934,0.10995565,0.90252197,
v;1566400533439;-0.437905531100225,0.765066197698665,0.0638810898042394
q;1566400533457;-0.18243441,0.37167683,0.107520476,0.9038879,
v;1566400533457;-0.422153947023838,0.766428469868669,0.0644593174825701
q;1566400533476;-0.17562483,0.3727142,0.1047856,0.90512985,
v;1566400533476;-0.407196606236511,0.768011758759344,0.0640507483715015
q;1566400533494;-0.16854057,0.37398696,0.10183962,0.90628725,
v;1566400533494;-0.391597767860777,0.770170154211863,0.0633637380525673
q;1566400533516;-0.15936899,0.37579197,0.098709986,0.9075452,
v;1566400533516;-0.371977030879183,0.773154890099321,0.0637913223634196
q;1566400533536;-0.15058427,0.37751046,0.095719315,0.90865177,
v;1566400533536;-0.353227042270038,0.77605520252927,0.0642659728841373
q;1566400533556;-0.14278755,0.37901312,0.09301604,0.9095652,
v;1566400533556;-0.336576657275193,0.778648119052953,0.0646410362597313
q;1566400533575;-0.13542493,0.38029176,0.09040492,0.91042036,
v;1566400533575;-0.320823046978607,0.780843960972141,0.0649693373429428
q;1566400533593;-0.1278971,0.38174933,0.087482706,0.9111842,
v;1566400533593;-0.304554872847731,0.783538289203771,0.0648018589232248
q;1566400533612;-0.12105745,0.38305345,0.08477288,0.9118271,
v;1566400533612;-0.289749332403753,0.785989900380868,0.0645888502379384
q;1566400533631;-0.11412523,0.38462886,0.08216487,0.91229653,
v;1566400533631;-0.2748868774114,0.789045786714057,0.064594086958139
q;1566400533650;-0.10727825,0.38584486,0.0789329,0.9128991,
v;1566400533650;-0.259689156308735,0.791477417734999,0.0635004399245681
q;1566400533670;-0.099376075,0.38726613,0.075555794,0.91347724,
v;1566400533670;-0.242444104196655,0.794286361359197,0.0629483495116309
q;1566400533691;-0.091665424,0.38809335,0.07234516,0.9141921,
v;1566400533691;-0.22566337181421,0.795815567133983,0.0627565416548969
q;1566400533709;-0.08521694,0.38879845,0.069641575,0.91472614,
v;1566400533709;-0.211629575945353,0.797166492634457,0.0625775427999561
q;1566400533728;-0.07939094,0.38944364,0.06657526,0.9152041,
v;1566400533728;-0.198472910918813,0.798531661707172,0.061263547330859
q;1566400533749;-0.073360525,0.38988996,0.06385402,0.91571105,
v;1566400533749;-0.185203105366341,0.799410025025456,0.0608154519896564
q;1566400533773;-0.06773597,0.3904483,0.06122233,0.9160861,
v;1566400533773;-0.172770511813971,0.800580563411967,0.0602072382278844
q;1566400533798;-0.06079331,0.39101353,0.058242545,0.9165263,
v;1566400533798;-0.157636630695587,0.801753166286577,0.0599991063528673
q;1566400533822;-0.054416914,0.3917081,0.05607468,0.91676563,
v;1566400533822;-0.144204190272185,0.803190081812329,0.0608523582479118
q;1566400533844;-0.049622618,0.39235905,0.05380854,0.9168951,
v;1566400533844;-0.133619259813988,0.804648674756865,0.060307599507617
q;1566400533868;-0.044453163,0.39293164,0.051678687,0.9170376,
v;1566400533868;-0.122448588999546,0.805928119378231,0.0603365863922142
q;1566400533892;-0.038831543,0.39337516,0.04975516,0.9172091,
v;1566400533892;-0.110603544220557,0.806924314681872,0.0611324193066462
q;1566400533912;-0.034698825,0.39364535,0.048297003,0.91733676,
v;1566400533912;-0.101860850475313,0.80756268569488,0.0616495622415757
q;1566400533932;-0.03144023,0.39373648,0.047274437,0.91746837,
v;1566400533932;-0.0950612818477948,0.80780525487865,0.0623087171707394
q;1566400533950;-0.028934957,0.39394596,0.046427857,0.91750413,
v;1566400533950;-0.0897966481305734,0.808309828727539,0.0626913579075612
q;1566400533972;-0.025674168,0.39441168,0.0454277,0.91745114,
v;1566400533972;-0.0830394211373545,0.809393054610814,0.0633635902211895
q;1566400533990;-0.02290214,0.39479962,0.0443249,0.9174116,
v;1566400533990;-0.0770966381362864,0.81032231272616,0.0634758868643367
q;1566400534009;-0.02060119,0.39494374,0.043539677,0.9174417,
v;1566400534009;-0.0722550824056331,0.810704737942492,0.0638273670996741
q;1566400534028;-0.01853338,0.39509326,0.042934258,0.91745,
v;1566400534028;-0.0679853302021616,0.811092629075587,0.0643281025335751
q;1566400534049;-0.01644019,0.3953145,0.04199879,0.9174379,
v;1566400534049;-0.0634136603836693,0.811659153276209,0.0642376696887847
q;1566400534068;-0.014540513,0.39556795,0.041622467,0.9173779,
v;1566400534068;-0.059642672797108,0.812270458129409,0.0650248937453669
q;1566400534088;-0.012742293,0.395888,0.041154858,0.91728765,
v;1566400534088;-0.0559913760785212,0.81303408488553,0.0655622725647682
q;1566400534106;-0.011456092,0.39627102,0.040846735,0.917153,
v;1566400534106;-0.0534121255303214,0.813918132046396,0.0659878920580723
q;1566400534125;-0.010668347,0.39669925,0.0405139,0.9169921,
v;1566400534125;-0.0517323188613647,0.814888598094443,0.0659736469063577
q;1566400534144;-0.009160302,0.3970826,0.039554954,0.91688436,
v;1566400534144;-0.0482297389812523,0.815808432346043,0.0653823920803812
q;1566400534162;-0.0071311444,0.3973557,0.03854701,0.91682696,
v;1566400534162;-0.0437237294134765,0.816508754217415,0.0651228913391276
q;1566400534181;-0.005178177,0.3977615,0.03834,0.9166728,
v;1566400534181;-0.0400044091795992,0.81747489468818,0.0662725968111047
q;1566400534199;-0.0032508706,0.3980077,0.03760152,0.9166054,
v;1566400534199;-0.0358986300769971,0.818113865764743,0.066435401244087
q;1566400534218;-0.0015619326,0.39826292,0.03683434,0.91653013,
v;1566400534218;-0.0322081885192144,0.818766304841349,0.066358526430494
q;1566400534238;-0.00027660653,0.3985297,0.036331233,0.91643554,
v;1566400534238;-0.0294694001286096,0.819421050277462,0.0664477111676186
