q;1565710265900;0.075432055,-0.44642264,0.049057644,0.89028656,
v;1565710265900;0.179068632036702,-0.927768118261452,0.0203279899621367
q;1565710265920;0.074600734,-0.44653577,0.048738517,0.8903174,
v;1565710265920;0.177290957634494,-0.927947751846069,0.0204842053983595
q;1565710265939;0.07373921,-0.44674632,0.048366677,0.89030385,
v;1565710265939;0.175414076768396,-0.928351152757907,0.0205534670466905
q;1565710265958;0.072702214,-0.44700396,0.048175715,0.8902702,
v;1565710265958;0.173386139170401,-0.928817271790473,0.0211003677316034
q;1565710265976;0.07171153,-0.44718423,0.048060633,0.8902662,
v;1565710265976;0.171508201937657,-0.92910766115172,0.0217578963649636
q;1565710265994;0.07050882,-0.44746315,0.0477203,0.89024043,
v;1565710265994;0.169049785592978,-0.929622114695937,0.0221828920152042
q;1565710266013;0.068820156,-0.44784454,0.047157068,0.8902108,
v;1565710266013;0.165521740594237,-0.93033511103114,0.0226291890254324
q;1565710266032;0.06698023,-0.4482693,0.04639109,0.8901776,
v;1565710266032;0.161541678400271,-0.931154625985624,0.022841603414393
q;1565710266050;0.064771384,-0.44891268,0.04543226,0.89006627,
v;1565710266050;0.156732790346571,-0.932450300274022,0.0230060535433702
q;1565710266069;0.062273905,-0.44935983,0.044377185,0.89007217,
v;1565710266069;0.151315962265302,-0.933286350232611,0.0232993240099073
q;1565710266088;0.058742356,-0.45011273,0.04250937,0.89002293,
v;1565710266088;0.143322271392408,-0.934791825576094,0.0230253578173595
q;1565710266107;0.054193582,-0.45084792,0.04054925,0.8900309,
v;1565710266107;0.13342655385223,-0.936180861618608,0.0235252898289302
q;1565710266129;0.04833858,-0.45180663,0.037825778,0.8900019,
v;1565710266129;0.120514237286735,-0.938055203252613,0.0238256935540477
q;1565710266148;0.04172809,-0.4527947,0.034509957,0.889969,
v;1565710266148;0.105722099789583,-0.940029351821259,0.0237720224335329
q;1565710266167;0.034267254,-0.4535787,0.030649936,0.8900296,
v;1565710266167;0.0889191857381284,-0.94158257397907,0.0235681917095513
q;1565710266186;0.025428666,-0.45481128,0.02623079,0.8898382,
v;1565710266186;0.0691700592454033,-0.944186002146591,0.0236104775886884
q;1565710266206;0.016235251,-0.45601842,0.02126636,0.8895681,
v;1565710266206;0.0482992031877123,-0.946842478705744,0.0230575337800462
q;1565710266225;0.005936639,-0.45766723,0.0155700315,0.8889674,
v;1565710266225;0.0248092883928205,-0.950606338155761,0.0222571769141695
q;1565710266245;-0.0031100495,-0.4592578,0.010561468,0.8882348,
v;1565710266245;0.00417597686297057,-0.954336516182146,0.0216206287131323
q;1565710266265;-0.011706981,-0.4608412,0.0061978055,0.88738376,
v;1565710266265;-0.0150653312634417,-0.958140938114124,0.021793980459966
q;1565710266284;-0.020101361,-0.46247974,0.0024728756,0.88639855,
v;1565710266284;-0.0333545090250097,-0.962177502631332,0.0229916637525437
q;1565710266303;-0.028007407,-0.463745,-0.0011947494,0.88552517,
v;1565710266303;-0.0507324053263882,-0.965452991401394,0.0238936409547875
q;1565710266322;-0.03553309,-0.46462712,-0.004520351,0.88478166,
v;1565710266322;-0.067129013981231,-0.967942993546256,0.0250793366022386
q;1565710266342;-0.04203112,-0.4651666,-0.007282461,0.8841948,
v;1565710266342;-0.0811916851453874,-0.969672144884582,0.0263144307696873
q;1565710266363;-0.04850458,-0.4654311,-0.010033336,0.8836971,
v;1565710266363;-0.0952101476274494,-0.970848403676759,0.0275464476230647
q;1565710266385;-0.05412281,-0.46492645,-0.012447099,0.8836058,
v;1565710266385;-0.107426937161128,-0.970259087841986,0.0284977104557592
q;1565710266405;-0.05875847,-0.46410415,-0.014343435,0.8837132,
v;1565710266405;-0.117434702345218,-0.968896615622222,0.0293958026621205
q;1565710266426;-0.06328854,-0.46302336,-0.016243543,0.88393444,
v;1565710266426;-0.127271432693117,-0.966965222918677,0.0301399916167777
q;1565710266445;-0.0671809,-0.46177816,-0.017517084,0.88427424,
v;1565710266445;-0.135404068694352,-0.964643481789114,0.0313576448830119
q;1565710266466;-0.07084602,-0.46052483,-0.018882962,0.8846136,
v;1565710266466;-0.143224011171706,-0.962282657558788,0.0321794356540826
q;1565710266485;-0.073608056,-0.45938006,-0.020004213,0.88495857,
v;1565710266485;-0.149212301898947,-0.960053926646089,0.0325901779041112
q;1565710266503;-0.07640904,-0.45814583,-0.021262813,0.8853316,
v;1565710266503;-0.155402350274806,-0.957626402321804,0.0327643083556353
q;1565710266521;-0.07862003,-0.4571367,-0.022062674,0.88564,
v;1565710266521;-0.160112635770864,-0.955658648122145,0.0332321282412136
q;1565710266542;-0.080789015,-0.4561104,-0.023121117,0.8859469,
v;1565710266542;-0.164988633274544,-0.9536234433563,0.0331859217018167
q;1565710266560;-0.0831206,-0.4550715,-0.024584701,0.88622606,
v;1565710266560;-0.170528165389767,-0.951551226897068,0.0325542841341876
q;1565710266583;-0.08647243,-0.45340934,-0.026307948,0.8867076,
v;1565710266583;-0.178148885515083,-0.948240143762632,0.032276237726576
q;1565710266604;-0.09033411,-0.45188913,-0.028317604,0.8870367,
v;1565710266604;-0.186939077962431,-0.945333951002945,0.0319667802606403
q;1565710266622;-0.09396456,-0.45060116,-0.030308032,0.88724893,
v;1565710266622;-0.195292598141754,-0.942923123767301,0.0315035055809317
q;1565710266641;-0.09832624,-0.4496459,-0.032821365,0.88717157,
v;1565710266641;-0.205422171948568,-0.941373882018529,0.0308408333493125
q;1565710266660;-0.10316729,-0.44864818,-0.03587381,0.88700867,
v;1565710266660;-0.216906864108337,-0.939778518594023,0.0296293882471483
q;1565710266680;-0.10946363,-0.4474598,-0.039298203,0.88670915,
v;1565710266680;-0.231351820205998,-0.938064404697552,0.0290468572735372
q;1565710266699;-0.115842305,-0.44646677,-0.042103533,0.8862704,
v;1565710266699;-0.245386091779367,-0.936963718975784,0.0297032897558712
q;1565710266719;-0.12288415,-0.44548804,-0.0456953,0.8856364,
v;1565710266719;-0.261339470465609,-0.935997210369566,0.0295557247546187
q;1565710266738;-0.12941772,-0.44472304,-0.049089637,0.8849083,
v;1565710266738;-0.276206821537961,-0.935472546805178,0.0293468206036169
q;1565710266758;-0.1366061,-0.4439204,-0.05248471,0.8840356,
v;1565710266758;-0.292270708000385,-0.935115457554665,0.0297537633462025
q;1565710266780;-0.14498489,-0.44275707,-0.055606212,0.8830932,
v;1565710266780;-0.310264405405988,-0.934444159963681,0.0316935634400231
q;1565710266802;-0.15297653,-0.44127917,-0.057994563,0.8823308,
v;1565710266802;-0.326928138940753,-0.933193116971736,0.0345039792106145
q;1565710266825;-0.16046329,-0.43989742,-0.05995451,0.88155955,
v;1565710266825;-0.342309571391979,-0.932203464032986,0.0376612514260869
q;1565710266846;-0.1664849,-0.43841627,-0.0614575,0.8810772,
v;1565710266846;-0.35464772567972,-0.930641333200251,0.0401931883148649
q;1565710266866;-0.17168252,-0.43700778,-0.062610246,0.8806982,
v;1565710266866;-0.365186285388678,-0.929081572399117,0.0425924207559419
q;1565710266887;-0.17657447,-0.4351841,-0.0636385,0.88056034,
v;1565710266887;-0.375091723942479,-0.926504976169243,0.0447337643969293
q;1565710266908;-0.18019165,-0.43336567,-0.06445361,0.880665,
v;1565710266908;-0.382499949554501,-0.923504152002155,0.0459923793064848
q;1565710266930;-0.18318962,-0.43152645,-0.06523162,0.8808924,
v;1565710266930;-0.388757612821763,-0.920219109006317,0.0466769400042906
q;1565710266952;-0.185921,-0.42971012,-0.066132195,0.8811408,
v;1565710266952;-0.39464500375371,-0.916847514873341,0.0468584081972548
q;1565710266973;-0.18800476,-0.4282617,-0.06678967,0.8813542,
v;1565710266973;-0.399116556309149,-0.914139233104267,0.0470105248690778
q;1565710266994;-0.18964174,-0.4272679,-0.06742089,0.88143784,
v;1565710266994;-0.40272672930856,-0.912320777292124,0.0469751099976247
q;1565710267015;-0.1907941,-0.42615804,-0.06796099,0.8816849,
v;1565710267015;-0.405376526181163,-0.910041665040904,0.0465659722490183
q;1565710267037;-0.19134364,-0.4255405,-0.06819759,0.8818458,
v;1565710267037;-0.406626157148218,-0.908751911494255,0.0463652799979564
q;1565710267061;-0.19176699,-0.4251631,-0.068744436,0.88189346,
v;1565710267061;-0.40790959410404,-0.907881174124867,0.0455671197334596
q;1565710267083;-0.19249894,-0.4248308,-0.069098614,0.8818664,
v;1565710267083;-0.409583304612166,-0.907311478675385,0.0454621465106176
q;1565710267103;-0.19295666,-0.42465258,-0.06926666,0.88183904,
v;1565710267103;-0.41058084241383,-0.907041712938775,0.0455119376471471
q;1565710267124;-0.19346976,-0.42450663,-0.069635324,0.8817678,
v;1565710267124;-0.411857425197538,-0.90681210410941,0.0452522121406106
q;1565710267145;-0.19422878,-0.42469534,-0.070321254,0.8814556,
v;1565710267145;-0.413851124029672,-0.907389044473951,0.0448019378607188
q;1565710267166;-0.19570127,-0.4250727,-0.071493186,0.88085353,
v;1565710267166;-0.417578168901988,-0.908586487061821,0.044238958759914
q;1565710267188;-0.19761248,-0.42520007,-0.07264944,0.88027054,
v;1565710267188;-0.422109804114863,-0.909398333901496,0.0440245090948196
q;1565710267209;-0.19950342,-0.42551562,-0.07426066,0.87955683,
v;1565710267209;-0.427005822329147,-0.910511651096862,0.0430261035382677
q;1565710267231;-0.20229182,-0.42600536,-0.0763548,0.8785029,
v;1565710267231;-0.433977613016171,-0.912310939170728,0.0421142396169885
q;1565710267252;-0.20593134,-0.4263262,-0.07945183,0.8772261,
v;1565710267252;-0.443431366595298,-0.913795422253462,0.0400793922543645
q;1565710267273;-0.20883997,-0.42635584,-0.082090564,0.8762806,
v;1565710267273;-0.451154056626033,-0.914389363123582,0.0380243324226446
q;1565710267294;-0.21190871,-0.42636156,-0.08387386,0.87537175,
v;1565710267294;-0.45840571042586,-0.915301393492839,0.0377647562200373
q;1565710267315;-0.21429752,-0.42613247,-0.08603987,0.8746913,
v;1565710267315;-0.46476989565982,-0.91518559687076,0.035940976929834
q;1565710267336;-0.21606871,-0.4262402,-0.087531894,0.8740548,
v;1565710267336;-0.469377291235219,-0.915812655541515,0.0349670303970331
q;1565710267356;-0.2171857,-0.4261575,-0.08792701,0.8737786,
v;1565710267356;-0.471795026167142,-0.916037916667089,0.0353180489509398
q;1565710267375;-0.2173102,-0.42610925,-0.08766685,0.8737973,
v;1565710267375;-0.471789974443319,-0.916076603750223,0.0359206471260426
q;1565710267394;-0.21678673,-0.42606735,-0.08660845,0.8740533,
v;1565710267394;-0.469867758468597,-0.916083818743116,0.0373905406582737
q;1565710267413;-0.21605495,-0.42620215,-0.08614845,0.87421423,
v;1565710267413;-0.468098255915579,-0.916201484727288,0.0375936995931579
q;1565710267433;-0.21526231,-0.4266313,-0.086125724,0.87420267,
v;1565710267433;-0.46660144455124,-0.916848883907782,0.0370620247677946
q;1565710267453;-0.21409556,-0.42699102,-0.08573355,0.8743521,
v;1565710267453;-0.464084943847814,-0.917270321284201,0.0368121423429634
q;1565710267473;-0.21295916,-0.42724487,-0.08524807,0.874553,
v;1565710267473;-0.46154474090454,-0.91748494864995,0.0367122529733935
q;1565710267492;-0.21124186,-0.42788133,-0.08520225,0.8746628,
v;1565710267492;-0.458321766965986,-0.918188464306472,0.0353848931045073
q;1565710267511;-0.20971169,-0.4284061,-0.08520065,0.87477434,
v;1565710267511;-0.455489284951123,-0.918705970916874,0.034103809164417
q;1565710267532;-0.20749101,-0.42890576,-0.084660426,0.87511146,
v;1565710267532;-0.4509027219168,-0.919016904320345,0.0331302478864485
q;1565710267555;-0.20482843,-0.42958218,-0.08343924,0.8755241,
v;1565710267555;-0.444883224875993,-0.919778973999334,0.033102809312637
q;1565710267578;-0.20111234,-0.4302845,-0.08238663,0.8761402,
v;1565710267578;-0.437089727786997,-0.920065667510403,0.0316906973971045
q;1565710267598;-0.19781838,-0.43102843,-0.08124294,0.876631,
v;1565710267598;-0.429991946774048,-0.920700924452185,0.0309086471621513
q;1565710267619;-0.1940198,-0.43120387,-0.07990922,0.87751585,
v;1565710267619;-0.421823979387432,-0.919830689701068,0.0296872132797213
q;1565710267640;-0.189363,-0.43141177,-0.07808918,0.8785941,
v;1565710267640;-0.411651721612141,-0.9188468588183,0.0285587940341558
q;1565710267659;-0.18492655,-0.43175218,-0.07650971,0.87951034,
v;1565710267659;-0.402104763528986,-0.918243790022534,0.0272818536529283
q;1565710267678;-0.18017465,-0.43210888,-0.07478619,0.88046926,
v;1565710267678;-0.391859943497563,-0.917633087251986,0.0259889035315163
q;1565710267698;-0.17444831,-0.43246213,-0.07241423,0.88164645,
v;1565710267698;-0.379263374442709,-0.916857863331162,0.0249742168525819
q;1565710267717;-0.1675516,-0.43251672,-0.06963317,0.88318,
v;1565710267717;-0.364188852266679,-0.915114396653947,0.0234826651897569
q;1565710267736;-0.16094112,-0.4325589,-0.066603474,0.88462126,
v;1565710267736;-0.349431505250981,-0.913599837328435,0.0227734345680411
q;1565710267755;-0.1540387,-0.4327965,-0.063834436,0.88593704,
v;1565710267755;-0.334388732127885,-0.912454854387819,0.0214159925119819
q;1565710267774;-0.14705582,-0.43306178,-0.060738735,0.8872107,
v;1565710267774;-0.318925307941471,-0.911509301311319,0.0206343177490588
q;1565710267795;-0.13929763,-0.43317363,-0.05705368,0.8886516,
v;1565710267795;-0.301551885331138,-0.910183015927479,0.0201908177741503
q;1565710267815;-0.13173577,-0.43287358,-0.053466674,0.8901727,
v;1565710267815;-0.284652334753526,-0.908039912630664,0.0196527764487408
q;1565710267835;-0.12386322,-0.43295968,-0.049825612,0.8914714,
v;1565710267835;-0.267152476082662,-0.906800230123793,0.0190979340611601
q;1565710267857;-0.11458146,-0.43266633,-0.0455902,0.89308035,
v;1565710267857;-0.246603461171171,-0.904550122054992,0.0182734666709645
q;1565710267878;-0.10605026,-0.43244642,-0.04122541,0.8944518,
v;1565710267878;-0.227322023889453,-0.9027894994384,0.0184494880473604
q;1565710267899;-0.097231545,-0.4322849,-0.03682027,0.8957232,
v;1565710267899;-0.207504722358716,-0.901204381261387,0.0184998070820905
q;1565710267919;-0.088429265,-0.43216935,-0.032598376,0.8968541,
v;1565710267919;-0.187895994010424,-0.899804335881353,0.0182836654346936
q;1565710267938;-0.080700606,-0.43209442,-0.028772477,0.89774936,
v;1565710267938;-0.170588857110041,-0.898734552337966,0.0183469381381162
q;1565710267958;-0.07389159,-0.4322056,-0.025171082,0.8983901,
v;1565710267958;-0.155146773011396,-0.898276443372508,0.0188736168888269
q;1565710267976;-0.06622005,-0.4321817,-0.021301148,0.89909965,
v;1565710267976;-0.137925669102869,-0.897470007939701,0.0191171811770656
q;1565710267995;-0.058990452,-0.43203413,-0.017733585,0.8997512,
v;1565710267995;-0.121777251450721,-0.89648815276709,0.0192035354191708
q;1565710268014;-0.052544802,-0.43199083,-0.0145896785,0.9002278,
v;1565710268014;-0.10741624442934,-0.895860398537154,0.0192417588091389
q;1565710268038;-0.04343629,-0.43231097,-0.010654273,0.9006148,
v;1565710268038;-0.0875624996384824,-0.895876327252966,0.0184368522019471
q;1565710268057;-0.036919378,-0.43294653,-0.007939465,0.90062827,
v;1565710268057;-0.0734420019422422,-0.896854571257474,0.0177159000163519
q;1565710268075;-0.030301305,-0.43322533,-0.0050173295,0.9007622,
v;1565710268075;-0.0589699804348455,-0.897099083136573,0.0172465761190161
q;1565710268093;-0.023887655,-0.43374738,-0.002466109,0.90071446,
v;1565710268093;-0.0451866248556597,-0.897941253157353,0.0162972514345956
q;1565710268112;-0.017527707,-0.43425193,0.0001489461,0.90062094,
v;1565710268112;-0.0314474626805652,-0.898807207276987,0.0154994528102782
q;1565710268131;-0.012320032,-0.43478236,0.0026541061,0.9004474,
v;1565710268131;-0.0198804740817873,-0.899823922575687,0.0154965134152818
q;1565710268149;-0.0070061386,-0.4353805,0.0051549673,0.90020454,
v;1565710268149;-0.00812526047452489,-0.901020896576932,0.0153828366214197
q;1565710268168;-0.0008385771,-0.43599525,0.007811216,0.8999147,
v;1565710268168;0.005302035268096,-0.902278457366301,0.014790834649572
q;1565710268187;0.0048034326,-0.43652233,0.010678334,0.89961725,
v;1565710268187;0.0179661306366233,-0.903390862990407,0.015022205040618
q;1565710268207;0.010207938,-0.43704295,0.013628082,0.8992795,
v;1565710268207;0.0302763183616478,-0.904521582719012,0.0155960743875006
q;1565710268228;0.016380612,-0.4376026,0.01666628,0.8988648,
v;1565710268228;0.0440485689973701,-0.905782753680587,0.015640876530672
q;1565710268247;0.02114986,-0.43805802,0.01884505,0.8985003,
v;1565710268247;0.0545438025422235,-0.9068468494002,0.0153582774141638
q;1565710268266;0.025764914,-0.43849182,0.021132031,0.89811724,
v;1565710268266;0.0648577337584367,-0.907882555050141,0.0153956513097306
q;1565710268286;0.030095406,-0.43892306,0.023566056,0.8977113,
v;1565710268286;0.0747910498765385,-0.908917863229797,0.0159371198666151
q;1565710268305;0.034407128,-0.43929988,0.025452727,0.8973204,
v;1565710268305;0.0842106894471752,-0.909882198389253,0.0155039671070412
q;1565710268326;0.038818706,-0.44002974,0.027230958,0.8967304,
v;1565710268326;0.0937218353770287,-0.911676109986058,0.0147401064919829
q;1565710268346;0.042761363,-0.44071737,0.028842468,0.8961628,
v;1565710268346;0.102243081318127,-0.913384061641812,0.014077723147758
q;1565710268366;0.046276126,-0.44144404,0.030455142,0.895577,
v;1565710268366;0.109997836120719,-0.915169893371793,0.0137769055535638
q;1565710268386;0.049581368,-0.44192943,0.031928178,0.8951093,
v;1565710268386;0.117249955591053,-0.916426796999688,0.0134280834347719
q;1565710268407;0.052721895,-0.44244733,0.03351732,0.89461577,
v;1565710268407;0.124310894399457,-0.917748097839717,0.0134208868542266
q;1565710268426;0.05584699,-0.4431047,0.034968432,0.89404505,
v;1565710268426;0.131225095527172,-0.919407598544546,0.0131479971961198
q;1565710268448;0.059480224,-0.44382104,0.03673759,0.8933842,
v;1565710268448;0.139337650961432,-0.921241584560757,0.0129704825601671
q;1565710268469;0.06284039,-0.4442707,0.038619544,0.8928512,
v;1565710268469;0.147058781934538,-0.922452431733924,0.013270345286645
q;1565710268493;0.06647981,-0.44491878,0.04026358,0.892192,
v;1565710268493;0.155074347519653,-0.924185062057007,0.0128439314417588
q;1565710268514;0.06970295,-0.44529498,0.04178123,0.8916884,
v;1565710268514;0.162227205691178,-0.925285128824984,0.0126007051265419
q;1565710268533;0.07248017,-0.44583154,0.043373868,0.89112264,
v;1565710268533;0.168650671263815,-0.926693500563517,0.012857752989924
q;1565710268552;0.0750552,-0.44625112,0.044618066,0.89063793,
v;1565710268552;0.174398445835519,-0.927860370088595,0.012682869844025
q;1565710268571;0.07764505,-0.4467383,0.045856066,0.8901086,
v;1565710268571;0.180169543793617,-0.92919426587836,0.0124617538186825
q;1565710268589;0.08033294,-0.44717392,0.04705172,0.8895888,
v;1565710268589;0.186079159842117,-0.930443535005701,0.0120765385990691
q;1565710268608;0.082976244,-0.4477883,0.04809602,0.8889811,
v;1565710268608;0.191775653305041,-0.932124245247014,0.0114107556332491
q;1565710268626;0.08555297,-0.44802982,0.049186576,0.88855535,
v;1565710268626;0.197390531045362,-0.932954676489555,0.0109625161691869
q;1565710268645;0.08758665,-0.44819322,0.050228603,0.8882165,
v;1565710268645;0.201986718716398,-0.933531688970911,0.0109388639546329
q;1565710268664;0.08903957,-0.44837087,0.05114862,0.88792986,
v;1565710268664;0.205430767182485,-0.934061880071562,0.0112234999606779
q;1565710268682;0.09044141,-0.44839117,0.051884495,0.8877352,
v;1565710268682;0.208615018091525,-0.9342531351339,0.0112574343239798
q;1565710268701;0.091473736,-0.44877124,0.05261407,0.8873943,
v;1565710268701;0.211135078031329,-0.935200847894267,0.0115336580725005
