q;1566402406306;0,0,0,1,
v;1566402406306;0,0,0
q;1566402406322;-0.00187548396086792,0.00139649558986144,-0.000565734935773055,0.999997168844189,
v;1566402406322;-0.00374938599421535,0.00279512861228888,-0.00113671311301815
q;1566402406339;-0.00460193088819569,0.00411359060486569,-0.00152652259466279,0.9999798104581,
v;1566402406339;-0.00919124638731754,0.00824150641727097,-0.00309097995135153
q;1566402406355;-0.00702503041646177,0.00791171844334379,-0.00258374640092185,0.999940752467753,
v;1566402406355;-0.0140088028454438,0.0158610224488115,-0.00527888925451447
q;1566402406372;-0.0100846177397575,0.0128432334983383,-0.00334609573350997,0.99986108327276,
v;1566402406372;-0.0200818339976805,0.0257584284344251,-0.00695175769732546
q;1566402406388;-0.0133657906775649,0.0190755220492208,-0.00420947341791328,0.999719873779731,
v;1566402406388;-0.0265666222777796,0.0382757311781796,-0.00892977704102126
q;1566402406406;-0.0170335898788118,0.0268069601146375,-0.00481662373218089,0.999483937192211,
v;1566402406406;-0.0337977949910103,0.0538070146106071,-0.0105477328163509
q;1566402406423;-0.0206140442765252,0.0341163059660427,-0.00546573548236173,0.999190308905094,
v;1566402406423;-0.0408331113164397,0.0685133600741308,-0.0123397687165988
q;1566402406440;-0.0244910050403987,0.0431002704052354,-0.00597231114195607,0.998752712258205,
v;1566402406440;-0.0484250227252392,0.0865951299023608,-0.0140578036883601
q;1566402406458;-0.0287491462774753,0.0533393654018433,-0.00639114914103028,0.998142060636468,
v;1566402406458;-0.0567401048571438,0.107225584540947,-0.0158516446193119
q;1566402406476;-0.0337896042166687,0.0640910603291376,-0.00573652915360279,0.997355379758047,
v;1566402406476;-0.0667146450176939,0.128873126220911,-0.015809767033745
q;1566402406491;-0.0375683832239446,0.073141272613601,-0.00528791678510793,0.996599764885603,
v;1566402406491;-0.0741757548339387,0.147115639006042,-0.0160803802456481
q;1566402406507;-0.0415991622066731,0.0823730732549601,-0.00510332280009218,0.995719974193504,
v;1566402406507;-0.0820936595149931,0.165779682422475,-0.0170745930963075
q;1566402406523;-0.0453697490783237,0.091589269034537,-0.00441742124973166,0.994752988985212,
v;1566402406523;-0.0895739448314266,0.184396510037139,-0.0171689216906185
q;1566402406539;-0.0488863290324531,0.10100702112222,-0.00304642492116264,0.99367929481678,
v;1566402406539;-0.0966898325416851,0.20337756786554,-0.016005502676649
q;1566402406557;-0.0521201107779665,0.110401370533973,-0.00195888470401684,0.992517687260145,
v;1566402406557;-0.10321088100845,0.222356138454508,-0.0154797091850782
q;1566402406573;-0.0548688994996184,0.118949832753422,-0.00165207738886686,0.991381706496909,
v;1566402406573;-0.108612435879455,0.239719064754746,-0.0164264995112887
q;1566402406590;-0.0577128980861752,0.127904404047608,-0.00126650573667353,0.990105134660459,
v;1566402406590;-0.114207805051042,0.257936218381641,-0.0173855457471916
q;1566402406607;-0.0602232368799219,0.136324989439459,-0.000907828375892039,0.988831615156472,
v;1566402406607;-0.119135381363349,0.27509639308955,-0.0183463077667086
q;1566402406624;-0.0628226846820369,0.145247114042451,-0.000444128239164565,0.987398838582639,
v;1566402406624;-0.124252544570327,0.293305780159373,-0.0192764858199267
q;1566402406641;-0.0651218037560272,0.153762553652997,-5.94095766206504e-05,0.985959515239057,
v;1566402406641;-0.128752082124165,0.31072157198259,-0.0203132609603504
q;1566402406657;-0.067356955455844,0.162646923501497,0.000151218951827015,0.984382613092753,
v;1566402406657;-0.133051436184735,0.328948863167169,-0.0218075431441005
q;1566402406674;-0.0690506119563885,0.171257876896074,0.000338023096662254,0.982803496477581,
v;1566402406674;-0.13626343630054,0.346627797734536,-0.023203651026247
q;1566402406692;-0.0702322766218762,0.179704337613074,0.000808160516003076,0.981210092903975,
v;1566402406692;-0.138558624632725,0.363934003213462,-0.0238873224984965
q;1566402406707;-0.07113681373037,0.186966082172949,0.00139558503731413,0.979786353397543,
v;1566402406707;-0.140380228375761,0.378807718308682,-0.0241050281039395
q;1566402406725;-0.0711259269395377,0.193681704932302,0.00185595205572353,0.978480979976415,
v;1566402406725;-0.140370178052433,0.392528835677332,-0.0241595074127981
q;1566402406741;-0.0707030854266388,0.2008029625918,0.00200443921363863,0.977074817970077,
v;1566402406741;-0.13942064362901,0.407110561309375,-0.0247201648586044
q;1566402406758;-0.0693205860113497,0.205782317684797,0.00209214751253911,0.976137287340111,
v;1566402406758;-0.136618463329091,0.417229709722582,-0.0246778801224429
q;1566402406774;-0.0675966020931547,0.210711586652068,0.00215592394493863,0.975206018043691,
v;1566402406774;-0.133142804673614,0.427228620683085,-0.0245011091517284
q;1566402406792;-0.0651825919155489,0.215396682916225,0.00181915538579708,0.974347085184609,
v;1566402406792;-0.128155126660877,0.436724594514342,-0.0247406428273245
q;1566402406808;-0.0629035153237639,0.219012298009567,0.001412175141559,0.973691350585161,
v;1566402406808;-0.123428946986844,0.444040127877109,-0.0249959860912366
q;1566402406825;-0.0592993665445374,0.222141775091021,0.000602290946580042,0.973209349648367,
v;1566402406825;-0.115948613028407,0.450295764314971,-0.025346306381953
q;1566402406844;-0.0548182014636922,0.224077158618387,-0.000768863290603605,0.973028199901276,
v;1566402406844;-0.106536158108379,0.454082514069824,-0.0262148785652676
q;1566402406861;-0.0499040014468309,0.225526263166076,-0.00219409189320896,0.972955698504917,
v;1566402406861;-0.0962677387793392,0.456841309730728,-0.0269066478936509
q;1566402406880;-0.0444872286135963,0.225819510272679,-0.00364586046249715,0.973146023684957,
v;1566402406880;-0.0850409916740514,0.457192114506657,-0.027290073625859
q;1566402406896;-0.0387794459129329,0.225606129414522,-0.00549994144296612,0.9734309552035,
v;1566402406896;-0.0730816216733584,0.45652008179062,-0.028284648516029
q;1566402406911;-0.0338081205050254,0.225547344674568,-0.00693576765041726,0.973620736835796,
v;1566402406911;-0.0627450489314029,0.456190075150737,-0.0288169651131926
q;1566402406927;-0.0282574457227962,0.224499054592605,-0.00867937387551876,0.974025885909801,
v;1566402406927;-0.0511722751259118,0.453817890841842,-0.0296385400763902
q;1566402406944;-0.0221509408876158,0.223337855345233,-0.0108344093222143,0.974429182560658,
v;1566402406944;-0.0383389705296439,0.451209451332925,-0.0310368028113633
q;1566402406961;-0.0158663700305962,0.222193107491184,-0.0133833248349129,0.974781741067039,
v;1566402406961;-0.0249877307916513,0.448639039007382,-0.033158863113914
q;1566402406978;-0.00980633044690622,0.220628535232446,-0.0157467757496393,0.97518151553375,
v;1566402406978;-0.0121778292296734,0.445208986283036,-0.0350488155551156
q;1566402406996;-0.00315259179432141,0.218091217814895,-0.0178605777554308,0.975759912071198,
v;1566402406996;0.00163812565571164,0.439760224371063,-0.0362383562951596
q;1566402407012;0.00381234441475636,0.213943583133624,-0.0201912152611264,0.976629915718257,
v;1566402407012;0.0160867549131585,0.431008750595504,-0.0378213452733912
q;1566402407028;0.011485163750597,0.208492248721067,-0.0220841897242846,0.977707255824064,
v;1566402407028;0.0316723156256848,0.419589721537687,-0.0384233290733137
q;1566402407044;0.0211437327943478,0.201138515329722,-0.0244644371645791,0.979029041073744,
v;1566402407044;0.0512645894605479,0.404243206691621,-0.0394592156738043
q;1566402407060;0.0305573134064324,0.194292867967016,-0.0263142901831327,0.980114345473838,
v;1566402407060;0.070182280504313,0.389997598877067,-0.0398164028551609
q;1566402407076;0.0393400077124526,0.188457736776194,-0.026939988450334,0.980923189576797,
v;1566402407076;0.0874445490987573,0.377949471645488,-0.0381793777526404
q;1566402407093;0.0458415010909248,0.184752085638514,-0.0259017191204142,0.981373756341578,
v;1566402407093;0.0997112303683896,0.370461048606861,-0.0340757260255483
q;1566402407110;0.0525956585298561,0.18044559784229,-0.0245347126779163,0.981871278110114,
v;1566402407110;0.112375060360737,0.361845356092591,-0.0293881162892125
q;1566402407126;0.0583526629837809,0.175663936854381,-0.0248981396763945,0.982403877770676,
v;1566402407126;0.123714514749394,0.352106638476544,-0.0286419339263206
q;1566402407143;0.0647088225031127,0.169731992002329,-0.0255838322192931,0.983030678253728,
v;1566402407143;0.136328197888044,0.339999586121742,-0.0286023137296221
q;1566402407161;0.0705373721572748,0.163860898728564,-0.0260196802367826,0.983614336925896,
v;1566402407161;0.147828188632179,0.328047457706361,-0.0283833648412376
q;1566402407177;0.0748862771359471,0.159701844120238,-0.0263301510274699,0.983968535279362,
v;1566402407177;0.156418490222487,0.319587777976139,-0.0282456728652721
q;1566402407194;0.0780353216552526,0.156066124971045,-0.0263361073348173,0.984307044653243,
v;1566402407194;0.162556755694194,0.31222122400808,-0.027859122095706
q;1566402407211;0.0810579899880684,0.152280622731772,-0.0261937238709388,0.984659420494929,
v;1566402407211;0.168401442913673,0.304571958525519,-0.027285998309844
q;1566402407227;0.0838146322902429,0.148008643564692,-0.0265050205850011,0.985071659499828,
v;1566402407227;0.173847152005802,0.295846696813293,-0.0278311577182071
q;1566402407243;0.0861811761042532,0.144183717221032,-0.0271830858962137,0.985416174438734,
v;1566402407243;0.178635920705763,0.28795896421819,-0.0291900409363097
q;1566402407260;0.088137291616691,0.140195963127102,-0.027862570828415,0.985799450143952,
v;1566402407260;0.182596815157919,0.279722127815322,-0.0307365690629965
q;1566402407277;0.089657757125217,0.136692495129623,-0.0282549319704283,0.98614312477566,
v;1566402407277;0.185619305301853,0.272514159306385,-0.0317666626523909
q;1566402407294;0.090619794982711,0.133546822865647,-0.0283380778571741,0.986483814541621,
v;1566402407294;0.187454752981132,0.266082753937222,-0.0322770829200015
q;1566402407311;0.0914353187886476,0.1303509397624,-0.0287348782764102,0.98682450309557,
v;1566402407311;0.189077038774592,0.25948731322118,-0.0334779866496286
q;1566402407328;0.0917753473047976,0.12727585148997,-0.0291961209061797,0.987180720962744,
v;1566402407328;0.189766538179192,0.253119343695161,-0.0349158906555742
q;1566402407344;0.0919206624721949,0.123873998161661,-0.0294129864898768,0.987593406410466,
v;1566402407344;0.189988384821819,0.24612865310605,-0.0359779769450771
q;1566402407362;0.0923334621502204,0.119979812101515,-0.0298502905028765,0.988022481573846,
v;1566402407362;0.190773009729547,0.238095186895674,-0.0375185177997354
q;1566402407378;0.0926715370771334,0.115528437947946,-0.0299718702185284,0.988517558132719,
v;1566402407378;0.191304837488636,0.228985558512189,-0.0385557961337906
q;1566402407395;0.0931510979675492,0.110734282561804,-0.0299531663167077,0.989021587167434,
v;1566402407395;0.192069328258181,0.219206900452635,-0.039352220668781
q;1566402407412;0.0932136702538506,0.105992585971075,-0.0298439856076481,0.989538378614092,
v;1566402407412;0.191980609991887,0.20955588376811,-0.0400499183362858
q;1566402407429;0.0930699231783685,0.101335198978049,-0.0297787890105629,0.990041661517925,
v;1566402407429;0.191489603429898,0.200073897727462,-0.040859971728841
q;1566402407446;0.092541305119163,0.0966108810087152,-0.0292940596934586,0.99057787219079,
v;1566402407446;0.190142662323497,0.19054366816267,-0.0409034919361148
q;1566402407463;0.0916836089554622,0.091799056962421,-0.0289208315149472,0.991125964532596,
v;1566402407463;0.188158098775568,0.180823614793522,-0.0412346889384088
q;1566402407479;0.0907547874660622,0.0867064815890085,-0.028640924302073,0.991678050211729,
v;1566402407479;0.186037030102177,0.170524632770527,-0.0418003229507174
q;1566402407496;0.0896651544091929,0.0810118341806199,-0.0288936036014252,0.992251198662279,
v;1566402407496;0.183652806350903,0.1589159487566,-0.0435575893727589
q;1566402407514;0.0879970092683293,0.0748693853913616,-0.0294160461721401,0.992867461099487,
v;1566402407514;0.180115754893774,0.146375317388871,-0.0459959384906323
q;1566402407531;0.0864226248114602,0.0687966914071524,-0.0298958986834872,0.993430618592929,
v;1566402407531;0.176741974502969,0.134004116754275,-0.04827837359556
q;1566402407548;0.0844369146330307,0.0626421891376436,-0.0301695440187997,0.994000103029247,
v;1566402407548;0.172494515131754,0.121536016213178,-0.05016360126473
q;1566402407565;0.0822298851352795,0.0561411152357127,-0.0308356954826806,0.994552998898664,
v;1566402407565;0.167812783036674,0.108329951308011,-0.0528694792057374
q;1566402407583;0.0798056433450065,0.0494523994257349,-0.0315529914559464,0.995082940896066,
v;1566402407583;0.162663593816599,0.0947732655677201,-0.0556657097501709
q;1566402407599;0.0773360686799591,0.0421733256638711,-0.0324144229388296,0.995585211932355,
v;1566402407599;0.157372115972386,0.0800340472634103,-0.0587793887570529
q;1566402407616;0.0744031627977565,0.0336946850176276,-0.032826934127793,0.996118133106852,
v;1566402407616;0.151014198568685,0.0630011274046158,-0.0611182227030013
q;1566402407633;0.0708845020640531,0.0238081761497626,-0.0328413089732586,0.996659487560383,
v;1566402407633;0.143349653776707,0.0432584626278715,-0.0627725939746198
q;1566402407649;0.0670092281365433,0.0133557120042758,-0.0327926292381858,0.99712392397076,
v;1566402407649;0.134917889174531,0.0224456272383661,-0.0642342161683426
q;1566402407667;0.0616013785431401,0.00408582511309983,-0.033252174733876,0.997538401028785,
v;1566402407667;0.123484793458503,0.00408589891459109,-0.0663911884752895
q;1566402407687;0.0531598456589291,-0.0029449908617364,-0.034094902346446,0.997999478148115,
v;1566402407687;0.106105160099781,-0.00955705048337123,-0.068807440574523
q;1566402407705;0.0446624238072564,-0.00737417962748683,-0.034621595283909,0.998374849791516,
v;1566402407705;0.0887856716554434,-0.0178883696963535,-0.0701227887988114
q;1566402407722;0.0370952052755292,-0.0108476967836591,-0.0353388453289062,0.998627764052176,
v;1566402407722;0.07338777078805,-0.0243553838901029,-0.0716394267111508
q;1566402407737;0.030730227459172,-0.0143595547054373,-0.0362204208985308,0.998768027891804,
v;1566402407737;0.0603812029675785,-0.0309712356126858,-0.0734338275501055
q;1566402407752;0.0249447913194005,-0.0173505233850196,-0.0368849240902079,0.998857474012532,
v;1566402407752;0.0485717332784011,-0.0365528124608477,-0.0747086791084314
q;1566402407767;0.0191089834593338,-0.019718372287443,-0.0372234262434911,0.998929713285959,
v;1566402407767;0.036717341588652,-0.0408560344687351,-0.0752424114587929
q;1566402407782;0.0134980789009464,-0.022182992163283,-0.0373585372372298,0.998964585125628,
v;1566402407782;0.0253134605708606,-0.0453586625355063,-0.0753339142154194
q;1566402407797;0.00946508524633378,-0.0237165764013625,-0.0371293098616098,0.998984214351222,
v;1566402407797;0.0171506220482895,-0.0481134691601846,-0.0747126132533772
q;1566402407813;0.00563722679071486,-0.0259857636955506,-0.0366304156365407,0.99897510619967,
v;1566402407813;0.00935929645381127,-0.0523574601121161,-0.0735482303166693
q;1566402407831;0.00265106973201093,-0.028452401622025,-0.0359887493295645,0.998943597261265,
v;1566402407831;0.00324861128379273,-0.0570667762405234,-0.0721151910253968
q;1566402407847;0.00133017309755057,-0.0303734854141586,-0.0352718943356861,0.998915221271242,
v;1566402407847;0.00051479959460673,-0.0608123925700521,-0.0706067290494819
q;1566402407864;-0.000197438849419723,-0.0328410239227363,-0.0341594468346055,0.998876712482514,
v;1566402407864;-0.00263809961902009,-0.0656421380958401,-0.0682824698760178
q;1566402407881;-0.00108400582816276,-0.0345220991847817,-0.0314261917728602,0.998909177660659,
v;1566402407881;-0.00433545654120411,-0.0689560325009203,-0.0627507414787826
q;1566402407897;-0.00241888542762948,-0.0359184871258735,-0.0287263925711462,0.998938875735349,
v;1566402407897;-0.00689630916625333,-0.0716848566898836,-0.0572506852337736
q;1566402407916;-0.00394227567694909,-0.0362825729588198,-0.0259398529605056,0.998997100882301,
v;1566402407916;-0.00975912806956279,-0.0723544034089158,-0.0515669094730358
