q;1565710119841;0,0,0,1,
v;1565710119841;0,0,0
q;1565710119857;-0.000954285922452641,-0.000230994761635128,0.0010979119888048,0.999998947043377,
v;1565710119857;-0.00190806376920904,-0.000464085342183205,0.00219626829923145
q;1565710119872;-0.00238486196784307,-0.000784746076839482,0.00284386578446455,0.999992773194798,
v;1565710119872;-0.00476524407526897,-0.00158306390089592,0.00569152883486729
q;1565710119887;-0.00356290506331561,-0.00128551624008083,0.00432887595425291,0.999983450675152,
v;1565710119887;-0.00711462253960577,-0.00260190546628344,0.00866709683402991
q;1565710119901;-0.00510789694093552,-0.00187538599937498,0.00669717824879018,0.999962743124648,
v;1565710119901;-0.0101904700564652,-0.00381925683882699,0.0134141147769227
q;1565710119916;-0.00628690532894574,-0.00215381480199894,0.00871416855435256,0.999939945289136,
v;1565710119916;-0.0125358464576858,-0.00441730265970391,0.0174566302504106
q;1565710119930;-0.00724351636700671,-0.0021238314572542,0.0108528194294499,0.999912599025916,
v;1565710119930;-0.0144401692697788,-0.00440499031215462,0.0217384880910784
q;1565710119943;-0.00800722041465501,-0.00170942233436733,0.0126887743512906,0.999886003318702,
v;1565710119943;-0.0159699131017837,-0.00362212835765821,0.0254080044477974
q;1565710119959;-0.00817782527268301,-0.000672776914073914,0.0148059961371638,0.999856733324478,
v;1565710119959;-0.0163341113833984,-0.00158773522261671,0.029627039249786
q;1565710119974;-0.00819643913703078,0.000672661573457523,0.016513808609176,0.999829859733161,
v;1565710119974;-0.0164130424971013,0.00107453033516253,0.033021418750646
q;1565710119992;-0.00862473434565966,0.00253290329797373,0.0181840320890205,0.999794278996551,
v;1565710119992;-0.0173389056779256,0.00475183171269074,0.0363303425666494
q;1565710120009;-0.00914225974424185,0.00419264752852549,0.0193644500282166,0.99976194082486,
v;1565710120009;-0.0184435889470734,0.00803068134406906,0.0386592220668211
q;1565710120027;-0.00989043372434981,0.006669708817787,0.0201138217267954,0.999726533755092,
v;1565710120027;-0.0200451070655583,0.0129408618031693,0.0401035132450489
q;1565710120046;-0.0113933390788095,0.00964783478929215,0.021030419431803,0.999667386090946,
v;1565710120046;-0.0231869726508413,0.0188162060700479,0.0418504686127952
q;1565710120064;-0.0129736452566217,0.0125378109517166,0.0214877989519421,0.999606356095439,
v;1565710120064;-0.0264789905671532,0.0245192519168837,0.0426612481455641
q;1565710120085;-0.0155865097086125,0.0174387726725036,0.0221372092076541,0.99948132342712,
v;1565710120085;-0.0319343697430533,0.0341934647000828,0.0437440810041145
q;1565710120103;-0.018624287629017,0.0220319753846285,0.0230043728441713,0.999319050868353,
v;1565710120103;-0.0382461979860239,0.0432221200188551,0.0452051981689046
q;1565710120120;-0.0223712891302357,0.0270693795176519,0.023984785260194,0.99909531960048,
v;1565710120120;-0.0460168458132586,0.0530977687862626,0.0467815857849129
q;1565710120136;-0.0266624136543516,0.0321018031789116,0.0250523774951433,0.998814759261502,
v;1565710120136;-0.0548976480263862,0.0629278573119361,0.0484253941039047
q;1565710120152;-0.0313593438685212,0.037162001467448,0.0260547857500341,0.998477249112631,
v;1565710120152;-0.0646046100371231,0.0727926948882344,0.0498239785421336
q;1565710120168;-0.0352703076728918,0.0419473589504667,0.0269677005612196,0.998132866339566,
v;1565710120168;-0.0727354711372837,0.0821450612471291,0.051032727150344
q;1565710120182;-0.0388853677049281,0.0467169679144871,0.0279370268249921,0.997759955521145,
v;1565710120182;-0.0802930385646069,0.0914737654353942,0.0523079772304408
q;1565710120197;-0.0421826325376843,0.0516128251274329,0.0288988956014893,0.997357314259371,
v;1565710120197;-0.0872360255527324,0.101070464466909,0.0535196858488395
q;1565710120212;-0.0452949709444825,0.0563338840182514,0.0300340784768218,0.996931686007406,
v;1565710120212;-0.0938334918193176,0.110309136383076,0.0550504188058271
q;1565710120228;-0.0482841120265616,0.0610597389108931,0.0315191158379711,0.996467215309326,
v;1565710120228;-0.100243972449907,0.119527343852311,0.0572375367019785
q;1565710120244;-0.0508436506929145,0.0654428830245898,0.032749435378064,0.996021991895879,
v;1565710120244;-0.105766305813525,0.128098813161782,0.0589469444774387
q;1565710120261;-0.0535089674417793,0.0699186157833497,0.0339970031976598,0.995536218914919,
v;1565710120261;-0.111525323420553,0.136849007442213,0.0606214540926247
q;1565710120277;-0.0562892188085284,0.073938427425844,0.0355468617093245,0.995038188425503,
v;1565710120277;-0.117546912144399,0.144639743896998,0.0628922637929543
q;1565710120294;-0.0586802184178521,0.0777241794354011,0.0373166287073131,0.994546652964657,
v;1565710120294;-0.122829864720558,0.151945520971423,0.0656458794318077
q;1565710120311;-0.0608859018777605,0.0811036744893373,0.0390623703982808,0.99407708612087,
v;1565710120311;-0.127733829535649,0.158437317313671,0.0683959669804427
q;1565710120327;-0.0632216289652775,0.0842602941694431,0.0405901696543463,0.993607381234469,
v;1565710120327;-0.132865809264524,0.16449505733177,0.0706886022432989
q;1565710120345;-0.0660789259323623,0.0876809103826859,0.042085860060592,0.993063199800565,
v;1565710120345;-0.139069190933954,0.171059880949204,0.0727662200345116
q;1565710120363;-0.0687522812892445,0.0911210583624089,0.0436095552598831,0.992506087322386,
v;1565710120363;-0.144928432678988,0.177665921901145,0.0748903197608125
q;1565710120380;-0.0711352202354401,0.0944460612244661,0.0445746217875129,0.991984305359512,
v;1565710120380;-0.150112976060197,0.184134187526965,0.0759236926412223
q;1565710120396;-0.0734851598711823,0.0973988789460457,0.0453107141881409,0.991494048764166,
v;1565710120396;-0.155168546417856,0.189888311202617,0.0765291038621805
q;1565710120412;-0.0760504430983059,0.100278621420275,0.0454769858914595,0.991005771829161,
v;1565710120412;-0.160542339008999,0.195579790402877,0.0759318790509802
q;1565710120428;-0.0788942416562618,0.103160372602425,0.0452263648509369,0.990498946158402,
v;1565710120428;-0.166387130722341,0.201343813004186,0.0744111675004649
q;1565710120445;-0.0822571552390252,0.106629064494891,0.0446857036011586,0.989882353556857,
v;1565710120445;-0.17324472296906,0.208349489848364,0.0720653731744386
q;1565710120464;-0.0858268785313658,0.110421541451595,0.0435180401134903,0.989215367583705,
v;1565710120464;-0.1803899325957,0.216150593890911,0.0683037011963198
q;1565710120481;-0.0900497510860886,0.1142655183001,0.0416871857527034,0.988482007857607,
v;1565710120481;-0.188669257424413,0.224210204586653,0.062993659738462
q;1565710120496;-0.0932862412439831,0.117349915250798,0.0398099355643385,0.987897685653122,
v;1565710120496;-0.194889276543222,0.230806447192137,0.0578896393271189
q;1565710120511;-0.0965918978233296,0.12039226968956,0.0376753613258508,0.987297431709432,
v;1565710120511;-0.201155341778208,0.23741401269407,0.0522117573946557
q;1565710120529;-0.0996077684841031,0.123165391805397,0.0352795460269819,0.986744135131919,
v;1565710120529;-0.206734670462449,0.243573995272854,0.0460845809219533
q;1565710120545;-0.102644386934896,0.126271919602314,0.0328891593174184,0.986122672180024,
v;1565710120545;-0.212337902330269,0.250464519544885,0.0398485553572652
q;1565710120563;-0.106132501602211,0.129158623919419,0.0299023013199101,0.985474416437207,
v;1565710120563;-0.21864390210139,0.257094262181319,0.0322943783089453
q;1565710120580;-0.10955369632338,0.131664748114654,0.0269816672212751,0.984852551948347,
v;1565710120580;-0.224781683968603,0.262990030058322,0.0249268132405321
q;1565710120595;-0.112482264016999,0.133876728381137,0.0245413282274389,0.98428777083703,
v;1565710120595;-0.230023966948878,0.268209651944069,0.0186872061099068
q;1565710120613;-0.115778380009748,0.136059365215485,0.0222382300012982,0.98366096714513,
v;1565710120613;-0.236009670214054,0.273401464106699,0.0125937293770293
q;1565710120632;-0.119308974645617,0.138789519684121,0.0194975525740775,0.982915431238486,
v;1565710120632;-0.242317824068469,0.279895495140224,0.00536807654650205
q;1565710120648;-0.121966431715709,0.140570162657983,0.0168262570359666,0.982385403411419,
v;1565710120648;-0.246866460070986,0.284409119837669,-0.00126839814418858
q;1565710120664;-0.124786890318397,0.14244764283969,0.0136479801167255,0.981810004186497,
v;1565710120664;-0.25156735017937,0.289305541423866,-0.00903630040936762
q;1565710120681;-0.127652891395351,0.144369542422747,0.0103847688765616,0.98120044519695,
v;1565710120681;-0.256301528923493,0.294370200968471,-0.0170366115948606
q;1565710120702;-0.13052608343266,0.146995291617323,0.00723025254239482,0.980460640628794,
v;1565710120702;-0.261031246111549,0.300920475972202,-0.0250464789580917
q;1565710120720;-0.132001598299382,0.149223310551551,0.00468326203241889,0.979941828834837,
v;1565710120720;-0.263131440307803,0.306375721328523,-0.0312990222498051
q;1565710120738;-0.133783980189725,0.151217216131266,0.00169535812680585,0.979404089041547,
v;1565710120738;-0.265684579393093,0.311520480771487,-0.0385000287900834
q;1565710120756;-0.136210443119989,0.153631180893347,-0.00260004415983348,0.978691691106963,
v;1565710120756;-0.2690514813177,0.318005086059061,-0.0487127103028118
q;1565710120771;-0.13841272604082,0.155811726230779,-0.00620005892079656,0.978021579629308,
v;1565710120771;-0.272156495182881,0.323833083394048,-0.0574034161433167
q;1565710120787;-0.140420163891684,0.158249642229859,-0.00976220982413029,0.977314631388284,
v;1565710120787;-0.274826164306624,0.330196085550807,-0.0660492647937997
q;1565710120803;-0.141574719550261,0.161054924939449,-0.0137942587794826,0.976641022968235,
v;1565710120803;-0.275566483375461,0.337340820016566,-0.0754627056525106
q;1565710120817;-0.142628555336287,0.163004599838906,-0.0174540390435176,0.976105565550386,
v;1565710120817;-0.276251164187082,0.34259813863258,-0.0838457082888608
q;1565710120832;-0.144457327587474,0.165181508079245,-0.0217376384746172,0.975384380060171,
v;1565710120832;-0.278196077179037,0.34866851550442,-0.0938700407766333
q;1565710120847;-0.146351271516484,0.167576486956979,-0.0260845007522242,0.974586642645055,
v;1565710120847;-0.280172774912732,0.355259253641385,-0.104134490133154
q;1565710120864;-0.148479424898876,0.170391130302503,-0.0310551259192997,0.97363046740617,
v;1565710120864;-0.282278972279,0.362989662325234,-0.115907952674832
q;1565710120880;-0.149783996278444,0.172936765563343,-0.0356686776793433,0.972823474983352,
v;1565710120880;-0.282846244270671,0.369902207918971,-0.126557915640629
q;1565710120897;-0.150365577796811,0.175479286057675,-0.040080900730596,0.972106473562829,
v;1565710120897;-0.281998711106857,0.376586474777583,-0.136496054494473
q;1565710120914;-0.150546326123327,0.177770656325538,-0.0441683299438357,0.971484718245025,
v;1565710120914;-0.280465764864072,0.382549950046055,-0.145522221867507
q;1565710120931;-0.150279527105497,0.18013295065249,-0.0485419841993689,0.970882082123995,
v;1565710120931;-0.277881858421062,0.38860800115173,-0.154936643766299
q;1565710120949;-0.149542699425543,0.181758046638733,-0.0532028449716536,0.970448630053339,
v;1565710120949;-0.274335063394824,0.393050708746292,-0.164486324870052
q;1565710120966;-0.148777162087338,0.183032608184918,-0.0578417734105179,0.970061236616856,
v;1565710120966;-0.270768540044822,0.396719595304464,-0.173859419476116
q;1565710120983;-0.148979368245758,0.184078925023077,-0.0626539551538913,0.969533196750488,
v;1565710120983;-0.26904855475759,0.400226186506605,-0.183954469238036
q;1565710120999;-0.149086427439333,0.184910008984169,-0.0676924337053255,0.969019765736427,
v;1565710120999;-0.267064739367086,0.403304416754379,-0.19439588443996
q;1565710121016;-0.149436463364272,0.185656557676005,-0.0725713295277459,0.968469789383392,
v;1565710121016;-0.265614962151883,0.406234019910994,-0.204603801065458
q;1565710121032;-0.149900179740534,0.186058203472854,-0.0775643810250394,0.967934002021382,
v;1565710121032;-0.264393594869583,0.408509192571363,-0.215000920081243
q;1565710121050;-0.150589044706239,0.186288295513651,-0.0832967085454793,0.967306182408773,
v;1565710121050;-0.263329818729524,0.410693585423386,-0.226952456756923
q;1565710121065;-0.15068362050668,0.186565247491926,-0.0888783463581068,0.966741195714204,
v;1565710121065;-0.261138795543345,0.412722216736086,-0.238322684455489
q;1565710121083;-0.150581492352524,0.186673767265061,-0.0957434282883386,0.966080394747081,
v;1565710121083;-0.258056700247963,0.414636913298984,-0.252134453031163
q;1565710121101;-0.151121685921593,0.186852535305166,-0.101944700835856,0.965326708411024,
v;1565710121101;-0.256468704659485,0.416759966999968,-0.264948736038953
q;1565710121117;-0.151306141710441,0.187322779869697,-0.10801262876788,0.964546491851118,
v;1565710121117;-0.254144173638693,0.419305688837086,-0.277392675458191
q;1565710121133;-0.150822573076676,0.187441738014226,-0.114090029698298,0.963899216093945,
v;1565710121133;-0.25059978411902,0.420837852322121,-0.289421890859483
q;1565710121149;-0.150473141863346,0.187478182782225,-0.120551383932858,0.963159969514275,
v;1565710121149;-0.247166859178904,0.422321285362394,-0.302270259076398
q;1565710121167;-0.149884053474566,0.187214999338274,-0.128374395991844,0.9622917815129,
v;1565710121167;-0.242774989838423,0.423376908594705,-0.317663760041342
q;1565710121183;-0.149202749795684,0.187318090736916,-0.134593877185738,0.961527419848954,
v;1565710121183;-0.238763446770438,0.424732043306671,-0.329867116302211
q;1565710121199;-0.148426669797286,0.187641874448158,-0.140558468986037,0.960730639780869,
v;1565710121199;-0.234592626559369,0.426405388766838,-0.341556910963215
q;1565710121216;-0.146944389313487,0.188082350369768,-0.146845739489827,0.959931614838737,
v;1565710121216;-0.228867752400351,0.428022125341151,-0.353546666929144
q;1565710121233;-0.145631885919853,0.188375446212544,-0.153975649577415,0.958956492666791,
v;1565710121233;-0.223146113048013,0.429549153777426,-0.367284000410228
q;1565710121250;-0.143854811192686,0.188464628334814,-0.162018812159017,0.957881483331358,
v;1565710121250;-0.216202501581586,0.430565771139914,-0.382567456637149
q;1565710121267;-0.141788600323585,0.188358849041976,-0.170534839813473,0.956731308568544,
v;1565710121267;-0.208572648379176,0.431058718982884,-0.398610613056998
q;1565710121284;-0.139870737742745,0.188488191233945,-0.178670977150757,0.955502640928056,
v;1565710121284;-0.201295642894329,0.431943471745915,-0.414019075206626
q;1565710121301;-0.137743885759395,0.188311778426801,-0.18708321107597,0.95423541056753,
v;1565710121301;-0.193627884611637,0.43207064116607,-0.429820475995082
q;1565710121318;-0.135810668101565,0.188162777580703,-0.195265701782415,0.952901655752049,
v;1565710121318;-0.186422880201272,0.432230921037887,-0.445279039362646
q;1565710121334;-0.13374728435283,0.187913181898539,-0.203110506599684,0.951602037583228,
v;1565710121334;-0.17917119095558,0.431980592561931,-0.459983248520367
q;1565710121352;-0.130778526466543,0.187289170325443,-0.211652952907199,0.950275054622848,
v;1565710121352;-0.170089472242672,0.430509720262162,-0.475576231815853
q;1565710121370;-0.127461930279026,0.186432269327775,-0.220187298450181,0.948954160673841,
v;1565710121370;-0.160499212231831,0.428272499285791,-0.49096938903
q;1565710121387;-0.124633492228109,0.185888948888771,-0.22755344791736,0.947697862354553,
v;1565710121387;-0.152217583667809,0.426667982276801,-0.504337169786511
q;1565710121403;-0.121855293845112,0.185466306902653,-0.234407044993222,0.946470738968897,
v;1565710121403;-0.144215100036198,0.425181753963589,-0.516739093293657
q;1565710121419;-0.119649619734001,0.185060472175807,-0.239854326170072,0.945466314349252,
v;1565710121419;-0.137911009896264,0.423812255167069,-0.52660969658721
q;1565710121437;-0.117162685190622,0.184437417808635,-0.245726785307014,0.944390881714988,
v;1565710121437;-0.13102690666451,0.421853068234585,-0.537196103801666
q;1565710121452;-0.114826423412635,0.18349776727525,-0.249858467475087,0.943776626905012,
v;1565710121452;-0.125372226800579,0.419097778012601,-0.544308046652019
q;1565710121472;-0.111718434098737,0.182832823754627,-0.254993929460919,0.942904666216795,
v;1565710121472;-0.117708773203215,0.416500201032447,-0.553134424748066
q;1565710121490;-0.10988934916634,0.182012182911156,-0.258127929611676,0.942425524521097,
v;1565710121490;-0.1134031086024,0.414116719421398,-0.558528665035843
q;1565710121507;-0.107668703253343,0.181223313466264,-0.261652858690324,0.941861650857229,
v;1565710121507;-0.108193809941114,0.411579539388868,-0.564548249369895
q;1565710121524;-0.104770584369085,0.180181507420267,-0.265162564529255,0.941406674425978,
v;1565710121524;-0.101884851849842,0.408102847247272,-0.570207078176334
q;1565710121542;-0.101563365167605,0.179334702566839,-0.26825309567289,0.941044219681894,
v;1565710121542;-0.0950802507246702,0.404753068575819,-0.574910563398703
q;1565710121560;-0.098256912076703,0.178279465347184,-0.271403689447815,0.940692313907662,
v;1565710121560;-0.0882019526083973,0.400918187385088,-0.579706574802195
q;1565710121577;-0.0954811542669259,0.1773019237182,-0.274070159956471,0.940389845727611,
v;1565710121577;-0.0824861898047473,0.397505070864549,-0.583798964350442
q;1565710121593;-0.0930753086127663,0.17605915463782,-0.276248473259956,0.940227098384692,
v;1565710121593;-0.0778302623373429,0.393752466823981,-0.587068793197847
q;1565710121609;-0.0904450069667639,0.174336062924186,-0.278385047465527,0.940174759745946,
v;1565710121609;-0.0730681195727371,0.388911652377957,-0.590145211809755
q;1565710121624;-0.0876475245645982,0.17238557048895,-0.280351846656112,0.940214870697132,
v;1565710121624;-0.0682106675074833,0.383505225844567,-0.592816924525825
q;1565710121640;-0.0851028017475943,0.169939071173586,-0.282339523597402,0.940299234950612,
v;1565710121640;-0.0641271084252634,0.377287547416655,-0.595647724117913
q;1565710121661;-0.0814664512736015,0.16661889268542,-0.284918689151034,0.940437471594824,
v;1565710121661;-0.058315580674772,0.3687230547657,-0.599225233926613
q;1565710121676;-0.078328315127887,0.163681585861075,-0.287197297433102,0.940526866327061,
v;1565710121676;-0.053347251496204,0.361190273641203,-0.602472665982998
q;1565710121691;-0.0756920835474798,0.160338862513294,-0.289141212310769,0.94072288991884,
v;1565710121691;-0.0497098752305547,0.353163210583198,-0.60526391155541
q;1565710121706;-0.0722750109060147,0.15652786596667,-0.291421258525169,0.940929841229571,
v;1565710121706;-0.0447953133778248,0.343756847216804,-0.608470862830613
q;1565710121720;-0.0686247372274534,0.152098270921343,-0.293787119662044,0.941193842094498,
v;1565710121720;-0.0398198567143844,0.333010025181661,-0.61181229191218
q;1565710121737;-0.0643655826654677,0.145816512549769,-0.296427867563903,0.941660848209243,
v;1565710121737;-0.0347799540717231,0.31831660497827,-0.615527567475382
q;1565710121753;-0.0602007127760731,0.139158712461464,-0.297725450192667,0.942533986915352,
v;1565710121753;-0.0306250419695724,0.302921629691393,-0.616592824075147
q;1565710121769;-0.0549338028445032,0.13186767580412,-0.298650750099759,0.943610617598098,
v;1565710121769;-0.0249100547524602,0.285630991843801,-0.61662794920786
q;1565710121787;-0.0476744728666307,0.123710349835345,-0.299786035149886,0.944749305270405,
v;1565710121787;-0.0159082506529521,0.265475370109782,-0.616660675860734
q;1565710121805;-0.040925026626944,0.115237505030269,-0.301127557899559,0.945710204793354,
v;1565710121805;-0.00800413915425605,0.245063209678602,-0.617513352562663
q;1565710121824;-0.0341737650629716,0.106242526551562,-0.302128185388877,0.94671175420984,
v;1565710121824;-0.000507686646944531,0.223672207689794,-0.617891868305797
q;1565710121843;-0.0266874771180109,0.0970964937707227,-0.30332714164842,0.947550938463284,
v;1565710121843;0.00832861214878288,0.201566910795937,-0.618775909237633
q;1565710121862;-0.0191176052409764,0.0887115598539252,-0.304673127971469,0.948124009838738,
v;1565710121862;0.0178052765565839,0.180881615973388,-0.620226932979248
q;1565710121880;-0.0127741832084575,0.0808631232632448,-0.306151233687436,0.948456344207445,
v;1565710121880;0.0252838734836033,0.161970767498664,-0.622409377867545
q;1565710121898;-0.00774012245530972,0.0741186478809084,-0.307959678893569,0.948476324748828,
v;1565710121898;0.0309734163704576,0.145954264021591,-0.625636321220827
q;1565710121916;-0.00289870833277811,0.0677655994102052,-0.309833400312506,0.948368444696604,
v;1565710121916;0.0365021105393826,0.130789176682903,-0.629149466922596
q;1565710121936;0.00253972050760373,0.0610419131957392,-0.312015845012647,0.948110528580705,
v;1565710121936;0.0429211369373133,0.114519484691999,-0.633396801909917
q;1565710121954;0.00725811492606571,0.0557482734720666,-0.314272964133379,0.947666653915556,
v;1565710121954;0.0488162834009522,0.101393725757737,-0.637952892037031
q;1565710121972;0.0118784796680121,0.0508587298788431,-0.317146023940513,0.946937562352061,
v;1565710121972;0.0547830432907316,0.0890366493519226,-0.643910334753558
q;1565710121988;0.0160704904291751,0.046270034667415,-0.319893373056582,0.946186511483219,
v;1565710121988;0.0600504017691318,0.0774955674972625,-0.649716729500341
q;1565710122005;0.020297828512305,0.0414449631787427,-0.322360175440162,0.945491542250535,
v;1565710122005;0.0651493388289895,0.0654708590070073,-0.655035658283853
q;1565710122022;0.0246230172389869,0.0374812444935768,-0.324742435872954,0.944738757496414,
v;1565710122022;0.0709275932583858,0.0549936079473398,-0.660218832292275
q;1565710122039;0.0286374083461513,0.0333634164220635,-0.327007462706168,0.943998394984403,
v;1565710122039;0.0759605350126133,0.0444033204978821,-0.665252845614917
q;1565710122054;0.0317053789495922,0.0301489945171836,-0.328880611275762,0.943357495510125,
v;1565710122054;0.0797343123536683,0.0361506938721068,-0.669461486138165
q;1565710122071;0.0351997055066942,0.0257192583499298,-0.330689734550009,0.942732059358362,
v;1565710122071;0.0834748803209719,0.0253031725974,-0.673678822861513
q;1565710122092;0.0401178464218475,0.0199395217856811,-0.33189098968169,0.942253344183892,
v;1565710122092;0.0889551158949468,0.0109903336929368,-0.67683307474915
q;1565710122116;0.046238599507746,0.0137923172594676,-0.332665920157202,0.941809506188329,
v;1565710122116;0.0964217113195684,-0.00480688777782319,-0.679312921071552
q;1565710122141;0.0507124334992849,0.00779971755904102,-0.33274483582951,0.941620077339284,
v;1565710122141;0.100865266143879,-0.0191583997107001,-0.680323472011603
q;1565710122164;0.0548213349372783,0.00152006188761666,-0.331872324376334,0.941728781893013,
v;1565710122164;0.104452421993312,-0.0337144981248421,-0.67939858698216
q;1565710122188;0.0595729762829832,-0.00476988540498896,-0.330503228077695,0.941910815247284,
v;1565710122188;0.109289368099679,-0.0486732281248861,-0.6775905957391
q;1565710122211;0.0633357711535423,-0.0110922207584149,-0.32815063355028,0.94243442937596,
v;1565710122211;0.112335902895547,-0.0629125000412694,-0.673669703333628
q;1565710122232;0.0659578124891809,-0.0161683027820732,-0.325270635913912,0.943179230887049,
v;1565710122232;0.114149665802528,-0.0739557574749728,-0.668415410406876
q;1565710122251;0.0684917846205964,-0.0209832934449476,-0.322027099817206,0.94401648263481,
v;1565710122251;0.116060751803007,-0.0843968314852196,-0.66239816608744
q;1565710122270;0.070742009436892,-0.0261076703363175,-0.318439800246526,0.94493917524964,
v;1565710122270;0.117335401920568,-0.0951917021471093,-0.655680198048069
q;1565710122289;0.0722681349606675,-0.0307812529792012,-0.314763273360671,0.945914346683548,
v;1565710122289;0.117612276162903,-0.104639993950929,-0.64863669122179
q;1565710122307;0.0729040399007707,-0.0356801515874525,-0.310619207791424,0.947062652648924,
v;1565710122307;0.116184723759673,-0.113885632070298,-0.6404832326601
q;1565710122325;0.0744272825431727,-0.0405412239602879,-0.306496318645437,0.948091221359695,
v;1565710122325;0.116539853942318,-0.123648349316577,-0.632568177406863
q;1565710122345;0.075757642052527,-0.0449561602369162,-0.302310684448661,0.949130079358005,
v;1565710122345;0.116892275537043,-0.13243102001661,-0.624467945434842
q;1565710122363;0.0773185785313427,-0.0494950180903653,-0.297282747623388,0.95036576835447,
v;1565710122363;0.117806132801341,-0.141496850504367,-0.614690464680266
q;1565710122381;0.0788168461135834,-0.0540699030950489,-0.292479576054712,0.951483078416114,
v;1565710122381;0.118635195047812,-0.150621410380248,-0.605413507101467
q;1565710122399;0.0803415037687905,-0.0586890107097501,-0.287256283794416,0.952672365069967,
v;1565710122399;0.119645940622543,-0.159796739314754,-0.59530520532382
q;1565710122416;0.0815544719178756,-0.0634105752193258,-0.281419611482692,0.954007889959913,
v;1565710122416;0.120206541035854,-0.168905460839206,-0.583890377850666
q;1565710122433;0.081767659436147,-0.0674396638697753,-0.27503746562935,0.955573377006592,
v;1565710122433;0.119457034112846,-0.17602092759221,-0.571052343776096
q;1565710122449;0.0819681727209646,-0.0713474264588947,-0.269084115837744,0.95696630291893,
v;1565710122449;0.118763632807542,-0.182967664210877,-0.559121632754668
q;1565710122465;0.082424087110752,-0.0745640720589058,-0.263060625564137,0.958355685942686,
v;1565710122465;0.119034346210692,-0.188728823951169,-0.547066355886378
q;1565710122480;0.082667994037725,-0.0778185797173724,-0.257076738016842,0.959698867331859,
v;1565710122480;0.118942320540837,-0.194457307230531,-0.535070073632425
q;1565710122495;0.0826633809053097,-0.0803926417765397,-0.251135152558134,0.961059315740894,
v;1565710122495;0.118789160451345,-0.198740629936078,-0.523047853922703
q;1565710122510;0.0831569395828646,-0.0827702754493862,-0.245445560007839,0.962284008616573,
v;1565710122510;0.119695602330888,-0.202950537508599,-0.511683615130751
q;1565710122527;0.0835035984783768,-0.0847845888576379,-0.238506343213094,0.963822300814079,
v;1565710122527;0.120815634470041,-0.206217883557239,-0.497687666429197
q;1565710122542;0.083623539020264,-0.0867963898660847,-0.231743655523632,0.965281563166383,
v;1565710122542;0.121510286408616,-0.209383545856879,-0.484022430313776
q;1565710122557;0.0838261324297438,-0.0882782729980368,-0.225832834334082,0.966529764701386,
v;1565710122557;0.122474596382248,-0.211659028024722,-0.472096839054004
q;1565710122572;0.0837088159465075,-0.0900253852499132,-0.219588010669225,0.967816828983833,
v;1565710122572;0.122801020218521,-0.214255717325659,-0.45944779724474
q;1565710122586;0.0836196313210116,-0.0919674269730792,-0.213863636407345,0.968923121169689,
v;1565710122586;0.123015035194209,-0.217321076443442,-0.447916132683564
q;1565710122599;0.0833263892434285,-0.0940015904118227,-0.208018155907098,0.970025236198638,
v;1565710122599;0.122858165489392,-0.220464570231268,-0.43610841581961
q;1565710122613;0.083521838618415,-0.0964185424189358,-0.20213798519213,0.971013827155492,
v;1565710122613;0.123535997606285,-0.22459401985942,-0.424430582016231
q;1565710122626;0.0837816288601477,-0.098465297490791,-0.196190383552033,0.972005477876298,
v;1565710122626;0.124558348278477,-0.228013775854105,-0.412610518840174
q;1565710122640;0.0838445887814952,-0.100804211046099,-0.189902881189115,0.973008449478608,
v;1565710122640;0.125203825951489,-0.231882717636448,-0.400096216690664
q;1565710122657;0.0835277887704759,-0.10320650947133,-0.182680898035828,0.974165924788404,
v;1565710122657;0.125360220793348,-0.235603844671945,-0.38560062766892
q;1565710122674;0.0828525181387431,-0.105047807247465,-0.175604443454593,0.975327395605959,
v;1565710122674;0.125048583844936,-0.238095388524151,-0.371252999147254
q;1565710122691;0.0816999574355742,-0.107083872535745,-0.167429352406651,0.976639961460757,
v;1565710122691;0.124042774696611,-0.240670752845582,-0.354585404910418
q;1565710122710;0.0817619476603275,-0.108531814204468,-0.158609162106438,0.977946351087309,
v;1565710122710;0.125821031204795,-0.242480251526082,-0.33692157415306
q;1565710122726;0.0819685982419501,-0.109478526315887,-0.152036597579214,0.978866944351399,
v;1565710122726;0.127528614245831,-0.243615675451521,-0.323807677396614
q;1565710122742;0.0818634265700137,-0.110119500771315,-0.146445992841033,0.979655874251059,
v;1565710122742;0.128496168117495,-0.244146732796102,-0.312562485463243
q;1565710122759;0.0812388469395764,-0.110613078494013,-0.1408595321507,0.980471105893315,
v;1565710122759;0.128496185278796,-0.244205770292564,-0.301167231370167
q;1565710122775;0.0807182856624974,-0.110439181292119,-0.135777433209748,0.981250348755437,
v;1565710122775;0.12877501255767,-0.24303444505417,-0.290744791330775
q;1565710122792;0.0799118862715444,-0.110292310960688,-0.130176859454113,0.982091461024901,
v;1565710122792;0.128600725568709,-0.24176499064906,-0.279207856552396
q;1565710122810;0.0797775223093167,-0.109768174942871,-0.124768030117449,0.982862833678087,
v;1565710122810;0.129793724932927,-0.239977439784475,-0.268206854823059
q;1565710122827;0.0795217223016997,-0.108868246272395,-0.11926064850025,0.983667119365761,
v;1565710122827;0.130851501240171,-0.237381312551382,-0.256930186480459
q;1565710122843;0.07847361723491,-0.107829833269286,-0.11452049298285,0.984428602365951,
v;1565710122843;0.130173216289198,-0.234380125344431,-0.246969376190789
q;1565710122859;0.0772053062779871,-0.106776825507147,-0.10961452047452,0.985201860692532,
v;1565710122859;0.129075150461234,-0.231282381322422,-0.236624378825992
q;1565710122876;0.0761974923356095,-0.106074177616088,-0.105054470647739,0.985852824443534,
v;1565710122876;0.128303621789343,-0.229019641754135,-0.227099381176656
q;1565710122893;0.0754367318645595,-0.105207858864248,-0.100928988993642,0.986434956088425,
v;1565710122893;0.127938549549507,-0.226557958181135,-0.218498892918234
q;1565710122913;0.0735541872509059,-0.104154842925247,-0.0957757057623102,0.987202398892585,
v;1565710122913;0.125604740864221,-0.223329864793849,-0.207531776714932
q;1565710122932;0.0715537657736056,-0.102511826590026,-0.0900811169627348,0.988057115575668,
v;1565710122932;0.123241392420034,-0.218856030739816,-0.195394322858746
q;1565710122950;0.0704664251711472,-0.101205300779293,-0.0855441665695118,0.988672925706792,
v;1565710122950;0.122326295211202,-0.215433859352668,-0.185862693374349
q;1565710122967;0.0690130323029319,-0.0997686972392088,-0.0808432533150691,0.989316839501164,
v;1565710122967;0.120713210048206,-0.211670109017101,-0.175909184006053
q;1565710122983;0.0674207599795943,-0.0986163352266811,-0.0767722934725183,0.989866314043164,
v;1565710122983;0.118610992777294,-0.208549191828959,-0.167234139399581
q;1565710122998;0.0661440712283944,-0.0975003862954223,-0.0735053581036272,0.990310922684321,
v;1565710122998;0.116939127703204,-0.205677155517453,-0.16025940187543
q;1565710123013;0.064564299354415,-0.0964539140397702,-0.0704446221043388,0.990739947903561,
v;1565710123013;0.114594182640381,-0.202929676359987,-0.153647154351226
q;1565710123028;0.0629350774052944,-0.0954082961299648,-0.0675475106922152,0.991147718179933,
v;1565710123028;0.11210137450123,-0.200212876065492,-0.147362566414507
q;1565710123043;0.0607090247359474,-0.0942610306136225,-0.0641304060527158,0.991623244574291,
v;1565710123043;0.108523860420549,-0.197156596482031,-0.139907762435506
q;1565710123060;0.0583041035969306,-0.0930130490034773,-0.0602637247053236,0.992127759588475,
v;1565710123060;0.104670636696798,-0.19385512538679,-0.131521296983337
q;1565710123078;0.0567918989005505,-0.091427050878208,-0.0564282918380504,0.992588352990543,
v;1565710123078;0.102603742725846,-0.190043541796119,-0.123364582878799
q;1565710123093;0.0549207622457306,-0.0898034738657782,-0.0528394305303402,0.993039296755117,
v;1565710123093;0.0997519686961764,-0.186154058127435,-0.115638535857966
q;1565710123111;0.0518933339283467,-0.0877748666125175,-0.0486255943600659,0.993598665385687,
v;1565710123111;0.0947276915604738,-0.181272047971216,-0.106415438054684
q;1565710123127;0.0497551623088621,-0.0859526077666918,-0.0447190230532458,0.994050666335631,
v;1565710123127;0.0913579010661805,-0.176989329930089,-0.0980241563098763
q;1565710123144;0.0481552274888213,-0.0845069307351126,-0.0411123120563263,0.994409097286371,
v;1565710123144;0.0889406555651719,-0.1735814988335,-0.090383590274693
q;1565710123163;0.0457124003283934,-0.0823909131878831,-0.0366709707639163,0.994875575172881,
v;1565710123163;0.0850159664535366,-0.16869542753696,-0.0808786155154174
q;1565710123178;0.0434578696338546,-0.0803845549580579,-0.032904418038457,0.995272317425804,
v;1565710123178;0.0813043613533675,-0.164144872579315,-0.0727888911424908
q;1565710123198;0.0416583162934016,-0.0776796263029362,-0.0290340183664358,0.995684479000806,
v;1565710123198;0.0785270557975324,-0.158253187212995,-0.0645329606864776
q;1565710123215;0.040732874360152,-0.0752251369479966,-0.0259943392533729,0.995995134542734,
v;1565710123215;0.0773056093050926,-0.153017037340698,-0.0581149175619601
q;1565710123232;0.0397883423760508,-0.0725296718738432,-0.0231028870499155,0.996304443852582,
v;1565710123232;0.0760044694539609,-0.147317765634337,-0.0519800898362011
q;1565710123249;0.0390376374499459,-0.0700675653487195,-0.0207102484119437,0.9965629432877,
v;1565710123249;0.0749749146155006,-0.142146637294851,-0.0468975668680555
q;1565710123265;0.03824007897337,-0.0673121338167607,-0.0187615145820048,0.996822321280735,
v;1565710123265;0.0737782873030331,-0.136424117943689,-0.0426808658721123
q;1565710123280;0.037603895858649,-0.0649620598367163,-0.0173580583667456,0.997027880539958,
v;1565710123280;0.0727933046780917,-0.131570125461098,-0.0396138296403614
q;1565710123298;0.0371252117985811,-0.0616961804943192,-0.0158901966502289,0.99727771616213,
v;1565710123298;0.072150145686439,-0.124884741728902,-0.0363774904214101
q;1565710123315;0.0364738832576665,-0.0588057365577366,-0.0142775274127757,0.997500726932637,
v;1565710123315;0.0711462551360729,-0.118939464169465,-0.0328624711108874
q;1565710123330;0.0354569500215877,-0.0558922176993509,-0.0129050940364525,0.997723595430766,
v;1565710123330;0.0693654954643675,-0.112956231907151,-0.0297910066455294
q;1565710123345;0.0342960931954581,-0.0534245314082077,-0.0113416755898933,0.997918430343592,
v;1565710123345;0.0672883251769512,-0.107857206365695,-0.0263633468504293
q;1565710123362;0.032699646344731,-0.0505536248135136,-0.0101877659734756,0.998133944992597,
v;1565710123362;0.0642914781987162,-0.101971787275339,-0.0236948471757111
q;1565710123378;0.031279742832921,-0.0481514998440148,-0.00902713097383206,0.998309364343351,
v;1565710123378;0.0616233750211246,-0.0970410593060952,-0.0210776373877764
q;1565710123395;0.0298113004012536,-0.0458770055001494,-0.00791108420869213,0.998470794826461,
v;1565710123395;0.0588394972663595,-0.0923763382664511,-0.018566474384232
q;1565710123413;0.0281765742747413,-0.0433503246315821,-0.00666872876431093,0.998640226918118,
v;1565710123413;0.0557271770907232,-0.0872042438398766,-0.0157874113908612
q;1565710123432;0.0265410385177126,-0.0405040706599512,-0.00590690600750543,0.998809341272618,
v;1565710123432;0.0525645698589219,-0.081427536113363,-0.0139695344239521
q;1565710123451;0.0248062068952563,-0.0374273099939568,-0.00508179246356766,0.998978571796513,
v;1565710123451;0.0492011909149827,-0.0751920219646307,-0.0120249039372747
q;1565710123469;0.0239032663458776,-0.0344438339738058,-0.00449970117506615,0.999110596856905,
v;1565710123469;0.0474718677431777,-0.0691745373391948,-0.0106502379577377
q;1565710123486;0.0239994770541831,-0.0315991181988306,-0.00424622368196881,0.999203450966965,
v;1565710123486;0.0477104651435823,-0.0634664805461238,-0.0100139696919226
q;1565710123503;0.0247947396242389,-0.0283583640692091,-0.0043335859143605,0.999280832523736,
v;1565710123503;0.0493280314706375,-0.0569909706099011,-0.0100796463472103
q;1565710123521;0.0253267104117612,-0.0251845043884933,-0.00406972047512735,0.999353602925949,
v;1565710123521;0.0504370725581069,-0.0506285777022192,-0.00942198190753214
q;1565710123538;0.025600544907591,-0.0223580601290224,-0.00376827682158018,0.999415067668633,
v;1565710123538;0.05102477577736,-0.0449565366366433,-0.0086883191673416
q;1565710123556;0.0256625257633301,-0.0197559139668688,-0.00296175540026414,0.999471043854653,
v;1565710123556;0.0512032494033711,-0.0397053962710573,-0.00694350670570977
q;1565710123573;0.0251409387711577,-0.0177482223403163,-0.00164225174492846,0.999525016460518,
v;1565710123573;0.0502208082823019,-0.0356145817537121,-0.00418064046014671
q;1565710123590;0.0243464594513898,-0.0156180151060033,-0.000192909992659113,0.999581571325509,
v;1565710123590;0.0486857496910496,-0.0312745031487712,-0.00114750524015376
q;1565710123607;0.023117762391087,-0.0136428602240495,0.00132850529199227,0.999638766592588,
v;1565710123607;0.0462715821227867,-0.0272469708952478,0.00202743741316668
q;1565710123626;0.0213218857333568,-0.0114445250860622,0.00286135388139339,0.999703032423474,
v;1565710123626;0.0427095846244975,-0.022782979225684,0.00523777092470157
q;1565710123647;0.0196527628959661,-0.00950405410308564,0.00424155156222533,0.999752673736511,
v;1565710123647;0.0393866110262525,-0.0188524274819186,0.00811382484080212
q;1565710123667;0.0184714853635908,-0.00745354678683996,0.00574313806560375,0.999785146358389,
v;1565710123667;0.037029108418874,-0.0147023298854456,0.0112163759377858
q;1565710123687;0.0169271773888396,-0.0054711656443136,0.00703837042057329,0.99981706046163,
v;1565710123687;0.033931688545611,-0.0107084185786278,0.0138973896317788
q;1565710123707;0.0153212685224145,-0.00306979681035818,0.00868954235812774,0.999840105020307,
v;1565710123707;0.0306958079206661,-0.00587514374894974,0.0172912462996999
q;1565710123730;0.0131378880163046,5.42717681475402e-05,0.011235305139162,0.999850559355591,
v;1565710123730;0.0262736525444474,0.000403883081152522,0.0224783285479545
q;1565710123752;0.011823378402332,0.00233305602083439,0.0132194321056724,0.999840033175991,
v;1565710123752;0.0235834768071302,0.00497936753435122,0.0265002739307907
q;1565710123769;0.010588257984418,0.00369026645651988,0.0147627081762595,0.999828195274519,
v;1565710123769;0.0210654790383687,0.0076936704991336,0.0296093854887332
q;1565710123786;0.00973126484499809,0.00445479382959818,0.0158820721606007,0.999816554404172,
v;1565710123786;0.019318658292634,0.00921890933765046,0.0318563501013586
q;1565710123803;0.00914337794397538,0.00513957987018443,0.0166402763608913,0.99980650473259,
v;1565710123803;0.0181131598595303,0.0105834010698553,0.0333797722260708
