q;1565710127272;0,5.55111512312578e-17,0,1,
v;1565710127272;0,1.11022302462516e-16,0
q;1565710127293;0.000390076741120238,0.000546511266804994,0.00126910648337808,0.999998974497357,
v;1565710127293;0.000778765598924221,0.00109401206053099,0.00253864022308341
q;1565710127316;0.000455881311535511,0.000443732406195163,0.00188704577027204,0.999997970396083,
v;1565710127316;0.000910086211464405,0.000889184034397991,0.00377449898482444
q;1565710127337;0.000492470041269427,0.00023283855088424,0.00177461157376371,0.999998319511093,
v;1565710127337;0.000984112190231833,0.000467424448638951,0.00354945568694092
q;1565710127359;0.00035110242721112,0.000114971862584745,0.00168143780434948,0.999998473028296,
v;1565710127359;0.00070181720371596,0.000231124146818064,0.00336295837457803
q;1565710127381;0.000598213437590117,0.000328316590551991,0.00204613288813293,0.999997677545254,
v;1565710127381;0.00119508082225833,0.000659080222851719,0.0040926634268258
q;1565710127402;0.000443667914492518,0.00108531733626205,0.00327780930482838,0.999993923992131,
v;1565710127402;0.000880215624660747,0.0021735325547538,0.00655659133523051
q;1565710127424;1.18869043805314e-05,0.00148842424763396,0.00448596647473976,0.999988769532882,
v;1565710127424;1.04194992201224e-05,0.00297692610950315,0.00897198794508049
q;1565710127447;-0.000514924062997135,0.0018692424860477,0.00581125024943965,0.999981191554343,
v;1565710127447;-0.0010515542216739,0.00373244068159558,0.0116206248242842
q;1565710127468;-0.000786472526423304,0.00257246672733008,0.00740830594409012,0.999968905776814,
v;1565710127468;-0.00161101208129546,0.00513314982231841,0.0148126657308981
q;1565710127488;-0.00179026922443648,0.00362355604836861,0.00890586131547164,0.999952129983781,
v;1565710127488;-0.00364491689441333,0.00721498792225783,0.0177989537069413
q;1565710127508;-0.00283801905198175,0.00531161972452848,0.0101700659289759,0.99993014182045,
v;1565710127508;-0.0057837128772826,0.0105651449023268,0.0203102979884243
q;1565710127529;-0.00400759467914433,0.00771079770820055,0.0112998880915332,0.999898351186688,
v;1565710127529;-0.00818872844213087,0.015330571569614,0.0225383391386634
q;1565710127550;-0.0048439291136855,0.0105061348768845,0.0119338446397685,0.999861830828574,
v;1565710127550;-0.00993744038420323,0.0208963055260495,0.0237660201208515
q;1565710127568;-0.00584049807531145,0.013438268769835,0.0126569235957409,0.999812481987277,
v;1565710127568;-0.012019269423133,0.0267287651447295,0.0251565982345012
q;1565710127586;-0.00649291603161967,0.0166290191997313,0.0133643460755281,0.999751298914085,
v;1565710127586;-0.0134274778933907,0.0330852376363722,0.0265115982825618
q;1565710127603;-0.00736275134333264,0.019898376547077,0.0139506920316405,0.999677512463207,
v;1565710127603;-0.0152765403227884,0.0395934508167108,0.0276060996878181
q;1565710127622;-0.00870008969789512,0.0234926211607361,0.014967041400359,0.999574108247097,
v;1565710127622;-0.0180969866503899,0.0467294563432542,0.0295216796361871
q;1565710127641;-0.0106734785299906,0.0271655320478772,0.0172791344667891,0.999424574154893,
v;1565710127641;-0.022275309314453,0.0539705236410397,0.0339734433814792
q;1565710127658;-0.0116332050839216,0.0309273881681533,0.0195550881336657,0.999262582457799,
v;1565710127658;-0.0244612680533807,0.0614111401550256,0.0383826699726657
q;1565710127676;-0.0117240729794997,0.0351693547951364,0.0199804486815826,0.99911276808176,
v;1565710127676;-0.0248352939484267,0.0698862067976059,0.0391228276838535
q;1565710127694;-0.0140673986242682,0.0392476305022049,0.0218586445126636,0.998891317622661,
v;1565710127694;-0.0298238256904519,0.0779066404452959,0.0425964134712348
q;1565710127711;-0.0146647122495293,0.0439906898221943,0.0258419565083326,0.998590003911616,
v;1565710127711;-0.0315669234358357,0.0872534809989731,0.0503671923067887
q;1565710127729;-0.013926272076524,0.0503357443665652,0.0310957034228507,0.998150970295523,
v;1565710127729;-0.0309364291756935,0.0998326885838765,0.0607408238807289
q;1565710127747;-0.0148048392966994,0.056424091492174,0.0359329788637619,0.997650202848391,
v;1565710127747;-0.033601395835986,0.111814883775172,0.070123393870131
q;1565710127765;-0.0156186892423059,0.0624701688169699,0.0396745574474173,0.997135669161025,
v;1565710127765;-0.0361127056513878,0.123739136952783,0.0772977277171507
q;1565710127783;-0.0163533887151797,0.0683227679671021,0.0424402297505437,0.996626044978422,
v;1565710127783;-0.0384051344476486,0.135308388519493,0.0825138357872209
q;1565710127801;-0.0171429685953438,0.0739921694754081,0.0451291485460363,0.996089665944577,
v;1565710127801;-0.0408416282263083,0.146503622272039,0.0875531983498126
q;1565710127820;-0.0178037022442968,0.079433606313544,0.0463551931331454,0.995602626387329,
v;1565710127820;-0.0428282375565313,0.157309687033274,0.0896765481001009
q;1565710127839;-0.0186810786219867,0.0838418754441057,0.0462334962629929,0.995230652191937,
v;1565710127839;-0.0449517073179597,0.166086146251839,0.0891012085074792
q;1565710127858;-0.0197820331733724,0.0879264879531982,0.0454676752895854,0.994892038587854,
v;1565710127858;-0.0473753203349072,0.174230500062581,0.0872003101367812
q;1565710127876;-0.0204144897519345,0.092099004023857,0.0442220353336477,0.994557939738489,
v;1565710127876;-0.0487717296605301,0.182619362134182,0.0844028655360269
q;1565710127893;-0.0212839856941022,0.0962816428289446,0.0424301097953713,0.994221634491995,
v;1565710127893;-0.0505139591116866,0.191046676370446,0.0804606614143488
q;1565710127911;-0.0229888870988453,0.100716096868017,0.0394910813656609,0.993865275722473,
v;1565710127911;-0.0536762594802796,0.199997495137013,0.0740410967757089
q;1565710127928;-0.0243309582959268,0.105371321974723,0.0364012686765908,0.993468522759089,
v;1565710127928;-0.0560447168931394,0.209449318043179,0.0673560532153257
q;1565710127945;-0.0254629193382429,0.109997275893816,0.0336579628107773,0.993035368995976,
v;1565710127945;-0.0580082545238328,0.218856455137581,0.0613871280221006
q;1565710127964;-0.0267845688576557,0.11586847253235,0.0300621862614115,0.992448160374908,
v;1565710127964;-0.0601674069883911,0.230835044439507,0.0535859079008577
q;1565710127982;-0.0279305421979516,0.12236172494839,0.0264274827245493,0.991740369730817,
v;1565710127982;-0.0619066518485285,0.244105910204317,0.0456865228365156
q;1565710127998;-0.0287639807929111,0.127936649356555,0.0227122383212749,0.991104865604075,
v;1565710127998;-0.062869105070785,0.255562933601892,0.0377439960486598
q;1565710128012;-0.0292889084270227,0.133437639052801,0.0188091262090234,0.990445724797748,
v;1565710128012;-0.0630796635293597,0.266905981788901,0.0295053060334549
q;1565710128028;-0.0296565695052053,0.140010487262714,0.014623068897032,0.989597717872079,
v;1565710128028;-0.0628322473280931,0.280448819110291,0.0206797279698284
q;1565710128042;-0.0297460808880133,0.146218335968716,0.0100778657771605,0.98875358916346,
v;1565710128042;-0.0618095749533665,0.293286897209302,0.0112519307222911
q;1565710128057;-0.0303295411766314,0.152763232509177,0.00514484588881589,0.987783849694446,
v;1565710128057;-0.0615287635987945,0.306846145784815,0.000899215559248241
q;1565710128076;-0.0310552039990747,0.161101427716644,-0.00184470668409881,0.986447354447701,
v;1565710128076;-0.0607115670901643,0.324186323943156,-0.0136710999053068
q;1565710128097;-0.032540507803946,0.17075565892131,-0.00986630674976327,0.984726415651618,
v;1565710128097;-0.0607549089131126,0.344323679101787,-0.0306054137612417
q;1565710128118;-0.0345717033220023,0.180449002176344,-0.0173288135539795,0.982823791965534,
v;1565710128118;-0.0617410691459146,0.364601194077997,-0.0466449559222295
q;1565710128137;-0.0367749102725717,0.188397085741859,-0.0229004927446669,0.981136883529773,
v;1565710128137;-0.0635764899135823,0.381295013276343,-0.0589467608094303
q;1565710128156;-0.0395299477411334,0.19548054571438,-0.0276993429672715,0.979519051851314,
v;1565710128156;-0.0666606669205507,0.396292727798487,-0.0699309134134747
q;1565710128175;-0.0425200399994118,0.201821613938421,-0.0320013198329147,0.977975460965344,
v;1565710128175;-0.0703079054468769,0.409836084637802,-0.080038899392382
q;1565710128192;-0.0456370691923685,0.206936888295647,-0.0361354479993757,0.976621001706284,
v;1565710128192;-0.0742529395711843,0.4209437579986,-0.0898372666377541
q;1565710128209;-0.0482503572532933,0.211137178477538,-0.040160830312668,0.975438462127517,
v;1565710128209;-0.0772484245042931,0.430166156390771,-0.0991815456155728
q;1565710128227;-0.0505592928179277,0.215247786018148,-0.0439781421254148,0.97425766075056,
v;1565710128227;-0.07966740796631,0.439193103920773,-0.108009435438495
q;1565710128246;-0.0523022718318523,0.218743723126571,-0.0475318140462689,0.973219550039344,
v;1565710128246;-0.0810974794125667,0.446890762257312,-0.116040135019177
q;1565710128263;-0.0528843853222678,0.22128915759818,-0.050629045546024,0.97245620572496,
v;1565710128263;-0.0805352089649033,0.452438441191855,-0.122577575885974
q;1565710128283;-0.0537902759765545,0.2238659528972,-0.0541256892806808,0.971627995398728,
v;1565710128283;-0.0803810084414318,0.458138981707237,-0.130048681597443
q;1565710128303;-0.0550876032774454,0.226038590402871,-0.0573957400561994,0.970864370171932,
v;1565710128303;-0.0811067731528909,0.46307086762502,-0.137230841276292
q;1565710128322;-0.0560141972752157,0.227231696201254,-0.0602201728612672,0.970361583749438,
v;1565710128322;-0.0814301485890192,0.465901900235435,-0.143290107233355
q;1565710128338;-0.0571832205834387,0.228380351693764,-0.0624689095881446,0.969881518545854,
v;1565710128338;-0.0824820475941208,0.468651625700603,-0.148339826297415
q;1565710128353;-0.0576585514929406,0.228186014354381,-0.064821140424738,0.969744722198252,
v;1565710128353;-0.0823386028645326,0.468523317449538,-0.153148462037527
q;1565710128371;-0.0578535446100475,0.228327263615331,-0.0674274276414862,0.969522165518825,
v;1565710128371;-0.0814796740999497,0.469049013405475,-0.158347910162459
q;1565710128388;-0.0576758087658242,0.228779704273086,-0.0705151182067142,0.96920629794149,
v;1565710128388;-0.0796187508920215,0.470170936169286,-0.16433442310659
q;1565710128402;-0.0577383726322641,0.229016167893684,-0.0735180502183577,0.968923609197703,
v;1565710128402;-0.0782944671773928,0.470887963940759,-0.170253141631864
q;1565710128416;-0.0580251494010415,0.229609000781451,-0.0766178288132735,0.968525823274533,
v;1565710128416;-0.0772903548150926,0.472388421529729,-0.176498011435806
q;1565710128430;-0.0576747040510716,0.229804223751132,-0.0805462339972729,0.968181808952972,
v;1565710128430;-0.0747290026909718,0.472986451079046,-0.184022142311964
q;1565710128444;-0.0571704961822422,0.229924734351109,-0.084215971127352,0.967870769760243,
v;1565710128444;-0.0720028339361645,0.473366787917518,-0.190960444997109
q;1565710128460;-0.0567707776510358,0.230034193780537,-0.0886634278752086,0.967470987079118,
v;1565710128460;-0.0691119255173757,0.473786573863715,-0.199470204305026
q;1565710128476;-0.0564321634023256,0.230099682693663,-0.0939107771447556,0.966979989133244,
v;1565710128476;-0.0659677007391618,0.47416517845588,-0.209572976689461
q;1565710128492;-0.0559329153692212,0.229262128243804,-0.0999242941846635,0.966605151478533,
v;1565710128492;-0.0623527709410055,0.472680787276969,-0.221042971850141
q;1565710128509;-0.0551487037959675,0.228754859593366,-0.105890319276177,0.966135009592499,
v;1565710128509;-0.0581491012656168,0.471770080088157,-0.232312882329748
q;1565710128527;-0.0541814434635345,0.227996004404784,-0.111923611592443,0.965689021622748,
v;1565710128527;-0.0536342884708135,0.470269365847003,-0.24362275590432
q;1565710128543;-0.0535558609688142,0.226967458380426,-0.117800532740209,0.965267082437665,
v;1565710128543;-0.0499383981436315,0.468276429112617,-0.254790875846065
q;1565710128560;-0.0527358801961189,0.225685940949037,-0.125242697487256,0.964675576079468,
v;1565710128560;-0.0452304195767087,0.465753649502563,-0.268942797323967
q;1565710128577;-0.0520980016511863,0.224730604585198,-0.132994667742368,0.963895475648704,
v;1565710128577;-0.0406693221942554,0.463924381555404,-0.283829006729308
q;1565710128593;-0.0517922304428332,0.223355981576538,-0.140911807036558,0.963106166898429,
v;1565710128593;-0.0368241649354809,0.461318415019068,-0.299206547045911
q;1565710128611;-0.0512135458243214,0.221899650519523,-0.149947221465188,0.962108883175339,
v;1565710128611;-0.0320050062910996,0.458460999392642,-0.316686056996101
q;1565710128628;-0.0503251748450005,0.220286332142689,-0.159204987789006,0.96103849899271,
v;1565710128628;-0.0265906287758178,0.455138514453054,-0.334494996487855
q;1565710128646;-0.0495672356910252,0.219132432072351,-0.168670576311231,0.959726191986095,
v;1565710128646;-0.0212211542457963,0.452743007266979,-0.352831775740692
q;1565710128662;-0.0487569305408088,0.21791279521815,-0.178119648746455,0.958337144991123,
v;1565710128662;-0.0158227143591409,0.450139845756386,-0.371155261111941
q;1565710128678;-0.0476986909125962,0.216765684246251,-0.187742533207036,0.956812516347542,
v;1565710128678;-0.00988529260768238,0.447529361940642,-0.389759815625965
q;1565710128695;-0.0473002093238986,0.215853267031168,-0.198081980493603,0.954952106004687,
v;1565710128695;-0.00482560248603743,0.445603716750712,-0.410144734642974
q;1565710128712;-0.0473785122455278,0.214933392084996,-0.208296727742941,0.952980243636869,
v;1565710128712;-0.000761727851463367,0.443819730803327,-0.430551357462242
q;1565710128730;-0.0475060587916697,0.21449440984236,-0.21846518234211,0.950793516384091,
v;1565710128730;0.00338222178742809,0.442985920308367,-0.450940950531706
q;1565710128754;-0.0474347564573863,0.214277187314167,-0.231254538960028,0.947816766807225,
v;1565710128754;0.00918635852885899,0.442442546614659,-0.476555945351887
q;1565710128778;-0.0482686096192843,0.21389729114686,-0.243804291976522,0.944710307987573,
v;1565710128778;0.0130988237060774,0.441963178989455,-0.502181905388239
q;1565710128798;-0.0492593717500931,0.213628702322754,-0.252817548069042,0.94234787520243,
v;1565710128798;0.0151798237987605,0.441815832435772,-0.520815779596195
q;1565710128817;-0.0500661061463987,0.213265781524544,-0.260472001971716,0.940300683851953,
v;1565710128817;0.0169459534737624,0.441405750558344,-0.536664429974742
q;1565710128836;-0.0504760288796845,0.212604141918212,-0.266427792806709,0.938758697580461,
v;1565710128836;0.0185187407483579,0.440218868709982,-0.548930444050745
q;1565710128854;-0.0506236957513911,0.211774987478615,-0.271190914592387,0.937573583050837,
v;1565710128854;0.0199373462739701,0.43857640154775,-0.558682968725173
q;1565710128872;-0.0503156401268238,0.210719804128685,-0.275434755038421,0.936590270898203,
v;1565710128872;0.0218305711687882,0.436239633476298,-0.56719931431094
q;1565710128889;-0.0497850023862276,0.209008494969303,-0.278827344142189,0.935997939754516,
v;1565710128889;0.0233593721047656,0.432498151039151,-0.573913564201979
q;1565710128905;-0.0492325844995266,0.207077551767845,-0.282280938085632,0.935421029889621,
v;1565710128905;0.0248042447383126,0.428307733720657,-0.580762705694691
q;1565710128922;-0.0481110869455982,0.204676185782909,-0.285488352021488,0.935034434124422,
v;1565710128922;0.0268975312142127,0.42286778222856,-0.586894162117682
q;1565710128938;-0.0467703468413616,0.201821255766422,-0.288470331289139,0.934807723404245,
v;1565710128938;0.0290003909438524,0.416412285186031,-0.592506362946987
q;1565710128953;-0.0453697162004218,0.199064741632035,-0.291266822763037,0.934600673545473,
v;1565710128953;0.0311618180816206,0.410115271071435,-0.597736139355292
q;1565710128968;-0.0442925615926887,0.196261397176639,-0.293544794821395,0.934532547549494,
v;1565710128968;0.0324430333075604,0.403930826906916,-0.602056030435347
q;1565710128982;-0.0436584690812596,0.193525240922276,-0.295614987407997,0.934480405124804,
v;1565710128982;0.0328278515039391,0.398148338519783,-0.606138115438374
q;1565710128996;-0.0428208446486104,0.190645536067255,-0.297930910442689,0.934375673197948,
v;1565710128996;0.0335831975139051,0.391959238808156,-0.610661232142066
q;1565710129011;-0.0416338964365389,0.18775347737407,-0.29966220148937,0.934461175985488,
v;1565710129011;0.0347216973887681,0.385557273949134,-0.613859246754351
q;1565710129025;-0.0393016324907211,0.183694526035951,-0.302454544706439,0.934469289794489,
v;1565710129025;0.0376750633687417,0.376156463525483,-0.618875555735264
q;1565710129039;-0.0363408858077635,0.179874221918494,-0.305456464079424,0.934355823605546,
v;1565710129039;0.0419891884125732,0.366821592691145,-0.624138910504057
q;1565710129053;-0.0329519740950295,0.175400031017965,-0.308829916221924,0.934223358143349,
v;1565710129053;0.0467856122287699,0.355927646080211,-0.630113598249192
q;1565710129066;-0.0296570255930801,0.171373989138282,-0.31207499776602,0.934002408459824,
v;1565710129066;0.0515864848756968,0.345948311568732,-0.635913341780065
q;1565710129080;-0.0255884313269534,0.167507759159023,-0.31629634845942,0.93340392867089,
v;1565710129080;0.0582283992342791,0.335721216006686,-0.643568624769555
q;1565710129096;-0.0191984507032232,0.163442089163568,-0.321642259140384,0.932450711557494,
v;1565710129096;0.069392224657951,0.32353335722283,-0.652996312372879
q;1565710129112;-0.0126434235482688,0.160399212951406,-0.326627009586519,0.931357585871887,
v;1565710129112;0.0813199312215478,0.313148382086324,-0.661751763595879
q;1565710129131;-0.00590506248542266,0.157483111282065,-0.33237132357304,0.929888978744209,
v;1565710129131;0.0938413053316214,0.302723175280236,-0.672235558060616
q;1565710129151;-0.000264399870380516,0.155708995224991,-0.338370519364611,0.928040920535654,
v;1565710129151;0.105077175894562,0.295053917901047,-0.683627320792522
q;1565710129170;0.00475101259469732,0.153660583731927,-0.343903273872346,0.92633494221997,
v;1565710129170;0.11474242766491,0.287209673889892,-0.69435101091007
q;1565710129189;0.00857518962537951,0.151842902375082,-0.348279363574141,0.924971158061688,
v;1565710129189;0.121933023601586,0.280653865279682,-0.702978017337961
q;1565710129207;0.0120074368965362,0.149507705488268,-0.352098388427657,0.923866842989431,
v;1565710129207;0.127817135218903,0.273390256243509,-0.710634615577751
q;1565710129223;0.0149118919755653,0.147521857320987,-0.355060654022567,0.923009658332124,
v;1565710129223;0.132674950772593,0.267228798755528,-0.716595848141692
q;1565710129240;0.0176584673985649,0.145049833859877,-0.357751028057044,0.922313843214911,
v;1565710129240;0.136782877880912,0.260259997054879,-0.722108423989385
q;1565710129257;0.0204567030589107,0.14201000808248,-0.360208827786282,0.921772298333977,
v;1565710129257;0.140480968795482,0.252187146197819,-0.727226116928293
q;1565710129273;0.0234118797320264,0.138226362852954,-0.362744573018331,0.921282620399641,
v;1565710129273;0.143915920312853,0.242560660103418,-0.732623880776275
q;1565710129290;0.0260809365094417,0.134695348436341,-0.365001309685792,0.920842492141806,
v;1565710129290;0.146888473190629,0.233640286917582,-0.737490674543253
q;1565710129307;0.0288918756967735,0.130751456137102,-0.366768621766852,0.92062479177951,
v;1565710129307;0.149666346082287,0.223901024320323,-0.741380344321022
q;1565710129323;0.0316534583774668,0.126736040326895,-0.368238572285504,0.920508665543213,
v;1565710129323;0.152199693563317,0.214099248135431,-0.744691652280615
q;1565710129339;0.0345412065326162,0.122373519468155,-0.36958707657498,0.920454847251709,
v;1565710129339;0.154658399023491,0.203562515172919,-0.747816319507244
q;1565710129355;0.0371464883023573,0.117698241209495,-0.370418997807671,0.920628592133773,
v;1565710129355;0.156226285942542,0.19271639182617,-0.749937864118337
q;1565710129371;0.0399648836383809,0.113097737587618,-0.370825292197157,0.920923668986009,
v;1565710129371;0.1581466108744,0.181928512598802,-0.751150954056919
q;1565710129386;0.0432921912655386,0.108086420879831,-0.371159429590485,0.921240304750747,
v;1565710129386;0.160690259472793,0.170007954747233,-0.752270571521535
q;1565710129403;0.0475352239300799,0.10209732712029,-0.371132807866928,0.921725010261437,
v;1565710129403;0.164148305984563,0.155638826282211,-0.752749571734482
q;1565710129422;0.0529484482447911,0.0945045579041102,-0.37062429856204,0.922444051303211,
v;1565710129422;0.168532004395966,0.137476640464007,-0.752458397536545
q;1565710129437;0.0568070213782335,0.0884812945169958,-0.369294849925092,0.923344558863017,
v;1565710129437;0.171089741426617,0.123553798022676,-0.750323742582878
q;1565710129452;0.0607804211728823,0.082992911270355,-0.367683313012247,0.924243993027749,
v;1565710129452;0.174262744688451,0.110612786535794,-0.747580317482218
q;1565710129468;0.0648135261496947,0.0766423050520093,-0.365014960956606,0.92557507366308,
v;1565710129468;0.176851180151385,0.0962072190144686,-0.742743448399537
q;1565710129484;0.0687728605718007,0.0704928471801661,-0.361960361323359,0.926976690511872,
v;1565710129484;0.179495203975355,0.0823183289420456,-0.73712308339734
q;1565710129501;0.0723818814077335,0.0631194088719865,-0.359155435324718,0.928323317393363,
v;1565710129501;0.180708858220055,0.066325582098444,-0.732289584552042
q;1565710129518;0.0753551649033636,0.0560206549984779,-0.355411720940565,0.929981633393792,
v;1565710129518;0.180964729992734,0.0514954206721656,-0.725411687468613
q;1565710129536;0.0774629048948846,0.0490555783737329,-0.350889961840174,0.931916956673013,
v;1565710129536;0.179770939717221,0.0376856312012905,-0.716816851133271
q;1565710129553;0.0794829544385466,0.0416927856829467,-0.347097977488964,0.933523966365429,
v;1565710129553;0.178284420726068,0.023032771717422,-0.709891547851968
q;1565710129569;0.0807390709037553,0.0352563384644893,-0.343021891189894,0.935186706518182,
v;1565710129569;0.176108503692991,0.0107179579024182,-0.702169767232634
q;1565710129585;0.0814212055239761,0.0282386883426586,-0.33953567573705,0.936636893110211,
v;1565710129585;0.172555336003464,-0.00242807456785361,-0.695753036090574
q;1565710129600;0.0819379761810515,0.022264247347544,-0.33577255864781,0.938108299823095,
v;1565710129600;0.169495233791022,-0.0134455712151057,-0.688577325099953
q;1565710129617;0.0829248202305489,0.0151297286068477,-0.331845126778835,0.939560180873844,
v;1565710129617;0.166637298704566,-0.0269828056946723,-0.681284745544153
q;1565710129633;0.0839803937744743,0.00870873232413577,-0.327675680350011,0.941010159842953,
v;1565710129633;0.164500999305915,-0.0391855434795339,-0.673401675697601
q;1565710129650;0.0838918768889641,0.00223219881493075,-0.323098248865008,0.94263709494408,
v;1565710129650;0.160287096251033,-0.0506732912474738,-0.66449149625945
q;1565710129669;0.0832725920139906,-0.00489491682097037,-0.317420442424192,0.944608837241044,
v;1565710129669;0.154830429341859,-0.0629058925794419,-0.653239051490733
q;1565710129691;0.0835738635408852,-0.01265545547367,-0.310654482175254,0.946757102744565,
v;1565710129691;0.150958043941364,-0.0768370327326587,-0.639924589152942
q;1565710129719;0.0845256834793366,-0.0224495275689563,-0.301263550248764,0.949521854937842,
v;1565710129719;0.147526061457034,-0.0947307198230801,-0.62147145521796
q;1565710129748;0.0837300949224508,-0.030990081141397,-0.291546270675427,0.952380998819043,
v;1565710129748;0.141891459836326,-0.109162675958435,-0.60189574200113
q;1565710129773;0.0839837548860023,-0.037677259776244,-0.282810680172373,0.954748816184038,
v;1565710129773;0.139507804782299,-0.120913931027763,-0.584419155108105
q;1565710129797;0.0840881731974657,-0.042721906636909,-0.274745725186166,0.956879704252194,
v;1565710129797;0.137885719721107,-0.129553464469248,-0.568168421712026
q;1565710129821;0.0854306073702883,-0.0476788847760802,-0.26663704624447,0.958818512013716,
v;1565710129821;0.138844656012305,-0.138764743567841,-0.552136103765535
q;1565710129846;0.087018159674053,-0.0522835876042178,-0.258713477134837,0.960604763324739,
v;1565710129846;0.140589860730221,-0.147456670186679,-0.536563742087083
q;1565710129872;0.0884778719523261,-0.0558789109434956,-0.250896824186946,0.962340875600311,
v;1565710129872;0.142736245497347,-0.154117235659742,-0.521115076150117
q;1565710129893;0.0897771460530193,-0.0583641431256323,-0.244046344671767,0.963833500236542,
v;1565710129893;0.145081759023017,-0.158650691993219,-0.507536503603451
q;1565710129920;0.0907769280295751,-0.0622315955881017,-0.236411853800366,0.965399546875584,
v;1565710129920;0.146369514648699,-0.16559662058484,-0.492486070447487
q;1565710129947;0.0911185979575963,-0.0656821300940288,-0.228653540031732,0.967006074708808,
v;1565710129947;0.146713335464855,-0.171368795302972,-0.477005318282986
q;1565710129974;0.0914394410145979,-0.0689187583995227,-0.219799756129414,0.968801813518793,
v;1565710129974;0.147410023215837,-0.176554626110627,-0.459272635541691
q;1565710129998;0.0912586073759071,-0.0723831845553951,-0.211659997752855,0.970377515239407,
v;1565710129998;0.146998181144214,-0.182066540697003,-0.442958048608437
q;1565710130021;0.0904804616134273,-0.0752691700064819,-0.205003483647779,0.971659101338355,
v;1565710130021;0.145484111466137,-0.186405019595898,-0.429489551395537
q;1565710130042;0.0895588312491817,-0.0778529631313994,-0.199426589907279,0.972700905048541,
v;1565710130042;0.143669748480648,-0.190270607713299,-0.418175208722952
q;1565710130069;0.088492643157238,-0.0809468564534706,-0.191320840101242,0.974172962201137,
v;1565710130069;0.141916533642407,-0.194747636600947,-0.401735845748602
q;1565710130091;0.0860311688545209,-0.0839735188900899,-0.183339494528761,0.97567088360172,
v;1565710130091;0.137517916010169,-0.198571614633459,-0.385210343841324
q;1565710130112;0.0841587768793234,-0.0867755463659965,-0.176468153424658,0.976855269729657,
v;1565710130112;0.134198084335756,-0.202424168568064,-0.371092736743125
q;1565710130131;0.0821675993584948,-0.0886400322551755,-0.170084519193261,0.977989090681155,
v;1565710130131;0.130939277449894,-0.204489333298914,-0.357834264531091
q;1565710130151;0.0789845445400825,-0.0896398955648454,-0.163502770046795,0.979281833977246,
v;1565710130151;0.125714389194302,-0.204416454786451,-0.343782648021388
q;1565710130170;0.0754175524873424,-0.0906760285186892,-0.156302896085176,0.980642388727776,
v;1565710130170;0.119856205792142,-0.204290965545444,-0.328417606706456
q;1565710130187;0.0727188332535083,-0.0918987495620947,-0.150238080878476,0.981679718138708,
v;1565710130187;0.115415892526435,-0.20506964292156,-0.315615898139883
q;1565710130204;0.0702125048848723,-0.0932925371722068,-0.144169775412407,0.982640218859456,
v;1565710130204;0.111317089186799,-0.206319634227944,-0.302890962039673
q;1565710130221;0.0672383393469501,-0.0941811373392142,-0.138624077781346,0.983560968764091,
v;1565710130221;0.10635485531395,-0.206531326744691,-0.291069761180944
q;1565710130238;0.064103704457709,-0.0948565773007665,-0.133395542587605,0.984428001177799,
v;1565710130238;0.101076091437679,-0.206368743196687,-0.279846009189028
q;1565710130254;0.061549324326217,-0.0950982963329385,-0.128866532216446,0.985170713013551,
v;1565710130254;0.0969148488204975,-0.205643987497544,-0.270143613781721
q;1565710130270;0.0590232922315576,-0.0950215024103667,-0.124277663669411,0.985921952651349,
v;1565710130270;0.0929001891009547,-0.204332008843462,-0.260312964508296
q;1565710130285;0.0565637600769861,-0.0948568781518183,-0.120302429069683,0.986574821266272,
v;1565710130285;0.088902801291481,-0.202962999903286,-0.251739839711592
q;1565710130301;0.0534254223961064,-0.0945744587573975,-0.115890779419741,0.98730481686288,
v;1565710130301;0.0836713330973952,-0.201184163124987,-0.242142600568166
q;1565710130316;0.0505191986186778,-0.0944277748259863,-0.111519789055546,0.987975002069921,
v;1565710130316;0.0788439414216871,-0.199795497725775,-0.23270944603628
q;1565710130331;0.0479755203367372,-0.0937448470481699,-0.107495114261597,0.988612641280063,
v;1565710130331;0.0747738445414109,-0.197498660386433,-0.224026957701591
q;1565710130345;0.0456707858779309,-0.0926568172725373,-0.103615790914441,0.989238410932981,
v;1565710130345;0.0712173585848606,-0.194497690752459,-0.215675517333358
q;1565710130360;0.0427065437285343,-0.0914195743715773,-0.0996600929401088,0.989892091127421,
v;1565710130360;0.0663767036117297,-0.191082226231417,-0.207042624276177
q;1565710130374;0.0397414900887437,-0.0901129949351775,-0.096147972392991,0.990482605506484,
v;1565710130374;0.0614367871497243,-0.187603217162357,-0.199318936549281
q;1565710130388;0.0369169796604915,-0.088654662551581,-0.0929384837070641,0.99102971413249,
v;1565710130388;0.0567232009037152,-0.183909924034183,-0.192244590122451
q;1565710130405;0.0333606208122768,-0.0860700265936564,-0.0886277980896968,0.991778243578523,
v;1565710130405;0.0509383074589208,-0.177802886651578,-0.182792973663543
q;1565710130421;0.0296596290051216,-0.083697149471378,-0.0842815726219222,0.99247753229685,
v;1565710130421;0.0447797401211167,-0.172155443219707,-0.173298974783905
q;1565710130438;0.0256302696097169,-0.0812197110120066,-0.0801011446879178,0.993141586570219,
v;1565710130438;0.0379064669186143,-0.166315983505514,-0.164120073165371
q;1565710130455;0.0221438755210314,-0.077913766827635,-0.0767967719408926,0.993751113040952,
v;1565710130455;0.0320494367301781,-0.159005421920902,-0.156806386850217
q;1565710130472;0.019125986850259,-0.0745790056853659,-0.074083126120941,0.994275524868284,
v;1565710130472;0.0269861848076755,-0.151775072070385,-0.150796428364629
q;1565710130488;0.0155804622562873,-0.0711689211979609,-0.0715329037946702,0.994773982387413,
v;1565710130488;0.0208177414129801,-0.144355016039081,-0.145075520773544
q;1565710130505;0.0118522691437368,-0.0675483496713788,-0.0681366454771653,0.995316098995845,
v;1565710130505;0.0143889691845942,-0.136516801055089,-0.137685018315869
q;1565710130522;0.00883900508785365,-0.0641982157924871,-0.0654453659520357,0.995749682614733,
v;1565710130522;0.00920005135266374,-0.129373707673838,-0.1318566135931
q;1565710130540;0.0059209120495953,-0.0605398408472707,-0.0621886520606698,0.996209032133254,
v;1565710130540;0.0042671628779165,-0.121658086408792,-0.12494869702238
q;1565710130557;0.00310133888924702,-0.0572728364462514,-0.0590898397266974,0.996603484684788,
v;1565710130557;-0.000586875197869478,-0.114774979989107,-0.118410055215494
q;1565710130572;0.00021307040406579,-0.0546427118521561,-0.0558163907051241,0.996944640563902,
v;1565710130572;-0.00567510957593168,-0.109193920901584,-0.111547968306734
q;1565710130589;-0.00258053031463409,-0.0524687005229645,-0.0523004657559749,0.997248707988496,
v;1565710130589;-0.0106353364876735,-0.104575166077274,-0.104236892951711
q;1565710130608;-0.0053185243090221,-0.0504084858874526,-0.0481925732444155,0.997551069987857,
v;1565710130608;-0.0154702455980436,-0.100237196995852,-0.095770685817035
q;1565710130626;-0.00851772922284755,-0.0486752938416725,-0.0444477191984009,0.99778890731557,
v;1565710130626;-0.0213264196166308,-0.0965500055694579,-0.0880032095268714
q;1565710130645;-0.0115616978627903,-0.0468890392967871,-0.0411653848483596,0.997984503098922,
v;1565710130645;-0.0269404600160363,-0.0928039695850589,-0.0811992303528033
q;1565710130669;-0.0156794630458029,-0.0440445024475284,-0.0367786294087492,0.99822919005553,
v;1565710130669;-0.0345500616228795,-0.0869409841448244,-0.0721514218119778
q;1565710130693;-0.0183731759942842,-0.0413113791884199,-0.0334678785454614,0.998416554804131,
v;1565710130693;-0.0394636170876391,-0.081415339522739,-0.0654092468828604
q;1565710130718;-0.0215604456382021,-0.0384244658438118,-0.0297262525145059,0.998586544764519,
v;1565710130718;-0.0453599258230085,-0.0756081984187775,-0.0578031801004494
q;1565710130742;-0.024647976516277,-0.0353560229507598,-0.0260079464711776,0.998732157212601,
v;1565710130742;-0.0510947576783553,-0.069486823782594,-0.0502938447279295
q;1565710130766;-0.0274262117802095,-0.0330558971606302,-0.0220216784724679,0.998834369801212,
v;1565710130766;-0.0562740750841083,-0.0649752804103794,-0.0422582722720733
q;1565710130789;-0.0300706603170199,-0.0315664108925542,-0.017261078169238,0.99890001152269,
v;1565710130789;-0.0612031086004206,-0.0621816855709157,-0.0326526643455596
q;1565710130812;-0.0320665084198789,-0.0302608143415872,-0.0127914343716098,0.998945605505388,
v;1565710130812;-0.0648850726766726,-0.0597988541531351,-0.0236671845638431
q;1565710130833;-0.0341580341231927,-0.0292826793301983,-0.00760589107176338,0.998958374578382,
v;1565710130833;-0.0687444829302399,-0.0581548077335362,-0.0132270864274896
q;1565710130855;-0.0360665550209744,-0.0284000788023411,-0.00293227112352992,0.99894141375318,
v;1565710130855;-0.0722862408300893,-0.0567069143452658,-0.00381973265997199
q;1565710130876;-0.0371542887243886,-0.0276368010601618,0.000373295165271265,0.998927195759279,
v;1565710130876;-0.074276503919417,-0.0554231494106727,0.00280718449226956
q;1565710130897;-0.0380849116857615,-0.0264576163514385,0.00289570473975509,0.998920006663466,
v;1565710130897;-0.0760074967622517,-0.0532575139368422,0.00782309299845167
q;1565710130916;-0.0386724498390466,-0.0255892816230072,0.00458055091632864,0.998913710678569,
v;1565710130916;-0.0771028260889224,-0.0516536092673765,0.0111637487917048
q;1565710130934;-0.0385521944261975,-0.0245125145810024,0.00498937284355072,0.99894348094204,
v;1565710130934;-0.0768539568156188,-0.0495243043620911,0.0118936126910037
q;1565710130953;-0.0385757498742862,-0.0231051645323959,0.00453328529481126,0.998978250233815,
v;1565710130953;-0.0769390715059568,-0.0466678107348817,0.0108722825018009
q;1565710130972;-0.0384621323640541,-0.0213778133078246,0.00405573324988984,0.999023115044183,
v;1565710130972;-0.0767510441508879,-0.0431662862853611,0.00977695292924056
q;1565710130988;-0.0385856246393367,-0.0200120514411794,0.00396392268223247,0.999047008948073,
v;1565710130988;-0.0770151645412968,-0.0404226569190718,0.00949292631670893
q;1565710131003;-0.0390116771845021,-0.0186832843541179,0.00408580027641836,0.999055697673487,
v;1565710131003;-0.0778756949984416,-0.0377735093230121,0.009651016077403
q;1565710131019;-0.0393486156933443,-0.0174908347893494,0.00428872910208222,0.99906323259797,
v;1565710131019;-0.0785542485912202,-0.0354029588289538,0.00997683494477989
q;1565710131035;-0.0398813158223035,-0.015888095641539,0.00437090257493392,0.999068496370902,
v;1565710131035;-0.0796335813002789,-0.0322028275464286,0.0100329012829555
q;1565710131050;-0.0408565913455505,-0.0144201463480546,0.00428060592745036,0.999051771438115,
v;1565710131050;-0.0816027815171666,-0.0292642718828473,0.0097640560084631
q;1565710131065;-0.0416820116775711,-0.0129330035256608,0.00418556905022605,0.999038380134844,
v;1565710131065;-0.0832717986477668,-0.0262841525539378,0.00947420570982605
q;1565710131080;-0.0427474680192894,-0.0113308029688997,0.00405478825836222,0.999013361562099,
v;1565710131080;-0.085422545751603,-0.0230720778719532,0.00910362128381968
q;1565710131095;-0.0435158155821511,-0.00978058004398297,0.00377478700220807,0.99899769092617,
v;1565710131095;-0.0869801934366064,-0.0199468040849441,0.00842517660948785
q;1565710131109;-0.044105875956026,-0.00802887315311396,0.00347230721853276,0.998988537022872,
v;1565710131109;-0.0881810081115194,-0.0164123055427794,0.00767572974654311
q;1565710131127;-0.0448635048603807,-0.00631391700218709,0.00284737320937381,0.998969085873756,
v;1565710131127;-0.0897188692615949,-0.0129226356382088,0.00628070689089542
q;1565710131144;-0.0457551229978169,-0.0045678953289171,0.00210114626116575,0.998940071766254,
v;1565710131144;-0.0915217705381693,-0.00935768350798148,0.00463526362729667
q;1565710131162;-0.0473613050247373,-0.00293178968096164,0.00148089414053765,0.998872362536114,
v;1565710131162;-0.0947488156836169,-0.0060242986665205,0.00325074151972039
q;1565710131179;-0.0483419986467148,-0.00126995135871011,0.00105241781569451,0.998829448026702,
v;1565710131179;-0.0967188735328382,-0.00265107481235915,0.00223560602457418
q;1565710131196;-0.0491401726361755,0.000103820909616248,0.000380837390584671,0.998791839023153,
v;1565710131196;-0.098320016400778,0.000170786944068708,0.000754193464284688
q;1565710131213;-0.0502175631914235,0.00150884331555778,-0.000343339836425011,0.998737092106057,
v;1565710131213;-0.100476223803938,0.00306381604764049,-0.000841598019403071
q;1565710131229;-0.0513543121806883,0.00281367058118215,-0.00070213447735365,0.998676273172478,
v;1565710131229;-0.102749414805621,0.00572221785685252,-0.00170036700554387
q;1565710131246;-0.0524747817823758,0.00417114130966922,-0.00136707124942001,0.998612597223382,
v;1565710131246;-0.104985301988194,0.00852120145528601,-0.00318565384231111
q;1565710131262;-0.0532841376576468,0.00566149404729793,-0.00172134528894521,0.998561817910554,
v;1565710131262;-0.106597282435398,0.0115559932353497,-0.00406415474421914
q;1565710131279;-0.0541128663632023,0.00682840392329259,-0.00227190052937398,0.998508911994745,
v;1565710131279;-0.108244589602737,0.0139645040816433,-0.00530712076752791
q;1565710131295;-0.0549207501129214,0.00793509272036763,-0.00290957308222822,0.998454964973902,
v;1565710131295;-0.109846387836867,0.0162639939170213,-0.00672232397777413
q;1565710131311;-0.0553769356559342,0.00887286796987258,-0.00364688833249754,0.998419391358823,
v;1565710131311;-0.110740299678904,0.0182342912485165,-0.00831598690824993
