q;1565710135083;0,0,0,1,
v;1565710135083;0,0,0
q;1565710135102;-0.000536754364553693,0.000695161877610817,0.000353254219283033,0.999999578695037,
v;1565710135102;-0.00107399962103751,0.00138994519716672,0.000705762344196462
q;1565710135118;-0.000957276265935642,0.00139050479615577,0.000756842968371613,0.999998302378384,
v;1565710135118;-0.0019166552427339,0.00277956454017988,0.00151102452301623
q;1565710135134;-0.00147601534306388,0.00235243085059744,0.00111949994253199,0.999995541048612,
v;1565710135134;-0.00295728892609219,0.00470157380431299,0.00223205706707069
q;1565710135150;-0.00188489940287728,0.00347064439308498,0.00168092181395688,0.999990847240401,
v;1565710135150;-0.00378144107741483,0.0069349936880823,0.00334875942798656
q;1565710135166;-0.00268062883844666,0.00458668078455249,0.00219501585033394,0.999983502994686,
v;1565710135166;-0.00538133087894854,0.00916170301074084,0.00436544597469093
q;1565710135182;-0.00340123692676583,0.00612616468418736,0.00251463977655883,0.999972266794762,
v;1565710135182;-0.00683314856925957,0.0122354747281539,0.00498760411820859
q;1565710135200;-0.00452377567427525,0.00800810571900618,0.00313807434628255,0.999952802340304,
v;1565710135200;-0.00909750987911125,0.0159884064014205,0.00620369523766769
q;1565710135217;-0.0054920514629265,0.00966605368215734,0.00362089308749011,0.999931661304714,
v;1565710135217;-0.0110535768696844,0.0192933894570407,0.00713561481821341
q;1565710135233;-0.00693975665979998,0.0114557294956863,0.00428129729358878,0.999901158056798,
v;1565710135233;-0.0139766872569468,0.0228539934701891,0.00840366800257688
q;1565710135250;-0.00818719853077304,0.013589889811244,0.00477817618196605,0.999862774253105,
v;1565710135250;-0.0165027689025827,0.0271048191808239,0.00933392122474878
q;1565710135267;-0.00950903727573965,0.0161419957813078,0.00535657723545113,0.999810171413571,
v;1565710135267;-0.0191885735930037,0.0321874734776728,0.0104062346437977
q;1565710135283;-0.0105299808664001,0.0191939994813461,0.00594729536893379,0.999742719854479,
v;1565710135283;-0.021284455230652,0.0382708807440462,0.0114901609551372
q;1565710135300;-0.0109325282529938,0.0220966874962499,0.00653451514174153,0.999674670948007,
v;1565710135300;-0.0221485362572002,0.0440611786535525,0.0125850520752101
q;1565710135317;-0.0108072454244504,0.0242771988181562,0.00704605908597331,0.999621996373337,
v;1565710135317;-0.0219502002475244,0.0484143163867783,0.0135657359176466
q;1565710135333;-0.0112404343481721,0.0259578011771068,0.00761088482598701,0.99957084349654,
v;1565710135333;-0.0228683377110411,0.051758857490559,0.0146360324771809
q;1565710135352;-0.0120976780184727,0.0274459875435983,0.00803585130265635,0.99951776803845,
v;1565710135352;-0.0246272813569131,0.0547149535950215,0.0154051674119135
q;1565710135370;-0.0135382243418994,0.0286368974644738,0.00837032895974799,0.999463152478652,
v;1565710135370;-0.0275447962436524,0.0570690180268064,0.0159630182463815
q;1565710135386;-0.0146279651767757,0.0296138317363011,0.00880124629253254,0.999415617816944,
v;1565710135386;-0.0297645056252046,0.0589958958769049,0.0167340184457012
q;1565710135402;-0.0160641291584155,0.0307314150886633,0.00939510707229702,0.999354429319684,
v;1565710135402;-0.0326907895221605,0.0611921591456847,0.0178011876284598
q;1565710135418;-0.0175525767732891,0.031721907915622,0.0102094254069225,0.999290436821403,
v;1565710135418;-0.0357355745496694,0.0631225785802527,0.0193042828624063
q;1565710135434;-0.0188938030816558,0.0331057832397861,0.0111895885213555,0.999210580301423,
v;1565710135434;-0.0385081725236037,0.0658327821861208,0.0211277558438648
q;1565710135451;-0.0202627219790068,0.0347819543317911,0.0123845512204132,0.999112774169928,
v;1565710135451;-0.0413627999913627,0.0691143791703549,0.0233596750640704
q;1565710135468;-0.0216765304942362,0.0369978447358003,0.0136720969659089,0.998986722509941,
v;1565710135468;-0.0443353315361385,0.073466179046185,0.0257406505560662
q;1565710135484;-0.0231061442983801,0.0390913238655238,0.0154184790444548,0.998849443183143,
v;1565710135484;-0.04738230379052,0.0775448067371066,0.0290316353945655
q;1565710135502;-0.024665628734771,0.0420552933275163,0.0176839335291296,0.998654238675538,
v;1565710135502;-0.0507740885844369,0.083328687902512,0.0332946807257734
q;1565710135519;-0.0261579904732723,0.0445738831442851,0.019267569288641,0.998477635534841,
v;1565710135519;-0.053980209056359,0.0882469136911428,0.0362051809766441
q;1565710135536;-0.0279981832563882,0.0474481175749599,0.0211327769641626,0.998257606375329,
v;1565710135536;-0.0579366265224381,0.0938424280079045,0.0396117923411809
q;1565710135552;-0.0300819360437853,0.0505903078730932,0.0224034688307305,0.998014922791352,
v;1565710135552;-0.0623516320852194,0.0999924153982275,0.0417675672177737
q;1565710135571;-0.0324247509530703,0.0543684567381145,0.0237657468884475,0.997711363256856,
v;1565710135571;-0.0673361728804436,0.107396103977259,0.0440108568223025
q;1565710135587;-0.0336734290710736,0.0575211130538344,0.0251128119713362,0.99746017945148,
v;1565710135587;-0.0701222956888887,0.113581359975334,0.0463546712844894
q;1565710135604;-0.0351047997565366,0.0614609105617965,0.0257857917068454,0.997158612504917,
v;1565710135604;-0.0732452174911699,0.121384669877051,0.0472541388912871
q;1565710135620;-0.0371337687869218,0.0657009035633588,0.025515268073714,0.996821740388422,
v;1565710135620;-0.077461690894307,0.12984200610867,0.0461435965462791
q;1565710135635;-0.0391503734940383,0.0690230931007682,0.0247809070507329,0.996538484812941,
v;1565710135635;-0.0815409473926889,0.136503639258721,0.0441466687959178
q;1565710135652;-0.0403947904837575,0.0723713013301528,0.0240235105906682,0.996269760905815,
v;1565710135652;-0.084064418425709,0.14325546515405,0.0421823714748706
q;1565710135670;-0.0416106192306218,0.0759973521801129,0.0230508266660618,0.995972740726841,
v;1565710135670;-0.0864975079805924,0.150593704962382,0.0397504346207701
q;1565710135687;-0.0430909797246894,0.0785959442553772,0.0215462465348378,0.995741767167294,
v;1565710135687;-0.0893205935374391,0.155915605068782,0.0362880343925019
q;1565710135703;-0.0448911200359473,0.0814304802755672,0.0202108020290748,0.995462411328285,
v;1565710135703;-0.0927995329357948,0.161703932068154,0.033075497774274
q;1565710135720;-0.0467186611214633,0.0842612405015649,0.0191983935522032,0.995162718943568,
v;1565710135720;-0.096369797916796,0.167468566141124,0.0304840508759354
q;1565710135737;-0.0487425546944897,0.0874248365868655,0.0180427659594102,0.994814330974663,
v;1565710135737;-0.100302454544938,0.173929452151994,0.0275175449829476
q;1565710135756;-0.051575937850457,0.0909810456488458,0.016837949158934,0.994373588727826,
v;1565710135756;-0.105832823604322,0.181199655088693,0.0242395405614861
q;1565710135773;-0.0541684825126514,0.0941791318321906,0.0156580609012508,0.993957225184607,
v;1565710135773;-0.110858563104621,0.187771045562719,0.0210545942423801
q;1565710135789;-0.0565863659764246,0.0973393410393212,0.0151618822168803,0.993525699948645,
v;1565710135789;-0.115649337835364,0.194210086945663,0.0192409879156661
q;1565710135804;-0.0587808352668839,0.100227893558047,0.0149055206562198,0.993114838537196,
v;1565710135804;-0.120028132394574,0.200085652234422,0.0179529530046574
q;1565710135820;-0.0612037717650776,0.103525354075622,0.015009495092566,0.992628451587473,
v;1565710135820;-0.124937717895712,0.206757224632104,0.0172608104683765
q;1565710135836;-0.0638942400977699,0.106500516371772,0.0156161771283738,0.992134709670503,
v;1565710135836;-0.130479567500915,0.212725548703979,0.0175270399842549
q;1565710135855;-0.0659401231038427,0.109393958453537,0.0160795673401529,0.991678498758104,
v;1565710135855;-0.134707856230849,0.218546443209425,0.0176251980607966
q;1565710135872;-0.0674125741684002,0.111505156573156,0.0159216661788092,0.991346871671646,
v;1565710135872;-0.13764339846531,0.222864685583273,0.0166927348538711
q;1565710135890;-0.0694256315630176,0.113790778978076,0.0153390335734971,0.99095731621061,
v;1565710135890;-0.14155886367583,0.227611108973035,0.0147487185800295
q;1565710135907;-0.0710751039426344,0.115790935213095,0.0146303431415578,0.990619423838128,
v;1565710135907;-0.144709406130296,0.231801254625057,0.0126591485230873
q;1565710135923;-0.0721846498191488,0.117689015179258,0.013675352475661,0.990329095461234,
v;1565710135923;-0.146717806591226,0.235817108128406,0.0102053371670976
q;1565710135940;-0.0730115978837177,0.119570894433018,0.0127451386938446,0.990055392428991,
v;1565710135940;-0.148160410404114,0.239796092151964,0.00786288593209366
q;1565710135956;-0.0742923878508231,0.121391381262294,0.0113930961525788,0.989754987186007,
v;1565710135956;-0.150394883431234,0.243732733666356,0.00456740897621916
q;1565710135972;-0.075828050925502,0.123252856938114,0.0100136163968467,0.989423333934319,
v;1565710135972;-0.153118111582084,0.247776755224915,0.00113666245891837
q;1565710135988;-0.0778490404892169,0.125426196813533,0.00833159039502832,0.989008783290707,
v;1565710135988;-0.156717488313924,0.252535729633966,-0.00308641506962856
q;1565710136004;-0.0802041305918558,0.128393536050237,0.00678407435558884,0.988451659486851,
v;1565710136004;-0.160992422487341,0.258927935958016,-0.00727810359006026
q;1565710136022;-0.0826688640398776,0.131974261700496,0.00485702558581158,0.987787932890474,
v;1565710136022;-0.165353092208878,0.26666564216295,-0.0123942692212118
q;1565710136038;-0.0845977725612094,0.135482011730021,0.00268191156272188,0.987157822052102,
v;1565710136038;-0.168546280866204,0.274295446242305,-0.0178823512773272
q;1565710136054;-0.0861957724365746,0.138906821353479,0.000429773583206977,0.986546994580348,
v;1565710136054;-0.171024262285174,0.281772552290762,-0.0234424970802644
q;1565710136072;-0.0880144652732444,0.143376263600626,-0.00298134686207455,0.985742280205713,
v;1565710136072;-0.173533907328131,0.291622956525317,-0.0315957725467141
q;1565710136088;-0.0896540207085222,0.147639552343532,-0.00660175171461977,0.984947368994408,
v;1565710136088;-0.175560068219809,0.301106223954435,-0.0401047547151209
q;1565710136107;-0.0906640000028637,0.152269549149362,-0.0124697673768993,0.984092779258284,
v;1565710136107;-0.175546275702297,0.311691375757099,-0.0529923915363439
q;1565710136123;-0.0912253259905281,0.156201713262809,-0.0189853027960034,0.983320236357546,
v;1565710136123;-0.17435844399584,0.320919411818712,-0.0668998370612777
q;1565710136139;-0.0914096137282918,0.160244529553102,-0.0281991699641062,0.982431171921378,
v;1565710136139;-0.171407896654734,0.330771859101149,-0.086069230466405
q;1565710136157;-0.0911771286245005,0.164908352180927,-0.0422480177951338,0.981176379598576,
v;1565710136157;-0.165745426770387,0.34257754883615,-0.11479903444364
q;1565710136176;-0.0909039851908762,0.170012843864361,-0.057339886722073,0.979563355685501,
v;1565710136176;-0.159267875946401,0.355335311820883,-0.145595849414737
q;1565710136194;-0.0906147142566014,0.175791980044232,-0.0713541173601467,0.977647577459015,
v;1565710136194;-0.152684097134772,0.369184187260982,-0.174275073218791
q;1565710136209;-0.0906795335555728,0.181177849682458,-0.0824158338960947,0.975786628824318,
v;1565710136209;-0.147639683387868,0.381789806902849,-0.197102950558815
q;1565710136223;-0.0914981593789862,0.186545661902511,-0.092565372400283,0.973786664042398,
v;1565710136223;-0.14416287338403,0.39438053023571,-0.218394526499717
q;1565710136238;-0.0922713826258716,0.191649966719711,-0.102428654740007,0.971732811101756,
v;1565710136238;-0.140527428655495,0.406355236030931,-0.239038096624949
q;1565710136255;-0.0930928614428295,0.196589032812397,-0.112569284955058,0.969543550994266,
v;1565710136255;-0.136680563936103,0.418015935084372,-0.2602097100299
q;1565710136273;-0.0933105793787157,0.200346267032189,-0.12223565341297,0.967581004181293,
v;1565710136273;-0.131974950785306,0.426970755835428,-0.279981317794606
q;1565710136290;-0.0936408282178963,0.203168155933096,-0.131475680789568,0.965747511226149,
v;1565710136290;-0.127790982333641,0.433963102450141,-0.298822229328982
q;1565710136307;-0.0938338185142828,0.205465177319872,-0.139986119530942,0.964045331281529,
v;1565710136307;-0.12371087524157,0.439712766547957,-0.316077390222475
q;1565710136326;-0.0941804111526283,0.207679150835717,-0.148116253528858,0.962320647801989,
v;1565710136326;-0.120030202992029,0.445275008426529,-0.3326392219308
q;1565710136345;-0.0941473138190769,0.208739772263991,-0.15519906230221,0.960977243490114,
v;1565710136345;-0.116417206656751,0.448200780222511,-0.346800756031676
q;1565710136364;-0.0936923342555256,0.208933300753069,-0.162656638122939,0.959745574227896,
v;1565710136364;-0.112107511801085,0.449206588881824,-0.361404670447779
q;1565710136382;-0.0935016496736331,0.208139993127373,-0.169527328443424,0.958746979533377,
v;1565710136382;-0.108933329016729,0.448237850582364,-0.374879996002574
q;1565710136400;-0.0930911040848085,0.207853481338624,-0.175938270054751,0.957693555717349,
v;1565710136400;-0.105361566424199,0.448128014082706,-0.387401185553568
q;1565710136418;-0.0922703018213967,0.207562163391809,-0.182288717502069,0.956647775581608,
v;1565710136418;-0.101039708557389,0.447791328873326,-0.399611099526985
q;1565710136435;-0.090951263218391,0.207553529182751,-0.188324923960681,0.955606139805784,
v;1565710136435;-0.0957986287097241,0.447730281106995,-0.410988022337888
q;1565710136452;-0.0894922185552647,0.207302277938614,-0.194097036630307,0.954643082308035,
v;1565710136452;-0.0905162914321433,0.447052413532345,-0.421759639102725
q;1565710136469;-0.0881059921088663,0.206522973471407,-0.200607025465548,0.953594513575745,
v;1565710136469;-0.0852781874128365,0.445371534889475,-0.434013404985311
q;1565710136484;-0.0866192755759253,0.20562109575228,-0.207411052213449,0.952469372448703,
v;1565710136484;-0.0797928837698735,0.443376722060051,-0.446821962256234
q;1565710136500;-0.0852586684261797,0.204384982372531,-0.214779931334865,0.95122405694325,
v;1565710136500;-0.0744734307893968,0.440772340036,-0.460829788468756
q;1565710136515;-0.0838730101925813,0.203165249525986,-0.22127499928602,0.950119318862745,
v;1565710136515;-0.0695239484625107,0.438084081083291,-0.473109293984477
q;1565710136531;-0.0820927101976336,0.202342725369973,-0.226183346841814,0.949294171269318,
v;1565710136531;-0.0643715998428025,0.435844305425625,-0.482066299874407
q;1565710136546;-0.0796952119567519,0.201889148685073,-0.229919767355282,0.948697149888113,
v;1565710136546;-0.0584098359197227,0.43391623000087,-0.488416204176783
q;1565710136561;-0.0775122449762087,0.200875898152324,-0.233695117660043,0.948170557933073,
v;1565710136561;-0.053127212229276,0.430964267783452,-0.494937317586377
q;1565710136577;-0.0760365994578787,0.199105538137457,-0.237653959610528,0.94767929544707,
v;1565710136577;-0.0495003955379599,0.426870684119126,-0.502145901775353
q;1565710136595;-0.0741509474688437,0.196604708590073,-0.240902841118288,0.947530531402936,
v;1565710136595;-0.0458113297549891,0.421065478653457,-0.507727335855949
q;1565710136612;-0.071694269069723,0.193993906463443,-0.244014781488106,0.947461362587047,
v;1565710136612;-0.0411919862999182,0.414720547754783,-0.512803242660283
q;1565710136628;-0.0691607966227643,0.191367945372393,-0.247056471453829,0.94739546952501,
v;1565710136628;-0.0364959734115202,0.408289363042009,-0.517743054314817
q;1565710136642;-0.0672095065942211,0.188675235315528,-0.249648051124179,0.947396570854485,
v;1565710136642;-0.0331493734375185,0.402014417170735,-0.522060156149063
q;1565710136658;-0.0650279130533324,0.185588307336097,-0.252854670144066,0.947308214689624,
v;1565710136658;-0.0293534270573387,0.394849840629672,-0.52754811025979
q;1565710136674;-0.0624654376265691,0.182489253029107,-0.256610834503433,0.947072616509193,
v;1565710136674;-0.0246636722891786,0.387456497209862,-0.534036046707927
q;1565710136692;-0.0591934073681882,0.178498614179203,-0.260942684350673,0.946859647904424,
v;1565710136692;-0.0189410151768276,0.377916327733073,-0.541446971253531
q;1565710136710;-0.0555937644913762,0.174316460076665,-0.265231279446353,0.946665449244331,
v;1565710136710;-0.0127893852590815,0.367794768119419,-0.548719391841594
q;1565710136728;-0.0518085687240954,0.170348664478492,-0.26965047766875,0.946353980924892,
v;1565710136728;-0.00618933253900057,0.357963333556683,-0.556280020505411
q;1565710136746;-0.048649960806913,0.166572535843522,-0.274373883548263,0.9458359672788,
v;1565710136746;-0.000623458412415352,0.348828626637009,-0.56478353467953
q;1565710136764;-0.045779043995455,0.162946150672323,-0.278395816412119,0.945435660657771,
v;1565710136764;0.00416478392699965,0.34012240268585,-0.572023345007353
q;1565710136782;-0.0418016240614429,0.158606450592432,-0.283007867458643,0.944988457466417,
v;1565710136782;0.0107698504092423,0.329364406444761,-0.580174797076873
q;1565710136801;-0.0376149743282013,0.154193867783167,-0.288030387423959,0.944376991134354,
v;1565710136801;0.0177805432615316,0.318299846349968,-0.589212367527133
q;1565710136818;-0.0338645779157521,0.150082854359492,-0.292828059571093,0.943705523831541,
v;1565710136818;0.0239828625531453,0.308036584506517,-0.598027985189633
q;1565710136837;-0.0293110221314933,0.146024517723605,-0.297945345421588,0.942892511457573,
v;1565710136837;0.0317456960975,0.29734697135166,-0.607368624229067
q;1565710136854;-0.0254369669068868,0.141775410687442,-0.303450812664021,0.941897193259912,
v;1565710136854;0.0381349541530785,0.286627585617588,-0.617836244183537
q;1565710136872;-0.0205798685669459,0.137020949878117,-0.310038024728011,0.940573407069569,
v;1565710136872;0.0462661592321347,0.274231665850657,-0.630436718302359
q;1565710136888;-0.0163421991647301,0.132764059799998,-0.316388634532683,0.939151119071722,
v;1565710136888;0.053339779444634,0.263107020024842,-0.642832996194889
q;1565710136904;-0.0127461055247252,0.128656267236308,-0.322697983786251,0.937630594751016,
v;1565710136904;0.0591664734263492,0.252605604894349,-0.655416171904481
q;1565710136922;-0.00867558427307405,0.124881287866463,-0.32866397498372,0.936114062841269,
v;1565710136922;0.0658929609559456,0.242396614903894,-0.667269871434258
q;1565710136940;-0.00461551168261792,0.121260077788519,-0.333635394345523,0.934859470305815,
v;1565710136940;0.0723466925760078,0.232493624824583,-0.677135086544117
q;1565710136958;-0.000447239459738541,0.117417044190006,-0.337970912627329,0.933803351081279,
v;1565710136958;0.0786127694642061,0.222092748154188,-0.685754999023154
q;1565710136976;0.00384616579247571,0.113559239589962,-0.341900788470498,0.932841547086334,
v;1565710136976;0.0849297774849573,0.211567215990628,-0.693599680149025
q;1565710136993;0.00774594562541281,0.109165330261971,-0.345481619480629,0.932022274655133,
v;1565710136993;0.0899894259132528,0.200278076152244,-0.700907409138895
q;1565710137011;0.0121060707800648,0.104020629667954,-0.34847900571921,0.93144804218039,
v;1565710137011;0.0951940712964051,0.187277977357353,-0.707061777554392
q;1565710137031;0.0169302299202236,0.0970330572105202,-0.351862118803881,0.930854978687541,
v;1565710137031;0.0999701259834201,0.170403362350232,-0.714249053484734
q;1565710137051;0.0217787384870457,0.0902482416983713,-0.3542944970523,0.930514064954358,
v;1565710137051;0.104670779446562,0.153969314513467,-0.719525515813733
q;1565710137068;0.0258757652424114,0.0840182692474283,-0.354773943438777,0.930809821717793,
v;1565710137068;0.107995622353218,0.139309097451209,-0.720753317879617
q;1565710137085;0.029361904074505,0.078002584554911,-0.354415533554544,0.931366230713238,
v;1565710137085;0.110206979576254,0.125574907275549,-0.720289499500834
q;1565710137102;0.03211998776797,0.0717297544204443,-0.353214760124252,0.932235206929605,
v;1565710137102;0.110785262026131,0.111966260050297,-0.718138797405266
q;1565710137119;0.0346926974489049,0.0649014992299899,-0.351774035438088,0.933187653629894,
v;1565710137119;0.110636486746629,0.0974718419936474,-0.715573347518566
q;1565710137135;0.0373283041392014,0.0572787360455616,-0.349704570062743,0.934362127584874,
v;1565710137135;0.110039516959562,0.0815131087528215,-0.711770884361961
q;1565710137151;0.0402092086166075,0.0501553266243075,-0.347037074439509,0.935645687984113,
v;1565710137151;0.110278044842882,0.0663988785035875,-0.706687789362674
q;1565710137167;0.0426780824997554,0.0434887501334959,-0.343897537529745,0.937028131182787,
v;1565710137167;0.110114870087636,0.0524884388107889,-0.700599119833571
q;1565710137182;0.0449013412362389,0.0364177653346058,-0.340599126408205,0.938429446404469,
v;1565710137182;0.109298687151886,0.0380001345231923,-0.69424307977872
q;1565710137198;0.0466065530282853,0.0285582117343088,-0.336929426685904,0.939941956519553,
v;1565710137198;0.107063533646665,0.022410065580911,-0.687178301314682
q;1565710137215;0.0483997059270206,0.0204008912117676,-0.333297558362263,0.941357534856052,
v;1565710137215;0.104914350020583,0.00618007775751644,-0.68025078751308
q;1565710137231;0.0497716166813411,0.0125813319679453,-0.329932681739093,0.94260747893154,
v;1565710137231;0.102310576587757,-0.00917214127713737,-0.673857141560067
q;1565710137247;0.0506196564060106,0.00469623501926941,-0.326470027052694,0.943839479425526,
v;1565710137247;0.0987805855335338,-0.0243074941663743,-0.667229154073911
q;1565710137263;0.0513000311423513,-0.00321795691889132,-0.322554834849558,0.94515412842836,
v;1565710137263;0.0950399488953402,-0.0393648460996771,-0.659629150793317
q;1565710137279;0.0519613814198382,-0.0106920508319124,-0.318743282710565,0.946355316113639,
v;1565710137279;0.0916601146568348,-0.0536122682787167,-0.652214472618232
q;1565710137296;0.0528488843600946,-0.0194628573654382,-0.313925383114122,0.947775826866546,
v;1565710137296;0.0880718331191602,-0.0704048649774174,-0.642804156127123
q;1565710137312;0.0537917795040476,-0.02814689594478,-0.309366446394045,0.949002947450285,
v;1565710137312;0.0847832408642515,-0.0871284784009181,-0.633954041903398
q;1565710137331;0.0552732341802818,-0.0381261405974421,-0.304417788539296,0.95016895606607,
v;1565710137331;0.0819168563136855,-0.106664002919726,-0.624475650904395
q;1565710137348;0.0563770033598986,-0.0466753864793434,-0.29969535321639,0.951223276349703,
v;1565710137348;0.0793607205323137,-0.123288431063916,-0.615337342669793
q;1565710137367;0.0573872935032342,-0.0561848864108377,-0.293506208338563,0.952577617856919,
v;1565710137367;0.0764248515143745,-0.141612813169234,-0.603198413676153
q;1565710137387;0.0582016980457691,-0.0652017528409915,-0.286819486002075,0.953989444785974,
v;1565710137387;0.073712078671579,-0.158887661595913,-0.589981910939985
q;1565710137406;0.0585580824612268,-0.0738269230263693,-0.280416057712715,0.955242093743272,
v;1565710137406;0.0705282372736379,-0.175214945323866,-0.577264209891504
q;1565710137431;0.0593750277514543,-0.0851569997621612,-0.2714473526598,0.956838149780451,
v;1565710137431;0.0674444187697799,-0.196912175770837,-0.559522414758159
q;1565710137452;0.0610931406209755,-0.0950758556376376,-0.263031067934483,0.958145488530957,
v;1565710137452;0.067106782328062,-0.216502713407604,-0.543137257695132
q;1565710137472;0.0621755254523323,-0.102569908050494,-0.256829459920118,0.958985056934205,
v;1565710137472;0.066614106532531,-0.231226249469081,-0.531085007288736
q;1565710137490;0.0627794287323842,-0.108286119375134,-0.250800006724062,0.959912609008897,
v;1565710137490;0.0662576802997703,-0.242270050038248,-0.51919017049702
q;1565710137508;0.0629875409151851,-0.112905092233371,-0.245142892951656,0.960827747211343,
v;1565710137508;0.0657319164594053,-0.251010569464179,-0.507911811128288
q;1565710137525;0.0626662262447914,-0.116498000678431,-0.240601701891396,0.961567456364882,
v;1565710137525;0.0645010887295195,-0.257564625671831,-0.498723753423806
q;1565710137542;0.0621747831249021,-0.120216179366209,-0.235412111062384,0.962425833265562,
v;1565710137542;0.063118447430863,-0.264256677244903,-0.488176509270966
q;1565710137559;0.061390974949163,-0.123879080290055,-0.230157512601076,0.963282244803829,
v;1565710137559;0.0612886328609925,-0.270716932147109,-0.477416534824106
q;1565710137579;0.0607409108571787,-0.126929578371159,-0.224472846826974,0.964267279577994,
v;1565710137579;0.0601927997072434,-0.276043468536552,-0.465798844134875
q;1565710137597;0.0601123442072849,-0.129170521297743,-0.21949259763785,0.965155118876223,
v;1565710137597;0.0593663922858627,-0.279852830072234,-0.455591345310999
q;1565710137616;0.0593408777736292,-0.130135929528749,-0.215119168492018,0.966057513464857,
v;1565710137616;0.0586976362107401,-0.281134851575872,-0.446513432016138
q;1565710137633;0.0582726826592143,-0.130762926685581,-0.210410709678014,0.96707428778388,
v;1565710137633;0.0577122174321565,-0.281607298411041,-0.436653665947543
q;1565710137651;0.0577413786127777,-0.130633713747435,-0.205474342832723,0.968184389477517,
v;1565710137651;0.0581576288071081,-0.280829099904428,-0.426469832926214
q;1565710137669;0.0574536721266067,-0.130022937318185,-0.200584107332009,0.969308647721207,
v;1565710137669;0.0592542810750417,-0.279210676921447,-0.416438954013315
q;1565710137686;0.0571753496135625,-0.12884988413045,-0.196062007814701,0.970406288998981,
v;1565710137686;0.0604783649009915,-0.276502219998525,-0.407132267314443
q;1565710137702;0.0567959313590797,-0.127048926073035,-0.191549710232805,0.971566583954975,
v;1565710137702;0.0617288831305359,-0.272504214824159,-0.39778378758513
q;1565710137719;0.0563929704504679,-0.125074500524137,-0.187047433026665,0.972722746585825,
v;1565710137719;0.0629613112142424,-0.268148865736345,-0.388442795710095
q;1565710137736;0.0560051788829306,-0.123019652529508,-0.182506196527696,0.97386917075809,
v;1565710137736;0.0642238781414184,-0.26363318529011,-0.379026923471145
q;1565710137752;0.0550087426355598,-0.121185854043839,-0.177874136286127,0.975012182327035,
v;1565710137752;0.0642008243306298,-0.25930917751286,-0.369270335830801
q;1565710137769;0.0535658545382009,-0.119451655605981,-0.172684718454099,0.976238662940434,
v;1565710137769;0.0633735771439267,-0.254987176261219,-0.358280024377559
q;1565710137786;0.0520218216648704,-0.117919572642797,-0.167102832891174,0.977479102883865,
v;1565710137786;0.0623314518143496,-0.251024213791869,-0.346499399529778
q;1565710137803;0.0503718843989968,-0.116764008102813,-0.161535992518422,0.978639421612281,
v;1565710137803;0.060906292857297,-0.247796380732162,-0.334760965678615
q;1565710137820;0.0484546383182415,-0.115777003410323,-0.155812131223422,0.979780800271445,
v;1565710137820;0.0589049841355814,-0.244830842526602,-0.322663046756622
q;1565710137837;0.0465393893526297,-0.114973356292593,-0.150302804341613,0.980828436339501,
v;1565710137837;0.0567631546540175,-0.242277963700122,-0.31102751087367
q;1565710137857;0.0441030470330513,-0.114112527685032,-0.144502874866785,0.981912505386336,
v;1565710137857;0.0536572339034826,-0.239466544338896,-0.298688773920636
q;1565710137875;0.0412441203793614,-0.113133554237759,-0.138740270314594,0.982980546455666,
v;1565710137875;0.0497124496125067,-0.236344045585657,-0.286335773254566
q;1565710137892;0.0380600236586713,-0.112764193232206,-0.132391304971671,0.984026531777147,
v;1565710137892;0.0450613969693255,-0.234379291533682,-0.272780539782172
q;1565710137908;0.0353898879819601,-0.112310407270505,-0.125672672627125,0.985058538125899,
v;1565710137908;0.0415054404371024,-0.232445689868292,-0.258633200329752
q;1565710137923;0.0334230248106212,-0.11196370810806,-0.118936844284409,0.986002551704194,
v;1565710137923;0.0392872610595483,-0.230968186537098,-0.244648493207034
q;1565710137938;0.0313338440101203,-0.111237901487796,-0.113188388920608,0.986829685423059,
v;1565710137938;0.0366688741235023,-0.228782007232604,-0.23261338641343
q;1565710137953;0.0281149362016587,-0.11057366062112,-0.106802458599565,0.987712586334883,
v;1565710137953;0.0319252979781321,-0.226481121600878,-0.219056269933081
q;1565710137967;0.0252508884673883,-0.10999541748052,-0.101421813010689,0.988421539241856,
v;1565710137967;0.0276086820350191,-0.224532387544925,-0.207616861724608
q;1565710137983;0.0227657038761174,-0.109011946140963,-0.0955721921266575,0.989173448732646,
v;1565710137983;0.0242038014359855,-0.221895908922046,-0.195335093796418
q;1565710137998;0.0200600902716868,-0.108238833170733,-0.089644895149475,0.989871601260216,
v;1565710137998;0.0203091057420103,-0.219689508584328,-0.182871496963502
q;1565710138013;0.0170944774469411,-0.107368004932523,-0.0840623286394291,0.990511699781837,
v;1565710138013;0.0158140099210696,-0.217305718305971,-0.171054469818541
q;1565710138029;0.0139783428845167,-0.106434081003676,-0.0784425710607433,0.991122228459857,
v;1565710138029;0.0110107892603002,-0.214833013713826,-0.159148476986849
q;1565710138043;0.0113931082555709,-0.105857178299377,-0.0737607965311001,0.991576430379332,
v;1565710138043;0.00697811228212988,-0.213228977650418,-0.149248106206509
q;1565710138058;0.00889203542386263,-0.104995695431279,-0.069381372899146,0.992009657278475,
v;1565710138058;0.00307248386574212,-0.211113041563742,-0.139978568912683
q;1565710138073;0.00625936445057843,-0.104099189361362,-0.0653979246752314,0.992394744534828,
v;1565710138073;-0.00119222140188526,-0.208950991918128,-0.13148290956651
q;1565710138089;0.00425906822413738,-0.102758710422876,-0.0617620599799296,0.992777885546201,
v;1565710138089;-0.00423657445467618,-0.206015288386384,-0.123824617507944
q;1565710138103;0.00258114993996403,-0.101415840714335,-0.0582546248023929,0.993133715959143,
v;1565710138103;-0.00668907931935694,-0.203138435087404,-0.116498743935408
q;1565710138120;0.0012003562114791,-0.0996942599757875,-0.055515494575676,0.993467485322383,
v;1565710138120;-0.00868423171842395,-0.199548451464788,-0.110775603318435
q;1565710138135;-0.000305824908380575,-0.0980460758732979,-0.0529786434403963,0.99377064181347,
v;1565710138135;-0.0109967574556879,-0.19610451728459,-0.10543889303032
q;1565710138152;-0.00201938071843047,-0.0960693730749881,-0.0506683654805829,0.994082153268337,
v;1565710138152;-0.0137506502041998,-0.1919924370371,-0.100527756060109
q;1565710138169;-0.00445869735977952,-0.0940396247575077,-0.0484890755064366,0.994376905478353,
v;1565710138169;-0.0179880103403663,-0.187720021324208,-0.095755980340585
q;1565710138186;-0.00673200133882315,-0.0920321864144903,-0.046040734591209,0.994668278679544,
v;1565710138186;-0.0218684182769115,-0.183535410388997,-0.0904964746959617
q;1565710138201;-0.00860509366356668,-0.0901107999412102,-0.0437488315173967,0.994933176428342,
v;1565710138201;-0.0250100779891281,-0.179574957040324,-0.0856348789022912
q;1565710138221;-0.0111588693011271,-0.0876726754566214,-0.0405080098180348,0.995262831723115,
v;1565710138221;-0.0293191072346082,-0.174570629181871,-0.0787909016326893
q;1565710138238;-0.0136774736954102,-0.0853252547318157,-0.0380697242997083,0.995531659355524,
v;1565710138238;-0.0337357327546756,-0.169756868234026,-0.0735733468270892
q;1565710138253;-0.0158247294340006,-0.0831137287246153,-0.0362204401902673,0.995755883164164,
v;1565710138253;-0.0375447865162788,-0.165242499639207,-0.069608141473817
q;1565710138268;-0.0180586585439877,-0.0811445580809928,-0.0340579269610103,0.995956570929405,
v;1565710138268;-0.0415104303291238,-0.1612388659713,-0.0650114575836465
q;1565710138284;-0.0203897862336857,-0.0792274637649575,-0.0319648953016996,0.996135319530423,
v;1565710138284;-0.0457028762929861,-0.157351179658536,-0.060552045842075
q;1565710138301;-0.0224290463827947,-0.0768119009742764,-0.0300617856805651,0.996339830782928,
v;1565710138301;-0.0493321175124865,-0.15248806571485,-0.056556789123355
q;1565710138318;-0.0246045644696632,-0.0747080250060985,-0.028340960486871,0.996498924384042,
v;1565710138318;-0.0532966666823962,-0.148250484577756,-0.0529069244818
q;1565710138335;-0.0272254462887773,-0.0722570049680255,-0.0263990619896718,0.996664887201189,
v;1565710138335;-0.0581170374119818,-0.143325943412839,-0.0487892710324169
q;1565710138353;-0.0296856051869932,-0.0700825377781226,-0.0244154852731375,0.99680047666653,
v;1565710138353;-0.0626444139151614,-0.13898581778665,-0.0446161366794674
q;1565710138370;-0.0317094296178022,-0.0679710259243776,-0.0226828588549046,0.996925269113204,
v;1565710138370;-0.0663561027492801,-0.134789058970098,-0.0410173297692886
q;1565710138387;-0.0334552702025636,-0.066207690004413,-0.0210349145036811,0.997022973084623,
v;1565710138387;-0.069552756466391,-0.131307283496037,-0.0376143860834324
q;1565710138405;-0.0353716147569089,-0.0650195273342091,-0.0194446616100348,0.997067313441654,
v;1565710138405;-0.0731294915919105,-0.128983244851849,-0.0342738797888744
q;1565710138424;-0.0372154510257481,-0.0637975069018285,-0.0177844681890141,0.997110197733151,
v;1565710138424;-0.0765597902881971,-0.126610455597368,-0.0308127632994729
q;1565710138443;-0.0391588461999259,-0.0629425371825369,-0.0155692790298946,0.997127092988737,
v;1565710138443;-0.0801383821840422,-0.125029788517702,-0.0262066823598252
q;1565710138461;-0.0409531919927463,-0.0623669345422506,-0.0131724068529701,0.997125694145522,
v;1565710138461;-0.0834106910884749,-0.124044464342584,-0.0212362623310883
q;1565710138478;-0.0423165275424177,-0.0618154846377307,-0.0107723331824875,0.997131914547131,
v;1565710138478;-0.0858274479549901,-0.12312764310342,-0.0163120049265217
q;1565710138496;-0.0439735107505183,-0.0612085609000579,-0.00831695858461817,0.997121194182483,
v;1565710138496;-0.0888287490549445,-0.122116811922297,-0.0112475022401795
q;1565710138514;-0.045521192380159,-0.0608758792979615,-0.00584317828111552,0.997089720459623,
v;1565710138514;-0.0916169564562567,-0.121674485334867,-0.00613583216662286
q;1565710138531;-0.0463702324942834,-0.060310409126414,-0.00397550575354064,0.99709408548857,
v;1565710138531;-0.0930848664956717,-0.120715929581529,-0.00234484476447788
q;1565710138548;-0.0474108313059292,-0.0593966619142522,-0.00229389075494474,0.997105298162482,
v;1565710138548;-0.0949623427100708,-0.119048052276255,0.00106237575707785
q;1565710138566;-0.0484794410612422,-0.0581638221788675,-0.00102782560494946,0.99712878251138,
v;1565710138566;-0.0969518711046593,-0.116705554025508,0.00360669556243133
q;1565710138586;-0.049420500108401,-0.0567165024409727,5.28783824084167e-05,0.997166423279799,
v;1565710138586;-0.0987151751357927,-0.113916422367132,0.00573934563882421
q;1565710138603;-0.0501343449405758,-0.0548054905614723,0.00041203448840485,0.997237565089506,
v;1565710138603;-0.10011369263552,-0.11012223007793,0.00634889987212203
q;1565710138622;-0.0507740295914392,-0.0531260302913869,0.000951450842297169,0.997295735016214,
v;1565710138622;-0.101345750013004,-0.106811341430335,0.0073302786027565
q;1565710138639;-0.0514317600439651,-0.0515446974370017,0.00123116579682864,0.997344676107258,
v;1565710138639;-0.102643606275791,-0.103672589598632,0.00779898885488713
q;1565710138660;-0.052074718507436,-0.0494268782228163,0.0014462224497338,0.997418256656914,
v;1565710138660;-0.103924554000097,-0.0994486800712006,0.00807642091190113
q;1565710138679;-0.0526194565950218,-0.0473861708184711,0.00151515180278483,0.997488612107291,
v;1565710138679;-0.105023986277519,-0.09536290732924,0.00805402633931867
q;1565710138696;-0.052839394693429,-0.0455484119926756,0.00156409242171834,0.997562447675473,
v;1565710138696;-0.105474162346146,-0.0916771873760208,0.00797848332948793
q;1565710138712;-0.053284181640454,-0.0438146896734339,0.00163400873004052,0.997616385804662,
v;1565710138712;-0.106371642673643,-0.0882068860310681,0.00797464531520672
q;1565710138728;-0.053578866680927,-0.042441581583106,0.00145350365329402,0.997660234998627,
v;1565710138728;-0.106987617638783,-0.0854320782724474,0.00749105065002622
q;1565710138744;-0.0536258131662373,-0.0407049979791032,0.00101228306841203,0.997730533809785,
v;1565710138744;-0.107130617335245,-0.0818942920897303,0.00642251284593797
q;1565710138758;-0.0541166084067423,-0.0390115082326984,0.000700369483753877,0.997772028131863,
v;1565710138758;-0.108148125110804,-0.0784634093207294,0.00565301579675642
q;1565710138774;-0.0543677322529874,-0.0368842648909848,7.92687849850426e-05,0.997839521949069,
v;1565710138774;-0.108708682114885,-0.074122773326385,0.00419358958985834
q;1565710138789;-0.0546472842019517,-0.0348316806438084,-0.000793551496834549,0.997897655572259,
v;1565710138789;-0.109337795929519,-0.0699041800390195,0.00223650411558784
q;1565710138805;-0.0546844939795789,-0.0325688601724823,-0.00176788685191548,0.997970911267053,
v;1565710138805;-0.109480800643261,-0.0652488570706935,3.36252866785143e-05
q;1565710138819;-0.0551417057054788,-0.0303330799133091,-0.00284768374378447,0.998013607873338,
v;1565710138819;-0.110461604112815,-0.0606380982701757,-0.00235316266008095
q;1565710138834;-0.0555624040232312,-0.0277999699182291,-0.00398335396078106,0.998060245087764,
v;1565710138834;-0.111360752867402,-0.0554209191477734,-0.00489231150309805
q;1565710138848;-0.0559653461300679,-0.0250217288152367,-0.00490108134808734,0.998107087677464,
v;1565710138848;-0.112199343376207,-0.0497332284529781,-0.00702715104570277
q;1565710138862;-0.0560262612530086,-0.0223542991187478,-0.00564513805558578,0.998163129449873,
v;1565710138862;-0.112335197029507,-0.0442874493462061,-0.00882038998720756
q;1565710138877;-0.0568083924061712,-0.0197590068471823,-0.00621307789902767,0.998170212735347,
v;1565710138877;-0.113900537316,-0.0390023394236585,-0.0102248945627464
q;1565710138892;-0.0578492418010433,-0.0171348796963861,-0.00679141504309841,0.998155179112816,
v;1565710138892;-0.115977604665406,-0.0336531681185417,-0.0116538435873161
q;1565710138907;-0.058682528819908,-0.0147057799536296,-0.00703791303522194,0.998143587290775,
v;1565710138907;-0.117625225846842,-0.0287334254801421,-0.0124098174145323
q;1565710138924;-0.0595954764546278,-0.0124170682595365,-0.00681541756952012,0.998122098019516,
v;1565710138924;-0.11942002096559,-0.0241494899664818,-0.0122125157451745
q;1565710138939;-0.0608454982626777,-0.0101639933961191,-0.00654562861873723,0.998073962324965,
v;1565710138939;-0.121891283373759,-0.019639257789457,-0.0119178818461929
q;1565710138957;-0.0624231318840054,-0.00799464534821476,-0.00489141037858032,0.998005768873091,
v;1565710138957;-0.125000774301351,-0.0154680302505777,-0.00883425259387412
q;1565710138975;-0.0640324568654769,-0.00600843068845236,-0.0028168184031436,0.997925761674621,
v;1565710138975;-0.128183871386718,-0.0117276841112217,-0.00489264225299479
q;1565710138992;-0.065069902749648,-0.00408090776406445,-0.000763239959945317,0.997872077492146,
v;1565710138992;-0.130236968085892,-0.008113923823575,-0.00100061739359283
q;1565710139010;-0.0654788779782722,-0.00240843893213222,0.000879014629040387,0.997850708895117,
v;1565710139010;-0.131046817263907,-0.00496422399316441,0.00208755543769972
q;1565710139026;-0.0656949071529305,-0.00114063093698713,0.00192287330001056,0.997837280301756,
v;1565710139026;-0.131479754558989,-0.00255099453252079,0.00402202150542775
q;1565710139045;-0.0661265897169248,-0.000142062001530108,0.00260049167769119,0.997807892277054,
v;1565710139045;-0.132348561805063,-0.000632959927357989,0.0052543451472503
q;1565710139063;-0.0659603659173264,0.000421899712239882,0.00302411502977132,0.997817591887233,
v;1565710139063;-0.132018534146709,0.00044690331848176,0.00603189764053748
q;1565710139080;-0.0657031046328296,0.00104813636705986,0.00290067218416709,0.997834510495301,
v;1565710139080;-0.13150644770462,0.00172546635945325,0.00570029993354554
q;1565710139097;-0.0657329997539785,0.00137918932947173,0.00259138522546981,0.997833013929853,
v;1565710139097;-0.131567506604663,0.00243274972188069,0.00503374832731289
q;1565710139112;-0.0658159199798211,0.0013046736319367,0.00184548733113044,0.99782918479804,
v;1565710139112;-0.131731570838208,0.00238139273060445,0.00354192041446464
q;1565710139127;-0.0658608319024092,0.00121131600921187,0.00138479633581515,0.997827083226537,
v;1565710139127;-0.131820230877105,0.0022545216405644,0.00262681046696541
q;1565710139142;-0.0653665376452552,0.00102435073406348,0.000545326640964905,0.997860659014975,
v;1565710139142;-0.130827393355369,0.00199003391109149,0.000962629979172819
q;1565710139157;-0.0652035617999663,0.000869621820965283,-0.000173285867649975,0.997871600466731,
v;1565710139157;-0.130499350891585,0.00177321807655462,-0.000463177368756645
q;1565710139173;-0.0651281349385969,0.00065996117096756,-0.000479969428575644,0.997876495045764,
v;1565710139173;-0.130347836834101,0.00139144292386319,-0.00105279583538857
q;1565710139191;-0.0643074542765512,0.000280427126092941,-0.000854957206404744,0.997929723654207,
v;1565710139191;-0.128703183997362,0.000675238202094965,-0.00175697405425537
q;1565710139209;-0.0636080700682936,-0.00028200214611529,-0.00131633816720181,0.997974075619441,
v;1565710139209;-0.127302718027698,-0.000398627930408521,-0.0026126118493993
q;1565710139227;-0.0628092495935356,-0.000491785911891252,-0.00154738353895634,0.998024257364767,
v;1565710139227;-0.125702610774082,-0.000793509553043513,-0.00305095245118269
q;1565710139244;-0.0617063418542627,-0.000878727204140006,-0.00162748244427721,0.998092635216992,
v;1565710139244;-0.123493806575126,-0.00156517079020564,-0.00316441479311302
q;1565710139262;-0.0605546187671763,-0.00142824424431592,-0.0017084201172175,0.998162423131994,
v;1565710139262;-0.121187990822713,-0.00266387474811482,-0.00326151456191319
q;1565710139277;-0.0592963678084541,-0.00181352669725909,-0.00191558267410283,0.998236909754584,
v;1565710139277;-0.118668919933063,-0.00341752609910864,-0.00363491147398202
q;1565710139294;-0.0581384526814948,-0.00205844159477014,-0.00257764978671532,0.998303017170847,
v;1565710139294;-0.116352548180707,-0.00383612238651297,-0.004940627052084
q;1565710139309;-0.0576648137455575,-0.00225078558680403,-0.00370353544003338,0.998326646307505,
v;1565710139309;-0.11540933695131,-0.00409415788844149,-0.00718293815461651
q;1565710139325;-0.0567609253778207,-0.00265054030928252,-0.00451173972958857,0.998374098513602,
v;1565710139325;-0.113605403638641,-0.00481131346097162,-0.00876452290029555
q;1565710139341;-0.0556030145615757,-0.00310678813634235,-0.00533142853888985,0.998433881552881,
v;1565710139341;-0.111294610564194,-0.00564591836779294,-0.0103649752497592
q;1565710139358;-0.054594469984393,-0.00383649543851711,-0.00592951823771098,0.998483698516725,
v;1565710139358;-0.109286287208659,-0.00705607184402701,-0.011490955895345
q;1565710139374;-0.0536127634462501,-0.00444092908891702,-0.00681183069211139,0.998528760773411,
v;1565710139374;-0.107334248745279,-0.00818558593020491,-0.0132038033422373
q;1565710139393;-0.0517277982697423,-0.00523029458968377,-0.00857206460543958,0.998610784939276,
v;1565710139393;-0.103586695000048,-0.00961089360432891,-0.0166693296061991
q;1565710139410;-0.0510605330224187,-0.0060381404901475,-0.00991147599713268,0.998628110358466,
v;1565710139410;-0.102278890491711,-0.0111058084152277,-0.0192810857008128
q;1565710139427;-0.0497229040304651,-0.00714936709184677,-0.0103880556708117,0.998683458065769,
v;1565710139427;-0.0996281520871144,-0.0133132696186329,-0.0201390035791665
q;1565710139445;-0.0472177148587752,-0.0080808025568111,-0.0100684583989719,0.998801161193419,
v;1565710139445;-0.0946260913016669,-0.015260270405122,-0.0194378395928483
q;1565710139464;-0.0452426820177231,-0.00940918137380276,-0.00912052093843232,0.998890154898177,
v;1565710139464;-0.0906807996299052,-0.0180473300886799,-0.0174419481615509
q;1565710139482;-0.0438181062942887,-0.0109644626796087,-0.00828435237273975,0.998945045993534,
v;1565710139482;-0.0878383376519186,-0.021263354927442,-0.0156513187048627
q;1565710139510;-0.0408526464852629,-0.0123246514372384,-0.00743250178494473,0.999061507325231,
v;1565710139510;-0.0819033585716983,-0.0241020154756156,-0.013891074594274
q;1565710139535;-0.0388721490858561,-0.0124066401247866,-0.00669519555161457,0.999144734859156,
v;1565710139535;-0.0779227693064578,-0.0243478253895587,-0.0124525004887123
q;1565710139559;-0.0372216684042944,-0.0123157869487212,-0.0058107626546206,0.999214341156989,
v;1565710139559;-0.0745971442683788,-0.0242494588327495,-0.0107256002626015
q;1565710139583;-0.0355268057388268,-0.0123609490174375,-0.00454452295735724,0.999281931960933,
v;1565710139583;-0.0711750182187839,-0.0244455627930498,-0.00822514682334535
q;1565710139607;-0.0341613810342497,-0.0124913046131674,-0.00297606615446913,0.999333878502789,
v;1565710139607;-0.0684049353559202,-0.0248232322114824,-0.00510669222410295
q;1565710139631;-0.0323004030247152,-0.011725142907002,-0.00212767975721315,0.999407179005478,
v;1565710139631;-0.0646574456118827,-0.0233498424554207,-0.00350270944975017
q;1565710139654;-0.031067316598832,-0.0116088511328556,-0.00213126750792217,0.999447637192747,
v;1565710139654;-0.0621898751124133,-0.023119200910365,-0.00354573074789177
q;1565710139679;-0.0290837571551724,-0.0117599493382389,-0.00278205822527236,0.999503935951103,
v;1565710139679;-0.0582370065863479,-0.0233881843432808,-0.0048856112272847
q;1565710139700;-0.0276309287860694,-0.0125434277139388,-0.00268984567745051,0.999535902052028,
v;1565710139700;-0.0553319203372375,-0.024967367292644,-0.0046912182506984
q;1565710139723;-0.0263240792534669,-0.0135045033428455,-0.00178251376921204,0.999560658622477,
v;1565710139723;-0.0526975590066451,-0.0269439533758371,-0.00285644322109456
q;1565710139747;-0.0254244003218119,-0.014536355643987,-0.000803140413982745,0.999570733082231,
v;1565710139747;-0.0508722623588018,-0.0290610744458649,-0.000867557534962484
q;1565710139769;-0.0250967209827005,-0.0145431140574438,0.000624810675493581,0.999579055344908,
v;1565710139769;-0.0501751903579664,-0.0291461477918032,0.00198155938998483
q;1565710139790;-0.024771147708609,-0.0149452516648083,0.00201790680473216,0.999579429320573,
v;1565710139790;-0.0494813323595129,-0.030019148871057,0.00478040750841549
q;1565710139810;-0.0242207536760994,-0.0148963419058547,0.00388777564257511,0.999588068943138,
v;1565710139810;-0.0483245317183627,-0.0300082710014814,0.00850397949929399
q;1565710139830;-0.0238354155714978,-0.0152436353239028,0.00570205212861868,0.999583403872829,
v;1565710139830;-0.0474949859622886,-0.0307859652092816,0.0121400179709859
q;1565710139851;-0.0234729219494527,-0.0150191218652895,0.00716907452190615,0.999585913977138,
v;1565710139851;-0.0467280612282959,-0.0304002243407063,0.0150542977990976
q;1565710139870;-0.0233848090256315,-0.0145343368388293,0.00820905908726136,0.999587176271965,
v;1565710139870;-0.0465284704026378,-0.0294767731786938,0.0171104576121655
q;1565710139891;-0.0230522057590156,-0.0139473067706475,0.00840593614301524,0.99960161941075,
v;1565710139891;-0.0458676454215627,-0.0283045958174864,0.0174674656055224
q;1565710139911;-0.0227599620227904,-0.0134501857482004,0.00808462520433409,0.999617790371245,
v;1565710139911;-0.0453005387134583,-0.0272894811040066,0.0167933384946145
q;1565710139931;-0.0222703552180504,-0.0131752593708169,0.00730534499543017,0.99963852591049,
v;1565710139931;-0.0443466445997259,-0.0266957925981341,0.0152077811832454
q;1565710139952;-0.0218892875823571,-0.0130306733308551,0.00628246284430881,0.999655788597503,
v;1565710139952;-0.0436136018979661,-0.0263555235183241,0.0131439419788369
q;1565710139974;-0.0211416391627821,-0.0129862971030289,0.00521813786944939,0.999678593132571,
v;1565710139974;-0.0421466362892255,-0.0262111614340223,0.0109920071340028
