q;1565806136287;-0.07373485,0.9693232,-0.107534334,-0.20835562,
v;1565806136287;0.241538955489575,-2.73043377226784,-0.101241830399334
q;1565806136304;-0.07395716,0.9690715,-0.108587325,-0.20890075,
v;1565806136304;0.243764129979817,-2.72935230789257,-0.10112852462147
q;1565806136319;-0.0740736,0.96873677,-0.10958059,-0.2098913,
v;1565806136319;0.245874175230849,-2.72731274369791,-0.100709496819318
q;1565806136335;-0.07373671,0.96844304,-0.11065999,-0.21079698,
v;1565806136335;0.247955751381689,-2.7253394120381,-0.0993633625742864
q;1565806136350;-0.07413613,0.9680805,-0.111907944,-0.21166138,
v;1565806136350;0.250672304970813,-2.72362502282632,-0.0994326308359296
q;1565806136365;-0.07424555,0.96769947,-0.11309542,-0.21273173,
v;1565806136365;0.253169340125432,-2.72140641813951,-0.09888483700279
q;1565806136381;-0.07449328,0.9672143,-0.11478751,-0.21394202,
v;1565806136381;0.256733763382634,-2.7189213614862,-0.0983634417314502
q;1565806136396;-0.07456107,0.9667063,-0.1166548,-0.21520087,
v;1565806136396;0.260571782209562,-2.7162812347417,-0.0973849883711248
q;1565806136411;-0.07459366,0.966156,-0.11841885,-0.21669209,
v;1565806136411;0.264213225560328,-2.7131359718228,-0.0963028680718918
q;1565806136425;-0.07491661,0.96561825,-0.12001029,-0.21809736,
v;1565806136425;0.267629926840237,-2.71023965930977,-0.0958891033257014
q;1565806136442;-0.0752238,0.9649425,-0.12195324,-0.21989709,
v;1565806136442;0.27177189510766,-2.70649504094702,-0.0951703482336818
q;1565806136458;-0.07556948,0.9642732,-0.12397983,-0.22157498,
v;1565806136458;0.276083397933684,-2.70300506170467,-0.0945120374350882
q;1565806136476;-0.075747825,0.96346456,-0.12622486,-0.22375348,
v;1565806136476;0.28079961793127,-2.69839534915307,-0.0932564763619812
q;1565806136493;-0.0759442,0.9626667,-0.12837307,-0.22588871,
v;1565806136493;0.285326571113317,-2.69386806412684,-0.0920689807213686
q;1565806136511;-0.07621038,0.96175444,-0.13079876,-0.22828089,
v;1565806136511;0.29045408846605,-2.68878889700393,-0.0907962022459185
q;1565806136529;-0.07631165,0.960879,-0.13326374,-0.23049681,
v;1565806136529;0.295564420195415,-2.68401488918639,-0.0891997952645392
q;1565806136548;-0.0761221,0.959904,-0.13599335,-0.23301397,
v;1565806136548;0.301084554066308,-2.67848111012224,-0.0867703922445755
q;1565806136567;-0.07634912,0.958728,-0.13895537,-0.23601444,
v;1565806136567;0.307293254558774,-2.67199518084733,-0.0848782927115498
q;1565806136582;-0.07628474,0.9577865,-0.14118956,-0.23851869,
v;1565806136582;0.311881153781237,-2.66649433980991,-0.0828640400987756
q;1565806136597;-0.07642212,0.9567357,-0.14375839,-0.24114318,
v;1565806136597;0.31722888306978,-2.66075010049189,-0.0810259508928539
q;1565806136612;-0.07646457,0.95553064,-0.1463355,-0.2443366,
v;1565806136612;0.322588177511066,-2.65372682049751,-0.0787579223000128
q;1565806136627;-0.07640491,0.95427895,-0.1488378,-0.2477122,
v;1565806136627;0.327755070953921,-2.64625093781141,-0.0762121139503365
q;1565806136644;-0.0764115,0.95279914,-0.15159374,-0.2517033,
v;1565806136644;0.333490092690316,-2.63740767368861,-0.073402672841566
q;1565806136660;-0.076479934,0.951261,-0.15452643,-0.2556853,
v;1565806136660;0.339588926371494,-2.62853713164003,-0.0705698233090701
q;1565806136677;-0.07639056,0.94953334,-0.15777767,-0.26010975,
v;1565806136677;0.346247254917936,-2.61856594512793,-0.067016135580458
q;1565806136696;-0.07633699,0.94757646,-0.16101632,-0.26522705,
v;1565806136696;0.352924804417161,-2.60703198764403,-0.0631927983964847
q;1565806136714;-0.076285966,0.945543,-0.16441496,-0.27036387,
v;1565806136714;0.35989158615883,-2.59535451243645,-0.0591835149237568
q;1565806136733;-0.07620188,0.94349825,-0.16768748,-0.27547273,
v;1565806136733;0.366562865429883,-2.58366071522134,-0.0550920951036552
q;1565806136752;-0.07592752,0.94124705,-0.17093258,-0.2811958,
v;1565806136752;0.37307494460824,-2.57046832451321,-0.0502805354468215
q;1565806136771;-0.075684205,0.93883497,-0.17406373,-0.2873373,
v;1565806136771;0.37936212678935,-2.55628508907442,-0.0453162990866655
q;1565806136794;-0.0755639,0.9361435,-0.1773666,-0.294052,
v;1565806136794;0.386037633243616,-2.54073544995121,-0.0401305567842915
q;1565806136816;-0.07529169,0.93347865,-0.18040648,-0.30066976,
v;1565806136816;0.392053662949543,-2.52528204822135,-0.0347217366551469
q;1565806136837;-0.07533681,0.93073756,-0.1832192,-0.3073804,
v;1565806136837;0.397779426106419,-2.5096740175947,-0.0299436362024594
q;1565806136857;-0.075380675,0.92820054,-0.185499,-0.31361055,
v;1565806136857;0.40241426854089,-2.49516743658341,-0.0256385162639375
q;1565806136876;-0.07504411,0.925857,-0.18759097,-0.3193225,
v;1565806136876;0.406385035030972,-2.48165235293972,-0.0208561996259136
q;1565806136895;-0.074988745,0.9235615,-0.1891765,-0.324997,
v;1565806136895;0.409525924317072,-2.46838860442295,-0.0169523888566148
q;1565806136913;-0.07447777,0.92135376,-0.19064768,-0.3304752,
v;1565806136913;0.412099589772105,-2.45537417143108,-0.0122586377562368
q;1565806136935;-0.07392406,0.91889966,-0.19218756,-0.33648568,
v;1565806136935;0.414738859028169,-2.44105449114357,-0.00712496173645463
q;1565806136954;-0.07316849,0.9164369,-0.1933374,-0.3426521,
v;1565806136954;0.416438304187935,-2.42636060304273,-0.00176447711924791
q;1565806136975;-0.07247167,0.9133981,-0.19423397,-0.35032135,
v;1565806136975;0.4176380255101,-2.40826851818057,0.00404535181185487
q;1565806136995;-0.071831904,0.9106679,-0.19517687,-0.35697374,
v;1565806136995;0.418912061695496,-2.39244472212472,0.00932221228836294
q;1565806137012;-0.07094282,0.9084041,-0.1960006,-0.36242646,
v;1565806137012;0.419735150393873,-2.37928064141452,0.0144356248082896
q;1565806137030;-0.07030078,0.90615475,-0.19647034,-0.36788693,
v;1565806137030;0.420032950868544,-2.36627479920353,0.0187848404668436
q;1565806137050;-0.069182426,0.90351266,-0.1963489,-0.37460086,
v;1565806137050;0.418772168273188,-2.3503873947059,0.024182311007772
q;1565806137069;-0.068060756,0.90081537,-0.19615068,-0.38134536,
v;1565806137069;0.417307407829549,-2.33442536881068,0.0295190958910798
q;1565806137087;-0.06700731,0.89849186,-0.1959321,-0.38708282,
v;1565806137087;0.415843350760238,-2.32080877164985,0.0341930155214648
q;1565806137105;-0.065830685,0.8963096,-0.19543092,-0.39255852,
v;1565806137105;0.413719738423139,-2.30785677532939,0.0387007550872771
q;1565806137122;-0.06491645,0.8942735,-0.194345,-0.3978578,
v;1565806137122;0.410698891660402,-2.29563311636412,0.0420449566735696
q;1565806137140;-0.06392166,0.89209396,-0.19290152,-0.4035733,
v;1565806137140;0.406902580273126,-2.28255365940766,0.0453702797161243
q;1565806137161;-0.06251877,0.8895113,-0.19093628,-0.4103711,
v;1565806137161;0.401708873981269,-2.26702880775053,0.049441528023911
q;1565806137177;-0.06141364,0.88743347,-0.18904588,-0.4158748,
v;1565806137177;0.396955154504539,-2.25459515910756,0.0523287756142937
q;1565806137195;-0.060334403,0.8850397,-0.18694481,-0.42203808,
v;1565806137195;0.391779824970191,-2.24070874803237,0.055207944207418
q;1565806137214;-0.059117485,0.88258827,-0.18433554,-0.4284432,
v;1565806137214;0.385520775369665,-2.22642947087569,0.0578799931694099
q;1565806137231;-0.05794259,0.8805489,-0.18141332,-0.434011,
v;1565806137231;0.378774423525565,-2.21426548404171,0.059692184938532
q;1565806137249;-0.05643184,0.87833434,-0.17749706,-0.44027153,
v;1565806137249;0.369869962262354,-2.20080704027679,0.0613462038139936
q;1565806137267;-0.054913353,0.876331,-0.17357077,-0.44598404,
v;1565806137267;0.36098064996786,-2.18863749736958,0.0626511877654966
q;1565806137285;-0.053065635,0.8742411,-0.16901825,-0.45201704,
v;1565806137285;0.350639583019897,-2.17588974963874,0.0639457532495062
q;1565806137303;-0.05113892,0.8721603,-0.16457517,-0.45786038,
v;1565806137303;0.340438894629364,-2.16351464447227,0.0652932461175533
q;1565806137322;-0.048459563,0.86997384,-0.15994303,-0.46391323,
v;1565806137322;0.32916668930247,-2.15054861993405,0.0677697697987425
q;1565806137339;-0.046013363,0.86805975,-0.15539771,-0.46926174,
v;1565806137339;0.318322331328805,-2.13925634070183,0.0695046260628327
q;1565806137356;-0.0438904,0.86603475,-0.15089896,-0.4746441,
v;1565806137356;0.307872780273948,-2.12791942235896,0.0706008881358818
q;1565806137372;-0.041687906,0.86424285,-0.14666094,-0.47941318,
v;1565806137372;0.297857582815714,-2.11789724780759,0.0717852378539134
q;1565806137389;-0.039423082,0.86238915,-0.14228392,-0.4842376,
v;1565806137389;0.287534173353117,-2.10777141356688,0.0728551503932903
q;1565806137405;-0.03721861,0.86033314,-0.1378997,-0.4893111,
v;1565806137405;0.277240244820579,-2.09704966342475,0.0737931292295219
q;1565806137425;-0.03416851,0.85812116,-0.13329543,-0.49466443,
v;1565806137425;0.265685887190115,-2.08558882596061,0.0759675594490361
q;1565806137443;-0.03172342,0.856194,-0.12961747,-0.49912393,
v;1565806137443;0.256424135833379,-2.07598617245761,0.0776831112452928
q;1565806137459;0.029766787,-0.85430527,0.12617962,0.5033442,
v;1565806137459;0.248094973749508,-2.06692186644703,0.0786504135670934
q;1565806137475;0.027612861,-0.8523934,0.12286266,0.5075114,
v;1565806137475;0.239773203712502,-2.05789546441708,0.0800060694212014
q;1565806137490;0.025714142,-0.8508707,0.11973699,0.51090205,
v;1565806137490;0.232114889218899,-2.05066786223782,0.0808426278392281
q;1565806137505;0.023897983,-0.8492812,0.11641099,0.5143919,
v;1565806137505;0.224190494907871,-2.04326742108923,0.0812911476851958
q;1565806137521;0.022379488,-0.8478714,0.1130308,0.5175299,
v;1565806137521;0.21652316209528,-2.0367373813568,0.0810221733539823
q;1565806137535;0.020817861,-0.84665865,0.110092536,0.52020705,
v;1565806137535;0.209612392344152,-2.03113602268509,0.0811540118647971
q;1565806137549;0.019186491,-0.845517,0.107337855,0.52269655,
v;1565806137549;0.20295993292055,-2.02590099053164,0.0815270801239134
q;1565806137564;0.017691119,-0.8441957,0.10415205,0.52552164,
v;1565806137564;0.195690148411039,-2.01999836598073,0.0812369090448668
q;1565806137578;0.016526703,-0.84303427,0.10139331,0.527958,
v;1565806137578;0.189539722245105,-2.01490631609234,0.0807295352706967
q;1565806137592;0.015420862,-0.84147626,0.09853436,0.53100926,
v;1565806137592;0.183229431866709,-2.00835936109357,0.0801181322936076
q;1565806137606;0.014328926,-0.8398381,0.095941804,0.534099,
v;1565806137606;0.177386099126824,-2.00162062334102,0.0797515119417769
q;1565806137620;0.013313985,-0.83794105,0.093152575,0.53758734,
v;1565806137620;0.171263593902492,-1.99396610307474,0.079080750374979
q;1565806137634;0.012092472,-0.835961,0.09003614,0.54121745,
v;1565806137634;0.164361750930938,-1.98601564814014,0.078376000278273
q;1565806137649;0.010770866,-0.83396655,0.0869601,0.54481363,
v;1565806137649;0.157429341079378,-1.97809569066978,0.0778290566206362
q;1565806137666;0.009156156,-0.8317294,0.08380853,0.54874265,
v;1565806137666;0.150022908157601,-1.96933748538494,0.0776977440069145
q;1565806137682;0.0071727214,-0.8296996,0.08071624,0.5522972,
v;1565806137682;0.142343612590327,-1.96141064405408,0.0781250818460101
q;1565806137699;0.005128513,-0.82753456,0.07765228,0.5559948,
v;1565806137699;0.134629067092836,-1.9530961890678,0.0786525314763422
q;1565806137716;0.0031322266,-0.82532895,0.074035436,0.5597688,
v;1565806137716;0.126047329560062,-1.94470096816371,0.0784170429359679
q;1565806137733;0.0013961778,-0.8235327,0.07056719,0.5628608,
v;1565806137733;0.118074652067531,-1.93790162018889,0.0777586159169145
q;1565806137751;-0.0005194938,-0.8216096,0.06674839,0.56612897,
v;1565806137751;0.109311599532753,-1.93070341956955,0.0769649159479105
q;1565806137770;-0.0025868276,-0.81994766,0.06256217,0.56900364,
v;1565806137770;0.0998172531975161,-1.92449061693235,0.0758885324485557
q;1565806137788;-0.004753618,-0.81858593,0.058686484,0.57135844,
v;1565806137788;0.0907724245368374,-1.91943365851363,0.0752248600939438
q;1565806137807;-0.007327354,-0.81754905,0.054007344,0.57327396,
v;1565806137807;0.0799914216703928,-1.91554586249171,0.0742081112817399
q;1565806137826;-0.010232238,-0.81668746,0.049043603,0.5749014,
v;1565806137826;0.0683948462822922,-1.91234777851714,0.0733406010461524
q;1565806137842;-0.012553966,-0.81607425,0.0445022,0.57609457,
v;1565806137842;0.0582025106024127,-1.910102674614,0.0719486719949937
q;1565806137859;-0.014451481,-0.8154991,0.04023726,0.577177,
v;1565806137859;0.0489643367735017,-1.9080448373783,0.0701599454884379
q;1565806137874;-0.016351528,-0.8150673,0.03617313,0.5780047,
v;1565806137874;0.0400752768711414,-1.90653710960608,0.0685804365325708
q;1565806137889;-0.01800724,-0.8149014,0.032165617,0.57842624,
v;1565806137889;0.0315971497956666,-1.90597854591163,0.066641679682484
q;1565806137906;-0.020171853,-0.8148894,0.027050162,0.5786335,
v;1565806137906;0.0207430482589803,-1.90601323690891,0.0642378987268092
q;1565806137921;-0.022113957,-0.8150132,0.02222883,0.57859343,
v;1565806137921;0.0106438002505152,-1.90655941348094,0.0618120965615545
q;1565806137937;-0.02449402,-0.8152403,0.01739712,0.5783431,
v;1565806137937;3.3771739354421e-05,-1.90755901758275,0.060096199978827
q;1565806137954;-0.026671974,-0.81561774,0.012246995,0.5778462,
v;1565806137954;-0.0108470775857138,-1.90912073077466,0.0576974288251024
q;1565806137970;-0.028629722,-0.8159637,0.0073706317,0.57734674,
v;1565806137970;-0.021031767982224,-1.91060483159704,0.0552728055710961
q;1565806137986;-0.030528381,-0.81660116,0.0022887702,0.5763899,
v;1565806137986;-0.0314596652131429,-1.91314987864815,0.0525476396585114
q;1565806138003;-0.032254957,-0.81747764,-0.002920809,0.5750491,
v;1565806138003;-0.0418840049837939,-1.91656222723503,0.0494396746227025
q;1565806138019;-0.03380709,-0.8184436,-0.00807988,0.5735345,
v;1565806138019;-0.0520283869587162,-1.92031870704343,0.0461490174772845
q;1565806138037;-0.0357949,-0.8193528,-0.013590593,0.5720096,
v;1565806138037;-0.0632632243290403,-1.92402890392723,0.0432092591555674
q;1565806138054;-0.03780533,-0.82008076,-0.01901911,0.57068086,
v;1565806138054;-0.0744126232370784,-1.92718152250281,0.0404220013873786
q;1565806138071;-0.03951085,-0.8208038,-0.024592923,0.5693112,
v;1565806138071;-0.0854638692230123,-1.9303367903888,0.0370027243289517
q;1565806138088;-0.04097502,-0.8217824,-0.030537052,0.5675053,
v;1565806138088;-0.0968480331698609,-1.93443493039361,0.0328450155799375
q;1565806138106;-0.042675514,-0.82260275,-0.036393005,0.5658437,
v;1565806138106;-0.108381372913604,-1.93809969679207,0.0291999411679854
q;1565806138124;-0.044213556,-0.8228983,-0.042343304,0.56488115,
v;1565806138124;-0.119926539224546,-1.93994811443088,0.0251116379344038
q;1565806138141;-0.045758802,-0.8231873,-0.04918778,0.56378126,
v;1565806138141;-0.132968906696597,-1.94192101855762,0.0200521715697988
q;1565806138158;-0.046977133,-0.82350475,-0.056047097,0.562576,
v;1565806138158;-0.145681269535391,-1.94399517263757,0.0144639936808606
q;1565806138175;-0.048631553,-0.8238922,-0.06202318,0.5612395,
v;1565806138175;-0.157438319158006,-1.94643212032282,0.0106464697180167
q;1565806138193;-0.05073393,-0.82415175,-0.06799057,0.55997974,
v;1565806138193;-0.169702408934686,-1.94862079711968,0.00758729364772818
q;1565806138209;-0.051987022,-0.824361,-0.07366682,0.55883765,
v;1565806138209;-0.18053989257643,-1.9504193114907,0.00343235480165302
q;1565806138226;-0.052635305,-0.8249427,-0.08013988,0.5570248,
v;1565806138226;-0.192038134916017,-1.95354022616812,-0.00248323107277182
q;1565806138242;-0.053744785,-0.8255849,-0.08594345,0.55509895,
v;1565806138242;-0.202965230657549,-1.95701690344832,-0.00681235956098673
q;1565806138257;-0.055039644,-0.8260381,-0.09078839,0.5535244,
v;1565806138257;-0.212516968762512,-1.95980238468823,-0.00979807145483376
q;1565806138273;-0.05627637,-0.8263867,-0.09589669,0.552016,
v;1565806138273;-0.22245666136736,-1.96228676398759,-0.0131862297790527
q;1565806138287;-0.05716721,-0.8266159,-0.100664005,0.5507311,
v;1565806138287;-0.231449337765362,-1.96421250845119,-0.0168161209641536
q;1565806138304;-0.058254804,-0.82680404,-0.105987966,0.5493343,
v;1565806138304;-0.241609082446564,-1.96620459678657,-0.0207182521425342
q;1565806138320;-0.059215352,-0.82716906,-0.1109369,0.54770243,
v;1565806138320;-0.251019799618222,-1.96879801951496,-0.0243232276873616
q;1565806138337;-0.06011645,-0.8277119,-0.1162449,0.54567957,
v;1565806138337;-0.260996271829162,-1.9721585734355,-0.0283091192094586
q;1565806138354;-0.06083713,-0.82826453,-0.12130076,0.54365695,
v;1565806138354;-0.270369250129493,-1.97550457096762,-0.0322920305716778
q;1565806138370;-0.06164375,-0.8286618,-0.12561335,0.5419788,
v;1565806138370;-0.278590930476687,-1.97821217724327,-0.0353665898406029
q;1565806138388;-0.06268801,-0.8290711,-0.13072723,0.54002005,
v;1565806138388;-0.288453439239419,-1.98129296713511,-0.0388598887969379
q;1565806138406;-0.063361906,-0.8297069,-0.13669328,0.53748184,
v;1565806138406;-0.299395302253793,-1.98534175503391,-0.0437565395380782
q;1565806138423;-0.06399247,-0.83042586,-0.1412656,0.53510916,
v;1565806138423;-0.307951485360781,-1.98944793269116,-0.0471371596711622
q;1565806138440;-0.06525643,-0.83169365,-0.14726995,0.5313557,
v;1565806138440;-0.31973575253752,-1.99639960111737,-0.0505406358889667
q;1565806138457;-0.06683501,-0.8327931,-0.15220827,0.52803546,
v;1565806138457;-0.330058640820336,-2.00271946268113,-0.0522669631707758
q;1565806138473;-0.06833366,-0.83368784,-0.15658835,0.525143,
v;1565806138473;-0.339336491439695,-2.00817151630976,-0.0536057008085199
q;1565806138488;-0.06934214,-0.8343495,-0.16107023,0.5225984,
v;1565806138488;-0.34825056765461,-2.01258903858053,-0.0560298907296676
q;1565806138504;-0.070135996,-0.83535695,-0.16600077,0.5193298,
v;1565806138504;-0.357770971756202,-2.01849414694252,-0.0590096924396592
q;1565806138521;-0.07109983,-0.8366061,-0.17095105,0.5155686,
v;1565806138521;-0.367572412118196,-2.02558455003909,-0.061449652202495
q;1565806138538;-0.07233004,-0.83779335,-0.17528793,0.512001,
v;1565806138538;-0.376616515426164,-2.03250699877898,-0.062735022718481
q;1565806138555;-0.07376914,-0.83913326,-0.17988525,0.5079909,
v;1565806138555;-0.386386192078944,-2.04040273346764,-0.0636912549297343
q;1565806138571;-0.0752927,-0.84028816,-0.18399316,0.50437427,
v;1565806138571;-0.395387638547638,-2.04756731134803,-0.0640497145963169
q;1565806138593;0.07658762,0.8421908,0.18956892,-0.4989113,
v;1565806138593;-0.40685961957053,-2.05844599078639,-0.0655472161976684
q;1565806138611;0.07783381,0.8446376,0.19458918,-0.4926097,
v;1565806138611;-0.417414231130398,-2.07164332779213,-0.0659351480064533
q;1565806138628;0.07891729,0.84660184,0.1984347,-0.48750505,
v;1565806138628;-0.425674868444716,-2.08244857301646,-0.0657647881967122
q;1565806138645;0.08007501,0.84857106,0.20206186,-0.48237553,
v;1565806138645;-0.433643829954271,-2.09344017472732,-0.0651088882773976
q;1565806138660;0.080713466,0.8501099,0.20518625,-0.47822288,
v;1565806138660;-0.44013298231307,-2.10214137199466,-0.0652825835316514
q;1565806138676;0.08138976,0.85151607,0.20848794,-0.47416124,
v;1565806138676;-0.446981327636742,-2.11051525244168,-0.0655907169551117
q;1565806138691;0.08172263,0.8530277,0.21170548,-0.46994248,
v;1565806138691;-0.453362861911582,-2.11921138486791,-0.0662964234938446
q;1565806138706;0.08202025,0.8549659,0.21482316,-0.46492687,
v;1565806138706;-0.459611312327002,-2.12990853337711,-0.0664441324106556
q;1565806138722;0.082346134,0.85724986,0.2178755,-0.45920813,
v;1565806138722;-0.465842304441658,-2.1423733266542,-0.065992714576251
q;1565806138740;0.08263242,0.8592288,0.22046441,-0.4541951,
v;1565806138740;-0.471161146707599,-2.1533372841916,-0.0654391355250418
q;1565806138756;0.08297351,0.86107355,0.22342463,-0.449165,
v;1565806138756;-0.477215635856469,-2.16413517623967,-0.0651343480375631
q;1565806138773;0.08343079,0.8630981,0.22662385,-0.44355693,
v;1565806138773;-0.483871648824605,-2.17624892576342,-0.064463091914735
q;1565806138792;0.08428391,0.86631024,0.23026982,-0.43517652,
v;1565806138792;-0.491928922578039,-2.19506341997061,-0.0617394243580969
q;1565806138809;0.084619105,0.86900145,0.23367482,-0.42786938,
v;1565806138809;-0.498990486256691,-2.21118075410637,-0.060278374233111
q;1565806138826;0.08499306,0.87164384,0.23676409,-0.42066136,
v;1565806138826;-0.505510911179972,-2.22724355084745,-0.0583552866560224
q;1565806138844;0.08536063,0.87398404,0.24049173,-0.4135569,
v;1565806138844;-0.513208376630598,-2.24267552778384,-0.0570877849128884
q;1565806138862;0.08584461,0.87647057,0.24447517,-0.40578556,
v;1565806138862;-0.521544151808248,-2.25964510444545,-0.0553057287369026
q;1565806138878;0.08637092,0.878959,0.24802996,-0.39806062,
v;1565806138878;-0.529124841950153,-2.27677486914367,-0.0528818333316844
q;1565806138895;0.08719243,0.8820024,0.25201333,-0.38853386,
v;1565806138895;-0.537869114246966,-2.29822456925126,-0.0489522989463213
q;1565806138911;0.08816703,0.8845089,0.2554742,-0.38026765,
v;1565806138911;-0.545671914487696,-2.31697940561769,-0.0448548315670356
q;1565806138926;0.0887958,0.88669556,0.25895527,-0.37259695,
v;1565806138926;-0.553184060926935,-2.33413286848636,-0.041737399134419
q;1565806138942;0.089207634,0.88884604,0.26282996,-0.36457524,
v;1565806138942;-0.561287416269871,-2.35185190002678,-0.0390602945202636
q;1565806138957;0.08966148,0.89134824,0.266684,-0.35544172,
v;1565806138957;-0.569434051103778,-2.37236532878355,-0.0353217752371374
q;1565806138974;0.09083224,0.8942768,0.27094856,-0.34439144,
v;1565806138974;-0.578979109117197,-2.39778881966509,-0.0288759040743619
q;1565806138991;0.092083395,0.8973594,0.27497476,-0.3326495,
v;1565806138991;-0.588080924995452,-2.42517059678605,-0.0212473762814574
q;1565806139008;0.09289876,0.9004109,0.27882236,-0.320762,
v;1565806139008;-0.596446601330791,-2.45284593787683,-0.0139936975238049
q;1565806139024;0.09356183,0.9027119,0.2821433,-0.31105062,
v;1565806139024;-0.603579525139756,-2.47543116823617,-0.00802008919538787
q;1565806139040;0.093286775,0.9044777,0.28542683,-0.30290145,
v;1565806139040;-0.609963819267713,-2.49369110186578,-0.00507620152541993
q;1565806139058;0.09254086,0.9061603,0.28833666,-0.2952485,
v;1565806139058;-0.615300049605612,-2.51064769307627,-0.00312053516315225
q;1565806139075;0.09135452,0.9079652,0.29064405,-0.28771454,
v;1565806139075;-0.619167509720712,-2.52732437416961,-0.00165969070809453
q;1565806139091;0.090471506,0.9098447,0.29199666,-0.28059852,
v;1565806139091;-0.621328110626355,-2.54359829314793,0.000937613586441354
q;1565806139109;0.08948831,0.9115745,0.2929581,-0.27422503,
v;1565806139109;-0.622645371726313,-2.55814585815476,0.00305000809938959
q;1565806139127;0.08783422,0.9129425,0.29377493,-0.26929066,
v;1565806139127;-0.623284380257801,-2.56877552693328,0.002652202710842
q;1565806139144;0.08578134,0.91429335,0.29458094,-0.26444533,
v;1565806139144;-0.62369163721095,-2.57891001947364,0.00130278863613529
q;1565806139161;0.08402249,0.9158071,0.2952766,-0.25893897,
v;1565806139161;-0.6240741690402,-2.59087927312839,0.00120707736315114
q;1565806139177;0.08273304,0.91729337,0.29551017,-0.2537753,
v;1565806139177;-0.623808066591701,-2.60249412777666,0.0022109942893557
q;1565806139193;0.08167506,0.9187712,0.29576156,-0.24842249,
v;1565806139193;-0.623714442891796,-2.61469484420018,0.00386065142401923
q;1565806139208;0.08052478,0.92026687,0.29592103,-0.24301335,
v;1565806139208;-0.623388729672202,-2.62698208093732,0.00539850719693163
q;1565806139225;0.07913965,0.92185986,0.29628575,-0.23690945,
v;1565806139225;-0.623359057492251,-2.64069071852438,0.00680556367645481
q;1565806139242;0.07824904,0.9237388,0.2962787,-0.22978853,
v;1565806139242;-0.62282214337376,-2.65730082500016,0.0103425726885797
q;1565806139259;0.07765778,0.9255541,0.29600435,-0.22293569,
v;1565806139259;-0.621876600244578,-2.6735180716861,0.0144853473411633
q;1565806139275;0.07703453,0.92732245,0.29577497,-0.2160001,
v;1565806139275;-0.620984905576683,-2.68985282343333,0.0185633972174431
q;1565806139292;0.07671719,0.9291663,0.29550433,-0.20842667,
v;1565806139292;-0.620110569067091,-2.70789877821251,0.0238210653592639
q;1565806139309;0.076230444,0.9310208,0.29505092,-0.20083377,
v;1565806139309;-0.61874880098264,-2.72587271182587,0.0287686894582905
q;1565806139326;0.07552,0.93314135,0.29426593,-0.19222787,
v;1565806139326;-0.616542259028987,-2.7461314742012,0.0340917051245044
q;1565806139343;0.07508796,0.9351732,0.2931209,-0.18410075,
v;1565806139343;-0.613686410242375,-2.76544425208132,0.0397801813933679
q;1565806139359;0.07438419,0.9371098,0.2916519,-0.1767243,
v;1565806139359;-0.610052749314914,-2.78276403244665,0.0443380508911106
q;1565806139376;0.07348334,0.9390693,0.29016152,-0.16898344,
v;1565806139376;-0.606260619327756,-2.80072036421359,0.0486291285460567
q;1565806139395;0.07228027,0.9411204,0.28834328,-0.16101593,
v;1565806139395;-0.601655492336105,-2.8189602405349,0.0524174558188263
q;1565806139410;0.07074094,0.94307196,0.28615183,-0.15403941,
v;1565806139410;-0.596218358100159,-2.83459892835108,0.054736925838645
q;1565806139428;0.06912749,0.94508207,0.28379938,-0.14662604,
v;1565806139428;-0.590407025975715,-2.85113279350452,0.0571356143348102
q;1565806139445;0.06813089,0.94689834,0.28141764,-0.13980679,
v;1565806139445;-0.584758607485434,-2.8666039331118,0.060405064999126
q;1565806139462;0.067044295,0.948515,0.27907476,-0.13394646,
v;1565806139462;-0.579223052540313,-2.87969788627524,0.0626812887529751
q;1565806139477;0.06538797,0.94992965,0.27673644,-0.12951846,
v;1565806139477;-0.5736462040578,-2.88904220670545,0.0625974272479616
q;1565806139493;0.06336087,0.9513819,0.27428934,-0.12499286,
v;1565806139493;-0.567762729530846,-2.89833723646316,0.0617067741282713
q;1565806139511;0.060800556,0.95300573,0.27148905,-0.119904704,
v;1565806139511;-0.561010155186143,-2.9085668615954,0.0600098413289504
q;1565806139528;0.05857366,0.954644,0.26858217,-0.1144008,
v;1565806139528;-0.554128558054731,-2.91992120281667,0.0592825619770839
q;1565806139544;0.057476394,0.95614195,0.2655287,-0.10946939,
v;1565806139544;-0.547260839598771,-2.93063670433179,0.0606689438750904
q;1565806139561;0.05615291,0.9576303,0.26232883,-0.10476063,
v;1565806139561;-0.540066817900825,-2.94065367906132,0.0613484453984401
q;1565806139577;0.054915495,0.9591688,0.2587224,-0.100211084,
v;1565806139577;-0.532075712700093,-2.95032493249847,0.0621140728214117
q;1565806139596;0.0534099,0.96098095,0.2543877,-0.09460375,
v;1565806139596;-0.522477947903794,-2.96217112598258,0.0629548687868613
q;1565806139613;0.05225898,0.9626119,0.25014114,-0.08987045,
v;1565806139613;-0.513203704310245,-2.97218789287798,0.0639222743219967
q;1565806139632;0.05043177,0.96444476,0.24506406,-0.08512681,
v;1565806139632;-0.502123141348212,-2.98178935608243,0.0634199098544213
q;1565806139648;0.048153445,0.9660678,0.24032171,-0.08148539,
v;1565806139648;-0.491764165094279,-2.98864771295352,0.0611538136395255
q;1565806139665;0.04538256,0.9677234,0.23535427,-0.077847145,
v;1565806139665;-0.48090472643397,-2.99522073389158,0.0577735684027237
q;1565806139683;0.042910494,0.9693646,0.2304207,-0.0734669,
v;1565806139683;-0.470159339099769,-3.0035687503064,0.0553681090516843
q;1565806139699;0.040848475,0.970878,0.22574657,-0.069035426,
v;1565806139699;-0.460040883685595,-3.01221113110854,0.0537612776167235
q;1565806139716;0.038960975,0.97234076,0.22096997,-0.06486747,
v;1565806139716;-0.44978376624738,-3.02033718517062,0.0523248291141503
q;1565806139734;0.03679933,0.9739333,0.21548153,-0.060560066,
v;1565806139734;-0.438063278029291,-3.02860217384577,0.0503550870896927
q;1565806139750;0.034907795,0.97540796,0.21005419,-0.05690388,
v;1565806139750;-0.426569156480904,-3.03556709971398,0.0485618577221255
q;1565806139768;0.032515306,0.9768846,0.20450643,-0.053068787,
v;1565806139768;-0.41480279805928,-3.04267111990723,0.0457127925475128
q;1565806139788;0.029796062,0.97845304,0.19850057,-0.04836703,
v;1565806139788;-0.402075610931673,-3.05147278346115,0.0425080982571082
q;1565806139808;0.027232558,0.9799863,0.19235535,-0.043413077,
v;1565806139808;-0.389121476035548,-3.06086477470604,0.0396471125283586
q;1565806139831;0.025159752,0.98144084,0.18598111,-0.039393995,
v;1565806139831;-0.375826211339678,-3.06846047260592,0.0373472791134728
q;1565806139847;0.022480816,0.9829222,0.17891543,-0.036714047,
v;1565806139847;-0.361171740719388,-3.07298630925914,0.0332043029886894
q;1565806139863;0.019705951,0.98421514,0.17234579,-0.035059787,
v;1565806139863;-0.347589488339734,-3.07536631672265,0.0284074319619329
q;1565806139878;0.01712342,0.98533195,0.16644233,-0.033537034,
v;1565806139878;-0.335403728683491,-3.07759522147867,0.0239153151905548
q;1565806139896;0.014495575,0.98652744,0.15974963,-0.03214982,
v;1565806139896;-0.321644178618485,-3.07957232125107,0.0193206856324274
q;1565806139911;0.012137426,0.98749036,0.15412517,-0.030999212,
v;1565806139911;-0.310092515233229,-3.08119560065688,0.0151382278586644
q;1565806139926;0.0096849045,0.9884377,0.14826363,-0.030248797,
v;1565806139926;-0.29807918323821,-3.0820050105238,0.0106459081551063
q;1565806139942;0.007330236,0.98941386,0.14193957,-0.029321102,
v;1565806139942;-0.285152521308814,-3.08326508416645,0.00644179539301916
q;1565806139957;0.005268122,0.9902829,0.13599837,-0.028574403,
v;1565806139957;-0.273034521216252,-3.08427879890409,0.00276411202774898
q;1565806139973;0.0034853877,0.99113256,0.12982877,-0.028082468,
v;1565806139973;-0.260486633240744,-3.08488848145873,-0.000396228979995975
q;1565806139988;0.0013970061,0.99192554,0.12375769,-0.027672755,
v;1565806139988;-0.248132561935551,-3.08528646610711,-0.00420683629480917
q;1565806140006;-0.0012938405,0.99283355,0.11630283,-0.027450996,
v;1565806140006;-0.232969348142987,-3.0852315488458,-0.00920314135112206
q;1565806140027;-0.004121619,0.9938121,0.10764676,-0.02706982,
v;1565806140027;-0.215399959543556,-3.08557761131153,-0.0143523361626995
q;1565806140050;-0.0073556593,0.99477345,0.09823191,-0.026873857,
v;1565806140050;-0.196299907532488,-3.08557621183789,-0.020305506311164
q;1565806140073;-0.01007742,0.9955269,0.08972642,-0.02781597,
v;1565806140073;-0.179044575081652,-3.08343925894526,-0.0254661430116236
q;1565806140095;-0.012308079,0.9961384,0.081953324,-0.028991036,
v;1565806140095;-0.163284671000303,-3.08097418092989,-0.0296718958732222
q;1565806140113;-0.01467628,0.99661607,0.07495249,-0.03038411,
v;1565806140113;-0.149057207892973,-3.07808359903661,-0.0341937073509053
q;1565806140130;-0.016724814,0.9970146,0.06852302,-0.031413317,
v;1565806140130;-0.1360050406519,-3.07600932174829,-0.0380149558461389
q;1565806140146;-0.01843726,0.9973053,0.062861376,-0.033027142,
v;1565806140146;-0.124487390313413,-3.07281234419941,-0.0412583107595457
q;1565806140161;-0.020146059,0.9975686,0.057059254,-0.03457281,
v;1565806140161;-0.112686363119308,-3.06979951122605,-0.0444359085133531
q;1565806140176;-0.021498397,0.99777186,0.051861383,-0.03604881,
v;1565806140176;-0.102119069499489,-3.06696815466151,-0.0469015164320095
q;1565806140191;-0.022744693,0.99794,0.04689238,-0.037411746,
v;1565806140191;-0.0920195350923588,-3.06438721381321,-0.0491318780433514
q;1565806140205;-0.024171047,0.9980555,0.041988924,-0.039216287,
v;1565806140205;-0.0820106552261564,-3.06092446849644,-0.0517382859631657
q;1565806140222;-0.025858307,0.99813026,0.036428116,-0.04171809,
v;1565806140222;-0.0706211788948928,-3.05611167409802,-0.0548233854487606
q;1565806140236;-0.026792256,0.9981634,0.0316134,-0.044188775,
v;1565806140236;-0.0607802596136606,-3.05139485649807,-0.0564140483200919
q;1565806140251;-0.027719995,0.99815905,0.0272968,-0.046529848,
v;1565806140251;-0.0519368278168845,-3.04692213173861,-0.0579888031203517
q;1565806140265;-0.028821807,0.9981163,0.0228685,-0.04909353,
v;1565806140265;-0.0428340138223662,-3.04201666530645,-0.059871066618394
q;1565806140281;-0.030114431,0.99804795,0.017332183,-0.05189495,
v;1565806140281;-0.0314763229593872,-3.03671747761521,-0.0619805558356475
q;1565806140298;-0.031444337,0.99790865,0.010949542,-0.05540586,
v;1565806140298;-0.0183699174326256,-3.03007432499534,-0.0640250173566655
q;1565806140315;-0.032678895,0.9977094,0.0052904836,-0.05899218,
v;1565806140315;-0.00670118207803996,-3.02325411997687,-0.0658814017342398
q;1565806140332;-0.03378936,0.9974664,0.00011556725,-0.06260246,
v;1565806140332;0.00400005588512562,-3.01636913530232,-0.0674736977974255
q;1565806140350;-0.035062205,0.9971224,-0.005461795,-0.06699069,
v;1565806140350;0.0155904704586369,-3.00796632136504,-0.0692545974067468
q;1565806140369;-0.036008418,0.99672747,-0.0113756815,-0.07147337,
v;1565806140369;0.0278277858817273,-2.99939943260228,-0.0702399567664524
q;1565806140387;-0.037328452,0.99620813,-0.017430928,-0.07662897,
v;1565806140387;0.0404615853398648,-2.98950754975123,-0.0718228541594925
q;1565806140405;-0.038333524,0.9956731,-0.0227243,-0.08154282,
v;1565806140405;0.0515263928851984,-2.98003957236291,-0.0727900928503682
q;1565806140422;-0.03937493,0.9951244,-0.027587581,-0.086115964,
v;1565806140422;0.0617269614827471,-2.97122714891163,-0.0738219441700664
q;1565806140439;-0.040433947,0.99456716,-0.032146197,-0.090376675,
v;1565806140439;0.0713121016660059,-2.96302195522954,-0.0748781041489591
q;1565806140455;-0.04148156,0.99390197,-0.037114475,-0.09518802,
v;1565806140455;0.0817644693979407,-2.9537296837042,-0.0757165441090977
q;1565806140472;-0.042326186,0.99317616,-0.04194134,-0.10025232,
v;1565806140472;0.0919262896476109,-2.94389198415586,-0.0760594298448296
q;1565806140488;-0.043216284,0.9924697,-0.046516582,-0.104749046,
v;1565806140488;0.101560828638482,-2.93517378794632,-0.0765050146469074
q;1565806140505;-0.044264734,0.9916855,-0.051470026,-0.10932229,
v;1565806140505;0.111996386320014,-2.92632562590896,-0.0770986544315254
q;1565806140521;-0.045095228,0.99094117,-0.055790458,-0.11353201,
v;1565806140521;0.121105442924822,-2.91813939640923,-0.0773484930981945
q;1565806140536;-0.046058446,0.9901793,-0.05950452,-0.11782503,
v;1565806140536;0.129051878641208,-2.90975632827649,-0.0779160759195558
q;1565806140552;-0.047280848,0.9892868,-0.06413961,-0.12232047,
v;1565806140552;0.138918152162729,-2.90102899156763,-0.078696011284831
q;1565806140568;-0.04833033,0.98831606,-0.06920449,-0.12691064,
v;1565806140568;0.149616657985199,-2.89208709875025,-0.0789284858918068
q;1565806140585;-0.04921514,0.9874132,-0.07385341,-0.1309149,
v;1565806140585;0.159407912776347,-2.88427092788057,-0.0789360386606454
q;1565806140603;-0.050861295,0.9864215,-0.07857543,-0.13495041,
v;1565806140603;0.169555756006437,-2.87649840520941,-0.0803715787027772
q;1565806140621;-0.052287966,0.98550993,-0.08256167,-0.13863514,
v;1565806140621;0.178169745492333,-2.86936779664205,-0.0815485844171599
q;1565806140637;-0.053367686,0.9845564,-0.087046355,-0.14220983,
v;1565806140637;0.18768282154073,-2.86240429144766,-0.0818565414091992
q;1565806140653;-0.05422411,0.9836227,-0.09187944,-0.14527306,
v;1565806140653;0.197791132280547,-2.85643548209197,-0.0816579500697669
q;1565806140668;-0.055366177,0.9827753,-0.0960362,-0.14786649,
v;1565806140668;0.20660431046966,-2.85145004253886,-0.0822642343637558
q;1565806140683;-0.056653555,0.98187685,-0.10031335,-0.15048406,
v;1565806140683;0.215710612651836,-2.84643686952171,-0.0830812857151017
q;1565806140701;-0.057977065,0.980885,-0.10474686,-0.1533993,
v;1565806140701;0.225174571413386,-2.84081026414775,-0.0838129371363415
q;1565806140717;-0.059283476,0.97985625,-0.10943828,-0.1561744,
v;1565806140717;0.235145709771851,-2.83545839922779,-0.0844162197534544
q;1565806140734;-0.06066568,0.9787557,-0.11408256,-0.15919212,
v;1565806140734;0.24507894153475,-2.82960510150697,-0.0850733344113422
q;1565806140751;-0.06222113,0.97757846,-0.1183646,-0.16266133,
v;1565806140751;0.254398496618357,-2.82283691863372,-0.0860164575517714
q;1565806140768;-0.0639367,0.9762149,-0.12267317,-0.1669365,
v;1565806140768;0.263910340450166,-2.81441470386911,-0.086992454261345
q;1565806140784;-0.0654747,0.97498906,-0.12659584,-0.17053702,
v;1565806140784;0.272552757724039,-2.80732638320089,-0.0878471682410328
q;1565806140802;-0.066566184,0.97367686,-0.13060626,-0.17454045,
v;1565806140802;0.281267505902945,-2.79924928172473,-0.0875849993638801
q;1565806140819;-0.06780909,0.9724617,-0.13402057,-0.1782096,
v;1565806140819;0.288827204170216,-2.79188815426934,-0.0878637501346362
q;1565806140836;-0.06889421,0.9711561,-0.1374119,-0.18228358,
v;1565806140836;0.296331293186671,-2.78360526581447,-0.0876455782472605
q;1565806140852;-0.07017183,0.9696362,-0.14051211,-0.18745103,
v;1565806140852;0.303433724546693,-2.77304975914765,-0.0875082731171634
q;1565806140868;-0.071474634,0.9681493,-0.14339066,-0.19239943,
v;1565806140868;0.31009645451116,-2.76293112802866,-0.0874993104992765
q;1565806140885;-0.07240784,0.96660113,-0.1461973,-0.19765061,
v;1565806140885;0.316510040246644,-2.75202105857975,-0.0865910209654771
q;1565806140901;-0.07356422,0.96502674,-0.14909923,-0.20268501,
v;1565806140901;0.32318704830818,-2.74159414457506,-0.0861009729994268
q;1565806140918;-0.074290514,0.9636246,-0.15133521,-0.2073794,
v;1565806140918;0.32834121963743,-2.7317410260318,-0.0850491935625639
q;1565806140935;-0.07491375,0.96211255,-0.15338172,-0.21260637,
v;1565806140935;0.333122262232542,-2.7206914914988,-0.0836200461302469
q;1565806140952;-0.07528517,0.9606806,-0.15505728,-0.21767443,
v;1565806140952;0.337041348931687,-2.70988102865797,-0.0818365236063366
q;1565806140969;-0.07576895,0.95919424,-0.156744,-0.22279318,
v;1565806140969;0.341029514186615,-2.69896245671861,-0.0802116469898994
q;1565806140985;-0.07603157,0.95788527,-0.15796967,-0.22742188,
v;1565806140985;0.343958246406994,-2.68902145671962,-0.0784801389831586
q;1565806141003;-0.076404445,0.9565785,-0.15911983,-0.2319501,
v;1565806141003;0.346773619191868,-2.67931266978846,-0.0770138715635754
q;1565806141020;-0.076533474,0.9553541,-0.16025104,-0.23613723,
v;1565806141020;0.349403894464687,-2.67023289102798,-0.0751584292439309
q;1565806141037;-0.07664343,0.954055,-0.16130856,-0.24059163,
v;1565806141037;0.351891495152175,-2.66055184190021,-0.073170073191199
q;1565806141053;-0.07639402,0.9528686,-0.1619078,-0.24493118,
v;1565806141053;0.353279117971225,-2.65101843956199,-0.0706955525418119
q;1565806141069;-0.07644112,0.9515824,-0.16260582,-0.24941371,
v;1565806141069;0.355006648926455,-2.64124610120561,-0.0687024696404224
q;1565806141086;-0.07630614,0.9503437,-0.16348274,-0.25356984,
v;1565806141086;0.35695997004288,-2.63207776047655,-0.066353866399727
q;1565806141103;-0.07602982,0.9492221,-0.16413622,-0.25740287,
v;1565806141103;0.358365502759581,-2.62356965321165,-0.0639431191485825
q;1565806141121;-0.07595197,0.9480231,-0.16504252,-0.26123658,
v;1565806141121;0.360359973670433,-2.61507809813193,-0.0617832739053765
q;1565806141137;-0.07540156,0.94692075,-0.16596636,-0.26478454,
v;1565806141137;0.362105856293353,-2.60702469426497,-0.0587492683616814
q;1565806141155;-0.07534918,0.9456632,-0.16703649,-0.26859337,
v;1565806141155;0.364408934325249,-2.59853189584457,-0.0565196005043676
q;1565806141172;-0.07506338,0.9445545,-0.1678052,-0.27207306,
v;1565806141172;0.365962004625948,-2.59070214350727,-0.0540994659913671
q;1565806141190;-0.07517984,0.9432343,-0.16877612,-0.27599218,
v;1565806141190;0.368148861871556,-2.58199830579625,-0.0521811068909565
q;1565806141208;-0.07523568,0.9420095,-0.16944426,-0.27972546,
v;1565806141208;0.369690517521011,-2.57370900412939,-0.0503727897558804
q;1565806141226;-0.075101405,0.9409583,-0.16979086,-0.2830696,
v;1565806141226;0.370466246823899,-2.56624754607044,-0.0485186310631781
q;1565806141242;-0.07496472,0.9401438,-0.16995335,-0.28570223,
v;1565806141242;0.370837738972504,-2.56037376955454,-0.0470581372775894
q;1565806141259;-0.074677855,0.9394515,-0.16981792,-0.2881249,
v;1565806141259;0.370524618496328,-2.55495791750994,-0.0455615131651151
q;1565806141275;-0.074464336,0.938652,-0.16979802,-0.29078543,
v;1565806141275;0.370486310822778,-2.5490185137127,-0.0440442280671976
q;1565806141290;-0.07422424,0.93809056,-0.16954236,-0.29280075,
v;1565806141290;0.369938401328021,-2.54453354202468,-0.0428874677022336
q;1565806141305;-0.07411269,0.9375645,-0.16926968,-0.29466593,
v;1565806141305;0.36942518363362,-2.54042602451643,-0.0420642690709636
q;1565806141320;-0.07387336,0.9371149,-0.16903543,-0.29628608,
v;1565806141320;0.368896658553922,-2.53680810588899,-0.0410632225352936
q;1565806141338;-0.07358152,0.9368581,-0.16855404,-0.29744276,
v;1565806141338;0.367833841247621,-2.5342432265646,-0.0403069016601059
q;1565806141356;-0.073315054,0.93670666,-0.16802935,-0.29828128,
v;1565806141356;0.366687842146182,-2.53239918515375,-0.0397625777914958
q;1565806141372;-0.07284466,0.93659556,-0.16770741,-0.2989258,
v;1565806141372;0.365801979488075,-2.53087778403132,-0.0387614569087415
q;1565806141388;-0.07263536,0.9366193,-0.1673133,-0.29912317,
v;1565806141388;0.364916795700208,-2.53044653565731,-0.0385136767551019
q;1565806141406;-0.072245374,0.936859,-0.16685748,-0.29872125,
v;1565806141406;0.363776706936319,-2.53129081378498,-0.0381873735964047
q;1565806141422;-0.071941406,0.93708473,-0.16657092,-0.2982463,
v;1565806141422;0.363015310967688,-2.53229274930652,-0.0379540332917886
q;1565806141438;-0.071427345,0.9372988,-0.1662865,-0.29785573,
v;1565806141438;0.362133709483673,-2.5330379258119,-0.0372636247863362
q;1565806141455;-0.07087687,0.93771297,-0.16592568,-0.296883,
v;1565806141455;0.361059480677422,-2.53506942771487,-0.0367826869303477
