q;1565806177684;-0.10182795,0.909622,-0.1407509,-0.37736994,
v;1565806177684;0.339392009950443,-2.36946702898396,-0.0838981277046335
q;1565806177703;-0.10293992,0.9093493,-0.14153147,-0.3774335,
v;1565806177703;0.341720954025806,-2.36949845696743,-0.0854158762041192
q;1565806177721;-0.10386752,0.9088531,-0.14214341,-0.37814406,
v;1565806177721;0.343652986079089,-2.36804449115441,-0.0864556805992467
q;1565806177737;-0.10353462,0.908389,-0.142564,-0.37919077,
v;1565806177737;0.344287296189847,-2.36550573230886,-0.0850703102804384
q;1565806177754;-0.10310285,0.9077623,-0.14332318,-0.3805205,
v;1565806177754;0.345505401635058,-2.36223290826536,-0.0831125288168665
q;1565806177769;-0.10303336,0.9070553,-0.14371079,-0.38207594,
v;1565806177769;0.34632191507452,-2.35861237159889,-0.0820554576142641
q;1565806177786;-0.102959074,0.9062751,-0.14433934,-0.3837071,
v;1565806177786;0.34759173301537,-2.35476851074593,-0.0807629141294353
q;1565806177802;-0.10295095,0.9054669,-0.14528744,-0.38525614,
v;1565806177802;0.349503010789472,-2.35106168979382,-0.0793682278647639
q;1565806177818;-0.10275739,0.90454626,-0.14615475,-0.38713795,
v;1565806177818;0.351141668095888,-2.34655115383865,-0.0775377620907216
q;1565806177834;-0.102617584,0.9035192,-0.14706962,-0.38922125,
v;1565806177834;0.352923228383512,-2.34157563901289,-0.0756809391125579
q;1565806177852;-0.10252686,0.9022414,-0.14811112,-0.39180577,
v;1565806177852;0.355015820453222,-2.33542910206365,-0.0735981643107396
q;1565806177867;-0.10227601,0.9011513,-0.14888573,-0.39407998,
v;1565806177867;0.356447233576725,-2.32998769914266,-0.0715405869475222
q;1565806177885;-0.102278195,0.89988655,-0.14978966,-0.3966188,
v;1565806177885;0.358338025332739,-2.32397005321846,-0.0697416020953828
q;1565806177902;-0.10367153,0.8988871,-0.15078478,-0.39814335,
v;1565806177902;0.361448219855242,-2.32064511501843,-0.0709501493671214
q;1565806177919;-0.10478927,0.8982536,-0.15167898,-0.39894006,
v;1565806177919;0.364092740446803,-2.31893343368148,-0.0720117488861548
q;1565806177937;-0.10442651,0.897406,-0.15277249,-0.40052235,
v;1565806177937;0.365962475988644,-2.314934899407,-0.0697178145514878
q;1565806177952;-0.10309156,0.89637977,-0.15407814,-0.40266034,
v;1565806177952;0.367460711537168,-2.30930996436994,-0.0651267127699018
q;1565806177967;-0.1023001,0.8954366,-0.15495922,-0.40461805,
v;1565806177967;0.368586523256219,-2.3043449628668,-0.0620096991399988
q;1565806177984;-0.1019785,0.8944175,-0.15599206,-0.40655154,
v;1565806177984;0.370372918678449,-2.29952127339191,-0.0596637304924477
q;1565806178001;-0.102207564,0.8932859,-0.157079,-0.40855867,
v;1565806178001;0.372718349760236,-2.29465921402234,-0.0582814521195021
q;1565806178018;-0.102139086,0.8919999,-0.15819775,-0.4109469,
v;1565806178018;0.374892218962086,-2.28880237051926,-0.0561194224675342
q;1565806178036;-0.10216355,0.89040595,-0.1595025,-0.4138827,
v;1565806178036;0.377514792380476,-2.28162819969267,-0.0537094419257319
q;1565806178053;-0.10218454,0.88875496,-0.1605978,-0.41699076,
v;1565806178053;0.3797455951446,-2.27408256238322,-0.0513797772565275
q;1565806178070;-0.10214603,0.8870463,-0.16171859,-0.420193,
v;1565806178070;0.381966367796957,-2.26626618448367,-0.0488488703747002
q;1565806178088;-0.10217046,0.8852265,-0.16246645,-0.4237215,
v;1565806178088;0.383558594741451,-2.25778537054676,-0.0466092752563583
q;1565806178105;-0.101862244,0.8831043,-0.16311045,-0.42795536,
v;1565806178105;0.384690275052657,-2.24755505232013,-0.0434934279882246
q;1565806178121;-0.10178846,0.88089216,-0.16357645,-0.43233198,
v;1565806178121;0.385690754877843,-2.2370786246081,-0.0409062427506685
q;1565806178137;-0.10249265,0.87889975,-0.16394521,-0.4360648,
v;1565806178137;0.387170300740093,-2.2283439100801,-0.0401628638035737
q;1565806178153;-0.1038924,0.87725943,-0.16428992,-0.43889758,
v;1565806178153;0.389197452192927,-2.22192180181938,-0.0411570003270401
q;1565806178170;-0.10511101,0.8758239,-0.16444941,-0.44140747,
v;1565806178170;0.390716502601592,-2.21625885998363,-0.042125306359163
q;1565806178187;-0.10494673,0.8742748,-0.16503048,-0.44429138,
v;1565806178187;0.391762347226174,-2.20916493480443,-0.039893531895036
q;1565806178204;-0.10343325,0.8728746,-0.16548617,-0.44722015,
v;1565806178204;0.391323518521021,-2.20161131831356,-0.0352202143504816
q;1565806178222;-0.101358235,0.87141025,-0.16579533,-0.45042494,
v;1565806178222;0.390077456028386,-2.19328416104982,-0.029513537655704
q;1565806178237;-0.09999355,0.8702785,-0.16560413,-0.45298114,
v;1565806178237;0.388535860533373,-2.18687093388406,-0.0259502854223121
q;1565806178253;-0.09914523,0.86912966,-0.16520202,-0.4555131,
v;1565806178253;0.387081932360538,-2.18072868392325,-0.0235836209987824
q;1565806178269;-0.0985819,0.86797297,-0.16442786,-0.45811364,
v;1565806178269;0.385218142658441,-2.17462871085567,-0.0221008534889535
q;1565806178287;-0.097966865,0.8665284,-0.16344468,-0.4613209,
v;1565806178287;0.382937954113853,-2.16713290197388,-0.0204648215936918
q;1565806178304;-0.097306974,0.86506075,-0.16239367,-0.46457458,
v;1565806178304;0.380487848693313,-2.15953367425172,-0.0188112922673699
q;1565806178321;-0.09655511,0.8632097,-0.16123174,-0.46856213,
v;1565806178321;0.377758287277619,-2.15018278459901,-0.0167845902351517
q;1565806178340;-0.09577468,0.8610379,-0.15977569,-0.4731941,
v;1565806178340;0.374477056580248,-2.13937155059936,-0.0147436793855598
q;1565806178357;-0.09481264,0.85892147,-0.15839922,-0.4776758,
v;1565806178357;0.371146802319394,-2.12883726309286,-0.0123901945831689
q;1565806178373;-0.0938297,0.85693187,-0.15683363,-0.48194087,
v;1565806178373;0.367445051751756,-2.11888137360028,-0.0103321065259808
q;1565806178387;-0.093010604,0.85490793,-0.15523244,-0.48619384,
v;1565806178387;0.363835486899333,-2.10899702048995,-0.00865132027536986
q;1565806178404;-0.09209122,0.85265374,-0.15306197,-0.49099177,
v;1565806178404;0.359119227507129,-2.09796938654779,-0.00719880459641724
q;1565806178422;-0.090932444,0.85033166,-0.15049906,-0.49600142,
v;1565806178422;0.353467989615174,-2.08650677788423,-0.00570254976100064
q;1565806178439;0.089587875,-0.8479549,0.14778194,0.5011059,
v;1565806178439;0.347353825562577,-2.0748171354655,-0.00406705943229129
q;1565806178455;0.08827264,-0.845566,0.144971,0.5061715,
v;1565806178455;0.341103571849608,-2.06324711172755,-0.00267439455938485
q;1565806178472;0.086568855,-0.8430198,0.14179832,0.51158255,
v;1565806178472;0.333817117731575,-2.05087364492449,-0.000926573737632217
q;1565806178491;0.0843561,-0.83995956,0.13800369,0.51798356,
v;1565806178491;0.324911780596735,-2.03619209426976,0.00132519609564944
q;1565806178511;0.08233204,-0.83672506,0.13393407,0.5245707,
v;1565806178511;0.315729439549009,-2.0211578819171,0.00287955528363675
q;1565806178530;0.080241695,-0.83381945,0.13005562,0.53046393,
v;1565806178530;0.306807183977284,-2.00771211322337,0.00436951644327551
q;1565806178547;0.078645006,-0.83129203,0.12680307,0.53543395,
v;1565806178547;0.299496518902835,-1.99636684139437,0.00527002139167984
q;1565806178564;0.07687121,-0.8291509,0.12370846,0.5397184,
v;1565806178564;0.292266736331767,-1.98660528174929,0.00632819705136392
q;1565806178582;0.07489711,-0.82699275,0.120427385,0.5440319,
v;1565806178582;0.284500414006468,-1.9767863289308,0.00745363155896241
q;1565806178598;0.07303459,-0.82492304,0.11743421,0.54806685,
v;1565806178598;0.277346009618249,-1.96755555225926,0.00855478006863006
q;1565806178617;0.07067351,-0.8231152,0.11378333,0.55185133,
v;1565806178617;0.268531775683745,-1.95907425142113,0.0095816156683098
q;1565806178632;0.06912596,-0.8214961,0.11091143,0.5550357,
v;1565806178632;0.261946731702812,-1.95191237654172,0.00988349765389196
q;1565806178648;0.06759193,-0.81994617,0.10817911,0.55804724,
v;1565806178648;0.255615620130965,-1.94511810008175,0.010227092287054
q;1565806178663;0.06579719,-0.81854105,0.10535081,0.5608587,
v;1565806178663;0.248833730415422,-1.93880471051847,0.0107909971275681
q;1565806178680;0.06414755,-0.8171643,0.10238611,0.5635997,
v;1565806178680;0.241994646001876,-1.93270670767673,0.0108888761526131
q;1565806178695;0.062477976,-0.81585693,0.09953643,0.5661858,
v;1565806178695;0.235329337225157,-1.92693954314188,0.0110714220049307
q;1565806178711;0.06072758,-0.81491,0.09642949,0.56827384,
v;1565806178711;0.22815682686054,-1.92245877545119,0.0109044896982773
q;1565806178727;0.05918508,-0.8137422,0.09332864,0.5706229,
v;1565806178727;0.221235963427619,-1.91732668510386,0.0104428325557036
q;1565806178746;0.05724955,-0.8125855,0.09001773,0.5729958,
v;1565806178746;0.213520447746313,-1.91213321555204,0.010354577078938
q;1565806178764;0.055371046,-0.8113137,0.08660021,0.57550377,
v;1565806178764;0.205699910484273,-1.90661155678827,0.0100428032197046
q;1565806178780;0.053726565,-0.81007844,0.08334266,0.57787585,
v;1565806178780;0.198422218084018,-1.90138105913294,0.0094637862299597
q;1565806178796;0.052246142,-0.8090904,0.08032366,0.57982004,
v;1565806178796;0.191737584838043,-1.89714729869688,0.00876353712081228
q;1565806178811;0.050730925,-0.80809975,0.07737997,0.58173335,
v;1565806178811;0.18514108648939,-1.89294806106982,0.00817756449920107
q;1565806178825;0.049425106,-0.80710024,0.074487396,0.5836078,
v;1565806178825;0.178879785272796,-1.88882716298251,0.0072769984787178
q;1565806178841;0.04793228,-0.8059983,0.07130933,0.58564854,
v;1565806178841;0.171939262284022,-1.88431645269623,0.00635143267659536
q;1565806178857;0.046392735,-0.8047817,0.0678794,0.5878491,
v;1565806178857;0.164541512124644,-1.87942707050578,0.00520395012604024
q;1565806178875;0.04459961,-0.80373746,0.06420128,0.5898264,
v;1565806178875;0.156451466947123,-1.87509648124282,0.00409246010159571
q;1565806178891;0.043169547,-0.8026443,0.06084955,0.59177357,
v;1565806178891;0.149328645382083,-1.87076616589869,0.00274932941747996
q;1565806178910;0.041529477,-0.80142653,0.056880653,0.59393215,
v;1565806178910;0.140969144998519,-1.86596794256848,0.00101087552867077
q;1565806178927;0.03984754,-0.8004317,0.053491957,0.5957012,
v;1565806178927;0.133503998370072,-1.86200717054574,-6.05613162087518e-05
q;1565806178944;0.03796006,-0.79954773,0.04994756,0.5973172,
v;1565806178944;0.125548877886365,-1.85841315172302,-0.00104087908983027
q;1565806178959;0.036153924,-0.7986371,0.04627911,0.5989407,
v;1565806178959;0.117498718478069,-1.85478684005886,-0.00232689103907186
q;1565806178975;0.03470525,-0.79800326,0.042976808,0.60011613,
v;1565806178975;0.110470179451016,-1.85221644496924,-0.00383101564195143
q;1565806178991;0.03296215,-0.7975773,0.039175857,0.6010401,
v;1565806178991;0.102292999620865,-1.85029540554733,-0.00551606551317656
q;1565806179007;0.0313902,-0.7971919,0.035106093,0.6018864,
v;1565806179007;0.0938971709596904,-1.84856285943171,-0.00782280618350471
q;1565806179025;0.02960075,-0.7968096,0.030437354,0.60273707,
v;1565806179025;0.0842882594072082,-1.8468189156465,-0.0105184156386202
q;1565806179041;0.027764725,-0.79661757,0.025974458,0.60328674,
v;1565806179041;0.0749537629190387,-1.84575085289016,-0.0129323130978781
q;1565806179057;0.026033232,-0.7963283,0.02205594,0.6039016,
v;1565806179057;0.0666198270930844,-1.84443072928031,-0.0148562644710345
q;1565806179075;0.024046125,-0.7960471,0.017539995,0.6045024,
v;1565806179075;0.0570281110167133,-1.84312567086937,-0.017106400159841
q;1565806179092;0.021865616,-0.7958096,0.012822016,0.60501623,
v;1565806179092;0.0468830450565296,-1.84198449620793,-0.0193090942111485
q;1565806179109;0.019969271,-0.7957991,0.007675807,0.60518277,
v;1565806179109;0.0363949522970753,-1.84166352829464,-0.0225093291851822
q;1565806179125;0.018077808,-0.7958824,0.0029328112,0.6051741,
v;1565806179125;0.0265519077619812,-1.84170342873648,-0.0252374694672412
q;1565806179143;0.015688695,-0.79577094,-0.002508145,0.6053893,
v;1565806179143;0.0150042813347649,-1.84110104052879,-0.0280128397570623
q;1565806179159;0.013455815,-0.7954233,-0.0071153366,0.6058631,
v;1565806179159;0.00498537519091919,-1.83979045279809,-0.0300328650858053
q;1565806179175;0.011516313,-0.79497766,-0.01205703,0.60640955,
v;1565806179175;-0.00520295809857244,-1.83822022334222,-0.0329398216350765
q;1565806179192;0.009863751,-0.7943526,-0.017132638,0.60713536,
v;1565806179192;-0.0152420372157065,-1.8361152853375,-0.0364865854821417
q;1565806179209;0.007886441,-0.79385364,-0.021517975,0.607677,
v;1565806179209;-0.02458190355285,-1.83445059863072,-0.0386946596547139
q;1565806179225;0.0060783257,-0.7927969,-0.026116958,0.6088957,
v;1565806179225;-0.034015313057931,-1.83099918465765,-0.0414786422808045
q;1565806179242;0.0043075113,-0.79135346,-0.03104207,0.6105551,
v;1565806179242;-0.0438846376138357,-1.82632924790343,-0.0447813820106666
q;1565806179259;0.002249504,-0.7898147,-0.036522355,0.6122532,
v;1565806179259;-0.0549649256405532,-1.82141062149403,-0.0483671111319867
q;1565806179277;0.00045618467,-0.788135,-0.04251637,0.6140321,
v;1565806179277;-0.0665060703311514,-1.81609991085704,-0.0530740921882977
q;1565806179294;-0.0014125697,-0.7865022,-0.048678305,0.6156645,
v;1565806179294;-0.0783907880638501,-1.81100570675484,-0.057927215329518
q;1565806179311;-0.0036751349,-0.7850268,-0.05516429,0.61698985,
v;1565806179311;-0.0912726084782908,-1.80650610091188,-0.0626027491561024
q;1565806179328;-0.006196088,-0.78367615,-0.062008135,0.61803585,
v;1565806179328;-0.105040456104826,-1.80250317376304,-0.0673569381966968
q;1565806179346;-0.008615113,-0.7827479,-0.06950177,0.6183858,
v;1565806179346;-0.11974562338337,-1.79996057440209,-0.0730585701527716
q;1565806179363;-0.011270323,-0.7819319,-0.07698469,0.6184892,
v;1565806179363;-0.134742062536778,-1.7978723658522,-0.0783932457953394
q;1565806179380;-0.014107384,-0.7813981,-0.08427604,0.61815494,
v;1565806179380;-0.149705945349478,-1.79678525209272,-0.0831693631109318
q;1565806179396;-0.016928412,-0.78093415,-0.09101099,0.61771536,
v;1565806179396;-0.163792448396274,-1.79597219561784,-0.0872751864916105
q;1565806179412;-0.019559054,-0.78075385,-0.09817351,0.61676806,
v;1565806179412;-0.178369817401058,-1.79616290078778,-0.092149266106986
q;1565806179427;-0.022193024,-0.78108674,-0.10519371,0.61509776,
v;1565806179427;-0.192825288425037,-1.79810331906279,-0.0966790014525267
q;1565806179445;-0.024983691,-0.7816691,-0.11301204,0.61286014,
v;1565806179445;-0.208813230357603,-1.80104432265119,-0.101847728708291
q;1565806179463;-0.02826139,-0.78236204,-0.12149412,0.610205,
v;1565806179463;-0.226527663007652,-1.80461863513471,-0.106983306885071
q;1565806179483;-0.031946916,-0.7830922,-0.12967063,0.6073973,
v;1565806179483;-0.244320498306945,-1.80853135909588,-0.111006159550194
q;1565806179504;-0.03536919,-0.7841742,-0.13884456,0.6037733,
v;1565806179504;-0.263505441170543,-1.81384974074828,-0.116464094359599
q;1565806179523;-0.038535465,-0.7852503,-0.14677711,0.6002945,
v;1565806179523;-0.280440321060704,-1.81915041194899,-0.120695529258014
q;1565806179543;-0.042044,-0.78657323,-0.15502843,0.59623915,
v;1565806179543;-0.298428973344516,-1.82561707291938,-0.124538798485053
q;1565806179563;-0.046709213,-0.787844,-0.16326584,0.59200037,
v;1565806179563;-0.317886623346687,-1.83249554362348,-0.126357627693336
q;1565806179581;-0.05119262,-0.78914,-0.17161188,0.587526,
v;1565806179581;-0.33736903733484,-1.83972963444607,-0.128429177960906
q;1565806179599;-0.054322127,-0.7906153,-0.17902674,0.5830317,
v;1565806179599;-0.353758067270758,-1.84725298197595,-0.131348114679747
q;1565806179617;-0.057052337,-0.7922583,-0.18522665,0.57858694,
v;1565806179617;-0.36774720726328,-1.85523493114025,-0.133213067690887
q;1565806179635;-0.059892196,-0.79393035,-0.19136117,0.5739934,
v;1565806179635;-0.381820331881135,-1.86356922870627,-0.134653589905419
q;1565806179652;-0.06221588,-0.7957552,-0.1970823,0.569264,
v;1565806179652;-0.394658595849683,-1.87237436508368,-0.13622716203618
q;1565806179669;-0.06428572,-0.79751134,-0.20230354,0.56472695,
v;1565806179669;-0.406379723066873,-1.88091048823,-0.137556308445467
q;1565806179685;-0.06612752,-0.79916054,-0.20717067,0.56040156,
v;1565806179685;-0.417242627454132,-1.8890464218997,-0.138821259505046
q;1565806179702;-0.06791218,-0.8007705,-0.212088,0.5560335,
v;1565806179702;-0.42815221878088,-1.8971940274584,-0.140160676799452
q;1565806179721;-0.06949267,-0.80268943,-0.21740444,0.55099523,
v;1565806179721;-0.439621240711989,-1.90669938363781,-0.141943428381847
q;1565806179737;-0.070620224,-0.80465364,-0.22199026,0.54613703,
v;1565806179737;-0.449357803293184,-1.91613464027281,-0.143515136789156
q;1565806179753;-0.07234305,-0.80677354,-0.2265041,0.5409056,
v;1565806179753;-0.459763915952462,-1.92667530667819,-0.143666963676424
q;1565806179769;-0.07333909,-0.8093375,-0.2305789,0.53518933,
v;1565806179769;-0.46870676294694,-1.93862744704124,-0.144077072530893
q;1565806179786;-0.074660555,-0.81203485,-0.23433517,0.52925634,
v;1565806179786;-0.47755128266424,-1.95143483994766,-0.143254379210222
q;1565806179802;-0.075853735,-0.8148048,-0.23796706,0.5231739,
v;1565806179802;-0.486079160664206,-1.9646753781732,-0.142289657354601
q;1565806179819;-0.07699985,-0.81780773,-0.24190979,0.51647,
v;1565806179819;-0.495199979539383,-1.97924906451199,-0.141326742632296
q;1565806179836;-0.07820592,-0.82104033,-0.24557371,0.5093822,
v;1565806179836;-0.503992260542652,-1.99503591851463,-0.139502699740529
q;1565806179855;-0.07996164,-0.8253679,-0.24941191,0.5001674,
v;1565806179855;-0.514042800699332,-2.01633726304879,-0.135351763532188
q;1565806179872;0.08102293,0.828988,0.25250664,-0.49239674,
v;1565806179872;-0.521799302795634,-2.03427832094148,-0.132268701732374
q;1565806179888;0.08193628,0.83196974,0.2556672,-0.48553792,
v;1565806179888;-0.529360056265358,-2.04975005386845,-0.130051481104445
q;1565806179905;0.08264152,0.83516955,0.25891247,-0.4781491,
v;1565806179905;-0.536931340234778,-2.06644349060316,-0.127847606119103
q;1565806179922;0.08337309,0.8391286,0.26244986,-0.4690759,
v;1565806179922;-0.545300440108138,-2.08723829366299,-0.124649867907054
q;1565806179938;0.08434147,0.84298843,0.26553413,-0.4601616,
v;1565806179938;-0.553074463804348,-2.10805911550402,-0.120372545948001
q;1565806179956;0.08533592,0.84670675,0.26877227,-0.45118397,
v;1565806179956;-0.561134407856077,-2.12892824963907,-0.116036811788791
q;1565806179972;0.086077854,0.84959066,0.2716693,-0.44382674,
v;1565806179972;-0.568089610760113,-2.14581393968457,-0.112806305217096
q;1565806179988;0.08638986,0.85270727,0.27472904,-0.43583378,
v;1565806179988;-0.574994455592494,-2.16402674806384,-0.110019699760465
q;1565806180003;0.08680517,0.85569394,0.2775262,-0.42805603,
v;1565806180003;-0.581490323851103,-2.1819365656681,-0.10675052398537
q;1565806180017;0.08734934,0.8592932,0.28027984,-0.41884175,
v;1565806180017;-0.588190135001705,-2.20361481782797,-0.101947997534483
q;1565806180033;0.08779579,0.8627799,0.28292313,-0.40970382,
v;1565806180033;-0.59455638553354,-2.22514015102746,-0.0971260445274293
q;1565806180048;0.0881301,0.8656506,0.28572473,-0.4015514,
v;1565806180048;-0.60098250607818,-2.24398470913932,-0.093356211897421
q;1565806180063;0.0886031,0.8680311,0.2887296,-0.39408976,
v;1565806180063;-0.60783026422476,-2.26100257641029,-0.0899632407070634
q;1565806180078;0.08910107,0.87033993,0.29188928,-0.38648427,
v;1565806180078;-0.614999501392843,-2.27831344746928,-0.0864532216850339
q;1565806180093;0.08933034,0.8726837,0.29510537,-0.37862393,
v;1565806180093;-0.622062442573922,-2.29612130742384,-0.0832207273171055
q;1565806180107;0.08952268,0.8751272,0.29847088,-0.37020692,
v;1565806180107;-0.629429648273063,-2.31525173783962,-0.0796331465312291
q;1565806180121;0.08957233,0.8777709,0.30139866,-0.36146075,
v;1565806180121;-0.635862551310507,-2.33549061516004,-0.0754414588587098
q;1565806180136;0.08978308,0.88012534,0.30442074,-0.35305303,
v;1565806180136;-0.642567924550841,-2.35492705524427,-0.0711510444559815
q;1565806180152;0.08994702,0.88259715,0.30771348,-0.34386662,
v;1565806180152;-0.64980811294807,-2.37617883856523,-0.0664276758242772
q;1565806180166;0.0902134,0.8845783,0.31065723,-0.33596858,
v;1565806180166;-0.65633702643892,-2.39449806605494,-0.0620677062272789
q;1565806180183;0.090250805,0.88679576,0.31405145,-0.326833,
v;1565806180183;-0.663645732365336,-2.41558261042944,-0.0574312396615821
q;1565806180199;0.09033453,0.88903016,0.31729966,-0.31746805,
v;1565806180199;-0.670700101039131,-2.43744708799872,-0.0521623519633733
q;1565806180217;0.09031784,0.8915079,0.31992564,-0.30774003,
v;1565806180217;-0.676440530993532,-2.46063769979375,-0.0460144954182994
q;1565806180234;0.090118654,0.8943405,0.3223761,-0.29682878,
v;1565806180234;-0.681717561907221,-2.48688361959865,-0.038886570290218
q;1565806180251;0.08985039,0.8968058,0.32448748,-0.2870089,
v;1565806180251;-0.686172045836475,-2.51052988839149,-0.0324544943347238
q;1565806180267;0.08948833,0.89888585,0.32611865,-0.2786444,
v;1565806180267;-0.689508092922734,-2.53069055519173,-0.0270429428598929
q;1565806180283;0.08880812,0.9009388,0.3274491,-0.27055407,
v;1565806180283;-0.691999473890394,-2.55008712429153,-0.0222935885175193
q;1565806180299;0.088217616,0.90289813,0.32867482,-0.26261297,
v;1565806180299;-0.694308192476019,-2.56922572777868,-0.0173405694139646
q;1565806180315;0.087161,0.9049762,0.32986516,-0.25418526,
v;1565806180315;-0.696256927079871,-2.58925264828485,-0.0129511406288092
q;1565806180334;0.08632687,0.90712273,0.3310175,-0.24516028,
v;1565806180334;-0.69824557183853,-2.61097915751638,-0.00742404627143784
q;1565806180351;0.085637845,0.9090441,0.33168676,-0.23725283,
v;1565806180351;-0.699286001126821,-2.63019423508696,-0.00220839738486527
q;1565806180366;0.0851893,0.91061854,0.33233944,-0.23036303,
v;1565806180366;-0.700392504776396,-2.64701160707656,0.00265825548804781
q;1565806180382;0.08488117,0.91218793,0.3326827,-0.22367515,
v;1565806180382;-0.700905390281381,-2.66355087637715,0.00788936416299685
q;1565806180399;0.08435933,0.91395515,0.33291844,-0.21618254,
v;1565806180399;-0.701048243494416,-2.68196883577635,0.0134254622234141
q;1565806180416;0.083696336,0.9155704,0.33294082,-0.20946674,
v;1565806180416;-0.700663105714234,-2.69835616716096,0.0180274692637064
q;1565806180435;0.08261239,0.91727585,0.33278736,-0.20256552,
v;1565806180435;-0.699695104692869,-2.71488334646206,0.0218754276783525
q;1565806180453;0.08117854,0.9188916,0.33202276,-0.1970004,
v;1565806180453;-0.69732608029103,-2.72792130615939,0.0239681619460059
q;1565806180470;0.079867646,0.92052305,0.33145675,-0.19077452,
v;1565806180470;-0.695410381417453,-2.74259996896039,0.0267982827268827
q;1565806180487;0.078452796,0.9218935,0.3309587,-0.18553694,
v;1565806180487;-0.693625482936235,-2.75465352399042,0.0284069584163252
q;1565806180503;0.07651782,0.92322373,0.33069426,-0.18012309,
v;1565806180503;-0.692125243126679,-2.76660707057975,0.0287804833102055
q;1565806180518;0.074464805,0.92442495,0.33027074,-0.17554155,
v;1565806180518;-0.690294594202496,-2.77640655284792,0.0281750950632783
q;1565806180533;0.0720454,0.92562485,0.32984927,-0.1709607,
v;1565806180533;-0.688354487638723,-2.78587266839856,0.0266659900604058
q;1565806180550;0.06874545,0.9269713,0.32918742,-0.1662345,
v;1565806180550;-0.685616489328809,-2.79500662995592,0.0232641586303025
q;1565806180567;0.065872304,0.9284685,0.32806522,-0.16118391,
v;1565806180567;-0.682109040194943,-2.8053890050233,0.0213390225017404
q;1565806180583;0.06345012,0.9299752,0.32652453,-0.15653075,
v;1565806180583;-0.67793143469325,-2.81523365791829,0.0202766365481935
q;1565806180601;0.061266866,0.93149287,0.3248429,-0.15180473,
v;1565806180601;-0.673568238614402,-2.82544475960088,0.0198502061714157
q;1565806180618;0.05891731,0.93321157,0.32254422,-0.14700386,
v;1565806180618;-0.667884138131645,-2.83579911558523,0.0192770669331795
q;1565806180635;0.057058148,0.9347259,0.32074675,-0.14196314,
v;1565806180635;-0.663427440552056,-2.84696298340856,0.0197998707401384
q;1565806180652;0.054952826,0.93657964,0.31802842,-0.13658993,
v;1565806180652;-0.656982031235212,-2.85886843414977,0.0202787898226453
q;1565806180670;0.05295994,0.93841165,0.31541175,-0.13074507,
v;1565806180670;-0.650796913741173,-2.87189894118942,0.0212677667416578
q;1565806180687;0.051346544,0.9402228,0.3123998,-0.12550335,
v;1565806180687;-0.643925121121815,-2.88376337278376,0.0226840846002877
q;1565806180704;0.049588,0.94210243,0.30914643,-0.12005222,
v;1565806180704;-0.636521202737142,-2.89596846100443,0.0238859746707549
q;1565806180721;0.047536056,0.9441115,0.3055258,-0.11422677,
v;1565806180721;-0.628288087481249,-2.90880286976736,0.024674151448995
q;1565806180740;0.04538965,0.9463297,0.30113178,-0.10825674,
v;1565806180740;-0.618443143753451,-2.92191079014621,0.0254181937049256
q;1565806180761;0.04299031,0.9489731,0.29524672,-0.102133654,
v;1565806180761;-0.605464303060472,-2.93525332787679,0.0258883950012957
q;1565806180776;0.041449483,0.9507821,0.2910564,-0.097885184,
v;1565806180776;-0.596290497406635,-2.94452320661653,0.0263965732861132
q;1565806180790;0.039686285,0.9525829,0.28655314,-0.094329454,
v;1565806180790;-0.58646288195465,-2.95199903103399,0.0258740155090345
q;1565806180805;0.03746043,0.95437175,0.2819767,-0.090886794,
v;1565806180805;-0.57642550440079,-2.95886142425072,0.0241507783931288
q;1565806180820;0.03541742,0.9561604,0.27721906,-0.08747858,
v;1565806180820;-0.566080766039024,-2.96574864088686,0.0227837178104374
q;1565806180835;0.03315505,0.958015,0.27209157,-0.084108226,
v;1565806180835;-0.554964155659453,-2.9724042417204,0.0208926695851014
q;1565806180852;0.03079969,0.95993316,0.26673952,-0.080186374,
v;1565806180852;-0.543393490021179,-2.98023606031442,0.0191066765638645
q;1565806180869;0.028292697,0.9617722,0.26150668,-0.076210424,
v;1565806180869;-0.532086059395794,-2.98804943775344,0.0169003442950175
q;1565806180885;0.026055671,0.96363,0.25605655,-0.0719265,
v;1565806180885;-0.520409805280898,-2.99669314040212,0.0154239756400953
q;1565806180902;0.024287846,0.9653622,0.25066078,-0.06822908,
v;1565806180902;-0.508962095722456,-3.0042527463604,0.0145306199943844
q;1565806180919;0.022040186,0.96705574,0.24525946,-0.06453915,
v;1565806180919;-0.497470368904508,-3.01148564319793,0.0124839335259555
q;1565806180935;0.01970205,0.9687607,0.23966439,-0.060626626,
v;1565806180935;-0.485605361421181,-3.01914474833892,0.0103044941678689
q;1565806180952;0.016973827,0.97047484,0.233876,-0.056501992,
v;1565806180952;-0.473337826659943,-3.02704786483482,0.00732146546572019
q;1565806180969;0.014532196,0.9720989,0.22806452,-0.052907187,
v;1565806180969;-0.461107545362234,-3.0339286129754,0.00460155926695961
q;1565806180987;0.012068922,0.9736779,0.22211812,-0.049692653,
v;1565806180987;-0.448642173716418,-3.03997049315122,0.00158396236407492
q;1565806181003;0.009543149,0.97525144,0.21595989,-0.046421073,
v;1565806181003;-0.435778634488509,-3.04611551957075,-0.00158430739025979
q;1565806181020;0.0071912636,0.9768864,0.20911422,-0.043731596,
v;1565806181020;-0.421566872628759,-3.05112559360341,-0.00464652560392535
q;1565806181036;0.004767555,0.97835976,0.202657,-0.041467864,
v;1565806181036;-0.408178692129488,-3.05518672899518,-0.0081482366682543
q;1565806181053;0.0020005715,0.9799562,0.19520561,-0.03970671,
v;1565806181053;-0.392765471622402,-3.05810523453217,-0.0125358573587909
q;1565806181070;-0.00080979447,0.9815475,0.18735854,-0.03821873,
v;1565806181070;-0.376578323647957,-3.06049708906559,-0.0171106628307168
q;1565806181087;-0.0038811706,0.98303574,0.17959625,-0.037025005,
v;1565806181087;-0.36057430386927,-3.0622228856933,-0.022370027666853
q;1565806181103;-0.006830448,0.9842391,0.17292038,-0.03640487,
v;1565806181103;-0.346802776237595,-3.06280062636147,-0.0276876055592213
q;1565806181120;-0.01011633,0.985537,0.16535355,-0.03567645,
v;1565806181120;-0.331225599472056,-3.0636128647205,-0.0335691185274928
q;1565806181140;-0.01295148,0.9869204,0.15673453,-0.035422333,
v;1565806181140;-0.313564691882973,-3.0637440641736,-0.0385570926005899
q;1565806181157;-0.015223784,0.9879562,0.14993006,-0.035096206,
v;1565806181157;-0.299643981596099,-3.0641562584482,-0.0425112820096837
q;1565806181172;-0.018031891,0.9888706,0.143528,-0.034776933,
v;1565806181172;-0.286510867270118,-3.06441724601728,-0.0476030882876936
q;1565806181187;-0.020653352,0.9896205,0.13786684,-0.03489164,
v;1565806181187;-0.274878960625048,-3.06384468835794,-0.052492635670244
q;1565806181204;-0.023524033,0.9904181,0.1314563,-0.035183825,
v;1565806181204;-0.261715553871556,-3.06295856458924,-0.05784857506472
q;1565806181221;-0.026475476,0.99113524,0.12528667,-0.0354012,
v;1565806181221;-0.249043973349576,-3.06225554806137,-0.0633475715043614
q;1565806181238;-0.030586967,0.99177444,0.11912995,-0.035438485,
v;1565806181238;-0.236325828127222,-3.06170804062344,-0.0711503007686813
q;1565806181255;-0.03474486,0.99239033,0.11258651,-0.03575553,
v;1565806181255;-0.222813953873025,-3.06071690848498,-0.0790464325306344
q;1565806181273;-0.038372066,0.9929509,0.10589423,-0.036911838,
v;1565806181273;-0.208980587741044,-3.05825508700427,-0.085995311366875
q;1565806181290;-0.041658726,0.9934019,0.099677086,-0.038494788,
v;1565806181290;-0.196085681218987,-3.0550416993075,-0.0923400044604309
q;1565806181308;-0.044976283,0.9938134,0.093441986,-0.039757118,
v;1565806181308;-0.183174157200208,-3.0525599020667,-0.0986332965395616
q;1565806181327;-0.048475694,0.99422693,0.08634868,-0.041314133,
v;1565806181327;-0.168490993828909,-3.0496399482491,-0.105207603342589
q;1565806181345;-0.051355008,0.99460137,0.07931311,-0.042898264,
v;1565806181345;-0.153971425508538,-3.04685228294974,-0.110489436711927
q;1565806181363;-0.054007575,0.9949272,0.07234634,-0.044374146,
v;1565806181363;-0.139618768452724,-3.04438258453808,-0.115261989358734
q;1565806181380;-0.05674808,0.9951805,0.06520876,-0.04629535,
v;1565806181380;-0.124858794435956,-3.04109716757897,-0.120209742836311
q;1565806181397;-0.059212226,0.9953381,0.058890942,-0.048248503,
v;1565806181397;-0.111751448117398,-3.0377381565463,-0.124653274650507
q;1565806181414;-0.061571665,0.9954478,0.052362736,-0.050504927,
v;1565806181414;-0.0981870852158131,-3.03386841841743,-0.128846996733889
q;1565806181431;-0.06394308,0.9955116,0.045578342,-0.052826464,
v;1565806181431;-0.0840908324819069,-3.02995976065887,-0.132987828301539
q;1565806181449;-0.06616525,0.99550086,0.03859998,-0.05576946,
v;1565806181449;-0.0695286320807961,-3.02490165827043,-0.136796266653149
q;1565806181467;-0.068485565,0.9954051,0.031907007,-0.058825947,
v;1565806181467;-0.0554918138752499,-3.01962156892643,-0.140776180887879
q;1565806181485;-0.07127861,0.9951789,0.025255056,-0.06245418,
v;1565806181485;-0.0413751074148257,-3.01322438510932,-0.145663290016013
q;1565806181505;-0.07402959,0.99487054,0.01757363,-0.066659264,
v;1565806181505;-0.0251000930566024,-3.0058973977801,-0.150254487621206
q;1565806181523;-0.07626363,0.99453527,0.010905762,-0.07045994,
v;1565806181523;-0.0109454868727843,-2.99929119045701,-0.153845925152748
q;1565806181542;-0.07864171,0.9941324,0.004128508,-0.074157014,
v;1565806181542;0.00345510852037,-2.99295191714691,-0.157625710421311
q;1565806181559;-0.081143364,0.99361944,-0.0023224263,-0.07830008,
v;1565806181559;0.0173231460327902,-2.9857148530085,-0.161614319604336
q;1565806181581;-0.08415239,0.99290913,-0.009886315,-0.08337898,
v;1565806181581;0.0336718682069388,-2.97684382538913,-0.166322348441643
q;1565806181600;-0.08683989,0.9921639,-0.016880725,-0.08823094,
v;1565806181600;0.0488402368299911,-2.9683749592822,-0.170365098636829
q;1565806181617;-0.089254655,0.99141127,-0.02269221,-0.092856556,
v;1565806181617;0.0616093530453871,-2.96018979212787,-0.173966467055312
q;1565806181632;-0.091586694,0.99068445,-0.02803964,-0.096798465,
v;1565806181632;0.0733535384941812,-2.95332171216116,-0.177443009978211
q;1565806181647;-0.09372091,0.990003,-0.032819137,-0.10016665,
v;1565806181647;0.0838557487622186,-2.94752012906708,-0.180604595589815
q;1565806181662;-0.095516205,0.9892834,-0.03771534,-0.10379163,
v;1565806181662;0.0945908793150607,-2.94121079165578,-0.182989115813948
q;1565806181677;-0.09727961,0.9885602,-0.04223386,-0.10724604,
v;1565806181677;0.104557536644074,-2.93518967712023,-0.185340346253606
q;1565806181692;-0.09901716,0.98771787,-0.04723215,-0.111257255,
v;1565806181692;0.115594087995812,-2.92813361558942,-0.187431218733611
q;1565806181706;-0.10089887,0.9868227,-0.051941372,-0.115336604,
v;1565806181706;0.126122620413052,-2.92091539325593,-0.189792967063107
q;1565806181720;-0.102634996,0.9858451,-0.05673034,-0.1198212,
v;1565806181720;0.136877360937519,-2.91287797963227,-0.191724080692849
q;1565806181735;-0.10417342,0.9848044,-0.061269175,-0.12471715,
v;1565806181735;0.147191648760892,-2.90393743985448,-0.193173260965599
q;1565806181750;-0.10586445,0.9837129,-0.066034324,-0.12938736,
v;1565806181750;0.157968853516378,-2.89550441839082,-0.1948333266971
q;1565806181765;-0.10754419,0.98262393,-0.070731774,-0.13372172,
v;1565806181765;0.168564588561979,-2.88773248662758,-0.196462287505251
q;1565806181780;-0.109072335,0.9814787,-0.075527236,-0.1381974,
v;1565806181780;0.179363959708195,-2.87965354784154,-0.197664102002045
q;1565806181795;-0.11047437,0.98020077,-0.08078119,-0.14309555,
v;1565806181795;0.191142132751041,-2.87074444064483,-0.198341737413022
q;1565806181811;-0.11185949,0.9788582,-0.085623965,-0.14829895,
v;1565806181811;0.202179314209284,-2.86112000313315,-0.198927917477782
q;1565806181827;-0.113013886,0.9775033,-0.09014384,-0.15358798,
v;1565806181827;0.212543609036924,-2.85119451790952,-0.199012737879382
q;1565806181843;-0.11422766,0.97602487,-0.095014885,-0.15905894,
v;1565806181843;0.22367200347892,-2.84092100704442,-0.19898692688348
q;1565806181860;-0.11535944,0.97442186,-0.10002891,-0.1648895,
v;1565806181860;0.235144831556588,-2.8298627709118,-0.19856070432836
q;1565806181877;-0.116465434,0.9727933,-0.10499021,-0.17054656,
v;1565806181877;0.246481280814572,-2.81909506937018,-0.198019439646087
q;1565806181894;-0.117516845,0.97101057,-0.109650366,-0.17693254,
v;1565806181894;0.257360048702361,-2.80670881186946,-0.197144222057043
q;1565806181912;-0.11848913,0.96903324,-0.11452581,-0.1838987,
v;1565806181912;0.26876256340232,-2.79304985536535,-0.195747714028807
q;1565806181929;-0.11963565,0.9669843,-0.11892152,-0.19101408,
v;1565806181929;0.279312307637497,-2.77899166784468,-0.194663920895101
q;1565806181949;-0.120675705,0.96475893,-0.1232796,-0.19869511,
v;1565806181949;0.289867791825128,-2.76363048456162,-0.193056897648254
q;1565806181970;-0.1214565,0.9626008,-0.12731828,-0.2060049,
v;1565806181970;0.299617349070005,-2.748849338722,-0.190987813166161
q;1565806181987;-0.122326605,0.96021724,-0.13143845,-0.2138761,
v;1565806181987;0.309670058822327,-2.73281837018031,-0.188740098929911
q;1565806182003;-0.12279247,0.9582442,-0.13424505,-0.22060908,
v;1565806182003;0.316726279163728,-2.71888532770358,-0.186394047018541
q;1565806182019;-0.122982435,0.9561991,-0.1371078,-0.2275082,
v;1565806182019;0.323791940595979,-2.70443920241965,-0.183301723536358
q;1565806182035;-0.123387806,0.95425236,-0.13951522,-0.23390897,
v;1565806182035;0.32994234639618,-2.69102504878933,-0.180908548700091
q;1565806182049;-0.12369357,0.9522578,-0.14176057,-0.2404349,
v;1565806182049;0.335737644352299,-2.67723715248596,-0.178249893650971
q;1565806182064;-0.12395507,0.95006317,-0.14404203,-0.2475217,
v;1565806182064;0.341670178201314,-2.6621592961155,-0.175193128344208
q;1565806182078;-0.1238041,0.9481649,-0.14589952,-0.25371116,
v;1565806182078;0.346379502768222,-2.64879575860898,-0.171733129267085
q;1565806182093;-0.123953484,0.946082,-0.14763571,-0.26032323,
v;1565806182093;0.351053150786818,-2.63455489394628,-0.168714542735678
q;1565806182109;-0.12403331,0.94380397,-0.14932072,-0.2674943,
v;1565806182109;0.355666664471682,-2.61900915688476,-0.165290756663308
q;1565806182126;-0.1240698,0.9412948,-0.15114065,-0.275186,
v;1565806182126;0.360583596957128,-2.60223321952286,-0.161425141683566
q;1565806182143;-0.12389714,0.9390487,-0.15240781,-0.2821504,
v;1565806182143;0.364146582391454,-2.58690792104532,-0.157632569649292
q;1565806182159;-0.12355208,0.93671757,-0.1534739,-0.28938013,
v;1565806182159;0.367228853642976,-2.57088197416865,-0.153433477376767
q;1565806182176;-0.123254746,0.93428105,-0.1542195,-0.2968899,
v;1565806182176;0.369720563124813,-2.55420556701954,-0.149345306011617
q;1565806182193;-0.12241433,0.93198615,-0.15499094,-0.30396444,
v;1565806182193;0.371826823852159,-2.53823700610791,-0.144278568114007
q;1565806182210;-0.12184607,0.9297164,-0.1555111,-0.3108011,
v;1565806182210;0.373527784900867,-2.5228504427678,-0.139975594044237
q;1565806182228;-0.121189535,0.92748135,-0.15600815,-0.31741592,
v;1565806182228;0.375055610634364,-2.50787690202998,-0.135573282466271
q;1565806182246;-0.120302945,0.92557406,-0.1561331,-0.32320637,
v;1565806182246;0.375557092287608,-2.49465514378233,-0.131271777336282
q;1565806182263;-0.11938755,0.923423,-0.15609907,-0.32965103,
v;1565806182263;0.375785576256856,-2.47994689973111,-0.126732762591308
q;1565806182280;-0.118341915,0.9211655,-0.15601847,-0.3363146,
v;1565806182280;0.375822654632983,-2.46467359755564,-0.121868492013162
q;1565806182296;-0.11761899,0.9193919,-0.15561025,-0.3415695,
v;1565806182296;0.37522697973611,-2.45268290698957,-0.118472964726774
q;1565806182311;-0.116828315,0.917563,-0.1552599,-0.34687695,
v;1565806182311;0.374676594236661,-2.4405248605885,-0.114887789104912
q;1565806182328;-0.116060734,0.91570663,-0.15513635,-0.35205683,
v;1565806182328;0.374533832290303,-2.42860845421433,-0.111246787479346
q;1565806182346;-0.11498588,0.9137884,-0.15511541,-0.357363,
v;1565806182346;0.374351182824193,-2.41626819838011,-0.106871099507728
q;1565806182363;-0.11419934,0.91219145,-0.15485963,-0.36177865,
v;1565806182363;0.37379717544924,-2.40605448561843,-0.103621359505054
q;1565806182380;-0.11328927,0.91078603,-0.15439394,-0.36578253,
v;1565806182380;0.372685788685829,-2.39675920411707,-0.100469665483217
q;1565806182395;-0.1123607,0.90967625,-0.15414861,-0.36892062,
v;1565806182395;0.371866529138533,-2.38937985033021,-0.0974939818379274
q;1565806182410;-0.11159861,0.908813,-0.15370926,-0.37145412,
v;1565806182410;0.37072736052767,-2.38345863925275,-0.0952583392932625
q;1565806182428;-0.110835016,0.9078707,-0.15338632,-0.37411094,
v;1565806182428;0.369810849656041,-2.37723313229594,-0.0928846004385945
q;1565806182445;-0.11005219,0.9071023,-0.15311258,-0.37631172,
v;1565806182445;0.368916887631162,-2.37202944271657,-0.0906348142111296
q;1565806182463;-0.109269455,0.9064859,-0.15269125,-0.3781916,
v;1565806182463;0.367704700076736,-2.36758482433084,-0.0886429765433401
q;1565806182482;-0.10883642,0.9060007,-0.15224661,-0.3796556,
v;1565806182482;0.366673214109465,-2.36419996115332,-0.087532179606568
q;1565806182500;-0.10847723,0.90556306,-0.15152058,-0.38109034,
v;1565806182500;0.365163617916066,-2.36095914012738,-0.0868051408283322
